[ 2012-06-09T19:32:33+08:00 ] /myfcms/admin/index.php?m=Login&a=index | INFO: Tag[ app_begin ] --START--
[ 2012-06-09T19:32:33+08:00 ] /myfcms/admin/index.php?m=Login&a=index | INFO: Run ReadHtmlCache Behavior [ RunTime:0.001935s ]
[ 2012-06-09T19:32:33+08:00 ] /myfcms/admin/index.php?m=Login&a=index | INFO: Tag[ app_begin ] --END-- [ RunTime:0.002390s ]
[ 2012-06-09T19:32:33+08:00 ] /myfcms/admin/index.php?m=Login&a=index | INFO: Tag[ view_template ] --START--
[ 2012-06-09T19:32:33+08:00 ] /myfcms/admin/index.php?m=Login&a=index | INFO: Run LocationTemplate Behavior [ RunTime:0.005672s ]
[ 2012-06-09T19:32:33+08:00 ] /myfcms/admin/index.php?m=Login&a=index | INFO: Tag[ view_template ] --END-- [ RunTime:0.006009s ]
[ 2012-06-09T19:32:33+08:00 ] /myfcms/admin/index.php?m=Login&a=index | INFO: Tag[ view_parse ] --START--
[ 2012-06-09T19:32:33+08:00 ] /myfcms/admin/index.php?m=Login&a=index | INFO: Run ParseTemplate Behavior [ RunTime:0.040115s ]
[ 2012-06-09T19:32:33+08:00 ] /myfcms/admin/index.php?m=Login&a=index | INFO: Tag[ view_parse ] --END-- [ RunTime:0.040418s ]
[ 2012-06-09T19:32:33+08:00 ] /myfcms/admin/index.php?m=Login&a=index | INFO: Tag[ view_filter ] --START--
[ 2012-06-09T19:32:33+08:00 ] /myfcms/admin/index.php?m=Login&a=index | INFO: Run ContentReplace Behavior [ RunTime:0.001391s ]
[ 2012-06-09T19:32:33+08:00 ] /myfcms/admin/index.php?m=Login&a=index | INFO: Run TokenBuild Behavior [ RunTime:0.001494s ]
[ 2012-06-09T19:32:33+08:00 ] /myfcms/admin/index.php?m=Login&a=index | INFO: Run WriteHtmlCache Behavior [ RunTime:0.001088s ]
[ 2012-06-09T19:32:33+08:00 ] /myfcms/admin/index.php?m=Login&a=index | INFO: Run ShowRuntime Behavior [ RunTime:0.002000s ]
[ 2012-06-09T19:32:33+08:00 ] /myfcms/admin/index.php?m=Login&a=index | INFO: Tag[ view_filter ] --END-- [ RunTime:0.006630s ]
[ 2012-06-09T19:32:33+08:00 ] /myfcms/admin/index.php?m=Login&a=index | INFO: Tag[ view_end ] --START--
[ 2012-06-09T19:32:33+08:00 ] /myfcms/admin/index.php?m=Login&a=index | INFO: Run ShowPageTrace Behavior [ RunTime:0.001602s ]
[ 2012-06-09T19:32:33+08:00 ] /myfcms/admin/index.php?m=Login&a=index | INFO: Tag[ view_end ] --END-- [ RunTime:0.001836s ]
[ 2012-06-09T19:32:33+08:00 ] /myfcms/admin/index.php?m=Login&a=verify | INFO: Tag[ app_begin ] --START--
[ 2012-06-09T19:32:33+08:00 ] /myfcms/admin/index.php?m=Login&a=verify | INFO: Run ReadHtmlCache Behavior [ RunTime:0.002233s ]
[ 2012-06-09T19:32:33+08:00 ] /myfcms/admin/index.php?m=Login&a=verify | INFO: Tag[ app_begin ] --END-- [ RunTime:0.002602s ]
[ 2012-06-09T19:32:43+08:00 ] /myfcms/admin/index.php?m=Login&a=login_in | INFO: Tag[ app_begin ] --START--
[ 2012-06-09T19:32:43+08:00 ] /myfcms/admin/index.php?m=Login&a=login_in | INFO: Run ReadHtmlCache Behavior [ RunTime:0.004941s ]
[ 2012-06-09T19:32:43+08:00 ] /myfcms/admin/index.php?m=Login&a=login_in | INFO: Tag[ app_begin ] --END-- [ RunTime:0.005349s ]
[ 2012-06-09T19:32:43+08:00 ] /myfcms/admin/index.php?m=Login&a=login_in | SQL: SHOW COLUMNS FROM `myf_admin` [ RunTime:0.037546s ]
[ 2012-06-09T19:32:43+08:00 ] /myfcms/admin/index.php?m=Login&a=login_in | SQL: SELECT * FROM `myf_admin` WHERE ( `userid` = 'admin' )  [ RunTime:0.003176s ]
[ 2012-06-09T19:32:43+08:00 ] /myfcms/admin/index.php?m=Login&a=login_in | INFO: Tag[ view_template ] --START--
[ 2012-06-09T19:32:43+08:00 ] /myfcms/admin/index.php?m=Login&a=login_in | INFO: Run LocationTemplate Behavior [ RunTime:0.005841s ]
[ 2012-06-09T19:32:43+08:00 ] /myfcms/admin/index.php?m=Login&a=login_in | INFO: Tag[ view_template ] --END-- [ RunTime:0.006092s ]
[ 2012-06-09T19:32:43+08:00 ] /myfcms/admin/index.php?m=Login&a=login_in | INFO: Tag[ view_parse ] --START--
[ 2012-06-09T19:32:43+08:00 ] /myfcms/admin/index.php?m=Login&a=login_in | INFO: Run ParseTemplate Behavior [ RunTime:0.075665s ]
[ 2012-06-09T19:32:43+08:00 ] /myfcms/admin/index.php?m=Login&a=login_in | INFO: Tag[ view_parse ] --END-- [ RunTime:0.076013s ]
[ 2012-06-09T19:32:43+08:00 ] /myfcms/admin/index.php?m=Login&a=login_in | INFO: Tag[ view_filter ] --START--
[ 2012-06-09T19:32:43+08:00 ] /myfcms/admin/index.php?m=Login&a=login_in | INFO: Run ContentReplace Behavior [ RunTime:0.003876s ]
[ 2012-06-09T19:32:43+08:00 ] /myfcms/admin/index.php?m=Login&a=login_in | INFO: Run TokenBuild Behavior [ RunTime:0.005948s ]
[ 2012-06-09T19:32:43+08:00 ] /myfcms/admin/index.php?m=Login&a=login_in | INFO: Run WriteHtmlCache Behavior [ RunTime:0.003748s ]
[ 2012-06-09T19:32:43+08:00 ] /myfcms/admin/index.php?m=Login&a=login_in | INFO: Run ShowRuntime Behavior [ RunTime:0.004134s ]
[ 2012-06-09T19:32:43+08:00 ] /myfcms/admin/index.php?m=Login&a=login_in | INFO: Tag[ view_filter ] --END-- [ RunTime:0.018502s ]
[ 2012-06-09T19:32:43+08:00 ] /myfcms/admin/index.php?m=Login&a=login_in | INFO: Tag[ view_end ] --START--
[ 2012-06-09T19:32:43+08:00 ] /myfcms/admin/index.php?m=Login&a=login_in | INFO: Run ShowPageTrace Behavior [ RunTime:0.014076s ]
[ 2012-06-09T19:32:43+08:00 ] /myfcms/admin/index.php?m=Login&a=login_in | INFO: Tag[ view_end ] --END-- [ RunTime:0.014355s ]
[ 2012-06-09T19:32:44+08:00 ] /myfcms/admin/index.php | INFO: Tag[ app_begin ] --START--
[ 2012-06-09T19:32:44+08:00 ] /myfcms/admin/index.php | INFO: Run ReadHtmlCache Behavior [ RunTime:0.002004s ]
[ 2012-06-09T19:32:44+08:00 ] /myfcms/admin/index.php | INFO: Tag[ app_begin ] --END-- [ RunTime:0.002382s ]
[ 2012-06-09T19:32:44+08:00 ] /myfcms/admin/index.php | SQL: SHOW COLUMNS FROM `myf_sys` [ RunTime:0.013438s ]
[ 2012-06-09T19:32:44+08:00 ] /myfcms/admin/index.php | SQL: SELECT * FROM `myf_sys` WHERE ( `id` = 3 ) LIMIT 1   [ RunTime:0.003001s ]
[ 2012-06-09T19:32:44+08:00 ] /myfcms/admin/index.php | INFO: Tag[ view_template ] --START--
[ 2012-06-09T19:32:44+08:00 ] /myfcms/admin/index.php | INFO: Run LocationTemplate Behavior [ RunTime:0.004458s ]
[ 2012-06-09T19:32:44+08:00 ] /myfcms/admin/index.php | INFO: Tag[ view_template ] --END-- [ RunTime:0.004722s ]
[ 2012-06-09T19:32:44+08:00 ] /myfcms/admin/index.php | INFO: Tag[ view_parse ] --START--
[ 2012-06-09T19:32:44+08:00 ] /myfcms/admin/index.php | INFO: Run ParseTemplate Behavior [ RunTime:0.031253s ]
[ 2012-06-09T19:32:44+08:00 ] /myfcms/admin/index.php | INFO: Tag[ view_parse ] --END-- [ RunTime:0.031579s ]
[ 2012-06-09T19:32:44+08:00 ] /myfcms/admin/index.php | INFO: Tag[ view_filter ] --START--
[ 2012-06-09T19:32:44+08:00 ] /myfcms/admin/index.php | INFO: Run ContentReplace Behavior [ RunTime:0.001312s ]
[ 2012-06-09T19:32:44+08:00 ] /myfcms/admin/index.php | INFO: Run TokenBuild Behavior [ RunTime:0.001536s ]
[ 2012-06-09T19:32:44+08:00 ] /myfcms/admin/index.php | INFO: Run WriteHtmlCache Behavior [ RunTime:0.001079s ]
[ 2012-06-09T19:32:44+08:00 ] /myfcms/admin/index.php | INFO: Run ShowRuntime Behavior [ RunTime:0.001746s ]
[ 2012-06-09T19:32:44+08:00 ] /myfcms/admin/index.php | INFO: Tag[ view_filter ] --END-- [ RunTime:0.006401s ]
[ 2012-06-09T19:32:44+08:00 ] /myfcms/admin/index.php | INFO: Tag[ view_end ] --START--
[ 2012-06-09T19:32:44+08:00 ] /myfcms/admin/index.php | INFO: Run ShowPageTrace Behavior [ RunTime:0.001812s ]
[ 2012-06-09T19:32:44+08:00 ] /myfcms/admin/index.php | INFO: Tag[ view_end ] --END-- [ RunTime:0.003294s ]
[ 2012-06-09T19:32:45+08:00 ] /myfcms/admin/index.php?m=Index&a=top | INFO: Tag[ app_begin ] --START--
[ 2012-06-09T19:32:45+08:00 ] /myfcms/admin/index.php?m=Index&a=top | INFO: Run ReadHtmlCache Behavior [ RunTime:0.002199s ]
[ 2012-06-09T19:32:45+08:00 ] /myfcms/admin/index.php?m=Index&a=top | INFO: Tag[ app_begin ] --END-- [ RunTime:0.002566s ]
[ 2012-06-09T19:32:45+08:00 ] /myfcms/admin/index.php?m=Index&a=top | SQL: SHOW COLUMNS FROM `myf_sys` [ RunTime:0.011348s ]
[ 2012-06-09T19:32:45+08:00 ] /myfcms/admin/index.php?m=Index&a=top | SQL: SELECT * FROM `myf_sys` WHERE id<3  [ RunTime:0.114730s ]
[ 2012-06-09T19:32:45+08:00 ] /myfcms/admin/index.php?m=Index&a=top | INFO: Tag[ view_template ] --START--
[ 2012-06-09T19:32:45+08:00 ] /myfcms/admin/index.php?m=Index&a=top | INFO: Run LocationTemplate Behavior [ RunTime:0.004567s ]
[ 2012-06-09T19:32:45+08:00 ] /myfcms/admin/index.php?m=Index&a=top | INFO: Tag[ view_template ] --END-- [ RunTime:0.004838s ]
[ 2012-06-09T19:32:45+08:00 ] /myfcms/admin/index.php?m=Index&a=top | INFO: Tag[ view_parse ] --START--
[ 2012-06-09T19:32:45+08:00 ] /myfcms/admin/index.php?m=Index&a=top | INFO: Run ParseTemplate Behavior [ RunTime:0.051435s ]
[ 2012-06-09T19:32:45+08:00 ] /myfcms/admin/index.php?m=Index&a=top | INFO: Tag[ view_parse ] --END-- [ RunTime:0.051733s ]
[ 2012-06-09T19:32:45+08:00 ] /myfcms/admin/index.php?m=Index&a=top | INFO: Tag[ view_filter ] --START--
[ 2012-06-09T19:32:45+08:00 ] /myfcms/admin/index.php?m=Index&a=top | INFO: Run ContentReplace Behavior [ RunTime:0.001371s ]
[ 2012-06-09T19:32:45+08:00 ] /myfcms/admin/index.php?m=Index&a=top | INFO: Run TokenBuild Behavior [ RunTime:0.001374s ]
[ 2012-06-09T19:32:45+08:00 ] /myfcms/admin/index.php?m=Index&a=top | INFO: Run WriteHtmlCache Behavior [ RunTime:0.000825s ]
[ 2012-06-09T19:32:45+08:00 ] /myfcms/admin/index.php?m=Index&a=top | INFO: Run ShowRuntime Behavior [ RunTime:0.001637s ]
[ 2012-06-09T19:32:45+08:00 ] /myfcms/admin/index.php?m=Index&a=top | INFO: Tag[ view_filter ] --END-- [ RunTime:0.005848s ]
[ 2012-06-09T19:32:45+08:00 ] /myfcms/admin/index.php?m=Index&a=top | INFO: Tag[ view_end ] --START--
[ 2012-06-09T19:32:45+08:00 ] /myfcms/admin/index.php?m=Index&a=top | INFO: Run ShowPageTrace Behavior [ RunTime:0.001664s ]
[ 2012-06-09T19:32:45+08:00 ] /myfcms/admin/index.php?m=Index&a=top | INFO: Tag[ view_end ] --END-- [ RunTime:0.001904s ]
[ 2012-06-09T19:32:45+08:00 ] /myfcms/admin/index.php?m=Index&a=main | INFO: Tag[ app_begin ] --START--
[ 2012-06-09T19:32:45+08:00 ] /myfcms/admin/index.php?m=Index&a=main | INFO: Run ReadHtmlCache Behavior [ RunTime:0.004796s ]
[ 2012-06-09T19:32:45+08:00 ] /myfcms/admin/index.php?m=Index&a=main | INFO: Tag[ app_begin ] --END-- [ RunTime:0.005214s ]
[ 2012-06-09T19:32:45+08:00 ] /myfcms/admin/index.php?m=Index&a=main | SQL: SHOW COLUMNS FROM `myf_archives` [ RunTime:0.019548s ]
[ 2012-06-09T19:32:45+08:00 ] /myfcms/admin/index.php?m=Index&a=main | SQL: SELECT `id`,`typeid`,`typename`,`flag`,`click`,`title`,`color`,`writer`,`source`,`litpic`,`keywords`,`description`,`sendtime`,`goodpost`,`badpost`,`adminid`,`adminname`,`ishtml` FROM `myf_archives` ORDER BY id desc LIMIT 0,10   [ RunTime:0.002227s ]
[ 2012-06-09T19:32:45+08:00 ] /myfcms/admin/index.php?m=Index&a=main | SQL: SHOW COLUMNS FROM `myf_arctype` [ RunTime:0.016647s ]
[ 2012-06-09T19:32:45+08:00 ] /myfcms/admin/index.php?m=Index&a=main | SQL: SELECT * FROM `myf_arctype` WHERE 1=1 AND id='11' LIMIT 1   [ RunTime:0.001118s ]
[ 2012-06-09T19:32:45+08:00 ] /myfcms/admin/index.php?m=Index&a=main | SQL: SHOW COLUMNS FROM `myf_arctype` [ RunTime:0.016829s ]
[ 2012-06-09T19:32:45+08:00 ] /myfcms/admin/index.php?m=Index&a=main | SQL: SELECT * FROM `myf_arctype` WHERE 1=1 AND id='7' LIMIT 1   [ RunTime:0.001044s ]
[ 2012-06-09T19:32:45+08:00 ] /myfcms/admin/index.php?m=Index&a=main | SQL: SHOW COLUMNS FROM `myf_arctype` [ RunTime:0.016494s ]
[ 2012-06-09T19:32:45+08:00 ] /myfcms/admin/index.php?m=Index&a=main | SQL: SELECT * FROM `myf_arctype` WHERE 1=1 AND id='7' LIMIT 1   [ RunTime:0.001113s ]
[ 2012-06-09T19:32:45+08:00 ] /myfcms/admin/index.php?m=Index&a=main | SQL: SHOW COLUMNS FROM `myf_arctype` [ RunTime:0.017885s ]
[ 2012-06-09T19:32:45+08:00 ] /myfcms/admin/index.php?m=Index&a=main | SQL: SELECT * FROM `myf_arctype` WHERE 1=1 AND id='7' LIMIT 1   [ RunTime:0.001400s ]
[ 2012-06-09T19:32:45+08:00 ] /myfcms/admin/index.php?m=Index&a=main | SQL: SHOW COLUMNS FROM `myf_arctype` [ RunTime:0.020696s ]
[ 2012-06-09T19:32:45+08:00 ] /myfcms/admin/index.php?m=Index&a=main | SQL: SELECT * FROM `myf_arctype` WHERE 1=1 AND id='7' LIMIT 1   [ RunTime:0.001032s ]
[ 2012-06-09T19:32:45+08:00 ] /myfcms/admin/index.php?m=Index&a=main | SQL: SHOW COLUMNS FROM `myf_arctype` [ RunTime:0.032460s ]
[ 2012-06-09T19:32:45+08:00 ] /myfcms/admin/index.php?m=Index&a=main | SQL: SELECT * FROM `myf_arctype` WHERE 1=1 AND id='7' LIMIT 1   [ RunTime:0.001032s ]
[ 2012-06-09T19:32:45+08:00 ] /myfcms/admin/index.php?m=Index&a=main | SQL: SHOW COLUMNS FROM `myf_arctype` [ RunTime:0.017885s ]
[ 2012-06-09T19:32:45+08:00 ] /myfcms/admin/index.php?m=Index&a=main | SQL: SELECT * FROM `myf_arctype` WHERE 1=1 AND id='7' LIMIT 1   [ RunTime:0.001133s ]
[ 2012-06-09T19:32:45+08:00 ] /myfcms/admin/index.php?m=Index&a=main | SQL: SHOW COLUMNS FROM `myf_arctype` [ RunTime:0.017140s ]
[ 2012-06-09T19:32:45+08:00 ] /myfcms/admin/index.php?m=Index&a=main | SQL: SELECT * FROM `myf_arctype` WHERE 1=1 AND id='7' LIMIT 1   [ RunTime:0.001015s ]
[ 2012-06-09T19:32:46+08:00 ] /myfcms/admin/index.php?m=Index&a=main | SQL: SHOW COLUMNS FROM `myf_arctype` [ RunTime:0.019925s ]
[ 2012-06-09T19:32:46+08:00 ] /myfcms/admin/index.php?m=Index&a=main | SQL: SELECT * FROM `myf_arctype` WHERE 1=1 AND id='7' LIMIT 1   [ RunTime:0.015834s ]
[ 2012-06-09T19:32:46+08:00 ] /myfcms/admin/index.php?m=Index&a=main | SQL: SHOW COLUMNS FROM `myf_arctype` [ RunTime:0.011323s ]
[ 2012-06-09T19:32:46+08:00 ] /myfcms/admin/index.php?m=Index&a=main | SQL: SELECT * FROM `myf_arctype` WHERE 1=1 AND id='7' LIMIT 1   [ RunTime:0.004969s ]
[ 2012-06-09T19:32:46+08:00 ] /myfcms/admin/index.php?m=Index&a=main | SQL: SHOW COLUMNS FROM `myf_admin` [ RunTime:0.010691s ]
[ 2012-06-09T19:32:46+08:00 ] /myfcms/admin/index.php?m=Index&a=main | SQL: SELECT COUNT(*) AS tp_count FROM `myf_admin` LIMIT 1   [ RunTime:0.004674s ]
[ 2012-06-09T19:32:46+08:00 ] /myfcms/admin/index.php?m=Index&a=main | SQL: SHOW COLUMNS FROM `myf_archives` [ RunTime:0.015221s ]
[ 2012-06-09T19:32:46+08:00 ] /myfcms/admin/index.php?m=Index&a=main | SQL: SELECT COUNT(*) AS tp_count FROM `myf_archives` LIMIT 1   [ RunTime:0.001009s ]
[ 2012-06-09T19:32:46+08:00 ] /myfcms/admin/index.php?m=Index&a=main | INFO: Tag[ view_template ] --START--
[ 2012-06-09T19:32:46+08:00 ] /myfcms/admin/index.php?m=Index&a=main | INFO: Run LocationTemplate Behavior [ RunTime:0.009931s ]
[ 2012-06-09T19:32:46+08:00 ] /myfcms/admin/index.php?m=Index&a=main | INFO: Tag[ view_template ] --END-- [ RunTime:0.010201s ]
[ 2012-06-09T19:32:46+08:00 ] /myfcms/admin/index.php?m=Index&a=main | INFO: Tag[ view_parse ] --START--
[ 2012-06-09T19:32:46+08:00 ] /myfcms/admin/index.php?m=Index&a=main | INFO: Run ParseTemplate Behavior [ RunTime:0.151248s ]
[ 2012-06-09T19:32:46+08:00 ] /myfcms/admin/index.php?m=Index&a=main | INFO: Tag[ view_parse ] --END-- [ RunTime:0.151544s ]
[ 2012-06-09T19:32:46+08:00 ] /myfcms/admin/index.php?m=Index&a=main | INFO: Tag[ view_filter ] --START--
[ 2012-06-09T19:32:46+08:00 ] /myfcms/admin/index.php?m=Index&a=main | INFO: Run ContentReplace Behavior [ RunTime:0.008273s ]
[ 2012-06-09T19:32:46+08:00 ] /myfcms/admin/index.php?m=Index&a=main | INFO: Run TokenBuild Behavior [ RunTime:0.004874s ]
[ 2012-06-09T19:32:46+08:00 ] /myfcms/admin/index.php?m=Index&a=main | INFO: Run WriteHtmlCache Behavior [ RunTime:0.004674s ]
[ 2012-06-09T19:32:46+08:00 ] /myfcms/admin/index.php?m=Index&a=main | INFO: Run ShowRuntime Behavior [ RunTime:0.006663s ]
[ 2012-06-09T19:32:46+08:00 ] /myfcms/admin/index.php?m=Index&a=main | INFO: Tag[ view_filter ] --END-- [ RunTime:0.025382s ]
[ 2012-06-09T19:32:46+08:00 ] /myfcms/admin/index.php?m=Index&a=main | INFO: Tag[ view_end ] --START--
[ 2012-06-09T19:32:46+08:00 ] /myfcms/admin/index.php?m=Index&a=main | INFO: Run ShowPageTrace Behavior [ RunTime:0.004654s ]
[ 2012-06-09T19:32:46+08:00 ] /myfcms/admin/index.php?m=Index&a=main | INFO: Tag[ view_end ] --END-- [ RunTime:0.004935s ]
[ 2012-06-09T19:32:45+08:00 ] /myfcms/admin/index.php?m=Index&a=left | INFO: Tag[ app_begin ] --START--
[ 2012-06-09T19:32:45+08:00 ] /myfcms/admin/index.php?m=Index&a=left | INFO: Run ReadHtmlCache Behavior [ RunTime:0.001942s ]
[ 2012-06-09T19:32:45+08:00 ] /myfcms/admin/index.php?m=Index&a=left | INFO: Tag[ app_begin ] --END-- [ RunTime:0.002331s ]
[ 2012-06-09T19:32:46+08:00 ] /myfcms/admin/index.php?m=Index&a=left | SQL: SHOW COLUMNS FROM `myf_sys` [ RunTime:0.011056s ]
[ 2012-06-09T19:32:46+08:00 ] /myfcms/admin/index.php?m=Index&a=left | SQL: SELECT * FROM `myf_sys` WHERE id<3  [ RunTime:0.007098s ]
[ 2012-06-09T19:32:46+08:00 ] /myfcms/admin/index.php?m=Index&a=left | INFO: Tag[ view_template ] --START--
[ 2012-06-09T19:32:46+08:00 ] /myfcms/admin/index.php?m=Index&a=left | INFO: Run LocationTemplate Behavior [ RunTime:0.003986s ]
[ 2012-06-09T19:32:46+08:00 ] /myfcms/admin/index.php?m=Index&a=left | INFO: Tag[ view_template ] --END-- [ RunTime:0.004335s ]
[ 2012-06-09T19:32:46+08:00 ] /myfcms/admin/index.php?m=Index&a=left | INFO: Tag[ view_parse ] --START--
[ 2012-06-09T19:32:46+08:00 ] /myfcms/admin/index.php?m=Index&a=left | INFO: Run ParseTemplate Behavior [ RunTime:0.049508s ]
[ 2012-06-09T19:32:46+08:00 ] /myfcms/admin/index.php?m=Index&a=left | INFO: Tag[ view_parse ] --END-- [ RunTime:0.049855s ]
[ 2012-06-09T19:32:46+08:00 ] /myfcms/admin/index.php?m=Index&a=left | INFO: Tag[ view_filter ] --START--
[ 2012-06-09T19:32:46+08:00 ] /myfcms/admin/index.php?m=Index&a=left | INFO: Run ContentReplace Behavior [ RunTime:0.001645s ]
[ 2012-06-09T19:32:46+08:00 ] /myfcms/admin/index.php?m=Index&a=left | INFO: Run TokenBuild Behavior [ RunTime:0.001509s ]
[ 2012-06-09T19:32:46+08:00 ] /myfcms/admin/index.php?m=Index&a=left | INFO: Run WriteHtmlCache Behavior [ RunTime:0.000852s ]
[ 2012-06-09T19:32:46+08:00 ] /myfcms/admin/index.php?m=Index&a=left | INFO: Run ShowRuntime Behavior [ RunTime:0.001814s ]
[ 2012-06-09T19:32:46+08:00 ] /myfcms/admin/index.php?m=Index&a=left | INFO: Tag[ view_filter ] --END-- [ RunTime:0.006516s ]
[ 2012-06-09T19:32:46+08:00 ] /myfcms/admin/index.php?m=Index&a=left | INFO: Tag[ view_end ] --START--
[ 2012-06-09T19:32:46+08:00 ] /myfcms/admin/index.php?m=Index&a=left | INFO: Run ShowPageTrace Behavior [ RunTime:0.001696s ]
[ 2012-06-09T19:32:46+08:00 ] /myfcms/admin/index.php?m=Index&a=left | INFO: Tag[ view_end ] --END-- [ RunTime:0.001937s ]
[ 2012-06-09T19:32:50+08:00 ] /myfcms/admin/index.php?m=Html&a=archives | INFO: Tag[ app_begin ] --START--
[ 2012-06-09T19:32:50+08:00 ] /myfcms/admin/index.php?m=Html&a=archives | INFO: Run ReadHtmlCache Behavior [ RunTime:0.001961s ]
[ 2012-06-09T19:32:50+08:00 ] /myfcms/admin/index.php?m=Html&a=archives | INFO: Tag[ app_begin ] --END-- [ RunTime:0.002355s ]
[ 2012-06-09T19:32:50+08:00 ] /myfcms/admin/index.php?m=Html&a=archives | SQL: SHOW COLUMNS FROM `myf_arctype` [ RunTime:0.010535s ]
[ 2012-06-09T19:32:50+08:00 ] /myfcms/admin/index.php?m=Html&a=archives | SQL: SELECT `id`,`topid`,`sortrank`,`typename`,`typedir`,`arcnamerule`,`listnamerule`,`classname`,`methodname`,`keywords`,`seotitle`,`description`,`typepro` FROM `myf_arctype` ORDER BY sortrank asc  [ RunTime:0.004131s ]
[ 2012-06-09T19:32:50+08:00 ] /myfcms/admin/index.php?m=Html&a=archives | SQL: SHOW COLUMNS FROM `myf_sys` [ RunTime:0.010181s ]
[ 2012-06-09T19:32:50+08:00 ] /myfcms/admin/index.php?m=Html&a=archives | SQL: SELECT * FROM `myf_sys` WHERE id<3  [ RunTime:0.004401s ]
[ 2012-06-09T19:32:50+08:00 ] /myfcms/admin/index.php?m=Html&a=archives | INFO: Tag[ view_template ] --START--
[ 2012-06-09T19:32:50+08:00 ] /myfcms/admin/index.php?m=Html&a=archives | INFO: Run LocationTemplate Behavior [ RunTime:0.003792s ]
[ 2012-06-09T19:32:50+08:00 ] /myfcms/admin/index.php?m=Html&a=archives | INFO: Tag[ view_template ] --END-- [ RunTime:0.004024s ]
[ 2012-06-09T19:32:50+08:00 ] /myfcms/admin/index.php?m=Html&a=archives | INFO: Tag[ view_parse ] --START--
[ 2012-06-09T19:32:50+08:00 ] /myfcms/admin/index.php?m=Html&a=archives | INFO: Run ParseTemplate Behavior [ RunTime:0.049164s ]
[ 2012-06-09T19:32:50+08:00 ] /myfcms/admin/index.php?m=Html&a=archives | INFO: Tag[ view_parse ] --END-- [ RunTime:0.049459s ]
[ 2012-06-09T19:32:50+08:00 ] /myfcms/admin/index.php?m=Html&a=archives | INFO: Tag[ view_filter ] --START--
[ 2012-06-09T19:32:50+08:00 ] /myfcms/admin/index.php?m=Html&a=archives | INFO: Run ContentReplace Behavior [ RunTime:0.001377s ]
[ 2012-06-09T19:32:50+08:00 ] /myfcms/admin/index.php?m=Html&a=archives | INFO: Run TokenBuild Behavior [ RunTime:0.001874s ]
[ 2012-06-09T19:32:50+08:00 ] /myfcms/admin/index.php?m=Html&a=archives | INFO: Run WriteHtmlCache Behavior [ RunTime:0.000896s ]
[ 2012-06-09T19:32:50+08:00 ] /myfcms/admin/index.php?m=Html&a=archives | INFO: Run ShowRuntime Behavior [ RunTime:0.001801s ]
[ 2012-06-09T19:32:50+08:00 ] /myfcms/admin/index.php?m=Html&a=archives | INFO: Tag[ view_filter ] --END-- [ RunTime:0.006773s ]
[ 2012-06-09T19:32:50+08:00 ] /myfcms/admin/index.php?m=Html&a=archives | INFO: Tag[ view_end ] --START--
[ 2012-06-09T19:32:50+08:00 ] /myfcms/admin/index.php?m=Html&a=archives | INFO: Run ShowPageTrace Behavior [ RunTime:0.001528s ]
[ 2012-06-09T19:32:50+08:00 ] /myfcms/admin/index.php?m=Html&a=archives | INFO: Tag[ view_end ] --END-- [ RunTime:0.001758s ]
[ 2012-06-09T19:32:57+08:00 ] /myfcms/admin/index.php?m=Html&a=category | INFO: Tag[ app_begin ] --START--
[ 2012-06-09T19:32:57+08:00 ] /myfcms/admin/index.php?m=Html&a=category | INFO: Run ReadHtmlCache Behavior [ RunTime:0.002054s ]
[ 2012-06-09T19:32:57+08:00 ] /myfcms/admin/index.php?m=Html&a=category | INFO: Tag[ app_begin ] --END-- [ RunTime:0.002411s ]
[ 2012-06-09T19:32:57+08:00 ] /myfcms/admin/index.php?m=Html&a=category | SQL: SHOW COLUMNS FROM `myf_arctype` [ RunTime:0.011321s ]
[ 2012-06-09T19:32:57+08:00 ] /myfcms/admin/index.php?m=Html&a=category | SQL: SELECT `id`,`topid`,`sortrank`,`typename`,`typedir`,`arcnamerule`,`listnamerule`,`classname`,`methodname`,`keywords`,`seotitle`,`description`,`typepro` FROM `myf_arctype` ORDER BY sortrank asc  [ RunTime:0.006723s ]
[ 2012-06-09T19:32:57+08:00 ] /myfcms/admin/index.php?m=Html&a=category | SQL: SHOW COLUMNS FROM `myf_sys` [ RunTime:0.010616s ]
[ 2012-06-09T19:32:57+08:00 ] /myfcms/admin/index.php?m=Html&a=category | SQL: SELECT * FROM `myf_sys` WHERE id<3  [ RunTime:0.005048s ]
[ 2012-06-09T19:32:57+08:00 ] /myfcms/admin/index.php?m=Html&a=category | INFO: Tag[ view_template ] --START--
[ 2012-06-09T19:32:57+08:00 ] /myfcms/admin/index.php?m=Html&a=category | INFO: Run LocationTemplate Behavior [ RunTime:0.003860s ]
[ 2012-06-09T19:32:57+08:00 ] /myfcms/admin/index.php?m=Html&a=category | INFO: Tag[ view_template ] --END-- [ RunTime:0.004137s ]
[ 2012-06-09T19:32:57+08:00 ] /myfcms/admin/index.php?m=Html&a=category | INFO: Tag[ view_parse ] --START--
[ 2012-06-09T19:32:57+08:00 ] /myfcms/admin/index.php?m=Html&a=category | INFO: Run ParseTemplate Behavior [ RunTime:0.048312s ]
[ 2012-06-09T19:32:57+08:00 ] /myfcms/admin/index.php?m=Html&a=category | INFO: Tag[ view_parse ] --END-- [ RunTime:0.048615s ]
[ 2012-06-09T19:32:57+08:00 ] /myfcms/admin/index.php?m=Html&a=category | INFO: Tag[ view_filter ] --START--
[ 2012-06-09T19:32:57+08:00 ] /myfcms/admin/index.php?m=Html&a=category | INFO: Run ContentReplace Behavior [ RunTime:0.001360s ]
[ 2012-06-09T19:32:57+08:00 ] /myfcms/admin/index.php?m=Html&a=category | INFO: Run TokenBuild Behavior [ RunTime:0.001688s ]
[ 2012-06-09T19:32:57+08:00 ] /myfcms/admin/index.php?m=Html&a=category | INFO: Run WriteHtmlCache Behavior [ RunTime:0.000925s ]
[ 2012-06-09T19:32:57+08:00 ] /myfcms/admin/index.php?m=Html&a=category | INFO: Run ShowRuntime Behavior [ RunTime:0.001664s ]
[ 2012-06-09T19:32:57+08:00 ] /myfcms/admin/index.php?m=Html&a=category | INFO: Tag[ view_filter ] --END-- [ RunTime:0.006269s ]
[ 2012-06-09T19:32:57+08:00 ] /myfcms/admin/index.php?m=Html&a=category | INFO: Tag[ view_end ] --START--
[ 2012-06-09T19:32:57+08:00 ] /myfcms/admin/index.php?m=Html&a=category | INFO: Run ShowPageTrace Behavior [ RunTime:0.001575s ]
[ 2012-06-09T19:32:57+08:00 ] /myfcms/admin/index.php?m=Html&a=category | INFO: Tag[ view_end ] --END-- [ RunTime:0.001800s ]
[ 2012-06-09T19:33:00+08:00 ] /myfcms/admin/index.php?m=Html&a=category | INFO: Tag[ app_begin ] --START--
[ 2012-06-09T19:33:00+08:00 ] /myfcms/admin/index.php?m=Html&a=category | INFO: Run ReadHtmlCache Behavior [ RunTime:0.002131s ]
[ 2012-06-09T19:33:00+08:00 ] /myfcms/admin/index.php?m=Html&a=category | INFO: Tag[ app_begin ] --END-- [ RunTime:0.002498s ]
[ 2012-06-09T19:33:00+08:00 ] /myfcms/admin/index.php?m=Html&a=category | SQL: SHOW COLUMNS FROM `myf_arctype` [ RunTime:0.011022s ]
[ 2012-06-09T19:33:00+08:00 ] /myfcms/admin/index.php?m=Html&a=category | SQL: SELECT `id`,`topid`,`sortrank`,`typename`,`typedir`,`arcnamerule`,`listnamerule`,`classname`,`methodname`,`keywords`,`seotitle`,`description`,`typepro` FROM `myf_arctype` ORDER BY sortrank asc  [ RunTime:0.006955s ]
[ 2012-06-09T19:33:00+08:00 ] /myfcms/admin/index.php?m=Html&a=category | SQL: SHOW COLUMNS FROM `myf_sys` [ RunTime:0.010692s ]
[ 2012-06-09T19:33:00+08:00 ] /myfcms/admin/index.php?m=Html&a=category | SQL: SELECT * FROM `myf_sys` WHERE id<3  [ RunTime:0.003270s ]
[ 2012-06-09T19:33:00+08:00 ] /myfcms/admin/index.php?m=Html&a=category | INFO: Tag[ view_template ] --START--
[ 2012-06-09T19:33:00+08:00 ] /myfcms/admin/index.php?m=Html&a=category | INFO: Run LocationTemplate Behavior [ RunTime:0.001437s ]
[ 2012-06-09T19:33:00+08:00 ] /myfcms/admin/index.php?m=Html&a=category | INFO: Tag[ view_template ] --END-- [ RunTime:0.001664s ]
[ 2012-06-09T19:33:00+08:00 ] /myfcms/admin/index.php?m=Html&a=category | INFO: Tag[ view_parse ] --START--
[ 2012-06-09T19:33:00+08:00 ] /myfcms/admin/index.php?m=Html&a=category | INFO: Run ParseTemplate Behavior [ RunTime:0.045747s ]
[ 2012-06-09T19:33:00+08:00 ] /myfcms/admin/index.php?m=Html&a=category | INFO: Tag[ view_parse ] --END-- [ RunTime:0.046108s ]
[ 2012-06-09T19:33:00+08:00 ] /myfcms/admin/index.php?m=Html&a=category | INFO: Tag[ view_filter ] --START--
[ 2012-06-09T19:33:00+08:00 ] /myfcms/admin/index.php?m=Html&a=category | INFO: Run ContentReplace Behavior [ RunTime:0.001490s ]
[ 2012-06-09T19:33:00+08:00 ] /myfcms/admin/index.php?m=Html&a=category | INFO: Run TokenBuild Behavior [ RunTime:0.001712s ]
[ 2012-06-09T19:33:00+08:00 ] /myfcms/admin/index.php?m=Html&a=category | INFO: Run WriteHtmlCache Behavior [ RunTime:0.000877s ]
[ 2012-06-09T19:33:00+08:00 ] /myfcms/admin/index.php?m=Html&a=category | INFO: Run ShowRuntime Behavior [ RunTime:0.001544s ]
[ 2012-06-09T19:33:00+08:00 ] /myfcms/admin/index.php?m=Html&a=category | INFO: Tag[ view_filter ] --END-- [ RunTime:0.006272s ]
[ 2012-06-09T19:33:00+08:00 ] /myfcms/admin/index.php?m=Html&a=category | INFO: Tag[ view_end ] --START--
[ 2012-06-09T19:33:00+08:00 ] /myfcms/admin/index.php?m=Html&a=category | INFO: Run ShowPageTrace Behavior [ RunTime:0.002943s ]
[ 2012-06-09T19:33:00+08:00 ] /myfcms/admin/index.php?m=Html&a=category | INFO: Tag[ view_end ] --END-- [ RunTime:0.003202s ]
[ 2012-06-09T19:33:03+08:00 ] /myfcms/admin/index.php?m=Collect&a=main | INFO: Tag[ app_begin ] --START--
[ 2012-06-09T19:33:03+08:00 ] /myfcms/admin/index.php?m=Collect&a=main | INFO: Run ReadHtmlCache Behavior [ RunTime:0.002129s ]
[ 2012-06-09T19:33:03+08:00 ] /myfcms/admin/index.php?m=Collect&a=main | INFO: Tag[ app_begin ] --END-- [ RunTime:0.002552s ]
[ 2012-06-09T19:33:03+08:00 ] /myfcms/admin/index.php?m=Collect&a=main | NOTIC: [8] Undefined index:  p CollectAction.class.php 第 22 行.
[ 2012-06-09T19:33:03+08:00 ] /myfcms/admin/index.php?m=Collect&a=main | SQL: SHOW COLUMNS FROM `myf_co_node` [ RunTime:0.049129s ]
[ 2012-06-09T19:33:03+08:00 ] /myfcms/admin/index.php?m=Collect&a=main | SQL: SELECT COUNT(*) AS tp_count FROM `myf_co_node` LIMIT 1   [ RunTime:0.003106s ]
[ 2012-06-09T19:33:03+08:00 ] /myfcms/admin/index.php?m=Collect&a=main | NOTIC: [8] Undefined variable: pageCount CollectAction.class.php 第 29 行.
[ 2012-06-09T19:33:03+08:00 ] /myfcms/admin/index.php?m=Collect&a=main | NOTIC: [2] Missing argument 5 for Page::__construct(), called in D:\AppServ\www\myfcms\admin\Lib\Action\CollectAction.class.php on line 29 and defined Page.class.php 第 48 行.
[ 2012-06-09T19:33:03+08:00 ] /myfcms/admin/index.php?m=Collect&a=main | NOTIC: [8] Object of class Page could not be converted to int MyfDao.class.php 第 374 行.
[ 2012-06-09T19:33:03+08:00 ] /myfcms/admin/index.php?m=Collect&a=main | SQL: SELECT `id`,`name`,`lasttime`,`createtime`,`arccount` FROM `myf_co_node` ORDER BY id desc LIMIT 0,20   [ RunTime:0.001264s ]
[ 2012-06-09T19:33:03+08:00 ] /myfcms/admin/index.php?m=Collect&a=main | INFO: Tag[ view_template ] --START--
[ 2012-06-09T19:33:03+08:00 ] /myfcms/admin/index.php?m=Collect&a=main | INFO: Run LocationTemplate Behavior [ RunTime:0.005013s ]
[ 2012-06-09T19:33:03+08:00 ] /myfcms/admin/index.php?m=Collect&a=main | INFO: Tag[ view_template ] --END-- [ RunTime:0.005279s ]
[ 2012-06-09T19:33:03+08:00 ] /myfcms/admin/index.php?m=Collect&a=main | INFO: Tag[ view_parse ] --START--
[ 2012-06-09T19:33:03+08:00 ] /myfcms/admin/index.php?m=Collect&a=main | INFO: Run ParseTemplate Behavior [ RunTime:0.043420s ]
[ 2012-06-09T19:33:03+08:00 ] /myfcms/admin/index.php?m=Collect&a=main | INFO: Tag[ view_parse ] --END-- [ RunTime:0.043715s ]
[ 2012-06-09T19:33:03+08:00 ] /myfcms/admin/index.php?m=Collect&a=main | INFO: Tag[ view_filter ] --START--
[ 2012-06-09T19:33:03+08:00 ] /myfcms/admin/index.php?m=Collect&a=main | INFO: Run ContentReplace Behavior [ RunTime:0.001529s ]
[ 2012-06-09T19:33:03+08:00 ] /myfcms/admin/index.php?m=Collect&a=main | INFO: Run TokenBuild Behavior [ RunTime:0.002204s ]
[ 2012-06-09T19:33:03+08:00 ] /myfcms/admin/index.php?m=Collect&a=main | INFO: Run WriteHtmlCache Behavior [ RunTime:0.000926s ]
[ 2012-06-09T19:33:03+08:00 ] /myfcms/admin/index.php?m=Collect&a=main | INFO: Run ShowRuntime Behavior [ RunTime:0.001568s ]
[ 2012-06-09T19:33:03+08:00 ] /myfcms/admin/index.php?m=Collect&a=main | INFO: Tag[ view_filter ] --END-- [ RunTime:0.006861s ]
[ 2012-06-09T19:33:03+08:00 ] /myfcms/admin/index.php?m=Collect&a=main | INFO: Tag[ view_end ] --START--
[ 2012-06-09T19:33:03+08:00 ] /myfcms/admin/index.php?m=Collect&a=main | INFO: Run ShowPageTrace Behavior [ RunTime:0.001553s ]
[ 2012-06-09T19:33:03+08:00 ] /myfcms/admin/index.php?m=Collect&a=main | INFO: Tag[ view_end ] --END-- [ RunTime:0.001786s ]
[ 2012-06-09T19:33:05+08:00 ] /myfcms/admin/index.php?m=Flink&a=main | INFO: Tag[ app_begin ] --START--
[ 2012-06-09T19:33:05+08:00 ] /myfcms/admin/index.php?m=Flink&a=main | INFO: Run ReadHtmlCache Behavior [ RunTime:0.001857s ]
[ 2012-06-09T19:33:05+08:00 ] /myfcms/admin/index.php?m=Flink&a=main | INFO: Tag[ app_begin ] --END-- [ RunTime:0.002211s ]
[ 2012-06-09T19:33:05+08:00 ] /myfcms/admin/index.php?m=Flink&a=main | SQL: SHOW COLUMNS FROM `myf_flink` [ RunTime:0.009714s ]
[ 2012-06-09T19:33:05+08:00 ] /myfcms/admin/index.php?m=Flink&a=main | SQL: SELECT * FROM `myf_flink` ORDER BY sortrank asc  [ RunTime:0.004999s ]
[ 2012-06-09T19:33:05+08:00 ] /myfcms/admin/index.php?m=Flink&a=main | INFO: Tag[ view_template ] --START--
[ 2012-06-09T19:33:05+08:00 ] /myfcms/admin/index.php?m=Flink&a=main | INFO: Run LocationTemplate Behavior [ RunTime:0.003841s ]
[ 2012-06-09T19:33:05+08:00 ] /myfcms/admin/index.php?m=Flink&a=main | INFO: Tag[ view_template ] --END-- [ RunTime:0.004072s ]
[ 2012-06-09T19:33:05+08:00 ] /myfcms/admin/index.php?m=Flink&a=main | INFO: Tag[ view_parse ] --START--
[ 2012-06-09T19:33:05+08:00 ] /myfcms/admin/index.php?m=Flink&a=main | INFO: Run ParseTemplate Behavior [ RunTime:0.046209s ]
[ 2012-06-09T19:33:05+08:00 ] /myfcms/admin/index.php?m=Flink&a=main | INFO: Tag[ view_parse ] --END-- [ RunTime:0.046504s ]
[ 2012-06-09T19:33:05+08:00 ] /myfcms/admin/index.php?m=Flink&a=main | INFO: Tag[ view_filter ] --START--
[ 2012-06-09T19:33:05+08:00 ] /myfcms/admin/index.php?m=Flink&a=main | INFO: Run ContentReplace Behavior [ RunTime:0.001349s ]
[ 2012-06-09T19:33:05+08:00 ] /myfcms/admin/index.php?m=Flink&a=main | INFO: Run TokenBuild Behavior [ RunTime:0.001505s ]
[ 2012-06-09T19:33:05+08:00 ] /myfcms/admin/index.php?m=Flink&a=main | INFO: Run WriteHtmlCache Behavior [ RunTime:0.000809s ]
[ 2012-06-09T19:33:05+08:00 ] /myfcms/admin/index.php?m=Flink&a=main | INFO: Run ShowRuntime Behavior [ RunTime:0.001584s ]
[ 2012-06-09T19:33:05+08:00 ] /myfcms/admin/index.php?m=Flink&a=main | INFO: Tag[ view_filter ] --END-- [ RunTime:0.005846s ]
[ 2012-06-09T19:33:05+08:00 ] /myfcms/admin/index.php?m=Flink&a=main | INFO: Tag[ view_end ] --START--
[ 2012-06-09T19:33:05+08:00 ] /myfcms/admin/index.php?m=Flink&a=main | INFO: Run ShowPageTrace Behavior [ RunTime:0.001511s ]
[ 2012-06-09T19:33:05+08:00 ] /myfcms/admin/index.php?m=Flink&a=main | INFO: Tag[ view_end ] --END-- [ RunTime:0.001730s ]
[ 2012-06-09T19:33:06+08:00 ] /myfcms/admin/index.php?m=Moban&a=main&theme=default | INFO: Tag[ app_begin ] --START--
[ 2012-06-09T19:33:06+08:00 ] /myfcms/admin/index.php?m=Moban&a=main&theme=default | INFO: Run ReadHtmlCache Behavior [ RunTime:0.002016s ]
[ 2012-06-09T19:33:06+08:00 ] /myfcms/admin/index.php?m=Moban&a=main&theme=default | INFO: Tag[ app_begin ] --END-- [ RunTime:0.002386s ]
[ 2012-06-09T19:33:06+08:00 ] /myfcms/admin/index.php?m=Moban&a=main&theme=default | SQL: SHOW COLUMNS FROM `myf_moban` [ RunTime:0.027145s ]
[ 2012-06-09T19:33:07+08:00 ] /myfcms/admin/index.php?m=Moban&a=main&theme=default | SQL: SELECT * FROM `myf_moban` WHERE theme='default'  [ RunTime:0.050451s ]
[ 2012-06-09T19:33:07+08:00 ] /myfcms/admin/index.php?m=Moban&a=main&theme=default | INFO: Tag[ view_template ] --START--
[ 2012-06-09T19:33:07+08:00 ] /myfcms/admin/index.php?m=Moban&a=main&theme=default | INFO: Run LocationTemplate Behavior [ RunTime:0.005448s ]
[ 2012-06-09T19:33:07+08:00 ] /myfcms/admin/index.php?m=Moban&a=main&theme=default | INFO: Tag[ view_template ] --END-- [ RunTime:0.005743s ]
[ 2012-06-09T19:33:07+08:00 ] /myfcms/admin/index.php?m=Moban&a=main&theme=default | INFO: Tag[ view_parse ] --START--
[ 2012-06-09T19:33:07+08:00 ] /myfcms/admin/index.php?m=Moban&a=main&theme=default | INFO: Run ParseTemplate Behavior [ RunTime:0.044734s ]
[ 2012-06-09T19:33:07+08:00 ] /myfcms/admin/index.php?m=Moban&a=main&theme=default | INFO: Tag[ view_parse ] --END-- [ RunTime:0.045048s ]
[ 2012-06-09T19:33:07+08:00 ] /myfcms/admin/index.php?m=Moban&a=main&theme=default | INFO: Tag[ view_filter ] --START--
[ 2012-06-09T19:33:07+08:00 ] /myfcms/admin/index.php?m=Moban&a=main&theme=default | INFO: Run ContentReplace Behavior [ RunTime:0.001576s ]
[ 2012-06-09T19:33:07+08:00 ] /myfcms/admin/index.php?m=Moban&a=main&theme=default | INFO: Run TokenBuild Behavior [ RunTime:0.001666s ]
[ 2012-06-09T19:33:07+08:00 ] /myfcms/admin/index.php?m=Moban&a=main&theme=default | INFO: Run WriteHtmlCache Behavior [ RunTime:0.000834s ]
[ 2012-06-09T19:33:07+08:00 ] /myfcms/admin/index.php?m=Moban&a=main&theme=default | INFO: Run ShowRuntime Behavior [ RunTime:0.001657s ]
[ 2012-06-09T19:33:07+08:00 ] /myfcms/admin/index.php?m=Moban&a=main&theme=default | INFO: Tag[ view_filter ] --END-- [ RunTime:0.006367s ]
[ 2012-06-09T19:33:07+08:00 ] /myfcms/admin/index.php?m=Moban&a=main&theme=default | INFO: Tag[ view_end ] --START--
[ 2012-06-09T19:33:07+08:00 ] /myfcms/admin/index.php?m=Moban&a=main&theme=default | INFO: Run ShowPageTrace Behavior [ RunTime:0.001612s ]
[ 2012-06-09T19:33:07+08:00 ] /myfcms/admin/index.php?m=Moban&a=main&theme=default | INFO: Tag[ view_end ] --END-- [ RunTime:0.001838s ]
[ 2012-06-09T19:33:08+08:00 ] /myfcms/admin/index.php?m=Sys&a=main | INFO: Tag[ app_begin ] --START--
[ 2012-06-09T19:33:08+08:00 ] /myfcms/admin/index.php?m=Sys&a=main | INFO: Run ReadHtmlCache Behavior [ RunTime:0.001938s ]
[ 2012-06-09T19:33:08+08:00 ] /myfcms/admin/index.php?m=Sys&a=main | INFO: Tag[ app_begin ] --END-- [ RunTime:0.002292s ]
[ 2012-06-09T19:33:08+08:00 ] /myfcms/admin/index.php?m=Sys&a=main | SQL: SHOW COLUMNS FROM `myf_sys` [ RunTime:0.009560s ]
[ 2012-06-09T19:33:08+08:00 ] /myfcms/admin/index.php?m=Sys&a=main | SQL: SELECT * FROM `myf_sys`  [ RunTime:0.005622s ]
[ 2012-06-09T19:33:08+08:00 ] /myfcms/admin/index.php?m=Sys&a=main | INFO: Tag[ view_template ] --START--
[ 2012-06-09T19:33:08+08:00 ] /myfcms/admin/index.php?m=Sys&a=main | INFO: Run LocationTemplate Behavior [ RunTime:0.004944s ]
[ 2012-06-09T19:33:08+08:00 ] /myfcms/admin/index.php?m=Sys&a=main | INFO: Tag[ view_template ] --END-- [ RunTime:0.005329s ]
[ 2012-06-09T19:33:08+08:00 ] /myfcms/admin/index.php?m=Sys&a=main | INFO: Tag[ view_parse ] --START--
[ 2012-06-09T19:33:08+08:00 ] /myfcms/admin/index.php?m=Sys&a=main | INFO: Run ParseTemplate Behavior [ RunTime:0.044190s ]
[ 2012-06-09T19:33:08+08:00 ] /myfcms/admin/index.php?m=Sys&a=main | INFO: Tag[ view_parse ] --END-- [ RunTime:0.044486s ]
[ 2012-06-09T19:33:08+08:00 ] /myfcms/admin/index.php?m=Sys&a=main | INFO: Tag[ view_filter ] --START--
[ 2012-06-09T19:33:08+08:00 ] /myfcms/admin/index.php?m=Sys&a=main | INFO: Run ContentReplace Behavior [ RunTime:0.001436s ]
[ 2012-06-09T19:33:08+08:00 ] /myfcms/admin/index.php?m=Sys&a=main | INFO: Run TokenBuild Behavior [ RunTime:0.001686s ]
[ 2012-06-09T19:33:08+08:00 ] /myfcms/admin/index.php?m=Sys&a=main | INFO: Run WriteHtmlCache Behavior [ RunTime:0.000878s ]
[ 2012-06-09T19:33:08+08:00 ] /myfcms/admin/index.php?m=Sys&a=main | INFO: Run ShowRuntime Behavior [ RunTime:0.001565s ]
[ 2012-06-09T19:33:08+08:00 ] /myfcms/admin/index.php?m=Sys&a=main | INFO: Tag[ view_filter ] --END-- [ RunTime:0.006173s ]
[ 2012-06-09T19:33:08+08:00 ] /myfcms/admin/index.php?m=Sys&a=main | INFO: Tag[ view_end ] --START--
[ 2012-06-09T19:33:08+08:00 ] /myfcms/admin/index.php?m=Sys&a=main | INFO: Run ShowPageTrace Behavior [ RunTime:0.001941s ]
[ 2012-06-09T19:33:08+08:00 ] /myfcms/admin/index.php?m=Sys&a=main | INFO: Tag[ view_end ] --END-- [ RunTime:0.002177s ]
[ 2012-06-09T19:33:15+08:00 ] /myfcms/admin/index.php?m=Collect&a=main | INFO: Tag[ app_begin ] --START--
[ 2012-06-09T19:33:15+08:00 ] /myfcms/admin/index.php?m=Collect&a=main | INFO: Run ReadHtmlCache Behavior [ RunTime:0.001936s ]
[ 2012-06-09T19:33:15+08:00 ] /myfcms/admin/index.php?m=Collect&a=main | INFO: Tag[ app_begin ] --END-- [ RunTime:0.002300s ]
[ 2012-06-09T19:33:15+08:00 ] /myfcms/admin/index.php?m=Collect&a=main | NOTIC: [8] Undefined index:  p CollectAction.class.php 第 22 行.
[ 2012-06-09T19:33:15+08:00 ] /myfcms/admin/index.php?m=Collect&a=main | SQL: SHOW COLUMNS FROM `myf_co_node` [ RunTime:0.011456s ]
[ 2012-06-09T19:33:15+08:00 ] /myfcms/admin/index.php?m=Collect&a=main | SQL: SELECT COUNT(*) AS tp_count FROM `myf_co_node` LIMIT 1   [ RunTime:0.004909s ]
[ 2012-06-09T19:33:15+08:00 ] /myfcms/admin/index.php?m=Collect&a=main | NOTIC: [8] Undefined variable: pageCount CollectAction.class.php 第 29 行.
[ 2012-06-09T19:33:15+08:00 ] /myfcms/admin/index.php?m=Collect&a=main | NOTIC: [2] Missing argument 5 for Page::__construct(), called in D:\AppServ\www\myfcms\admin\Lib\Action\CollectAction.class.php on line 29 and defined Page.class.php 第 48 行.
[ 2012-06-09T19:33:15+08:00 ] /myfcms/admin/index.php?m=Collect&a=main | NOTIC: [8] Object of class Page could not be converted to int MyfDao.class.php 第 374 行.
[ 2012-06-09T19:33:15+08:00 ] /myfcms/admin/index.php?m=Collect&a=main | SQL: SELECT `id`,`name`,`lasttime`,`createtime`,`arccount` FROM `myf_co_node` ORDER BY id desc LIMIT 0,20   [ RunTime:0.001058s ]
[ 2012-06-09T19:33:15+08:00 ] /myfcms/admin/index.php?m=Collect&a=main | INFO: Tag[ view_template ] --START--
[ 2012-06-09T19:33:15+08:00 ] /myfcms/admin/index.php?m=Collect&a=main | INFO: Run LocationTemplate Behavior [ RunTime:0.003892s ]
[ 2012-06-09T19:33:15+08:00 ] /myfcms/admin/index.php?m=Collect&a=main | INFO: Tag[ view_template ] --END-- [ RunTime:0.004144s ]
[ 2012-06-09T19:33:15+08:00 ] /myfcms/admin/index.php?m=Collect&a=main | INFO: Tag[ view_parse ] --START--
[ 2012-06-09T19:33:15+08:00 ] /myfcms/admin/index.php?m=Collect&a=main | INFO: Run ParseTemplate Behavior [ RunTime:0.046832s ]
[ 2012-06-09T19:33:15+08:00 ] /myfcms/admin/index.php?m=Collect&a=main | INFO: Tag[ view_parse ] --END-- [ RunTime:0.047142s ]
[ 2012-06-09T19:33:15+08:00 ] /myfcms/admin/index.php?m=Collect&a=main | INFO: Tag[ view_filter ] --START--
[ 2012-06-09T19:33:15+08:00 ] /myfcms/admin/index.php?m=Collect&a=main | INFO: Run ContentReplace Behavior [ RunTime:0.001528s ]
[ 2012-06-09T19:33:15+08:00 ] /myfcms/admin/index.php?m=Collect&a=main | INFO: Run TokenBuild Behavior [ RunTime:0.001429s ]
[ 2012-06-09T19:33:15+08:00 ] /myfcms/admin/index.php?m=Collect&a=main | INFO: Run WriteHtmlCache Behavior [ RunTime:0.000893s ]
[ 2012-06-09T19:33:15+08:00 ] /myfcms/admin/index.php?m=Collect&a=main | INFO: Run ShowRuntime Behavior [ RunTime:0.001555s ]
[ 2012-06-09T19:33:15+08:00 ] /myfcms/admin/index.php?m=Collect&a=main | INFO: Tag[ view_filter ] --END-- [ RunTime:0.006034s ]
[ 2012-06-09T19:33:15+08:00 ] /myfcms/admin/index.php?m=Collect&a=main | INFO: Tag[ view_end ] --START--
[ 2012-06-09T19:33:15+08:00 ] /myfcms/admin/index.php?m=Collect&a=main | INFO: Run ShowPageTrace Behavior [ RunTime:0.001541s ]
[ 2012-06-09T19:33:15+08:00 ] /myfcms/admin/index.php?m=Collect&a=main | INFO: Tag[ view_end ] --END-- [ RunTime:0.001868s ]
[ 2012-06-09T19:33:18+08:00 ] /myfcms/admin/index.php?m=Collect&a=do_export&id=1 | INFO: Tag[ app_begin ] --START--
[ 2012-06-09T19:33:18+08:00 ] /myfcms/admin/index.php?m=Collect&a=do_export&id=1 | INFO: Run ReadHtmlCache Behavior [ RunTime:0.002007s ]
[ 2012-06-09T19:33:18+08:00 ] /myfcms/admin/index.php?m=Collect&a=do_export&id=1 | INFO: Tag[ app_begin ] --END-- [ RunTime:0.004512s ]
[ 2012-06-09T19:33:18+08:00 ] /myfcms/admin/index.php?m=Collect&a=do_export&id=1 | SQL: SHOW COLUMNS FROM `myf_co_node` [ RunTime:0.030321s ]
[ 2012-06-09T19:33:18+08:00 ] /myfcms/admin/index.php?m=Collect&a=do_export&id=1 | SQL: SELECT * FROM `myf_co_node` WHERE ( `id` = '1' ) LIMIT 1   [ RunTime:0.001090s ]
[ 2012-06-09T19:33:18+08:00 ] /myfcms/admin/index.php?m=Collect&a=do_export&id=1 | SQL: SHOW COLUMNS FROM `myf_arctype` [ RunTime:0.020389s ]
[ 2012-06-09T19:33:18+08:00 ] /myfcms/admin/index.php?m=Collect&a=do_export&id=1 | SQL: SELECT `id`,`topid`,`sortrank`,`typename`,`typedir`,`arcnamerule`,`listnamerule`,`classname`,`methodname`,`keywords`,`seotitle`,`description`,`typepro` FROM `myf_arctype` ORDER BY sortrank asc  [ RunTime:0.002241s ]
[ 2012-06-09T19:33:18+08:00 ] /myfcms/admin/index.php?m=Collect&a=do_export&id=1 | INFO: Tag[ view_template ] --START--
[ 2012-06-09T19:33:18+08:00 ] /myfcms/admin/index.php?m=Collect&a=do_export&id=1 | INFO: Run LocationTemplate Behavior [ RunTime:0.005433s ]
[ 2012-06-09T19:33:18+08:00 ] /myfcms/admin/index.php?m=Collect&a=do_export&id=1 | INFO: Tag[ view_template ] --END-- [ RunTime:0.005749s ]
[ 2012-06-09T19:33:18+08:00 ] /myfcms/admin/index.php?m=Collect&a=do_export&id=1 | INFO: Tag[ view_parse ] --START--
[ 2012-06-09T19:33:18+08:00 ] /myfcms/admin/index.php?m=Collect&a=do_export&id=1 | INFO: Run ParseTemplate Behavior [ RunTime:0.090464s ]
[ 2012-06-09T19:33:18+08:00 ] /myfcms/admin/index.php?m=Collect&a=do_export&id=1 | INFO: Tag[ view_parse ] --END-- [ RunTime:0.090775s ]
[ 2012-06-09T19:33:18+08:00 ] /myfcms/admin/index.php?m=Collect&a=do_export&id=1 | INFO: Tag[ view_filter ] --START--
[ 2012-06-09T19:33:18+08:00 ] /myfcms/admin/index.php?m=Collect&a=do_export&id=1 | INFO: Run ContentReplace Behavior [ RunTime:0.001702s ]
[ 2012-06-09T19:33:18+08:00 ] /myfcms/admin/index.php?m=Collect&a=do_export&id=1 | INFO: Run TokenBuild Behavior [ RunTime:0.001629s ]
[ 2012-06-09T19:33:18+08:00 ] /myfcms/admin/index.php?m=Collect&a=do_export&id=1 | INFO: Run WriteHtmlCache Behavior [ RunTime:0.000883s ]
[ 2012-06-09T19:33:18+08:00 ] /myfcms/admin/index.php?m=Collect&a=do_export&id=1 | INFO: Run ShowRuntime Behavior [ RunTime:0.001586s ]
[ 2012-06-09T19:33:18+08:00 ] /myfcms/admin/index.php?m=Collect&a=do_export&id=1 | INFO: Tag[ view_filter ] --END-- [ RunTime:0.006451s ]
[ 2012-06-09T19:33:18+08:00 ] /myfcms/admin/index.php?m=Collect&a=do_export&id=1 | INFO: Tag[ view_end ] --START--
[ 2012-06-09T19:33:18+08:00 ] /myfcms/admin/index.php?m=Collect&a=do_export&id=1 | INFO: Run ShowPageTrace Behavior [ RunTime:0.001725s ]
[ 2012-06-09T19:33:18+08:00 ] /myfcms/admin/index.php?m=Collect&a=do_export&id=1 | INFO: Tag[ view_end ] --END-- [ RunTime:0.001974s ]
[ 2012-06-09T19:33:25+08:00 ] /myfcms/admin/index.php?m=Arctype&a=main | INFO: Tag[ app_begin ] --START--
[ 2012-06-09T19:33:25+08:00 ] /myfcms/admin/index.php?m=Arctype&a=main | INFO: Run ReadHtmlCache Behavior [ RunTime:0.001980s ]
[ 2012-06-09T19:33:25+08:00 ] /myfcms/admin/index.php?m=Arctype&a=main | INFO: Tag[ app_begin ] --END-- [ RunTime:0.002338s ]
[ 2012-06-09T19:33:25+08:00 ] /myfcms/admin/index.php?m=Arctype&a=main | SQL: SHOW COLUMNS FROM `myf_arctype` [ RunTime:0.011003s ]
[ 2012-06-09T19:33:25+08:00 ] /myfcms/admin/index.php?m=Arctype&a=main | SQL: SELECT `id`,`topid`,`sortrank`,`typename`,`typedir`,`arcnamerule`,`listnamerule`,`classname`,`methodname`,`keywords`,`seotitle`,`description`,`typepro` FROM `myf_arctype` ORDER BY sortrank asc  [ RunTime:0.004844s ]
[ 2012-06-09T19:33:25+08:00 ] /myfcms/admin/index.php?m=Arctype&a=main | SQL: SHOW COLUMNS FROM `myf_sys` [ RunTime:0.011391s ]
[ 2012-06-09T19:33:25+08:00 ] /myfcms/admin/index.php?m=Arctype&a=main | SQL: SELECT * FROM `myf_sys` WHERE id<3  [ RunTime:0.003839s ]
[ 2012-06-09T19:33:25+08:00 ] /myfcms/admin/index.php?m=Arctype&a=main | INFO: Tag[ view_template ] --START--
[ 2012-06-09T19:33:25+08:00 ] /myfcms/admin/index.php?m=Arctype&a=main | INFO: Run LocationTemplate Behavior [ RunTime:0.005048s ]
[ 2012-06-09T19:33:25+08:00 ] /myfcms/admin/index.php?m=Arctype&a=main | INFO: Tag[ view_template ] --END-- [ RunTime:0.005292s ]
[ 2012-06-09T19:33:25+08:00 ] /myfcms/admin/index.php?m=Arctype&a=main | INFO: Tag[ view_parse ] --START--
[ 2012-06-09T19:33:25+08:00 ] /myfcms/admin/index.php?m=Arctype&a=main | INFO: Run ParseTemplate Behavior [ RunTime:0.179036s ]
[ 2012-06-09T19:33:25+08:00 ] /myfcms/admin/index.php?m=Arctype&a=main | INFO: Tag[ view_parse ] --END-- [ RunTime:0.179339s ]
[ 2012-06-09T19:33:25+08:00 ] /myfcms/admin/index.php?m=Arctype&a=main | INFO: Tag[ view_filter ] --START--
[ 2012-06-09T19:33:25+08:00 ] /myfcms/admin/index.php?m=Arctype&a=main | INFO: Run ContentReplace Behavior [ RunTime:0.001766s ]
[ 2012-06-09T19:33:25+08:00 ] /myfcms/admin/index.php?m=Arctype&a=main | INFO: Run TokenBuild Behavior [ RunTime:0.002120s ]
[ 2012-06-09T19:33:25+08:00 ] /myfcms/admin/index.php?m=Arctype&a=main | INFO: Run WriteHtmlCache Behavior [ RunTime:0.000978s ]
[ 2012-06-09T19:33:25+08:00 ] /myfcms/admin/index.php?m=Arctype&a=main | INFO: Run ShowRuntime Behavior [ RunTime:0.001697s ]
[ 2012-06-09T19:33:25+08:00 ] /myfcms/admin/index.php?m=Arctype&a=main | INFO: Tag[ view_filter ] --END-- [ RunTime:0.007244s ]
[ 2012-06-09T19:33:25+08:00 ] /myfcms/admin/index.php?m=Arctype&a=main | INFO: Tag[ view_end ] --START--
[ 2012-06-09T19:33:25+08:00 ] /myfcms/admin/index.php?m=Arctype&a=main | INFO: Run ShowPageTrace Behavior [ RunTime:0.001843s ]
[ 2012-06-09T19:33:25+08:00 ] /myfcms/admin/index.php?m=Arctype&a=main | INFO: Tag[ view_end ] --END-- [ RunTime:0.004044s ]
[ 2012-06-09T19:39:04+08:00 ] /myfcms/admin/index.php?m=Moban&a=main&theme=default | INFO: Tag[ app_begin ] --START--
[ 2012-06-09T19:39:04+08:00 ] /myfcms/admin/index.php?m=Moban&a=main&theme=default | INFO: Run ReadHtmlCache Behavior [ RunTime:0.004626s ]
[ 2012-06-09T19:39:04+08:00 ] /myfcms/admin/index.php?m=Moban&a=main&theme=default | INFO: Tag[ app_begin ] --END-- [ RunTime:0.005125s ]
[ 2012-06-09T19:39:04+08:00 ] /myfcms/admin/index.php?m=Moban&a=main&theme=default | SQL: SHOW COLUMNS FROM `myf_moban` [ RunTime:0.011747s ]
[ 2012-06-09T19:39:04+08:00 ] /myfcms/admin/index.php?m=Moban&a=main&theme=default | SQL: SELECT * FROM `myf_moban` WHERE theme='default'  [ RunTime:0.004381s ]
[ 2012-06-09T19:39:04+08:00 ] /myfcms/admin/index.php?m=Moban&a=main&theme=default | INFO: Tag[ view_template ] --START--
[ 2012-06-09T19:39:04+08:00 ] /myfcms/admin/index.php?m=Moban&a=main&theme=default | INFO: Run LocationTemplate Behavior [ RunTime:0.006348s ]
[ 2012-06-09T19:39:04+08:00 ] /myfcms/admin/index.php?m=Moban&a=main&theme=default | INFO: Tag[ view_template ] --END-- [ RunTime:0.006720s ]
[ 2012-06-09T19:39:04+08:00 ] /myfcms/admin/index.php?m=Moban&a=main&theme=default | INFO: Tag[ view_parse ] --START--
[ 2012-06-09T19:39:04+08:00 ] /myfcms/admin/index.php?m=Moban&a=main&theme=default | INFO: Run ParseTemplate Behavior [ RunTime:0.074025s ]
[ 2012-06-09T19:39:04+08:00 ] /myfcms/admin/index.php?m=Moban&a=main&theme=default | INFO: Tag[ view_parse ] --END-- [ RunTime:0.074343s ]
[ 2012-06-09T19:39:04+08:00 ] /myfcms/admin/index.php?m=Moban&a=main&theme=default | INFO: Tag[ view_filter ] --START--
[ 2012-06-09T19:39:04+08:00 ] /myfcms/admin/index.php?m=Moban&a=main&theme=default | INFO: Run ContentReplace Behavior [ RunTime:0.003815s ]
[ 2012-06-09T19:39:04+08:00 ] /myfcms/admin/index.php?m=Moban&a=main&theme=default | INFO: Run TokenBuild Behavior [ RunTime:0.004464s ]
[ 2012-06-09T19:39:04+08:00 ] /myfcms/admin/index.php?m=Moban&a=main&theme=default | INFO: Run WriteHtmlCache Behavior [ RunTime:0.005854s ]
[ 2012-06-09T19:39:04+08:00 ] /myfcms/admin/index.php?m=Moban&a=main&theme=default | INFO: Run ShowRuntime Behavior [ RunTime:0.004035s ]
[ 2012-06-09T19:39:04+08:00 ] /myfcms/admin/index.php?m=Moban&a=main&theme=default | INFO: Tag[ view_filter ] --END-- [ RunTime:0.018975s ]
[ 2012-06-09T19:39:04+08:00 ] /myfcms/admin/index.php?m=Moban&a=main&theme=default | INFO: Tag[ view_end ] --START--
[ 2012-06-09T19:39:04+08:00 ] /myfcms/admin/index.php?m=Moban&a=main&theme=default | INFO: Run ShowPageTrace Behavior [ RunTime:0.004323s ]
[ 2012-06-09T19:39:04+08:00 ] /myfcms/admin/index.php?m=Moban&a=main&theme=default | INFO: Tag[ view_end ] --END-- [ RunTime:0.004584s ]
[ 2012-06-09T19:39:07+08:00 ] /myfcms/admin/index.php?m=Moban&a=update&id=1 | INFO: Tag[ app_begin ] --START--
[ 2012-06-09T19:39:07+08:00 ] /myfcms/admin/index.php?m=Moban&a=update&id=1 | INFO: Run ReadHtmlCache Behavior [ RunTime:0.002022s ]
[ 2012-06-09T19:39:07+08:00 ] /myfcms/admin/index.php?m=Moban&a=update&id=1 | INFO: Tag[ app_begin ] --END-- [ RunTime:0.002390s ]
[ 2012-06-09T19:39:07+08:00 ] /myfcms/admin/index.php?m=Moban&a=update&id=1 | NOTIC: [8] Undefined index:  theme MobanAction.class.php 第 80 行.
[ 2012-06-09T19:39:07+08:00 ] /myfcms/admin/index.php?m=Moban&a=update&id=1 | SQL: SHOW COLUMNS FROM `myf_moban` [ RunTime:0.009870s ]
[ 2012-06-09T19:39:07+08:00 ] /myfcms/admin/index.php?m=Moban&a=update&id=1 | SQL: SELECT * FROM `myf_moban` WHERE ( `id` = '1' ) LIMIT 1   [ RunTime:0.005014s ]
[ 2012-06-09T19:39:07+08:00 ] /myfcms/admin/index.php?m=Moban&a=update&id=1 | INFO: Tag[ view_template ] --START--
[ 2012-06-09T19:39:07+08:00 ] /myfcms/admin/index.php?m=Moban&a=update&id=1 | INFO: Run LocationTemplate Behavior [ RunTime:0.003822s ]
[ 2012-06-09T19:39:07+08:00 ] /myfcms/admin/index.php?m=Moban&a=update&id=1 | INFO: Tag[ view_template ] --END-- [ RunTime:0.004139s ]
[ 2012-06-09T19:39:07+08:00 ] /myfcms/admin/index.php?m=Moban&a=update&id=1 | INFO: Tag[ view_parse ] --START--
[ 2012-06-09T19:39:07+08:00 ] /myfcms/admin/index.php?m=Moban&a=update&id=1 | INFO: Run ParseTemplate Behavior [ RunTime:0.039024s ]
[ 2012-06-09T19:39:07+08:00 ] /myfcms/admin/index.php?m=Moban&a=update&id=1 | INFO: Tag[ view_parse ] --END-- [ RunTime:0.039311s ]
[ 2012-06-09T19:39:07+08:00 ] /myfcms/admin/index.php?m=Moban&a=update&id=1 | INFO: Tag[ view_filter ] --START--
[ 2012-06-09T19:39:07+08:00 ] /myfcms/admin/index.php?m=Moban&a=update&id=1 | INFO: Run ContentReplace Behavior [ RunTime:0.001507s ]
[ 2012-06-09T19:39:07+08:00 ] /myfcms/admin/index.php?m=Moban&a=update&id=1 | INFO: Run TokenBuild Behavior [ RunTime:0.001681s ]
[ 2012-06-09T19:39:07+08:00 ] /myfcms/admin/index.php?m=Moban&a=update&id=1 | INFO: Run WriteHtmlCache Behavior [ RunTime:0.005034s ]
[ 2012-06-09T19:39:07+08:00 ] /myfcms/admin/index.php?m=Moban&a=update&id=1 | INFO: Run ShowRuntime Behavior [ RunTime:0.001643s ]
[ 2012-06-09T19:39:07+08:00 ] /myfcms/admin/index.php?m=Moban&a=update&id=1 | INFO: Tag[ view_filter ] --END-- [ RunTime:0.010513s ]
[ 2012-06-09T19:39:07+08:00 ] /myfcms/admin/index.php?m=Moban&a=update&id=1 | INFO: Tag[ view_end ] --START--
[ 2012-06-09T19:39:07+08:00 ] /myfcms/admin/index.php?m=Moban&a=update&id=1 | INFO: Run ShowPageTrace Behavior [ RunTime:0.003075s ]
[ 2012-06-09T19:39:07+08:00 ] /myfcms/admin/index.php?m=Moban&a=update&id=1 | INFO: Tag[ view_end ] --END-- [ RunTime:0.003467s ]
[ 2012-06-09T20:20:19+08:00 ] /myfcms/admin/index.php?m=Arctype&a=main | INFO: Tag[ app_begin ] --START--
[ 2012-06-09T20:20:19+08:00 ] /myfcms/admin/index.php?m=Arctype&a=main | INFO: Run ReadHtmlCache Behavior [ RunTime:0.004379s ]
[ 2012-06-09T20:20:19+08:00 ] /myfcms/admin/index.php?m=Arctype&a=main | INFO: Tag[ app_begin ] --END-- [ RunTime:0.004858s ]
[ 2012-06-09T20:20:19+08:00 ] /myfcms/admin/index.php?m=Arctype&a=main | SQL: SHOW COLUMNS FROM `myf_arctype` [ RunTime:0.016981s ]
[ 2012-06-09T20:20:19+08:00 ] /myfcms/admin/index.php?m=Arctype&a=main | SQL: SELECT `id`,`topid`,`sortrank`,`typename`,`typedir`,`arcnamerule`,`listnamerule`,`classname`,`methodname`,`keywords`,`seotitle`,`description`,`typepro` FROM `myf_arctype` ORDER BY sortrank asc  [ RunTime:0.003817s ]
[ 2012-06-09T20:20:19+08:00 ] /myfcms/admin/index.php?m=Arctype&a=main | SQL: SHOW COLUMNS FROM `myf_sys` [ RunTime:0.013152s ]
[ 2012-06-09T20:20:19+08:00 ] /myfcms/admin/index.php?m=Arctype&a=main | SQL: SELECT * FROM `myf_sys` WHERE id<3  [ RunTime:0.002801s ]
[ 2012-06-09T20:20:19+08:00 ] /myfcms/admin/index.php?m=Arctype&a=main | INFO: Tag[ view_template ] --START--
[ 2012-06-09T20:20:19+08:00 ] /myfcms/admin/index.php?m=Arctype&a=main | INFO: Run LocationTemplate Behavior [ RunTime:0.007488s ]
[ 2012-06-09T20:20:19+08:00 ] /myfcms/admin/index.php?m=Arctype&a=main | INFO: Tag[ view_template ] --END-- [ RunTime:0.007760s ]
[ 2012-06-09T20:20:19+08:00 ] /myfcms/admin/index.php?m=Arctype&a=main | INFO: Tag[ view_parse ] --START--
[ 2012-06-09T20:20:19+08:00 ] /myfcms/admin/index.php?m=Arctype&a=main | INFO: Run ParseTemplate Behavior [ RunTime:0.159339s ]
[ 2012-06-09T20:20:19+08:00 ] /myfcms/admin/index.php?m=Arctype&a=main | INFO: Tag[ view_parse ] --END-- [ RunTime:0.159708s ]
[ 2012-06-09T20:20:19+08:00 ] /myfcms/admin/index.php?m=Arctype&a=main | INFO: Tag[ view_filter ] --START--
[ 2012-06-09T20:20:19+08:00 ] /myfcms/admin/index.php?m=Arctype&a=main | INFO: Run ContentReplace Behavior [ RunTime:0.004076s ]
[ 2012-06-09T20:20:19+08:00 ] /myfcms/admin/index.php?m=Arctype&a=main | INFO: Run TokenBuild Behavior [ RunTime:0.004426s ]
[ 2012-06-09T20:20:19+08:00 ] /myfcms/admin/index.php?m=Arctype&a=main | INFO: Run WriteHtmlCache Behavior [ RunTime:0.003365s ]
[ 2012-06-09T20:20:19+08:00 ] /myfcms/admin/index.php?m=Arctype&a=main | INFO: Run ShowRuntime Behavior [ RunTime:0.004005s ]
[ 2012-06-09T20:20:19+08:00 ] /myfcms/admin/index.php?m=Arctype&a=main | INFO: Tag[ view_filter ] --END-- [ RunTime:0.016738s ]
[ 2012-06-09T20:20:19+08:00 ] /myfcms/admin/index.php?m=Arctype&a=main | INFO: Tag[ view_end ] --START--
[ 2012-06-09T20:20:19+08:00 ] /myfcms/admin/index.php?m=Arctype&a=main | INFO: Run ShowPageTrace Behavior [ RunTime:0.004941s ]
[ 2012-06-09T20:20:19+08:00 ] /myfcms/admin/index.php?m=Arctype&a=main | INFO: Tag[ view_end ] --END-- [ RunTime:0.005282s ]
