[ 2012-05-30T20:32:48+08:00 ] /myfcms/admin/index.php?m=Login&a=index | INFO: Tag[ app_begin ] --START--
[ 2012-05-30T20:32:48+08:00 ] /myfcms/admin/index.php?m=Login&a=index | INFO: Run ReadHtmlCache Behavior [ RunTime:0.002275s ]
[ 2012-05-30T20:32:48+08:00 ] /myfcms/admin/index.php?m=Login&a=index | INFO: Tag[ app_begin ] --END-- [ RunTime:0.002677s ]
[ 2012-05-30T20:32:48+08:00 ] /myfcms/admin/index.php?m=Login&a=index | INFO: Tag[ view_template ] --START--
[ 2012-05-30T20:32:48+08:00 ] /myfcms/admin/index.php?m=Login&a=index | INFO: Run LocationTemplate Behavior [ RunTime:0.004064s ]
[ 2012-05-30T20:32:48+08:00 ] /myfcms/admin/index.php?m=Login&a=index | INFO: Tag[ view_template ] --END-- [ RunTime:0.004322s ]
[ 2012-05-30T20:32:48+08:00 ] /myfcms/admin/index.php?m=Login&a=index | INFO: Tag[ view_parse ] --START--
[ 2012-05-30T20:32:48+08:00 ] /myfcms/admin/index.php?m=Login&a=index | INFO: Run ParseTemplate Behavior [ RunTime:0.043057s ]
[ 2012-05-30T20:32:48+08:00 ] /myfcms/admin/index.php?m=Login&a=index | INFO: Tag[ view_parse ] --END-- [ RunTime:0.043473s ]
[ 2012-05-30T20:32:48+08:00 ] /myfcms/admin/index.php?m=Login&a=index | INFO: Tag[ view_filter ] --START--
[ 2012-05-30T20:32:48+08:00 ] /myfcms/admin/index.php?m=Login&a=index | INFO: Run ContentReplace Behavior [ RunTime:0.001492s ]
[ 2012-05-30T20:32:48+08:00 ] /myfcms/admin/index.php?m=Login&a=index | INFO: Run TokenBuild Behavior [ RunTime:0.001460s ]
[ 2012-05-30T20:32:48+08:00 ] /myfcms/admin/index.php?m=Login&a=index | INFO: Run WriteHtmlCache Behavior [ RunTime:0.000830s ]
[ 2012-05-30T20:32:48+08:00 ] /myfcms/admin/index.php?m=Login&a=index | INFO: Run ShowRuntime Behavior [ RunTime:0.001572s ]
[ 2012-05-30T20:32:48+08:00 ] /myfcms/admin/index.php?m=Login&a=index | INFO: Tag[ view_filter ] --END-- [ RunTime:0.006074s ]
[ 2012-05-30T20:32:48+08:00 ] /myfcms/admin/index.php?m=Login&a=index | INFO: Tag[ view_end ] --START--
[ 2012-05-30T20:32:48+08:00 ] /myfcms/admin/index.php?m=Login&a=index | INFO: Run ShowPageTrace Behavior [ RunTime:0.001552s ]
[ 2012-05-30T20:32:48+08:00 ] /myfcms/admin/index.php?m=Login&a=index | INFO: Tag[ view_end ] --END-- [ RunTime:0.001772s ]
[ 2012-05-30T20:32:49+08:00 ] /myfcms/admin/index.php?m=Login&a=verify | INFO: Tag[ app_begin ] --START--
[ 2012-05-30T20:32:49+08:00 ] /myfcms/admin/index.php?m=Login&a=verify | INFO: Run ReadHtmlCache Behavior [ RunTime:0.002090s ]
[ 2012-05-30T20:32:49+08:00 ] /myfcms/admin/index.php?m=Login&a=verify | INFO: Tag[ app_begin ] --END-- [ RunTime:0.002442s ]
[ 2012-05-30T20:32:55+08:00 ] /myfcms/admin/index.php?m=Login&a=login_in | INFO: Tag[ app_begin ] --START--
[ 2012-05-30T20:32:55+08:00 ] /myfcms/admin/index.php?m=Login&a=login_in | INFO: Run ReadHtmlCache Behavior [ RunTime:0.004527s ]
[ 2012-05-30T20:32:55+08:00 ] /myfcms/admin/index.php?m=Login&a=login_in | INFO: Tag[ app_begin ] --END-- [ RunTime:0.004883s ]
[ 2012-05-30T20:32:55+08:00 ] /myfcms/admin/index.php?m=Login&a=login_in | SQL: SHOW COLUMNS FROM `myf_admin` [ RunTime:0.054549s ]
[ 2012-05-30T20:32:55+08:00 ] /myfcms/admin/index.php?m=Login&a=login_in | SQL: SELECT * FROM `myf_admin` WHERE ( `userid` = 'admin' )  [ RunTime:0.003432s ]
[ 2012-05-30T20:32:55+08:00 ] /myfcms/admin/index.php?m=Login&a=login_in | INFO: Tag[ view_template ] --START--
[ 2012-05-30T20:32:55+08:00 ] /myfcms/admin/index.php?m=Login&a=login_in | INFO: Run LocationTemplate Behavior [ RunTime:0.005885s ]
[ 2012-05-30T20:32:55+08:00 ] /myfcms/admin/index.php?m=Login&a=login_in | INFO: Tag[ view_template ] --END-- [ RunTime:0.006117s ]
[ 2012-05-30T20:32:55+08:00 ] /myfcms/admin/index.php?m=Login&a=login_in | INFO: Tag[ view_parse ] --START--
[ 2012-05-30T20:32:55+08:00 ] /myfcms/admin/index.php?m=Login&a=login_in | INFO: Run ParseTemplate Behavior [ RunTime:0.068303s ]
[ 2012-05-30T20:32:55+08:00 ] /myfcms/admin/index.php?m=Login&a=login_in | INFO: Tag[ view_parse ] --END-- [ RunTime:0.068591s ]
[ 2012-05-30T20:32:55+08:00 ] /myfcms/admin/index.php?m=Login&a=login_in | INFO: Tag[ view_filter ] --START--
[ 2012-05-30T20:32:55+08:00 ] /myfcms/admin/index.php?m=Login&a=login_in | INFO: Run ContentReplace Behavior [ RunTime:0.003815s ]
[ 2012-05-30T20:32:55+08:00 ] /myfcms/admin/index.php?m=Login&a=login_in | INFO: Run TokenBuild Behavior [ RunTime:0.004331s ]
[ 2012-05-30T20:32:55+08:00 ] /myfcms/admin/index.php?m=Login&a=login_in | INFO: Run WriteHtmlCache Behavior [ RunTime:0.004072s ]
[ 2012-05-30T20:32:55+08:00 ] /myfcms/admin/index.php?m=Login&a=login_in | INFO: Run ShowRuntime Behavior [ RunTime:0.003998s ]
[ 2012-05-30T20:32:55+08:00 ] /myfcms/admin/index.php?m=Login&a=login_in | INFO: Tag[ view_filter ] --END-- [ RunTime:0.016894s ]
[ 2012-05-30T20:32:55+08:00 ] /myfcms/admin/index.php?m=Login&a=login_in | INFO: Tag[ view_end ] --START--
[ 2012-05-30T20:32:55+08:00 ] /myfcms/admin/index.php?m=Login&a=login_in | INFO: Run ShowPageTrace Behavior [ RunTime:0.004271s ]
[ 2012-05-30T20:32:55+08:00 ] /myfcms/admin/index.php?m=Login&a=login_in | INFO: Tag[ view_end ] --END-- [ RunTime:0.004496s ]
[ 2012-05-30T20:32:56+08:00 ] /myfcms/admin/index.php | INFO: Tag[ app_begin ] --START--
[ 2012-05-30T20:32:56+08:00 ] /myfcms/admin/index.php | INFO: Run ReadHtmlCache Behavior [ RunTime:0.001913s ]
[ 2012-05-30T20:32:56+08:00 ] /myfcms/admin/index.php | INFO: Tag[ app_begin ] --END-- [ RunTime:0.002333s ]
[ 2012-05-30T20:32:56+08:00 ] /myfcms/admin/index.php | SQL: SHOW COLUMNS FROM `myf_sys` [ RunTime:0.009539s ]
[ 2012-05-30T20:32:56+08:00 ] /myfcms/admin/index.php | SQL: SELECT * FROM `myf_sys` WHERE ( `id` = 3 ) LIMIT 1   [ RunTime:0.003246s ]
[ 2012-05-30T20:32:56+08:00 ] /myfcms/admin/index.php | INFO: Tag[ view_template ] --START--
[ 2012-05-30T20:32:57+08:00 ] /myfcms/admin/index.php | INFO: Run LocationTemplate Behavior [ RunTime:0.004139s ]
[ 2012-05-30T20:32:57+08:00 ] /myfcms/admin/index.php | INFO: Tag[ view_template ] --END-- [ RunTime:0.004373s ]
[ 2012-05-30T20:32:57+08:00 ] /myfcms/admin/index.php | INFO: Tag[ view_parse ] --START--
[ 2012-05-30T20:32:57+08:00 ] /myfcms/admin/index.php | INFO: Run ParseTemplate Behavior [ RunTime:0.043650s ]
[ 2012-05-30T20:32:57+08:00 ] /myfcms/admin/index.php | INFO: Tag[ view_parse ] --END-- [ RunTime:0.043932s ]
[ 2012-05-30T20:32:57+08:00 ] /myfcms/admin/index.php | INFO: Tag[ view_filter ] --START--
[ 2012-05-30T20:32:57+08:00 ] /myfcms/admin/index.php | INFO: Run ContentReplace Behavior [ RunTime:0.001404s ]
[ 2012-05-30T20:32:57+08:00 ] /myfcms/admin/index.php | INFO: Run TokenBuild Behavior [ RunTime:0.001488s ]
[ 2012-05-30T20:32:57+08:00 ] /myfcms/admin/index.php | INFO: Run WriteHtmlCache Behavior [ RunTime:0.000847s ]
[ 2012-05-30T20:32:57+08:00 ] /myfcms/admin/index.php | INFO: Run ShowRuntime Behavior [ RunTime:0.001604s ]
[ 2012-05-30T20:32:57+08:00 ] /myfcms/admin/index.php | INFO: Tag[ view_filter ] --END-- [ RunTime:0.005948s ]
[ 2012-05-30T20:32:57+08:00 ] /myfcms/admin/index.php | INFO: Tag[ view_end ] --START--
[ 2012-05-30T20:32:57+08:00 ] /myfcms/admin/index.php | INFO: Run ShowPageTrace Behavior [ RunTime:0.001624s ]
[ 2012-05-30T20:32:57+08:00 ] /myfcms/admin/index.php | INFO: Tag[ view_end ] --END-- [ RunTime:0.001848s ]
[ 2012-05-30T20:32:57+08:00 ] /myfcms/admin/index.php?m=Index&a=top | INFO: Tag[ app_begin ] --START--
[ 2012-05-30T20:32:57+08:00 ] /myfcms/admin/index.php?m=Index&a=top | INFO: Run ReadHtmlCache Behavior [ RunTime:0.002152s ]
[ 2012-05-30T20:32:57+08:00 ] /myfcms/admin/index.php?m=Index&a=top | INFO: Tag[ app_begin ] --END-- [ RunTime:0.002530s ]
[ 2012-05-30T20:32:57+08:00 ] /myfcms/admin/index.php?m=Index&a=top | SQL: SHOW COLUMNS FROM `myf_sys` [ RunTime:0.013845s ]
[ 2012-05-30T20:32:57+08:00 ] /myfcms/admin/index.php?m=Index&a=top | SQL: SELECT * FROM `myf_sys` WHERE id<3  [ RunTime:0.004750s ]
[ 2012-05-30T20:32:57+08:00 ] /myfcms/admin/index.php?m=Index&a=top | INFO: Tag[ view_template ] --START--
[ 2012-05-30T20:32:57+08:00 ] /myfcms/admin/index.php?m=Index&a=top | INFO: Run LocationTemplate Behavior [ RunTime:0.003916s ]
[ 2012-05-30T20:32:57+08:00 ] /myfcms/admin/index.php?m=Index&a=top | INFO: Tag[ view_template ] --END-- [ RunTime:0.004158s ]
[ 2012-05-30T20:32:57+08:00 ] /myfcms/admin/index.php?m=Index&a=top | INFO: Tag[ view_parse ] --START--
[ 2012-05-30T20:32:57+08:00 ] /myfcms/admin/index.php?m=Index&a=top | INFO: Run ParseTemplate Behavior [ RunTime:0.052465s ]
[ 2012-05-30T20:32:57+08:00 ] /myfcms/admin/index.php?m=Index&a=top | INFO: Tag[ view_parse ] --END-- [ RunTime:0.053013s ]
[ 2012-05-30T20:32:57+08:00 ] /myfcms/admin/index.php?m=Index&a=top | INFO: Tag[ view_filter ] --START--
[ 2012-05-30T20:32:57+08:00 ] /myfcms/admin/index.php?m=Index&a=top | INFO: Run ContentReplace Behavior [ RunTime:0.001537s ]
[ 2012-05-30T20:32:57+08:00 ] /myfcms/admin/index.php?m=Index&a=top | INFO: Run TokenBuild Behavior [ RunTime:0.001357s ]
[ 2012-05-30T20:32:57+08:00 ] /myfcms/admin/index.php?m=Index&a=top | INFO: Run WriteHtmlCache Behavior [ RunTime:0.000876s ]
[ 2012-05-30T20:32:57+08:00 ] /myfcms/admin/index.php?m=Index&a=top | INFO: Run ShowRuntime Behavior [ RunTime:0.001537s ]
[ 2012-05-30T20:32:57+08:00 ] /myfcms/admin/index.php?m=Index&a=top | INFO: Tag[ view_filter ] --END-- [ RunTime:0.005914s ]
[ 2012-05-30T20:32:57+08:00 ] /myfcms/admin/index.php?m=Index&a=top | INFO: Tag[ view_end ] --START--
[ 2012-05-30T20:32:57+08:00 ] /myfcms/admin/index.php?m=Index&a=top | INFO: Run ShowPageTrace Behavior [ RunTime:0.001644s ]
[ 2012-05-30T20:32:57+08:00 ] /myfcms/admin/index.php?m=Index&a=top | INFO: Tag[ view_end ] --END-- [ RunTime:0.001887s ]
[ 2012-05-30T20:32:57+08:00 ] /myfcms/admin/index.php?m=Index&a=main | INFO: Tag[ app_begin ] --START--
[ 2012-05-30T20:32:57+08:00 ] /myfcms/admin/index.php?m=Index&a=main | INFO: Run ReadHtmlCache Behavior [ RunTime:0.001918s ]
[ 2012-05-30T20:32:57+08:00 ] /myfcms/admin/index.php?m=Index&a=main | INFO: Tag[ app_begin ] --END-- [ RunTime:0.002272s ]
[ 2012-05-30T20:32:57+08:00 ] /myfcms/admin/index.php?m=Index&a=main | SQL: SHOW COLUMNS FROM `myf_archives` [ RunTime:0.012425s ]
[ 2012-05-30T20:32:57+08:00 ] /myfcms/admin/index.php?m=Index&a=main | SQL: SELECT `id`,`typeid`,`typename`,`flag`,`click`,`title`,`color`,`writer`,`source`,`litpic`,`keywords`,`description`,`sendtime`,`goodpost`,`badpost`,`adminid`,`adminname` FROM `myf_archives` ORDER BY id desc LIMIT 0,10   [ RunTime:0.005327s ]
[ 2012-05-30T20:32:57+08:00 ] /myfcms/admin/index.php?m=Index&a=main | SQL: SHOW COLUMNS FROM `myf_arctype` [ RunTime:0.045085s ]
[ 2012-05-30T20:32:57+08:00 ] /myfcms/admin/index.php?m=Index&a=main | SQL: SELECT * FROM `myf_arctype` WHERE 1=1 AND id='7' LIMIT 1   [ RunTime:0.067229s ]
[ 2012-05-30T20:32:57+08:00 ] /myfcms/admin/index.php?m=Index&a=main | SQL: SHOW COLUMNS FROM `myf_arctype` [ RunTime:0.024210s ]
[ 2012-05-30T20:32:57+08:00 ] /myfcms/admin/index.php?m=Index&a=main | SQL: SELECT * FROM `myf_arctype` WHERE 1=1 AND id='7' LIMIT 1   [ RunTime:0.007506s ]
[ 2012-05-30T20:32:57+08:00 ] /myfcms/admin/index.php?m=Index&a=main | SQL: SHOW COLUMNS FROM `myf_arctype` [ RunTime:0.021162s ]
[ 2012-05-30T20:32:57+08:00 ] /myfcms/admin/index.php?m=Index&a=main | SQL: SELECT * FROM `myf_arctype` WHERE 1=1 AND id='7' LIMIT 1   [ RunTime:0.034429s ]
[ 2012-05-30T20:32:57+08:00 ] /myfcms/admin/index.php?m=Index&a=main | SQL: SHOW COLUMNS FROM `myf_arctype` [ RunTime:0.014411s ]
[ 2012-05-30T20:32:57+08:00 ] /myfcms/admin/index.php?m=Index&a=main | SQL: SELECT * FROM `myf_arctype` WHERE 1=1 AND id='7' LIMIT 1   [ RunTime:0.006289s ]
[ 2012-05-30T20:32:57+08:00 ] /myfcms/admin/index.php?m=Index&a=main | SQL: SHOW COLUMNS FROM `myf_arctype` [ RunTime:0.011964s ]
[ 2012-05-30T20:32:57+08:00 ] /myfcms/admin/index.php?m=Index&a=main | SQL: SELECT * FROM `myf_arctype` WHERE 1=1 AND id='7' LIMIT 1   [ RunTime:0.034937s ]
[ 2012-05-30T20:32:57+08:00 ] /myfcms/admin/index.php?m=Index&a=main | SQL: SHOW COLUMNS FROM `myf_arctype` [ RunTime:0.012458s ]
[ 2012-05-30T20:32:57+08:00 ] /myfcms/admin/index.php?m=Index&a=main | SQL: SELECT * FROM `myf_arctype` WHERE 1=1 AND id='7' LIMIT 1   [ RunTime:0.005332s ]
[ 2012-05-30T20:32:57+08:00 ] /myfcms/admin/index.php?m=Index&a=main | SQL: SHOW COLUMNS FROM `myf_arctype` [ RunTime:0.035322s ]
[ 2012-05-30T20:32:57+08:00 ] /myfcms/admin/index.php?m=Index&a=main | SQL: SELECT * FROM `myf_arctype` WHERE 1=1 AND id='7' LIMIT 1   [ RunTime:0.005249s ]
[ 2012-05-30T20:32:57+08:00 ] /myfcms/admin/index.php?m=Index&a=main | SQL: SHOW COLUMNS FROM `myf_arctype` [ RunTime:0.009192s ]
[ 2012-05-30T20:32:57+08:00 ] /myfcms/admin/index.php?m=Index&a=main | SQL: SELECT * FROM `myf_arctype` WHERE 1=1 AND id='7' LIMIT 1   [ RunTime:0.003597s ]
[ 2012-05-30T20:32:57+08:00 ] /myfcms/admin/index.php?m=Index&a=main | SQL: SHOW COLUMNS FROM `myf_arctype` [ RunTime:0.009098s ]
[ 2012-05-30T20:32:57+08:00 ] /myfcms/admin/index.php?m=Index&a=main | SQL: SELECT * FROM `myf_arctype` WHERE 1=1 AND id='7' LIMIT 1   [ RunTime:0.004468s ]
[ 2012-05-30T20:32:57+08:00 ] /myfcms/admin/index.php?m=Index&a=main | SQL: SHOW COLUMNS FROM `myf_arctype` [ RunTime:0.009603s ]
[ 2012-05-30T20:32:57+08:00 ] /myfcms/admin/index.php?m=Index&a=main | SQL: SELECT * FROM `myf_arctype` WHERE 1=1 AND id='7' LIMIT 1   [ RunTime:0.008268s ]
[ 2012-05-30T20:32:57+08:00 ] /myfcms/admin/index.php?m=Index&a=main | SQL: SHOW COLUMNS FROM `myf_admin` [ RunTime:0.010093s ]
[ 2012-05-30T20:32:57+08:00 ] /myfcms/admin/index.php?m=Index&a=main | SQL: SELECT COUNT(*) AS tp_count FROM `myf_admin` LIMIT 1   [ RunTime:0.004106s ]
[ 2012-05-30T20:32:57+08:00 ] /myfcms/admin/index.php?m=Index&a=main | SQL: SHOW COLUMNS FROM `myf_archives` [ RunTime:0.015598s ]
[ 2012-05-30T20:32:57+08:00 ] /myfcms/admin/index.php?m=Index&a=main | SQL: SELECT COUNT(*) AS tp_count FROM `myf_archives` LIMIT 1   [ RunTime:0.032101s ]
[ 2012-05-30T20:32:57+08:00 ] /myfcms/admin/index.php?m=Index&a=main | INFO: Tag[ view_template ] --START--
[ 2012-05-30T20:32:57+08:00 ] /myfcms/admin/index.php?m=Index&a=main | INFO: Run LocationTemplate Behavior [ RunTime:0.005130s ]
[ 2012-05-30T20:32:57+08:00 ] /myfcms/admin/index.php?m=Index&a=main | INFO: Tag[ view_template ] --END-- [ RunTime:0.005386s ]
[ 2012-05-30T20:32:57+08:00 ] /myfcms/admin/index.php?m=Index&a=main | INFO: Tag[ view_parse ] --START--
[ 2012-05-30T20:32:58+08:00 ] /myfcms/admin/index.php?m=Index&a=main | INFO: Run ParseTemplate Behavior [ RunTime:0.124890s ]
[ 2012-05-30T20:32:58+08:00 ] /myfcms/admin/index.php?m=Index&a=main | INFO: Tag[ view_parse ] --END-- [ RunTime:0.125184s ]
[ 2012-05-30T20:32:58+08:00 ] /myfcms/admin/index.php?m=Index&a=main | INFO: Tag[ view_filter ] --START--
[ 2012-05-30T20:32:58+08:00 ] /myfcms/admin/index.php?m=Index&a=main | INFO: Run ContentReplace Behavior [ RunTime:0.002733s ]
[ 2012-05-30T20:32:58+08:00 ] /myfcms/admin/index.php?m=Index&a=main | INFO: Run TokenBuild Behavior [ RunTime:0.022399s ]
[ 2012-05-30T20:32:58+08:00 ] /myfcms/admin/index.php?m=Index&a=main | INFO: Run WriteHtmlCache Behavior [ RunTime:0.001017s ]
[ 2012-05-30T20:32:58+08:00 ] /myfcms/admin/index.php?m=Index&a=main | INFO: Run ShowRuntime Behavior [ RunTime:0.001585s ]
[ 2012-05-30T20:32:58+08:00 ] /myfcms/admin/index.php?m=Index&a=main | INFO: Tag[ view_filter ] --END-- [ RunTime:0.028416s ]
[ 2012-05-30T20:32:58+08:00 ] /myfcms/admin/index.php?m=Index&a=main | INFO: Tag[ view_end ] --START--
[ 2012-05-30T20:32:58+08:00 ] /myfcms/admin/index.php?m=Index&a=main | INFO: Run ShowPageTrace Behavior [ RunTime:0.003659s ]
[ 2012-05-30T20:32:58+08:00 ] /myfcms/admin/index.php?m=Index&a=main | INFO: Tag[ view_end ] --END-- [ RunTime:0.003894s ]
[ 2012-05-30T20:32:57+08:00 ] /myfcms/admin/index.php?m=Index&a=left | INFO: Tag[ app_begin ] --START--
[ 2012-05-30T20:32:57+08:00 ] /myfcms/admin/index.php?m=Index&a=left | INFO: Run ReadHtmlCache Behavior [ RunTime:0.004434s ]
[ 2012-05-30T20:32:57+08:00 ] /myfcms/admin/index.php?m=Index&a=left | INFO: Tag[ app_begin ] --END-- [ RunTime:0.004785s ]
[ 2012-05-30T20:32:58+08:00 ] /myfcms/admin/index.php?m=Index&a=left | INFO: Tag[ view_template ] --START--
[ 2012-05-30T20:32:58+08:00 ] /myfcms/admin/index.php?m=Index&a=left | INFO: Run LocationTemplate Behavior [ RunTime:0.007285s ]
[ 2012-05-30T20:32:58+08:00 ] /myfcms/admin/index.php?m=Index&a=left | INFO: Tag[ view_template ] --END-- [ RunTime:0.007556s ]
[ 2012-05-30T20:32:58+08:00 ] /myfcms/admin/index.php?m=Index&a=left | INFO: Tag[ view_parse ] --START--
[ 2012-05-30T20:32:58+08:00 ] /myfcms/admin/index.php?m=Index&a=left | INFO: Run ParseTemplate Behavior [ RunTime:0.153399s ]
[ 2012-05-30T20:32:58+08:00 ] /myfcms/admin/index.php?m=Index&a=left | INFO: Tag[ view_parse ] --END-- [ RunTime:0.158307s ]
[ 2012-05-30T20:32:58+08:00 ] /myfcms/admin/index.php?m=Index&a=left | INFO: Tag[ view_filter ] --START--
[ 2012-05-30T20:32:58+08:00 ] /myfcms/admin/index.php?m=Index&a=left | INFO: Run ContentReplace Behavior [ RunTime:0.004156s ]
[ 2012-05-30T20:32:58+08:00 ] /myfcms/admin/index.php?m=Index&a=left | INFO: Run TokenBuild Behavior [ RunTime:0.017722s ]
[ 2012-05-30T20:32:58+08:00 ] /myfcms/admin/index.php?m=Index&a=left | INFO: Run WriteHtmlCache Behavior [ RunTime:0.010248s ]
[ 2012-05-30T20:32:58+08:00 ] /myfcms/admin/index.php?m=Index&a=left | INFO: Run ShowRuntime Behavior [ RunTime:0.004141s ]
[ 2012-05-30T20:32:58+08:00 ] /myfcms/admin/index.php?m=Index&a=left | INFO: Tag[ view_filter ] --END-- [ RunTime:0.037007s ]
[ 2012-05-30T20:32:58+08:00 ] /myfcms/admin/index.php?m=Index&a=left | INFO: Tag[ view_end ] --START--
[ 2012-05-30T20:32:58+08:00 ] /myfcms/admin/index.php?m=Index&a=left | INFO: Run ShowPageTrace Behavior [ RunTime:0.032316s ]
[ 2012-05-30T20:32:58+08:00 ] /myfcms/admin/index.php?m=Index&a=left | INFO: Tag[ view_end ] --END-- [ RunTime:0.032586s ]
[ 2012-05-30T20:33:33+08:00 ] /myfcms/admin/index.php?m=Archives&a=main | INFO: Tag[ app_begin ] --START--
[ 2012-05-30T20:33:33+08:00 ] /myfcms/admin/index.php?m=Archives&a=main | INFO: Run ReadHtmlCache Behavior [ RunTime:0.002015s ]
[ 2012-05-30T20:33:33+08:00 ] /myfcms/admin/index.php?m=Archives&a=main | INFO: Tag[ app_begin ] --END-- [ RunTime:0.002367s ]
[ 2012-05-30T20:33:34+08:00 ] /myfcms/admin/index.php?m=Archives&a=main | NOTIC: [8] Undefined index:  p ArchivesAction.class.php 第 22 行.
[ 2012-05-30T20:33:34+08:00 ] /myfcms/admin/index.php?m=Archives&a=main | NOTIC: [8] Undefined index:  keyword ArchivesAction.class.php 第 28 行.
[ 2012-05-30T20:33:34+08:00 ] /myfcms/admin/index.php?m=Archives&a=main | NOTIC: [8] Undefined index:  typeid ArchivesAction.class.php 第 33 行.
[ 2012-05-30T20:33:34+08:00 ] /myfcms/admin/index.php?m=Archives&a=main | SQL: SHOW COLUMNS FROM `myf_archives` [ RunTime:0.011307s ]
[ 2012-05-30T20:33:34+08:00 ] /myfcms/admin/index.php?m=Archives&a=main | SQL: SELECT COUNT(*) AS tp_count FROM `myf_archives` WHERE 1=1 LIMIT 1   [ RunTime:0.002655s ]
[ 2012-05-30T20:33:34+08:00 ] /myfcms/admin/index.php?m=Archives&a=main | SQL: SHOW COLUMNS FROM `myf_archives` [ RunTime:0.010703s ]
[ 2012-05-30T20:33:34+08:00 ] /myfcms/admin/index.php?m=Archives&a=main | SQL: SELECT `id`,`typeid`,`typename`,`flag`,`click`,`title`,`color`,`writer`,`source`,`litpic`,`keywords`,`description`,`sendtime`,`goodpost`,`badpost`,`adminid`,`adminname` FROM `myf_archives` WHERE 1=1 ORDER BY id desc LIMIT 0,20   [ RunTime:0.006937s ]
[ 2012-05-30T20:33:34+08:00 ] /myfcms/admin/index.php?m=Archives&a=main | SQL: SHOW COLUMNS FROM `myf_arctype` [ RunTime:0.015662s ]
[ 2012-05-30T20:33:34+08:00 ] /myfcms/admin/index.php?m=Archives&a=main | SQL: SELECT * FROM `myf_arctype` WHERE 1=1 AND id='7' LIMIT 1   [ RunTime:0.004050s ]
[ 2012-05-30T20:33:34+08:00 ] /myfcms/admin/index.php?m=Archives&a=main | SQL: SHOW COLUMNS FROM `myf_arctype` [ RunTime:0.030677s ]
[ 2012-05-30T20:33:34+08:00 ] /myfcms/admin/index.php?m=Archives&a=main | SQL: SELECT * FROM `myf_arctype` WHERE 1=1 AND id='7' LIMIT 1   [ RunTime:0.004430s ]
[ 2012-05-30T20:33:34+08:00 ] /myfcms/admin/index.php?m=Archives&a=main | SQL: SHOW COLUMNS FROM `myf_arctype` [ RunTime:0.009026s ]
[ 2012-05-30T20:33:34+08:00 ] /myfcms/admin/index.php?m=Archives&a=main | SQL: SELECT * FROM `myf_arctype` WHERE 1=1 AND id='7' LIMIT 1   [ RunTime:0.003071s ]
[ 2012-05-30T20:33:34+08:00 ] /myfcms/admin/index.php?m=Archives&a=main | SQL: SHOW COLUMNS FROM `myf_arctype` [ RunTime:0.009205s ]
[ 2012-05-30T20:33:34+08:00 ] /myfcms/admin/index.php?m=Archives&a=main | SQL: SELECT * FROM `myf_arctype` WHERE 1=1 AND id='7' LIMIT 1   [ RunTime:0.002775s ]
[ 2012-05-30T20:33:34+08:00 ] /myfcms/admin/index.php?m=Archives&a=main | SQL: SHOW COLUMNS FROM `myf_arctype` [ RunTime:0.009840s ]
[ 2012-05-30T20:33:34+08:00 ] /myfcms/admin/index.php?m=Archives&a=main | SQL: SELECT * FROM `myf_arctype` WHERE 1=1 AND id='7' LIMIT 1   [ RunTime:0.003767s ]
[ 2012-05-30T20:33:34+08:00 ] /myfcms/admin/index.php?m=Archives&a=main | SQL: SHOW COLUMNS FROM `myf_arctype` [ RunTime:0.011732s ]
[ 2012-05-30T20:33:34+08:00 ] /myfcms/admin/index.php?m=Archives&a=main | SQL: SELECT * FROM `myf_arctype` WHERE 1=1 AND id='7' LIMIT 1   [ RunTime:0.004746s ]
[ 2012-05-30T20:33:34+08:00 ] /myfcms/admin/index.php?m=Archives&a=main | SQL: SHOW COLUMNS FROM `myf_arctype` [ RunTime:0.010255s ]
[ 2012-05-30T20:33:34+08:00 ] /myfcms/admin/index.php?m=Archives&a=main | SQL: SELECT * FROM `myf_arctype` WHERE 1=1 AND id='7' LIMIT 1   [ RunTime:0.003238s ]
[ 2012-05-30T20:33:34+08:00 ] /myfcms/admin/index.php?m=Archives&a=main | SQL: SHOW COLUMNS FROM `myf_arctype` [ RunTime:0.009557s ]
[ 2012-05-30T20:33:34+08:00 ] /myfcms/admin/index.php?m=Archives&a=main | SQL: SELECT * FROM `myf_arctype` WHERE 1=1 AND id='7' LIMIT 1   [ RunTime:0.004949s ]
[ 2012-05-30T20:33:34+08:00 ] /myfcms/admin/index.php?m=Archives&a=main | SQL: SHOW COLUMNS FROM `myf_arctype` [ RunTime:0.009629s ]
[ 2012-05-30T20:33:34+08:00 ] /myfcms/admin/index.php?m=Archives&a=main | SQL: SELECT * FROM `myf_arctype` WHERE 1=1 AND id='7' LIMIT 1   [ RunTime:0.004248s ]
[ 2012-05-30T20:33:34+08:00 ] /myfcms/admin/index.php?m=Archives&a=main | SQL: SHOW COLUMNS FROM `myf_arctype` [ RunTime:0.009826s ]
[ 2012-05-30T20:33:34+08:00 ] /myfcms/admin/index.php?m=Archives&a=main | SQL: SELECT * FROM `myf_arctype` WHERE 1=1 AND id='7' LIMIT 1   [ RunTime:0.003217s ]
[ 2012-05-30T20:33:34+08:00 ] /myfcms/admin/index.php?m=Archives&a=main | SQL: SHOW COLUMNS FROM `myf_arctype` [ RunTime:0.009072s ]
[ 2012-05-30T20:33:34+08:00 ] /myfcms/admin/index.php?m=Archives&a=main | SQL: SELECT * FROM `myf_arctype` WHERE 1=1 AND id='7' LIMIT 1   [ RunTime:0.002883s ]
[ 2012-05-30T20:33:34+08:00 ] /myfcms/admin/index.php?m=Archives&a=main | SQL: SHOW COLUMNS FROM `myf_arctype` [ RunTime:0.009282s ]
[ 2012-05-30T20:33:34+08:00 ] /myfcms/admin/index.php?m=Archives&a=main | SQL: SELECT * FROM `myf_arctype` WHERE 1=1 AND id='7' LIMIT 1   [ RunTime:0.002975s ]
[ 2012-05-30T20:33:34+08:00 ] /myfcms/admin/index.php?m=Archives&a=main | SQL: SHOW COLUMNS FROM `myf_arctype` [ RunTime:0.008505s ]
[ 2012-05-30T20:33:34+08:00 ] /myfcms/admin/index.php?m=Archives&a=main | SQL: SELECT * FROM `myf_arctype` WHERE 1=1 AND id='7' LIMIT 1   [ RunTime:0.005723s ]
[ 2012-05-30T20:33:34+08:00 ] /myfcms/admin/index.php?m=Archives&a=main | SQL: SHOW COLUMNS FROM `myf_arctype` [ RunTime:0.009357s ]
[ 2012-05-30T20:33:34+08:00 ] /myfcms/admin/index.php?m=Archives&a=main | SQL: SELECT * FROM `myf_arctype` WHERE 1=1 AND id='7' LIMIT 1   [ RunTime:0.004581s ]
[ 2012-05-30T20:33:34+08:00 ] /myfcms/admin/index.php?m=Archives&a=main | SQL: SHOW COLUMNS FROM `myf_arctype` [ RunTime:0.012291s ]
[ 2012-05-30T20:33:34+08:00 ] /myfcms/admin/index.php?m=Archives&a=main | SQL: SELECT * FROM `myf_arctype` WHERE 1=1 AND id='7' LIMIT 1   [ RunTime:0.006236s ]
[ 2012-05-30T20:33:34+08:00 ] /myfcms/admin/index.php?m=Archives&a=main | SQL: SHOW COLUMNS FROM `myf_arctype` [ RunTime:0.010393s ]
[ 2012-05-30T20:33:34+08:00 ] /myfcms/admin/index.php?m=Archives&a=main | SQL: SELECT * FROM `myf_arctype` WHERE 1=1 AND id='7' LIMIT 1   [ RunTime:0.003728s ]
[ 2012-05-30T20:33:34+08:00 ] /myfcms/admin/index.php?m=Archives&a=main | SQL: SHOW COLUMNS FROM `myf_arctype` [ RunTime:0.008821s ]
[ 2012-05-30T20:33:34+08:00 ] /myfcms/admin/index.php?m=Archives&a=main | SQL: SELECT * FROM `myf_arctype` WHERE 1=1 AND id='7' LIMIT 1   [ RunTime:0.003308s ]
[ 2012-05-30T20:33:34+08:00 ] /myfcms/admin/index.php?m=Archives&a=main | SQL: SHOW COLUMNS FROM `myf_arctype` [ RunTime:0.008944s ]
[ 2012-05-30T20:33:34+08:00 ] /myfcms/admin/index.php?m=Archives&a=main | SQL: SELECT * FROM `myf_arctype` WHERE 1=1 AND id='7' LIMIT 1   [ RunTime:0.003170s ]
[ 2012-05-30T20:33:34+08:00 ] /myfcms/admin/index.php?m=Archives&a=main | SQL: SHOW COLUMNS FROM `myf_arctype` [ RunTime:0.009703s ]
[ 2012-05-30T20:33:34+08:00 ] /myfcms/admin/index.php?m=Archives&a=main | SQL: SELECT * FROM `myf_arctype` WHERE 1=1 AND id='7' LIMIT 1   [ RunTime:0.003258s ]
[ 2012-05-30T20:33:34+08:00 ] /myfcms/admin/index.php?m=Archives&a=main | SQL: SHOW COLUMNS FROM `myf_arctype` [ RunTime:0.009721s ]
[ 2012-05-30T20:33:34+08:00 ] /myfcms/admin/index.php?m=Archives&a=main | SQL: SELECT * FROM `myf_arctype` WHERE 1=1 AND id='7' LIMIT 1   [ RunTime:0.002415s ]
[ 2012-05-30T20:33:34+08:00 ] /myfcms/admin/index.php?m=Archives&a=main | SQL: SHOW COLUMNS FROM `myf_sys` [ RunTime:0.008258s ]
[ 2012-05-30T20:33:34+08:00 ] /myfcms/admin/index.php?m=Archives&a=main | SQL: SELECT * FROM `myf_sys` WHERE id<3  [ RunTime:0.004146s ]
[ 2012-05-30T20:33:34+08:00 ] /myfcms/admin/index.php?m=Archives&a=main | SQL: SHOW COLUMNS FROM `myf_arctype` [ RunTime:0.011162s ]
[ 2012-05-30T20:33:34+08:00 ] /myfcms/admin/index.php?m=Archives&a=main | SQL: SELECT `id`,`topid`,`sortrank`,`typename`,`typedir`,`arcnamerule`,`listnamerule`,`classname`,`methodname`,`keywords`,`seotitle`,`description`,`typepro` FROM `myf_arctype` ORDER BY sortrank asc  [ RunTime:0.004249s ]
[ 2012-05-30T20:33:34+08:00 ] /myfcms/admin/index.php?m=Archives&a=main | INFO: Tag[ view_template ] --START--
[ 2012-05-30T20:33:34+08:00 ] /myfcms/admin/index.php?m=Archives&a=main | INFO: Run LocationTemplate Behavior [ RunTime:0.004042s ]
[ 2012-05-30T20:33:34+08:00 ] /myfcms/admin/index.php?m=Archives&a=main | INFO: Tag[ view_template ] --END-- [ RunTime:0.004274s ]
[ 2012-05-30T20:33:34+08:00 ] /myfcms/admin/index.php?m=Archives&a=main | INFO: Tag[ view_parse ] --START--
[ 2012-05-30T20:33:34+08:00 ] /myfcms/admin/index.php?m=Archives&a=main | INFO: Run ParseTemplate Behavior [ RunTime:0.077488s ]
[ 2012-05-30T20:33:34+08:00 ] /myfcms/admin/index.php?m=Archives&a=main | INFO: Tag[ view_parse ] --END-- [ RunTime:0.077827s ]
[ 2012-05-30T20:33:34+08:00 ] /myfcms/admin/index.php?m=Archives&a=main | INFO: Tag[ view_filter ] --START--
[ 2012-05-30T20:33:34+08:00 ] /myfcms/admin/index.php?m=Archives&a=main | INFO: Run ContentReplace Behavior [ RunTime:0.002010s ]
[ 2012-05-30T20:33:34+08:00 ] /myfcms/admin/index.php?m=Archives&a=main | INFO: Run TokenBuild Behavior [ RunTime:0.002227s ]
[ 2012-05-30T20:33:34+08:00 ] /myfcms/admin/index.php?m=Archives&a=main | INFO: Run WriteHtmlCache Behavior [ RunTime:0.000906s ]
[ 2012-05-30T20:33:34+08:00 ] /myfcms/admin/index.php?m=Archives&a=main | INFO: Run ShowRuntime Behavior [ RunTime:0.001677s ]
[ 2012-05-30T20:33:34+08:00 ] /myfcms/admin/index.php?m=Archives&a=main | INFO: Tag[ view_filter ] --END-- [ RunTime:0.007426s ]
[ 2012-05-30T20:33:34+08:00 ] /myfcms/admin/index.php?m=Archives&a=main | NOTIC: [2] Cannot modify header information - headers already sent by (output started at D:\AppServ\www\myfcms\admin\Lib\Action\ArchivesAction.class.php:355) View.class.php 第 120 行.
[ 2012-05-30T20:33:34+08:00 ] /myfcms/admin/index.php?m=Archives&a=main | NOTIC: [2] Cannot modify header information - headers already sent by (output started at D:\AppServ\www\myfcms\admin\Lib\Action\ArchivesAction.class.php:355) View.class.php 第 121 行.
[ 2012-05-30T20:33:34+08:00 ] /myfcms/admin/index.php?m=Archives&a=main | NOTIC: [2] Cannot modify header information - headers already sent by (output started at D:\AppServ\www\myfcms\admin\Lib\Action\ArchivesAction.class.php:355) View.class.php 第 122 行.
[ 2012-05-30T20:33:34+08:00 ] /myfcms/admin/index.php?m=Archives&a=main | INFO: Tag[ view_end ] --START--
[ 2012-05-30T20:33:34+08:00 ] /myfcms/admin/index.php?m=Archives&a=main | INFO: Run ShowPageTrace Behavior [ RunTime:0.001764s ]
[ 2012-05-30T20:33:34+08:00 ] /myfcms/admin/index.php?m=Archives&a=main | INFO: Tag[ view_end ] --END-- [ RunTime:0.002004s ]
