[ 2012-05-10T20:36:36+08:00 ] /myfcms/admin/index.php?m=Login&a=index | INFO: Tag[ app_begin ] --START--
[ 2012-05-10T20:36:36+08:00 ] /myfcms/admin/index.php?m=Login&a=index | INFO: Run ReadHtmlCache Behavior [ RunTime:0.002027s ]
[ 2012-05-10T20:36:36+08:00 ] /myfcms/admin/index.php?m=Login&a=index | INFO: Tag[ app_begin ] --END-- [ RunTime:0.002406s ]
[ 2012-05-10T20:36:36+08:00 ] /myfcms/admin/index.php?m=Login&a=index | NOTIC: [2] session_start() [<a href='function.session-start'>function.session-start</a>]: Cannot send session cache limiter - headers already sent (output started at D:\AppServ\www\myfcms\config.php:2) functions.php 第 411 行.
[ 2012-05-10T20:36:36+08:00 ] /myfcms/admin/index.php?m=Login&a=index | NOTIC: [2] Cannot modify header information - headers already sent by (output started at D:\AppServ\www\myfcms\config.php:2) LoginAction.class.php 第 2 行.
[ 2012-05-10T20:36:36+08:00 ] /myfcms/admin/index.php?m=Login&a=index | INFO: Tag[ view_template ] --START--
[ 2012-05-10T20:36:36+08:00 ] /myfcms/admin/index.php?m=Login&a=index | INFO: Run LocationTemplate Behavior [ RunTime:0.005264s ]
[ 2012-05-10T20:36:36+08:00 ] /myfcms/admin/index.php?m=Login&a=index | INFO: Tag[ view_template ] --END-- [ RunTime:0.005553s ]
[ 2012-05-10T20:36:36+08:00 ] /myfcms/admin/index.php?m=Login&a=index | INFO: Tag[ view_parse ] --START--
[ 2012-05-10T20:36:36+08:00 ] /myfcms/admin/index.php?m=Login&a=index | INFO: Run ParseTemplate Behavior [ RunTime:0.033535s ]
[ 2012-05-10T20:36:36+08:00 ] /myfcms/admin/index.php?m=Login&a=index | INFO: Tag[ view_parse ] --END-- [ RunTime:0.033841s ]
[ 2012-05-10T20:36:36+08:00 ] /myfcms/admin/index.php?m=Login&a=index | INFO: Tag[ view_filter ] --START--
[ 2012-05-10T20:36:36+08:00 ] /myfcms/admin/index.php?m=Login&a=index | INFO: Run ContentReplace Behavior [ RunTime:0.001276s ]
[ 2012-05-10T20:36:36+08:00 ] /myfcms/admin/index.php?m=Login&a=index | INFO: Run TokenBuild Behavior [ RunTime:0.001407s ]
[ 2012-05-10T20:36:36+08:00 ] /myfcms/admin/index.php?m=Login&a=index | INFO: Run WriteHtmlCache Behavior [ RunTime:0.000807s ]
[ 2012-05-10T20:36:36+08:00 ] /myfcms/admin/index.php?m=Login&a=index | INFO: Run ShowRuntime Behavior [ RunTime:0.001541s ]
[ 2012-05-10T20:36:36+08:00 ] /myfcms/admin/index.php?m=Login&a=index | INFO: Tag[ view_filter ] --END-- [ RunTime:0.005631s ]
[ 2012-05-10T20:36:36+08:00 ] /myfcms/admin/index.php?m=Login&a=index | NOTIC: [2] Cannot modify header information - headers already sent by (output started at D:\AppServ\www\myfcms\config.php:2) View.class.php 第 120 行.
[ 2012-05-10T20:36:36+08:00 ] /myfcms/admin/index.php?m=Login&a=index | NOTIC: [2] Cannot modify header information - headers already sent by (output started at D:\AppServ\www\myfcms\config.php:2) View.class.php 第 121 行.
[ 2012-05-10T20:36:36+08:00 ] /myfcms/admin/index.php?m=Login&a=index | NOTIC: [2] Cannot modify header information - headers already sent by (output started at D:\AppServ\www\myfcms\config.php:2) View.class.php 第 122 行.
[ 2012-05-10T20:36:36+08:00 ] /myfcms/admin/index.php?m=Login&a=index | INFO: Tag[ view_end ] --START--
[ 2012-05-10T20:36:36+08:00 ] /myfcms/admin/index.php?m=Login&a=index | INFO: Run ShowPageTrace Behavior [ RunTime:0.001555s ]
[ 2012-05-10T20:36:36+08:00 ] /myfcms/admin/index.php?m=Login&a=index | INFO: Tag[ view_end ] --END-- [ RunTime:0.001775s ]
[ 2012-05-10T20:36:36+08:00 ] /myfcms/admin/index.php?m=Login&a=verify | INFO: Tag[ app_begin ] --START--
[ 2012-05-10T20:36:36+08:00 ] /myfcms/admin/index.php?m=Login&a=verify | INFO: Run ReadHtmlCache Behavior [ RunTime:0.001962s ]
[ 2012-05-10T20:36:36+08:00 ] /myfcms/admin/index.php?m=Login&a=verify | INFO: Tag[ app_begin ] --END-- [ RunTime:0.002525s ]
[ 2012-05-10T20:36:36+08:00 ] /myfcms/admin/index.php?m=Login&a=verify | NOTIC: [2] session_start() [<a href='function.session-start'>function.session-start</a>]: Cannot send session cache limiter - headers already sent (output started at D:\AppServ\www\myfcms\config.php:2) functions.php 第 411 行.
[ 2012-05-10T20:36:36+08:00 ] /myfcms/admin/index.php?m=Login&a=verify | NOTIC: [2] Cannot modify header information - headers already sent by (output started at D:\AppServ\www\myfcms\config.php:2) LoginAction.class.php 第 2 行.
[ 2012-05-10T20:36:37+08:00 ] /myfcms/admin/index.php?m=Login&a=verify | NOTIC: [2] Cannot modify header information - headers already sent by (output started at D:\AppServ\www\myfcms\config.php:2) Image.class.php 第 508 行.
[ 2012-05-10T20:37:00+08:00 ] /myfcms/admin/index.php?m=Login&a=index | INFO: Tag[ app_begin ] --START--
[ 2012-05-10T20:37:00+08:00 ] /myfcms/admin/index.php?m=Login&a=index | INFO: Run ReadHtmlCache Behavior [ RunTime:0.001885s ]
[ 2012-05-10T20:37:00+08:00 ] /myfcms/admin/index.php?m=Login&a=index | INFO: Tag[ app_begin ] --END-- [ RunTime:0.002236s ]
[ 2012-05-10T20:37:00+08:00 ] /myfcms/admin/index.php?m=Login&a=index | NOTIC: [2] session_start() [<a href='function.session-start'>function.session-start</a>]: Cannot send session cache limiter - headers already sent (output started at D:\AppServ\www\myfcms\config.php:2) functions.php 第 411 行.
[ 2012-05-10T20:37:00+08:00 ] /myfcms/admin/index.php?m=Login&a=index | NOTIC: [2] Cannot modify header information - headers already sent by (output started at D:\AppServ\www\myfcms\config.php:2) LoginAction.class.php 第 2 行.
[ 2012-05-10T20:37:00+08:00 ] /myfcms/admin/index.php?m=Login&a=index | INFO: Tag[ view_template ] --START--
[ 2012-05-10T20:37:00+08:00 ] /myfcms/admin/index.php?m=Login&a=index | INFO: Run LocationTemplate Behavior [ RunTime:0.001333s ]
[ 2012-05-10T20:37:00+08:00 ] /myfcms/admin/index.php?m=Login&a=index | INFO: Tag[ view_template ] --END-- [ RunTime:0.001583s ]
[ 2012-05-10T20:37:00+08:00 ] /myfcms/admin/index.php?m=Login&a=index | INFO: Tag[ view_parse ] --START--
[ 2012-05-10T20:37:00+08:00 ] /myfcms/admin/index.php?m=Login&a=index | INFO: Run ParseTemplate Behavior [ RunTime:0.032694s ]
[ 2012-05-10T20:37:00+08:00 ] /myfcms/admin/index.php?m=Login&a=index | INFO: Tag[ view_parse ] --END-- [ RunTime:0.032983s ]
[ 2012-05-10T20:37:00+08:00 ] /myfcms/admin/index.php?m=Login&a=index | INFO: Tag[ view_filter ] --START--
[ 2012-05-10T20:37:00+08:00 ] /myfcms/admin/index.php?m=Login&a=index | INFO: Run ContentReplace Behavior [ RunTime:0.001386s ]
[ 2012-05-10T20:37:00+08:00 ] /myfcms/admin/index.php?m=Login&a=index | INFO: Run TokenBuild Behavior [ RunTime:0.001497s ]
[ 2012-05-10T20:37:00+08:00 ] /myfcms/admin/index.php?m=Login&a=index | INFO: Run WriteHtmlCache Behavior [ RunTime:0.001422s ]
[ 2012-05-10T20:37:00+08:00 ] /myfcms/admin/index.php?m=Login&a=index | INFO: Run ShowRuntime Behavior [ RunTime:0.001573s ]
[ 2012-05-10T20:37:00+08:00 ] /myfcms/admin/index.php?m=Login&a=index | INFO: Tag[ view_filter ] --END-- [ RunTime:0.006510s ]
[ 2012-05-10T20:37:00+08:00 ] /myfcms/admin/index.php?m=Login&a=index | NOTIC: [2] Cannot modify header information - headers already sent by (output started at D:\AppServ\www\myfcms\config.php:2) View.class.php 第 120 行.
[ 2012-05-10T20:37:00+08:00 ] /myfcms/admin/index.php?m=Login&a=index | NOTIC: [2] Cannot modify header information - headers already sent by (output started at D:\AppServ\www\myfcms\config.php:2) View.class.php 第 121 行.
[ 2012-05-10T20:37:00+08:00 ] /myfcms/admin/index.php?m=Login&a=index | NOTIC: [2] Cannot modify header information - headers already sent by (output started at D:\AppServ\www\myfcms\config.php:2) View.class.php 第 122 行.
[ 2012-05-10T20:37:00+08:00 ] /myfcms/admin/index.php?m=Login&a=index | INFO: Tag[ view_end ] --START--
[ 2012-05-10T20:37:00+08:00 ] /myfcms/admin/index.php?m=Login&a=index | INFO: Run ShowPageTrace Behavior [ RunTime:0.001902s ]
[ 2012-05-10T20:37:00+08:00 ] /myfcms/admin/index.php?m=Login&a=index | INFO: Tag[ view_end ] --END-- [ RunTime:0.002134s ]
[ 2012-05-10T20:37:01+08:00 ] /myfcms/admin/index.php?m=Login&a=verify | INFO: Tag[ app_begin ] --START--
[ 2012-05-10T20:37:01+08:00 ] /myfcms/admin/index.php?m=Login&a=verify | INFO: Run ReadHtmlCache Behavior [ RunTime:0.002095s ]
[ 2012-05-10T20:37:01+08:00 ] /myfcms/admin/index.php?m=Login&a=verify | INFO: Tag[ app_begin ] --END-- [ RunTime:0.002457s ]
[ 2012-05-10T20:37:01+08:00 ] /myfcms/admin/index.php?m=Login&a=verify | NOTIC: [2] session_start() [<a href='function.session-start'>function.session-start</a>]: Cannot send session cache limiter - headers already sent (output started at D:\AppServ\www\myfcms\config.php:2) functions.php 第 411 行.
[ 2012-05-10T20:37:01+08:00 ] /myfcms/admin/index.php?m=Login&a=verify | NOTIC: [2] Cannot modify header information - headers already sent by (output started at D:\AppServ\www\myfcms\config.php:2) LoginAction.class.php 第 2 行.
[ 2012-05-10T20:37:01+08:00 ] /myfcms/admin/index.php?m=Login&a=verify | NOTIC: [2] Cannot modify header information - headers already sent by (output started at D:\AppServ\www\myfcms\config.php:2) Image.class.php 第 508 行.
[ 2012-05-10T20:37:12+08:00 ] /myfcms/admin/index.php?m=Login&a=index | INFO: Tag[ app_begin ] --START--
[ 2012-05-10T20:37:12+08:00 ] /myfcms/admin/index.php?m=Login&a=index | INFO: Run ReadHtmlCache Behavior [ RunTime:0.004390s ]
[ 2012-05-10T20:37:12+08:00 ] /myfcms/admin/index.php?m=Login&a=index | INFO: Tag[ app_begin ] --END-- [ RunTime:0.004746s ]
[ 2012-05-10T20:37:12+08:00 ] /myfcms/admin/index.php?m=Login&a=index | INFO: Tag[ view_template ] --START--
[ 2012-05-10T20:37:12+08:00 ] /myfcms/admin/index.php?m=Login&a=index | INFO: Run LocationTemplate Behavior [ RunTime:0.006062s ]
[ 2012-05-10T20:37:12+08:00 ] /myfcms/admin/index.php?m=Login&a=index | INFO: Tag[ view_template ] --END-- [ RunTime:0.006331s ]
[ 2012-05-10T20:37:12+08:00 ] /myfcms/admin/index.php?m=Login&a=index | INFO: Tag[ view_parse ] --START--
[ 2012-05-10T20:37:12+08:00 ] /myfcms/admin/index.php?m=Login&a=index | INFO: Run ParseTemplate Behavior [ RunTime:0.078758s ]
[ 2012-05-10T20:37:12+08:00 ] /myfcms/admin/index.php?m=Login&a=index | INFO: Tag[ view_parse ] --END-- [ RunTime:0.079053s ]
[ 2012-05-10T20:37:12+08:00 ] /myfcms/admin/index.php?m=Login&a=index | INFO: Tag[ view_filter ] --START--
[ 2012-05-10T20:37:12+08:00 ] /myfcms/admin/index.php?m=Login&a=index | INFO: Run ContentReplace Behavior [ RunTime:0.003837s ]
[ 2012-05-10T20:37:12+08:00 ] /myfcms/admin/index.php?m=Login&a=index | INFO: Run TokenBuild Behavior [ RunTime:0.004630s ]
[ 2012-05-10T20:37:12+08:00 ] /myfcms/admin/index.php?m=Login&a=index | INFO: Run WriteHtmlCache Behavior [ RunTime:0.011685s ]
[ 2012-05-10T20:37:12+08:00 ] /myfcms/admin/index.php?m=Login&a=index | INFO: Run ShowRuntime Behavior [ RunTime:0.004232s ]
[ 2012-05-10T20:37:12+08:00 ] /myfcms/admin/index.php?m=Login&a=index | INFO: Tag[ view_filter ] --END-- [ RunTime:0.025096s ]
[ 2012-05-10T20:37:12+08:00 ] /myfcms/admin/index.php?m=Login&a=index | INFO: Tag[ view_end ] --START--
[ 2012-05-10T20:37:12+08:00 ] /myfcms/admin/index.php?m=Login&a=index | INFO: Run ShowPageTrace Behavior [ RunTime:0.004395s ]
[ 2012-05-10T20:37:12+08:00 ] /myfcms/admin/index.php?m=Login&a=index | INFO: Tag[ view_end ] --END-- [ RunTime:0.004643s ]
[ 2012-05-10T20:37:12+08:00 ] /myfcms/admin/index.php?m=Login&a=verify | INFO: Tag[ app_begin ] --START--
[ 2012-05-10T20:37:12+08:00 ] /myfcms/admin/index.php?m=Login&a=verify | INFO: Run ReadHtmlCache Behavior [ RunTime:0.002008s ]
[ 2012-05-10T20:37:12+08:00 ] /myfcms/admin/index.php?m=Login&a=verify | INFO: Tag[ app_begin ] --END-- [ RunTime:0.002370s ]
[ 2012-05-10T20:41:47+08:00 ] /myfcms/admin/index.php?m=Login&a=index | INFO: Tag[ app_begin ] --START--
[ 2012-05-10T20:41:47+08:00 ] /myfcms/admin/index.php?m=Login&a=index | INFO: Run ReadHtmlCache Behavior [ RunTime:0.001962s ]
[ 2012-05-10T20:41:47+08:00 ] /myfcms/admin/index.php?m=Login&a=index | INFO: Tag[ app_begin ] --END-- [ RunTime:0.002320s ]
[ 2012-05-10T20:41:47+08:00 ] /myfcms/admin/index.php?m=Login&a=index | INFO: Tag[ view_template ] --START--
[ 2012-05-10T20:41:47+08:00 ] /myfcms/admin/index.php?m=Login&a=index | INFO: Run LocationTemplate Behavior [ RunTime:0.003912s ]
[ 2012-05-10T20:41:47+08:00 ] /myfcms/admin/index.php?m=Login&a=index | INFO: Tag[ view_template ] --END-- [ RunTime:0.004185s ]
[ 2012-05-10T20:41:47+08:00 ] /myfcms/admin/index.php?m=Login&a=index | INFO: Tag[ view_parse ] --START--
[ 2012-05-10T20:41:47+08:00 ] /myfcms/admin/index.php?m=Login&a=index | INFO: Run ParseTemplate Behavior [ RunTime:0.032915s ]
[ 2012-05-10T20:41:47+08:00 ] /myfcms/admin/index.php?m=Login&a=index | INFO: Tag[ view_parse ] --END-- [ RunTime:0.033197s ]
[ 2012-05-10T20:41:47+08:00 ] /myfcms/admin/index.php?m=Login&a=index | INFO: Tag[ view_filter ] --START--
[ 2012-05-10T20:41:47+08:00 ] /myfcms/admin/index.php?m=Login&a=index | INFO: Run ContentReplace Behavior [ RunTime:0.001286s ]
[ 2012-05-10T20:41:47+08:00 ] /myfcms/admin/index.php?m=Login&a=index | INFO: Run TokenBuild Behavior [ RunTime:0.001431s ]
[ 2012-05-10T20:41:47+08:00 ] /myfcms/admin/index.php?m=Login&a=index | INFO: Run WriteHtmlCache Behavior [ RunTime:0.000866s ]
[ 2012-05-10T20:41:47+08:00 ] /myfcms/admin/index.php?m=Login&a=index | INFO: Run ShowRuntime Behavior [ RunTime:0.001575s ]
[ 2012-05-10T20:41:47+08:00 ] /myfcms/admin/index.php?m=Login&a=index | INFO: Tag[ view_filter ] --END-- [ RunTime:0.005778s ]
[ 2012-05-10T20:41:47+08:00 ] /myfcms/admin/index.php?m=Login&a=index | INFO: Tag[ view_end ] --START--
[ 2012-05-10T20:41:47+08:00 ] /myfcms/admin/index.php?m=Login&a=index | INFO: Run ShowPageTrace Behavior [ RunTime:0.001598s ]
[ 2012-05-10T20:41:47+08:00 ] /myfcms/admin/index.php?m=Login&a=index | INFO: Tag[ view_end ] --END-- [ RunTime:0.001829s ]
[ 2012-05-10T20:41:48+08:00 ] /myfcms/admin/index.php?m=Login&a=verify | INFO: Tag[ app_begin ] --START--
[ 2012-05-10T20:41:48+08:00 ] /myfcms/admin/index.php?m=Login&a=verify | INFO: Run ReadHtmlCache Behavior [ RunTime:0.002322s ]
[ 2012-05-10T20:41:48+08:00 ] /myfcms/admin/index.php?m=Login&a=verify | INFO: Tag[ app_begin ] --END-- [ RunTime:0.002690s ]
[ 2012-05-10T20:41:58+08:00 ] /myfcms/admin/index.php?m=Login&a=login_in | INFO: Tag[ app_begin ] --START--
[ 2012-05-10T20:41:58+08:00 ] /myfcms/admin/index.php?m=Login&a=login_in | INFO: Run ReadHtmlCache Behavior [ RunTime:0.001932s ]
[ 2012-05-10T20:41:58+08:00 ] /myfcms/admin/index.php?m=Login&a=login_in | INFO: Tag[ app_begin ] --END-- [ RunTime:0.002412s ]
[ 2012-05-10T20:41:59+08:00 ] /myfcms/admin/index.php?m=Login&a=login_in | SQL: SHOW COLUMNS FROM `myf_admin` [ RunTime:0.010188s ]
[ 2012-05-10T20:41:59+08:00 ] /myfcms/admin/index.php?m=Login&a=login_in | SQL: SELECT * FROM `myf_admin` WHERE ( `userid` = 'admin' )  [ RunTime:0.001972s ]
[ 2012-05-10T20:41:59+08:00 ] /myfcms/admin/index.php?m=Login&a=login_in | INFO: Tag[ view_template ] --START--
[ 2012-05-10T20:41:59+08:00 ] /myfcms/admin/index.php?m=Login&a=login_in | INFO: Run LocationTemplate Behavior [ RunTime:0.003570s ]
[ 2012-05-10T20:41:59+08:00 ] /myfcms/admin/index.php?m=Login&a=login_in | INFO: Tag[ view_template ] --END-- [ RunTime:0.003831s ]
[ 2012-05-10T20:41:59+08:00 ] /myfcms/admin/index.php?m=Login&a=login_in | INFO: Tag[ view_parse ] --START--
[ 2012-05-10T20:41:59+08:00 ] /myfcms/admin/index.php?m=Login&a=login_in | INFO: Run ParseTemplate Behavior [ RunTime:0.035921s ]
[ 2012-05-10T20:41:59+08:00 ] /myfcms/admin/index.php?m=Login&a=login_in | INFO: Tag[ view_parse ] --END-- [ RunTime:0.036219s ]
[ 2012-05-10T20:41:59+08:00 ] /myfcms/admin/index.php?m=Login&a=login_in | INFO: Tag[ view_filter ] --START--
[ 2012-05-10T20:41:59+08:00 ] /myfcms/admin/index.php?m=Login&a=login_in | INFO: Run ContentReplace Behavior [ RunTime:0.001228s ]
[ 2012-05-10T20:41:59+08:00 ] /myfcms/admin/index.php?m=Login&a=login_in | INFO: Run TokenBuild Behavior [ RunTime:0.001305s ]
[ 2012-05-10T20:41:59+08:00 ] /myfcms/admin/index.php?m=Login&a=login_in | INFO: Run WriteHtmlCache Behavior [ RunTime:0.000833s ]
[ 2012-05-10T20:41:59+08:00 ] /myfcms/admin/index.php?m=Login&a=login_in | INFO: Run ShowRuntime Behavior [ RunTime:0.001579s ]
[ 2012-05-10T20:41:59+08:00 ] /myfcms/admin/index.php?m=Login&a=login_in | INFO: Tag[ view_filter ] --END-- [ RunTime:0.005622s ]
[ 2012-05-10T20:41:59+08:00 ] /myfcms/admin/index.php?m=Login&a=login_in | INFO: Tag[ view_end ] --START--
[ 2012-05-10T20:41:59+08:00 ] /myfcms/admin/index.php?m=Login&a=login_in | INFO: Run ShowPageTrace Behavior [ RunTime:0.001555s ]
[ 2012-05-10T20:41:59+08:00 ] /myfcms/admin/index.php?m=Login&a=login_in | INFO: Tag[ view_end ] --END-- [ RunTime:0.001781s ]
[ 2012-05-10T20:42:00+08:00 ] /myfcms/admin/index.php | INFO: Tag[ app_begin ] --START--
[ 2012-05-10T20:42:00+08:00 ] /myfcms/admin/index.php | INFO: Run ReadHtmlCache Behavior [ RunTime:0.001865s ]
[ 2012-05-10T20:42:00+08:00 ] /myfcms/admin/index.php | INFO: Tag[ app_begin ] --END-- [ RunTime:0.002208s ]
[ 2012-05-10T20:42:00+08:00 ] /myfcms/admin/index.php | INFO: Tag[ view_template ] --START--
[ 2012-05-10T20:42:00+08:00 ] /myfcms/admin/index.php | INFO: Run LocationTemplate Behavior [ RunTime:0.003766s ]
[ 2012-05-10T20:42:00+08:00 ] /myfcms/admin/index.php | INFO: Tag[ view_template ] --END-- [ RunTime:0.004073s ]
[ 2012-05-10T20:42:00+08:00 ] /myfcms/admin/index.php | INFO: Tag[ view_parse ] --START--
[ 2012-05-10T20:42:00+08:00 ] /myfcms/admin/index.php | INFO: Run ParseTemplate Behavior [ RunTime:0.046254s ]
[ 2012-05-10T20:42:00+08:00 ] /myfcms/admin/index.php | INFO: Tag[ view_parse ] --END-- [ RunTime:0.046565s ]
[ 2012-05-10T20:42:00+08:00 ] /myfcms/admin/index.php | INFO: Tag[ view_filter ] --START--
[ 2012-05-10T20:42:00+08:00 ] /myfcms/admin/index.php | INFO: Run ContentReplace Behavior [ RunTime:0.001188s ]
[ 2012-05-10T20:42:00+08:00 ] /myfcms/admin/index.php | INFO: Run TokenBuild Behavior [ RunTime:0.001250s ]
[ 2012-05-10T20:42:00+08:00 ] /myfcms/admin/index.php | INFO: Run WriteHtmlCache Behavior [ RunTime:0.000804s ]
[ 2012-05-10T20:42:00+08:00 ] /myfcms/admin/index.php | INFO: Run ShowRuntime Behavior [ RunTime:0.001637s ]
[ 2012-05-10T20:42:00+08:00 ] /myfcms/admin/index.php | INFO: Tag[ view_filter ] --END-- [ RunTime:0.005482s ]
[ 2012-05-10T20:42:00+08:00 ] /myfcms/admin/index.php | INFO: Tag[ view_end ] --START--
[ 2012-05-10T20:42:00+08:00 ] /myfcms/admin/index.php | INFO: Run ShowPageTrace Behavior [ RunTime:0.001539s ]
[ 2012-05-10T20:42:00+08:00 ] /myfcms/admin/index.php | INFO: Tag[ view_end ] --END-- [ RunTime:0.001766s ]
[ 2012-05-10T20:42:00+08:00 ] /myfcms/admin/index.php?m=Index&a=top | INFO: Tag[ app_begin ] --START--
[ 2012-05-10T20:42:00+08:00 ] /myfcms/admin/index.php?m=Index&a=top | INFO: Run ReadHtmlCache Behavior [ RunTime:0.001924s ]
[ 2012-05-10T20:42:00+08:00 ] /myfcms/admin/index.php?m=Index&a=top | INFO: Tag[ app_begin ] --END-- [ RunTime:0.005376s ]
[ 2012-05-10T20:42:00+08:00 ] /myfcms/admin/index.php?m=Index&a=top | INFO: Tag[ view_template ] --START--
[ 2012-05-10T20:42:00+08:00 ] /myfcms/admin/index.php?m=Index&a=top | INFO: Run LocationTemplate Behavior [ RunTime:0.005104s ]
[ 2012-05-10T20:42:00+08:00 ] /myfcms/admin/index.php?m=Index&a=top | INFO: Tag[ view_template ] --END-- [ RunTime:0.005369s ]
[ 2012-05-10T20:42:00+08:00 ] /myfcms/admin/index.php?m=Index&a=top | INFO: Tag[ view_parse ] --START--
[ 2012-05-10T20:42:00+08:00 ] /myfcms/admin/index.php?m=Index&a=top | INFO: Run ParseTemplate Behavior [ RunTime:0.049837s ]
[ 2012-05-10T20:42:00+08:00 ] /myfcms/admin/index.php?m=Index&a=top | INFO: Tag[ view_parse ] --END-- [ RunTime:0.050348s ]
[ 2012-05-10T20:42:00+08:00 ] /myfcms/admin/index.php?m=Index&a=top | INFO: Tag[ view_filter ] --START--
[ 2012-05-10T20:42:00+08:00 ] /myfcms/admin/index.php?m=Index&a=top | INFO: Run ContentReplace Behavior [ RunTime:0.001396s ]
[ 2012-05-10T20:42:00+08:00 ] /myfcms/admin/index.php?m=Index&a=top | INFO: Run TokenBuild Behavior [ RunTime:0.001358s ]
[ 2012-05-10T20:42:00+08:00 ] /myfcms/admin/index.php?m=Index&a=top | INFO: Run WriteHtmlCache Behavior [ RunTime:0.000835s ]
[ 2012-05-10T20:42:00+08:00 ] /myfcms/admin/index.php?m=Index&a=top | INFO: Run ShowRuntime Behavior [ RunTime:0.001778s ]
[ 2012-05-10T20:42:00+08:00 ] /myfcms/admin/index.php?m=Index&a=top | INFO: Tag[ view_filter ] --END-- [ RunTime:0.006148s ]
[ 2012-05-10T20:42:00+08:00 ] /myfcms/admin/index.php?m=Index&a=top | INFO: Tag[ view_end ] --START--
[ 2012-05-10T20:42:00+08:00 ] /myfcms/admin/index.php?m=Index&a=top | INFO: Run ShowPageTrace Behavior [ RunTime:0.001613s ]
[ 2012-05-10T20:42:00+08:00 ] /myfcms/admin/index.php?m=Index&a=top | INFO: Tag[ view_end ] --END-- [ RunTime:0.003402s ]
[ 2012-05-10T20:42:00+08:00 ] /myfcms/admin/index.php?m=Index&a=left | INFO: Tag[ app_begin ] --START--
[ 2012-05-10T20:42:00+08:00 ] /myfcms/admin/index.php?m=Index&a=left | INFO: Run ReadHtmlCache Behavior [ RunTime:0.002023s ]
[ 2012-05-10T20:42:00+08:00 ] /myfcms/admin/index.php?m=Index&a=left | INFO: Tag[ app_begin ] --END-- [ RunTime:0.002396s ]
[ 2012-05-10T20:42:00+08:00 ] /myfcms/admin/index.php?m=Index&a=left | INFO: Tag[ view_template ] --START--
[ 2012-05-10T20:42:00+08:00 ] /myfcms/admin/index.php?m=Index&a=left | INFO: Run LocationTemplate Behavior [ RunTime:0.003930s ]
[ 2012-05-10T20:42:00+08:00 ] /myfcms/admin/index.php?m=Index&a=left | INFO: Tag[ view_template ] --END-- [ RunTime:0.004197s ]
[ 2012-05-10T20:42:00+08:00 ] /myfcms/admin/index.php?m=Index&a=left | INFO: Tag[ view_parse ] --START--
[ 2012-05-10T20:42:00+08:00 ] /myfcms/admin/index.php?m=Index&a=left | INFO: Run ParseTemplate Behavior [ RunTime:0.044541s ]
[ 2012-05-10T20:42:00+08:00 ] /myfcms/admin/index.php?m=Index&a=left | INFO: Tag[ view_parse ] --END-- [ RunTime:0.044838s ]
[ 2012-05-10T20:42:00+08:00 ] /myfcms/admin/index.php?m=Index&a=left | INFO: Tag[ view_filter ] --START--
[ 2012-05-10T20:42:00+08:00 ] /myfcms/admin/index.php?m=Index&a=left | INFO: Run ContentReplace Behavior [ RunTime:0.001322s ]
[ 2012-05-10T20:42:00+08:00 ] /myfcms/admin/index.php?m=Index&a=left | INFO: Run TokenBuild Behavior [ RunTime:0.001903s ]
[ 2012-05-10T20:42:00+08:00 ] /myfcms/admin/index.php?m=Index&a=left | INFO: Run WriteHtmlCache Behavior [ RunTime:0.000884s ]
[ 2012-05-10T20:42:00+08:00 ] /myfcms/admin/index.php?m=Index&a=left | INFO: Run ShowRuntime Behavior [ RunTime:0.001934s ]
[ 2012-05-10T20:42:00+08:00 ] /myfcms/admin/index.php?m=Index&a=left | INFO: Tag[ view_filter ] --END-- [ RunTime:0.006678s ]
[ 2012-05-10T20:42:00+08:00 ] /myfcms/admin/index.php?m=Index&a=left | INFO: Tag[ view_end ] --START--
[ 2012-05-10T20:42:00+08:00 ] /myfcms/admin/index.php?m=Index&a=left | INFO: Run ShowPageTrace Behavior [ RunTime:0.001995s ]
[ 2012-05-10T20:42:00+08:00 ] /myfcms/admin/index.php?m=Index&a=left | INFO: Tag[ view_end ] --END-- [ RunTime:0.002244s ]
[ 2012-05-10T20:42:00+08:00 ] /myfcms/admin/index.php?m=Index&a=main | INFO: Tag[ app_begin ] --START--
[ 2012-05-10T20:42:00+08:00 ] /myfcms/admin/index.php?m=Index&a=main | INFO: Run ReadHtmlCache Behavior [ RunTime:0.001942s ]
[ 2012-05-10T20:42:00+08:00 ] /myfcms/admin/index.php?m=Index&a=main | INFO: Tag[ app_begin ] --END-- [ RunTime:0.002299s ]
[ 2012-05-10T20:42:00+08:00 ] /myfcms/admin/index.php?m=Index&a=main | SQL: SHOW COLUMNS FROM `myf_archives` [ RunTime:0.009871s ]
[ 2012-05-10T20:42:00+08:00 ] /myfcms/admin/index.php?m=Index&a=main | SQL: SELECT `id`,`typeid`,`typename`,`flag`,`click`,`title`,`color`,`writer`,`source`,`litpic`,`keywords`,`description`,`sendtime`,`goodpost`,`badpost`,`adminid`,`adminname` FROM `myf_archives` ORDER BY id desc LIMIT 0,10   [ RunTime:0.005752s ]
[ 2012-05-10T20:42:00+08:00 ] /myfcms/admin/index.php?m=Index&a=main | SQL: SHOW COLUMNS FROM `myf_admin` [ RunTime:0.009152s ]
[ 2012-05-10T20:42:00+08:00 ] /myfcms/admin/index.php?m=Index&a=main | SQL: SELECT COUNT(*) AS tp_count FROM `myf_admin` LIMIT 1   [ RunTime:0.005663s ]
[ 2012-05-10T20:42:00+08:00 ] /myfcms/admin/index.php?m=Index&a=main | SQL: SELECT COUNT(*) AS tp_count FROM `myf_archives` LIMIT 1   [ RunTime:0.001114s ]
[ 2012-05-10T20:42:00+08:00 ] /myfcms/admin/index.php?m=Index&a=main | INFO: Tag[ view_template ] --START--
[ 2012-05-10T20:42:00+08:00 ] /myfcms/admin/index.php?m=Index&a=main | INFO: Run LocationTemplate Behavior [ RunTime:0.003934s ]
[ 2012-05-10T20:42:00+08:00 ] /myfcms/admin/index.php?m=Index&a=main | INFO: Tag[ view_template ] --END-- [ RunTime:0.004204s ]
[ 2012-05-10T20:42:00+08:00 ] /myfcms/admin/index.php?m=Index&a=main | INFO: Tag[ view_parse ] --START--
[ 2012-05-10T20:42:01+08:00 ] /myfcms/admin/index.php?m=Index&a=main | INFO: Run ParseTemplate Behavior [ RunTime:0.050038s ]
[ 2012-05-10T20:42:01+08:00 ] /myfcms/admin/index.php?m=Index&a=main | INFO: Tag[ view_parse ] --END-- [ RunTime:0.050335s ]
[ 2012-05-10T20:42:01+08:00 ] /myfcms/admin/index.php?m=Index&a=main | INFO: Tag[ view_filter ] --START--
[ 2012-05-10T20:42:01+08:00 ] /myfcms/admin/index.php?m=Index&a=main | INFO: Run ContentReplace Behavior [ RunTime:0.001803s ]
[ 2012-05-10T20:42:01+08:00 ] /myfcms/admin/index.php?m=Index&a=main | INFO: Run TokenBuild Behavior [ RunTime:0.001436s ]
[ 2012-05-10T20:42:01+08:00 ] /myfcms/admin/index.php?m=Index&a=main | INFO: Run WriteHtmlCache Behavior [ RunTime:0.000831s ]
[ 2012-05-10T20:42:01+08:00 ] /myfcms/admin/index.php?m=Index&a=main | INFO: Run ShowRuntime Behavior [ RunTime:0.002492s ]
[ 2012-05-10T20:42:01+08:00 ] /myfcms/admin/index.php?m=Index&a=main | INFO: Tag[ view_filter ] --END-- [ RunTime:0.007220s ]
[ 2012-05-10T20:42:01+08:00 ] /myfcms/admin/index.php?m=Index&a=main | INFO: Tag[ view_end ] --START--
[ 2012-05-10T20:42:01+08:00 ] /myfcms/admin/index.php?m=Index&a=main | INFO: Run ShowPageTrace Behavior [ RunTime:0.001708s ]
[ 2012-05-10T20:42:01+08:00 ] /myfcms/admin/index.php?m=Index&a=main | INFO: Tag[ view_end ] --END-- [ RunTime:0.001948s ]
[ 2012-05-10T21:14:45+08:00 ] /myfcms/admin/ | INFO: Tag[ app_begin ] --START--
[ 2012-05-10T21:14:45+08:00 ] /myfcms/admin/ | INFO: Run ReadHtmlCache Behavior [ RunTime:0.001920s ]
[ 2012-05-10T21:14:45+08:00 ] /myfcms/admin/ | INFO: Tag[ app_begin ] --END-- [ RunTime:0.002269s ]
[ 2012-05-10T21:14:45+08:00 ] /myfcms/admin/ | INFO: Tag[ view_template ] --START--
[ 2012-05-10T21:14:45+08:00 ] /myfcms/admin/ | INFO: Run LocationTemplate Behavior [ RunTime:0.003616s ]
[ 2012-05-10T21:14:45+08:00 ] /myfcms/admin/ | INFO: Tag[ view_template ] --END-- [ RunTime:0.003873s ]
[ 2012-05-10T21:14:45+08:00 ] /myfcms/admin/ | INFO: Tag[ view_parse ] --START--
[ 2012-05-10T21:14:45+08:00 ] /myfcms/admin/ | INFO: Run ParseTemplate Behavior [ RunTime:0.035750s ]
[ 2012-05-10T21:14:45+08:00 ] /myfcms/admin/ | INFO: Tag[ view_parse ] --END-- [ RunTime:0.036172s ]
[ 2012-05-10T21:14:45+08:00 ] /myfcms/admin/ | INFO: Tag[ view_filter ] --START--
[ 2012-05-10T21:14:45+08:00 ] /myfcms/admin/ | INFO: Run ContentReplace Behavior [ RunTime:0.001290s ]
[ 2012-05-10T21:14:45+08:00 ] /myfcms/admin/ | INFO: Run TokenBuild Behavior [ RunTime:0.001649s ]
[ 2012-05-10T21:14:45+08:00 ] /myfcms/admin/ | INFO: Run WriteHtmlCache Behavior [ RunTime:0.000860s ]
[ 2012-05-10T21:14:45+08:00 ] /myfcms/admin/ | INFO: Run ShowRuntime Behavior [ RunTime:0.003665s ]
[ 2012-05-10T21:14:45+08:00 ] /myfcms/admin/ | INFO: Tag[ view_filter ] --END-- [ RunTime:0.008103s ]
[ 2012-05-10T21:14:45+08:00 ] /myfcms/admin/ | INFO: Tag[ view_end ] --START--
[ 2012-05-10T21:14:45+08:00 ] /myfcms/admin/ | INFO: Run ShowPageTrace Behavior [ RunTime:0.001936s ]
[ 2012-05-10T21:14:45+08:00 ] /myfcms/admin/ | INFO: Tag[ view_end ] --END-- [ RunTime:0.002168s ]
[ 2012-05-10T21:14:45+08:00 ] /myfcms/admin/index.php?m=Index&a=top | INFO: Tag[ app_begin ] --START--
[ 2012-05-10T21:14:45+08:00 ] /myfcms/admin/index.php?m=Index&a=top | INFO: Run ReadHtmlCache Behavior [ RunTime:0.001909s ]
[ 2012-05-10T21:14:45+08:00 ] /myfcms/admin/index.php?m=Index&a=top | INFO: Tag[ app_begin ] --END-- [ RunTime:0.002246s ]
[ 2012-05-10T21:14:45+08:00 ] /myfcms/admin/index.php?m=Index&a=top | INFO: Tag[ view_template ] --START--
[ 2012-05-10T21:14:45+08:00 ] /myfcms/admin/index.php?m=Index&a=top | INFO: Run LocationTemplate Behavior [ RunTime:0.003747s ]
[ 2012-05-10T21:14:45+08:00 ] /myfcms/admin/index.php?m=Index&a=top | INFO: Tag[ view_template ] --END-- [ RunTime:0.003997s ]
[ 2012-05-10T21:14:45+08:00 ] /myfcms/admin/index.php?m=Index&a=top | INFO: Tag[ view_parse ] --START--
[ 2012-05-10T21:14:45+08:00 ] /myfcms/admin/index.php?m=Index&a=top | INFO: Run ParseTemplate Behavior [ RunTime:0.193770s ]
[ 2012-05-10T21:14:45+08:00 ] /myfcms/admin/index.php?m=Index&a=top | INFO: Tag[ view_parse ] --END-- [ RunTime:0.225604s ]
[ 2012-05-10T21:14:45+08:00 ] /myfcms/admin/index.php?m=Index&a=top | INFO: Tag[ view_filter ] --START--
[ 2012-05-10T21:14:45+08:00 ] /myfcms/admin/index.php?m=Index&a=top | INFO: Run ContentReplace Behavior [ RunTime:0.003993s ]
[ 2012-05-10T21:14:45+08:00 ] /myfcms/admin/index.php?m=Index&a=top | INFO: Run TokenBuild Behavior [ RunTime:0.001440s ]
[ 2012-05-10T21:14:45+08:00 ] /myfcms/admin/index.php?m=Index&a=top | INFO: Run WriteHtmlCache Behavior [ RunTime:0.000931s ]
[ 2012-05-10T21:14:45+08:00 ] /myfcms/admin/index.php?m=Index&a=top | INFO: Run ShowRuntime Behavior [ RunTime:0.001838s ]
[ 2012-05-10T21:14:45+08:00 ] /myfcms/admin/index.php?m=Index&a=top | INFO: Tag[ view_filter ] --END-- [ RunTime:0.008867s ]
[ 2012-05-10T21:14:45+08:00 ] /myfcms/admin/index.php?m=Index&a=top | INFO: Tag[ view_end ] --START--
[ 2012-05-10T21:14:45+08:00 ] /myfcms/admin/index.php?m=Index&a=top | INFO: Run ShowPageTrace Behavior [ RunTime:0.002130s ]
[ 2012-05-10T21:14:45+08:00 ] /myfcms/admin/index.php?m=Index&a=top | INFO: Tag[ view_end ] --END-- [ RunTime:0.002370s ]
[ 2012-05-10T21:14:45+08:00 ] /myfcms/admin/index.php?m=Index&a=left | INFO: Tag[ app_begin ] --START--
[ 2012-05-10T21:14:45+08:00 ] /myfcms/admin/index.php?m=Index&a=left | INFO: Run ReadHtmlCache Behavior [ RunTime:0.004389s ]
[ 2012-05-10T21:14:45+08:00 ] /myfcms/admin/index.php?m=Index&a=left | INFO: Tag[ app_begin ] --END-- [ RunTime:0.004731s ]
[ 2012-05-10T21:14:45+08:00 ] /myfcms/admin/index.php?m=Index&a=left | INFO: Tag[ view_template ] --START--
[ 2012-05-10T21:14:45+08:00 ] /myfcms/admin/index.php?m=Index&a=left | INFO: Run LocationTemplate Behavior [ RunTime:0.007186s ]
[ 2012-05-10T21:14:45+08:00 ] /myfcms/admin/index.php?m=Index&a=left | INFO: Tag[ view_template ] --END-- [ RunTime:0.007483s ]
[ 2012-05-10T21:14:45+08:00 ] /myfcms/admin/index.php?m=Index&a=left | INFO: Tag[ view_parse ] --START--
[ 2012-05-10T21:14:45+08:00 ] /myfcms/admin/index.php?m=Index&a=left | INFO: Run ParseTemplate Behavior [ RunTime:0.124016s ]
[ 2012-05-10T21:14:45+08:00 ] /myfcms/admin/index.php?m=Index&a=left | INFO: Tag[ view_parse ] --END-- [ RunTime:0.124334s ]
[ 2012-05-10T21:14:45+08:00 ] /myfcms/admin/index.php?m=Index&a=left | INFO: Tag[ view_filter ] --START--
[ 2012-05-10T21:14:45+08:00 ] /myfcms/admin/index.php?m=Index&a=left | INFO: Run ContentReplace Behavior [ RunTime:0.004020s ]
[ 2012-05-10T21:14:45+08:00 ] /myfcms/admin/index.php?m=Index&a=left | INFO: Run TokenBuild Behavior [ RunTime:0.003842s ]
[ 2012-05-10T21:14:45+08:00 ] /myfcms/admin/index.php?m=Index&a=left | INFO: Run WriteHtmlCache Behavior [ RunTime:0.005313s ]
[ 2012-05-10T21:14:45+08:00 ] /myfcms/admin/index.php?m=Index&a=left | INFO: Run ShowRuntime Behavior [ RunTime:0.003976s ]
[ 2012-05-10T21:14:45+08:00 ] /myfcms/admin/index.php?m=Index&a=left | INFO: Tag[ view_filter ] --END-- [ RunTime:0.017920s ]
[ 2012-05-10T21:14:45+08:00 ] /myfcms/admin/index.php?m=Index&a=left | INFO: Tag[ view_end ] --START--
[ 2012-05-10T21:14:45+08:00 ] /myfcms/admin/index.php?m=Index&a=left | INFO: Run ShowPageTrace Behavior [ RunTime:0.004138s ]
[ 2012-05-10T21:14:45+08:00 ] /myfcms/admin/index.php?m=Index&a=left | INFO: Tag[ view_end ] --END-- [ RunTime:0.004384s ]
[ 2012-05-10T21:14:45+08:00 ] /myfcms/admin/index.php?m=Index&a=main | INFO: Tag[ app_begin ] --START--
[ 2012-05-10T21:14:45+08:00 ] /myfcms/admin/index.php?m=Index&a=main | INFO: Run ReadHtmlCache Behavior [ RunTime:0.020472s ]
[ 2012-05-10T21:14:45+08:00 ] /myfcms/admin/index.php?m=Index&a=main | INFO: Tag[ app_begin ] --END-- [ RunTime:0.020810s ]
[ 2012-05-10T21:14:46+08:00 ] /myfcms/admin/index.php?m=Index&a=main | SQL: SHOW COLUMNS FROM `myf_archives` [ RunTime:0.033084s ]
[ 2012-05-10T21:14:46+08:00 ] /myfcms/admin/index.php?m=Index&a=main | SQL: SELECT `id`,`typeid`,`typename`,`flag`,`click`,`title`,`color`,`writer`,`source`,`litpic`,`keywords`,`description`,`sendtime`,`goodpost`,`badpost`,`adminid`,`adminname` FROM `myf_archives` ORDER BY id desc LIMIT 0,10   [ RunTime:0.037755s ]
[ 2012-05-10T21:14:46+08:00 ] /myfcms/admin/index.php?m=Index&a=main | SQL: SHOW COLUMNS FROM `myf_admin` [ RunTime:0.009609s ]
[ 2012-05-10T21:14:46+08:00 ] /myfcms/admin/index.php?m=Index&a=main | SQL: SELECT COUNT(*) AS tp_count FROM `myf_admin` LIMIT 1   [ RunTime:0.012118s ]
[ 2012-05-10T21:14:46+08:00 ] /myfcms/admin/index.php?m=Index&a=main | SQL: SELECT COUNT(*) AS tp_count FROM `myf_archives` LIMIT 1   [ RunTime:0.000570s ]
[ 2012-05-10T21:14:46+08:00 ] /myfcms/admin/index.php?m=Index&a=main | INFO: Tag[ view_template ] --START--
[ 2012-05-10T21:14:46+08:00 ] /myfcms/admin/index.php?m=Index&a=main | INFO: Run LocationTemplate Behavior [ RunTime:0.008656s ]
[ 2012-05-10T21:14:46+08:00 ] /myfcms/admin/index.php?m=Index&a=main | INFO: Tag[ view_template ] --END-- [ RunTime:0.009017s ]
[ 2012-05-10T21:14:46+08:00 ] /myfcms/admin/index.php?m=Index&a=main | INFO: Tag[ view_parse ] --START--
[ 2012-05-10T21:14:46+08:00 ] /myfcms/admin/index.php?m=Index&a=main | INFO: Run ParseTemplate Behavior [ RunTime:0.094567s ]
[ 2012-05-10T21:14:46+08:00 ] /myfcms/admin/index.php?m=Index&a=main | INFO: Tag[ view_parse ] --END-- [ RunTime:0.094935s ]
[ 2012-05-10T21:14:46+08:00 ] /myfcms/admin/index.php?m=Index&a=main | INFO: Tag[ view_filter ] --START--
[ 2012-05-10T21:14:46+08:00 ] /myfcms/admin/index.php?m=Index&a=main | INFO: Run ContentReplace Behavior [ RunTime:0.009942s ]
[ 2012-05-10T21:14:46+08:00 ] /myfcms/admin/index.php?m=Index&a=main | INFO: Run TokenBuild Behavior [ RunTime:0.003863s ]
[ 2012-05-10T21:14:46+08:00 ] /myfcms/admin/index.php?m=Index&a=main | INFO: Run WriteHtmlCache Behavior [ RunTime:0.003288s ]
[ 2012-05-10T21:14:46+08:00 ] /myfcms/admin/index.php?m=Index&a=main | INFO: Run ShowRuntime Behavior [ RunTime:0.004153s ]
[ 2012-05-10T21:14:46+08:00 ] /myfcms/admin/index.php?m=Index&a=main | INFO: Tag[ view_filter ] --END-- [ RunTime:0.021972s ]
[ 2012-05-10T21:14:46+08:00 ] /myfcms/admin/index.php?m=Index&a=main | INFO: Tag[ view_end ] --START--
[ 2012-05-10T21:14:46+08:00 ] /myfcms/admin/index.php?m=Index&a=main | INFO: Run ShowPageTrace Behavior [ RunTime:0.007586s ]
[ 2012-05-10T21:14:46+08:00 ] /myfcms/admin/index.php?m=Index&a=main | INFO: Tag[ view_end ] --END-- [ RunTime:0.007837s ]
[ 2012-05-10T21:14:50+08:00 ] /myfcms/admin/index.php?m=Login&a=out | INFO: Tag[ app_begin ] --START--
[ 2012-05-10T21:14:50+08:00 ] /myfcms/admin/index.php?m=Login&a=out | INFO: Run ReadHtmlCache Behavior [ RunTime:0.001974s ]
[ 2012-05-10T21:14:50+08:00 ] /myfcms/admin/index.php?m=Login&a=out | INFO: Tag[ app_begin ] --END-- [ RunTime:0.002474s ]
[ 2012-05-10T21:14:50+08:00 ] /myfcms/admin/index.php?m=Login&a=out | NOTIC: [8] Undefined variable: script_name LoginAction.class.php 第 43 行.
[ 2012-05-10T21:14:50+08:00 ] /myfcms/admin/index.php?m=Login&a=out | INFO: Tag[ view_template ] --START--
[ 2012-05-10T21:14:50+08:00 ] /myfcms/admin/index.php?m=Login&a=out | INFO: Run LocationTemplate Behavior [ RunTime:0.004220s ]
[ 2012-05-10T21:14:50+08:00 ] /myfcms/admin/index.php?m=Login&a=out | INFO: Tag[ view_template ] --END-- [ RunTime:0.004531s ]
[ 2012-05-10T21:14:50+08:00 ] /myfcms/admin/index.php?m=Login&a=out | INFO: Tag[ view_parse ] --START--
[ 2012-05-10T21:14:50+08:00 ] /myfcms/admin/index.php?m=Login&a=out | INFO: Run ParseTemplate Behavior [ RunTime:0.036379s ]
[ 2012-05-10T21:14:50+08:00 ] /myfcms/admin/index.php?m=Login&a=out | INFO: Tag[ view_parse ] --END-- [ RunTime:0.036681s ]
[ 2012-05-10T21:14:50+08:00 ] /myfcms/admin/index.php?m=Login&a=out | INFO: Tag[ view_filter ] --START--
[ 2012-05-10T21:14:50+08:00 ] /myfcms/admin/index.php?m=Login&a=out | INFO: Run ContentReplace Behavior [ RunTime:0.001588s ]
[ 2012-05-10T21:14:50+08:00 ] /myfcms/admin/index.php?m=Login&a=out | INFO: Run TokenBuild Behavior [ RunTime:0.001361s ]
[ 2012-05-10T21:14:50+08:00 ] /myfcms/admin/index.php?m=Login&a=out | INFO: Run WriteHtmlCache Behavior [ RunTime:0.000860s ]
[ 2012-05-10T21:14:50+08:00 ] /myfcms/admin/index.php?m=Login&a=out | INFO: Run ShowRuntime Behavior [ RunTime:0.001581s ]
[ 2012-05-10T21:14:50+08:00 ] /myfcms/admin/index.php?m=Login&a=out | INFO: Tag[ view_filter ] --END-- [ RunTime:0.006020s ]
[ 2012-05-10T21:14:50+08:00 ] /myfcms/admin/index.php?m=Login&a=out | INFO: Tag[ view_end ] --START--
[ 2012-05-10T21:14:50+08:00 ] /myfcms/admin/index.php?m=Login&a=out | INFO: Run ShowPageTrace Behavior [ RunTime:0.001554s ]
[ 2012-05-10T21:14:50+08:00 ] /myfcms/admin/index.php?m=Login&a=out | INFO: Tag[ view_end ] --END-- [ RunTime:0.001771s ]
[ 2012-05-10T21:14:51+08:00 ] /myfcms/admin/index.php?m=Login&a=index | INFO: Tag[ app_begin ] --START--
[ 2012-05-10T21:14:51+08:00 ] /myfcms/admin/index.php?m=Login&a=index | INFO: Run ReadHtmlCache Behavior [ RunTime:0.001928s ]
[ 2012-05-10T21:14:51+08:00 ] /myfcms/admin/index.php?m=Login&a=index | INFO: Tag[ app_begin ] --END-- [ RunTime:0.002274s ]
[ 2012-05-10T21:14:51+08:00 ] /myfcms/admin/index.php?m=Login&a=index | INFO: Tag[ view_template ] --START--
[ 2012-05-10T21:14:51+08:00 ] /myfcms/admin/index.php?m=Login&a=index | INFO: Run LocationTemplate Behavior [ RunTime:0.003662s ]
[ 2012-05-10T21:14:51+08:00 ] /myfcms/admin/index.php?m=Login&a=index | INFO: Tag[ view_template ] --END-- [ RunTime:0.003934s ]
[ 2012-05-10T21:14:51+08:00 ] /myfcms/admin/index.php?m=Login&a=index | INFO: Tag[ view_parse ] --START--
[ 2012-05-10T21:14:51+08:00 ] /myfcms/admin/index.php?m=Login&a=index | INFO: Run ParseTemplate Behavior [ RunTime:0.031520s ]
[ 2012-05-10T21:14:51+08:00 ] /myfcms/admin/index.php?m=Login&a=index | INFO: Tag[ view_parse ] --END-- [ RunTime:0.031803s ]
[ 2012-05-10T21:14:51+08:00 ] /myfcms/admin/index.php?m=Login&a=index | INFO: Tag[ view_filter ] --START--
[ 2012-05-10T21:14:51+08:00 ] /myfcms/admin/index.php?m=Login&a=index | INFO: Run ContentReplace Behavior [ RunTime:0.001253s ]
[ 2012-05-10T21:14:51+08:00 ] /myfcms/admin/index.php?m=Login&a=index | INFO: Run TokenBuild Behavior [ RunTime:0.001415s ]
[ 2012-05-10T21:14:51+08:00 ] /myfcms/admin/index.php?m=Login&a=index | INFO: Run WriteHtmlCache Behavior [ RunTime:0.000837s ]
[ 2012-05-10T21:14:51+08:00 ] /myfcms/admin/index.php?m=Login&a=index | INFO: Run ShowRuntime Behavior [ RunTime:0.001644s ]
[ 2012-05-10T21:14:51+08:00 ] /myfcms/admin/index.php?m=Login&a=index | INFO: Tag[ view_filter ] --END-- [ RunTime:0.005746s ]
[ 2012-05-10T21:14:51+08:00 ] /myfcms/admin/index.php?m=Login&a=index | INFO: Tag[ view_end ] --START--
[ 2012-05-10T21:14:51+08:00 ] /myfcms/admin/index.php?m=Login&a=index | INFO: Run ShowPageTrace Behavior [ RunTime:0.001727s ]
[ 2012-05-10T21:14:51+08:00 ] /myfcms/admin/index.php?m=Login&a=index | INFO: Tag[ view_end ] --END-- [ RunTime:0.001960s ]
[ 2012-05-10T21:14:51+08:00 ] /myfcms/admin/index.php?m=Login&a=verify | INFO: Tag[ app_begin ] --START--
[ 2012-05-10T21:14:51+08:00 ] /myfcms/admin/index.php?m=Login&a=verify | INFO: Run ReadHtmlCache Behavior [ RunTime:0.001929s ]
[ 2012-05-10T21:14:51+08:00 ] /myfcms/admin/index.php?m=Login&a=verify | INFO: Tag[ app_begin ] --END-- [ RunTime:0.002266s ]
[ 2012-05-10T21:15:57+08:00 ] /myfcms/admin/index.php?m=Login&a=login_in | INFO: Tag[ app_begin ] --START--
[ 2012-05-10T21:15:57+08:00 ] /myfcms/admin/index.php?m=Login&a=login_in | INFO: Run ReadHtmlCache Behavior [ RunTime:0.007278s ]
[ 2012-05-10T21:15:57+08:00 ] /myfcms/admin/index.php?m=Login&a=login_in | INFO: Tag[ app_begin ] --END-- [ RunTime:0.007697s ]
[ 2012-05-10T21:15:57+08:00 ] /myfcms/admin/index.php?m=Login&a=login_in | SQL: SHOW COLUMNS FROM `myf_admin` [ RunTime:0.009235s ]
[ 2012-05-10T21:15:57+08:00 ] /myfcms/admin/index.php?m=Login&a=login_in | SQL: SELECT * FROM `myf_admin` WHERE ( `userid` = 'admin' )  [ RunTime:0.002992s ]
[ 2012-05-10T21:15:57+08:00 ] /myfcms/admin/index.php?m=Login&a=login_in | INFO: Tag[ view_template ] --START--
[ 2012-05-10T21:15:57+08:00 ] /myfcms/admin/index.php?m=Login&a=login_in | INFO: Run LocationTemplate Behavior [ RunTime:0.005758s ]
[ 2012-05-10T21:15:57+08:00 ] /myfcms/admin/index.php?m=Login&a=login_in | INFO: Tag[ view_template ] --END-- [ RunTime:0.006002s ]
[ 2012-05-10T21:15:57+08:00 ] /myfcms/admin/index.php?m=Login&a=login_in | INFO: Tag[ view_parse ] --START--
[ 2012-05-10T21:15:58+08:00 ] /myfcms/admin/index.php?m=Login&a=login_in | INFO: Run ParseTemplate Behavior [ RunTime:0.047033s ]
[ 2012-05-10T21:15:58+08:00 ] /myfcms/admin/index.php?m=Login&a=login_in | INFO: Tag[ view_parse ] --END-- [ RunTime:0.048048s ]
[ 2012-05-10T21:15:58+08:00 ] /myfcms/admin/index.php?m=Login&a=login_in | INFO: Tag[ view_filter ] --START--
[ 2012-05-10T21:15:58+08:00 ] /myfcms/admin/index.php?m=Login&a=login_in | INFO: Run ContentReplace Behavior [ RunTime:0.003792s ]
[ 2012-05-10T21:15:58+08:00 ] /myfcms/admin/index.php?m=Login&a=login_in | INFO: Run TokenBuild Behavior [ RunTime:0.006399s ]
[ 2012-05-10T21:15:58+08:00 ] /myfcms/admin/index.php?m=Login&a=login_in | INFO: Run WriteHtmlCache Behavior [ RunTime:0.003396s ]
[ 2012-05-10T21:15:58+08:00 ] /myfcms/admin/index.php?m=Login&a=login_in | INFO: Run ShowRuntime Behavior [ RunTime:0.007782s ]
[ 2012-05-10T21:15:58+08:00 ] /myfcms/admin/index.php?m=Login&a=login_in | INFO: Tag[ view_filter ] --END-- [ RunTime:0.022115s ]
[ 2012-05-10T21:15:58+08:00 ] /myfcms/admin/index.php?m=Login&a=login_in | INFO: Tag[ view_end ] --START--
[ 2012-05-10T21:15:58+08:00 ] /myfcms/admin/index.php?m=Login&a=login_in | INFO: Run ShowPageTrace Behavior [ RunTime:0.004054s ]
[ 2012-05-10T21:15:58+08:00 ] /myfcms/admin/index.php?m=Login&a=login_in | INFO: Tag[ view_end ] --END-- [ RunTime:0.004287s ]
[ 2012-05-10T21:15:59+08:00 ] /myfcms/admin/index.php | INFO: Tag[ app_begin ] --START--
[ 2012-05-10T21:15:59+08:00 ] /myfcms/admin/index.php | INFO: Run ReadHtmlCache Behavior [ RunTime:0.001915s ]
[ 2012-05-10T21:15:59+08:00 ] /myfcms/admin/index.php | INFO: Tag[ app_begin ] --END-- [ RunTime:0.002257s ]
[ 2012-05-10T21:15:59+08:00 ] /myfcms/admin/index.php | INFO: Tag[ view_template ] --START--
[ 2012-05-10T21:15:59+08:00 ] /myfcms/admin/index.php | INFO: Run LocationTemplate Behavior [ RunTime:0.006264s ]
[ 2012-05-10T21:15:59+08:00 ] /myfcms/admin/index.php | INFO: Tag[ view_template ] --END-- [ RunTime:0.006565s ]
[ 2012-05-10T21:15:59+08:00 ] /myfcms/admin/index.php | INFO: Tag[ view_parse ] --START--
[ 2012-05-10T21:15:59+08:00 ] /myfcms/admin/index.php | INFO: Run ParseTemplate Behavior [ RunTime:0.043925s ]
[ 2012-05-10T21:15:59+08:00 ] /myfcms/admin/index.php | INFO: Tag[ view_parse ] --END-- [ RunTime:0.044212s ]
[ 2012-05-10T21:15:59+08:00 ] /myfcms/admin/index.php | INFO: Tag[ view_filter ] --START--
[ 2012-05-10T21:15:59+08:00 ] /myfcms/admin/index.php | INFO: Run ContentReplace Behavior [ RunTime:0.001258s ]
[ 2012-05-10T21:15:59+08:00 ] /myfcms/admin/index.php | INFO: Run TokenBuild Behavior [ RunTime:0.001290s ]
[ 2012-05-10T21:15:59+08:00 ] /myfcms/admin/index.php | INFO: Run WriteHtmlCache Behavior [ RunTime:0.001051s ]
[ 2012-05-10T21:15:59+08:00 ] /myfcms/admin/index.php | INFO: Run ShowRuntime Behavior [ RunTime:0.002427s ]
[ 2012-05-10T21:15:59+08:00 ] /myfcms/admin/index.php | INFO: Tag[ view_filter ] --END-- [ RunTime:0.006951s ]
[ 2012-05-10T21:15:59+08:00 ] /myfcms/admin/index.php | INFO: Tag[ view_end ] --START--
[ 2012-05-10T21:15:59+08:00 ] /myfcms/admin/index.php | INFO: Run ShowPageTrace Behavior [ RunTime:0.001977s ]
[ 2012-05-10T21:15:59+08:00 ] /myfcms/admin/index.php | INFO: Tag[ view_end ] --END-- [ RunTime:0.002217s ]
[ 2012-05-10T21:15:59+08:00 ] /myfcms/admin/index.php?m=Index&a=top | INFO: Tag[ app_begin ] --START--
[ 2012-05-10T21:15:59+08:00 ] /myfcms/admin/index.php?m=Index&a=top | INFO: Run ReadHtmlCache Behavior [ RunTime:0.003624s ]
[ 2012-05-10T21:15:59+08:00 ] /myfcms/admin/index.php?m=Index&a=top | INFO: Tag[ app_begin ] --END-- [ RunTime:0.004157s ]
[ 2012-05-10T21:15:59+08:00 ] /myfcms/admin/index.php?m=Index&a=top | INFO: Tag[ view_template ] --START--
[ 2012-05-10T21:15:59+08:00 ] /myfcms/admin/index.php?m=Index&a=top | INFO: Run LocationTemplate Behavior [ RunTime:0.032269s ]
[ 2012-05-10T21:15:59+08:00 ] /myfcms/admin/index.php?m=Index&a=top | INFO: Tag[ view_template ] --END-- [ RunTime:0.032557s ]
[ 2012-05-10T21:15:59+08:00 ] /myfcms/admin/index.php?m=Index&a=top | INFO: Tag[ view_parse ] --START--
[ 2012-05-10T21:15:59+08:00 ] /myfcms/admin/index.php?m=Index&a=top | INFO: Run ParseTemplate Behavior [ RunTime:0.044850s ]
[ 2012-05-10T21:15:59+08:00 ] /myfcms/admin/index.php?m=Index&a=top | INFO: Tag[ view_parse ] --END-- [ RunTime:0.046066s ]
[ 2012-05-10T21:15:59+08:00 ] /myfcms/admin/index.php?m=Index&a=top | INFO: Tag[ view_filter ] --START--
[ 2012-05-10T21:15:59+08:00 ] /myfcms/admin/index.php?m=Index&a=top | INFO: Run ContentReplace Behavior [ RunTime:0.001510s ]
[ 2012-05-10T21:15:59+08:00 ] /myfcms/admin/index.php?m=Index&a=top | INFO: Run TokenBuild Behavior [ RunTime:0.001355s ]
[ 2012-05-10T21:15:59+08:00 ] /myfcms/admin/index.php?m=Index&a=top | INFO: Run WriteHtmlCache Behavior [ RunTime:0.000840s ]
[ 2012-05-10T21:15:59+08:00 ] /myfcms/admin/index.php?m=Index&a=top | INFO: Run ShowRuntime Behavior [ RunTime:0.002355s ]
[ 2012-05-10T21:15:59+08:00 ] /myfcms/admin/index.php?m=Index&a=top | INFO: Tag[ view_filter ] --END-- [ RunTime:0.006753s ]
[ 2012-05-10T21:15:59+08:00 ] /myfcms/admin/index.php?m=Index&a=top | INFO: Tag[ view_end ] --START--
[ 2012-05-10T21:15:59+08:00 ] /myfcms/admin/index.php?m=Index&a=top | INFO: Run ShowPageTrace Behavior [ RunTime:0.002880s ]
[ 2012-05-10T21:15:59+08:00 ] /myfcms/admin/index.php?m=Index&a=top | INFO: Tag[ view_end ] --END-- [ RunTime:0.003123s ]
[ 2012-05-10T21:15:59+08:00 ] /myfcms/admin/index.php?m=Index&a=left | INFO: Tag[ app_begin ] --START--
[ 2012-05-10T21:15:59+08:00 ] /myfcms/admin/index.php?m=Index&a=left | INFO: Run ReadHtmlCache Behavior [ RunTime:0.003965s ]
[ 2012-05-10T21:15:59+08:00 ] /myfcms/admin/index.php?m=Index&a=left | INFO: Tag[ app_begin ] --END-- [ RunTime:0.008640s ]
[ 2012-05-10T21:15:59+08:00 ] /myfcms/admin/index.php?m=Index&a=left | INFO: Tag[ view_template ] --START--
[ 2012-05-10T21:15:59+08:00 ] /myfcms/admin/index.php?m=Index&a=left | INFO: Run LocationTemplate Behavior [ RunTime:0.007617s ]
[ 2012-05-10T21:15:59+08:00 ] /myfcms/admin/index.php?m=Index&a=left | INFO: Tag[ view_template ] --END-- [ RunTime:0.007926s ]
[ 2012-05-10T21:15:59+08:00 ] /myfcms/admin/index.php?m=Index&a=left | INFO: Tag[ view_parse ] --START--
[ 2012-05-10T21:15:59+08:00 ] /myfcms/admin/index.php?m=Index&a=left | INFO: Run ParseTemplate Behavior [ RunTime:0.101339s ]
[ 2012-05-10T21:15:59+08:00 ] /myfcms/admin/index.php?m=Index&a=left | INFO: Tag[ view_parse ] --END-- [ RunTime:0.101609s ]
[ 2012-05-10T21:15:59+08:00 ] /myfcms/admin/index.php?m=Index&a=left | INFO: Tag[ view_filter ] --START--
[ 2012-05-10T21:15:59+08:00 ] /myfcms/admin/index.php?m=Index&a=left | INFO: Run ContentReplace Behavior [ RunTime:0.001322s ]
[ 2012-05-10T21:15:59+08:00 ] /myfcms/admin/index.php?m=Index&a=left | INFO: Run TokenBuild Behavior [ RunTime:0.001425s ]
[ 2012-05-10T21:15:59+08:00 ] /myfcms/admin/index.php?m=Index&a=left | INFO: Run WriteHtmlCache Behavior [ RunTime:0.000853s ]
[ 2012-05-10T21:15:59+08:00 ] /myfcms/admin/index.php?m=Index&a=left | INFO: Run ShowRuntime Behavior [ RunTime:0.003691s ]
[ 2012-05-10T21:15:59+08:00 ] /myfcms/admin/index.php?m=Index&a=left | INFO: Tag[ view_filter ] --END-- [ RunTime:0.007908s ]
[ 2012-05-10T21:15:59+08:00 ] /myfcms/admin/index.php?m=Index&a=left | INFO: Tag[ view_end ] --START--
[ 2012-05-10T21:15:59+08:00 ] /myfcms/admin/index.php?m=Index&a=left | INFO: Run ShowPageTrace Behavior [ RunTime:0.001697s ]
[ 2012-05-10T21:15:59+08:00 ] /myfcms/admin/index.php?m=Index&a=left | INFO: Tag[ view_end ] --END-- [ RunTime:0.001933s ]
[ 2012-05-10T21:15:59+08:00 ] /myfcms/admin/index.php?m=Index&a=main | INFO: Tag[ app_begin ] --START--
[ 2012-05-10T21:15:59+08:00 ] /myfcms/admin/index.php?m=Index&a=main | INFO: Run ReadHtmlCache Behavior [ RunTime:0.041007s ]
[ 2012-05-10T21:15:59+08:00 ] /myfcms/admin/index.php?m=Index&a=main | INFO: Tag[ app_begin ] --END-- [ RunTime:0.041380s ]
[ 2012-05-10T21:15:59+08:00 ] /myfcms/admin/index.php?m=Index&a=main | SQL: SHOW COLUMNS FROM `myf_archives` [ RunTime:0.011177s ]
[ 2012-05-10T21:15:59+08:00 ] /myfcms/admin/index.php?m=Index&a=main | SQL: SELECT `id`,`typeid`,`typename`,`flag`,`click`,`title`,`color`,`writer`,`source`,`litpic`,`keywords`,`description`,`sendtime`,`goodpost`,`badpost`,`adminid`,`adminname` FROM `myf_archives` ORDER BY id desc LIMIT 0,10   [ RunTime:0.004271s ]
[ 2012-05-10T21:15:59+08:00 ] /myfcms/admin/index.php?m=Index&a=main | SQL: SHOW COLUMNS FROM `myf_admin` [ RunTime:0.033918s ]
[ 2012-05-10T21:15:59+08:00 ] /myfcms/admin/index.php?m=Index&a=main | SQL: SELECT COUNT(*) AS tp_count FROM `myf_admin` LIMIT 1   [ RunTime:0.007128s ]
[ 2012-05-10T21:15:59+08:00 ] /myfcms/admin/index.php?m=Index&a=main | SQL: SELECT COUNT(*) AS tp_count FROM `myf_archives` LIMIT 1   [ RunTime:0.000625s ]
[ 2012-05-10T21:15:59+08:00 ] /myfcms/admin/index.php?m=Index&a=main | INFO: Tag[ view_template ] --START--
[ 2012-05-10T21:15:59+08:00 ] /myfcms/admin/index.php?m=Index&a=main | INFO: Run LocationTemplate Behavior [ RunTime:0.003970s ]
[ 2012-05-10T21:15:59+08:00 ] /myfcms/admin/index.php?m=Index&a=main | INFO: Tag[ view_template ] --END-- [ RunTime:0.004205s ]
[ 2012-05-10T21:15:59+08:00 ] /myfcms/admin/index.php?m=Index&a=main | INFO: Tag[ view_parse ] --START--
[ 2012-05-10T21:15:59+08:00 ] /myfcms/admin/index.php?m=Index&a=main | INFO: Run ParseTemplate Behavior [ RunTime:0.048585s ]
[ 2012-05-10T21:15:59+08:00 ] /myfcms/admin/index.php?m=Index&a=main | INFO: Tag[ view_parse ] --END-- [ RunTime:0.048879s ]
[ 2012-05-10T21:15:59+08:00 ] /myfcms/admin/index.php?m=Index&a=main | INFO: Tag[ view_filter ] --START--
[ 2012-05-10T21:15:59+08:00 ] /myfcms/admin/index.php?m=Index&a=main | INFO: Run ContentReplace Behavior [ RunTime:0.002838s ]
[ 2012-05-10T21:15:59+08:00 ] /myfcms/admin/index.php?m=Index&a=main | INFO: Run TokenBuild Behavior [ RunTime:0.001408s ]
[ 2012-05-10T21:15:59+08:00 ] /myfcms/admin/index.php?m=Index&a=main | INFO: Run WriteHtmlCache Behavior [ RunTime:0.000847s ]
[ 2012-05-10T21:15:59+08:00 ] /myfcms/admin/index.php?m=Index&a=main | INFO: Run ShowRuntime Behavior [ RunTime:0.001547s ]
[ 2012-05-10T21:15:59+08:00 ] /myfcms/admin/index.php?m=Index&a=main | INFO: Tag[ view_filter ] --END-- [ RunTime:0.007266s ]
[ 2012-05-10T21:15:59+08:00 ] /myfcms/admin/index.php?m=Index&a=main | INFO: Tag[ view_end ] --START--
[ 2012-05-10T21:15:59+08:00 ] /myfcms/admin/index.php?m=Index&a=main | INFO: Run ShowPageTrace Behavior [ RunTime:0.001532s ]
[ 2012-05-10T21:15:59+08:00 ] /myfcms/admin/index.php?m=Index&a=main | INFO: Tag[ view_end ] --END-- [ RunTime:0.001750s ]
[ 2012-05-10T21:16:02+08:00 ] /myfcms/admin/index.php?m=Arctype&a=main | INFO: Tag[ app_begin ] --START--
[ 2012-05-10T21:16:02+08:00 ] /myfcms/admin/index.php?m=Arctype&a=main | INFO: Run ReadHtmlCache Behavior [ RunTime:0.002044s ]
[ 2012-05-10T21:16:02+08:00 ] /myfcms/admin/index.php?m=Arctype&a=main | INFO: Tag[ app_begin ] --END-- [ RunTime:0.002412s ]
[ 2012-05-10T21:16:03+08:00 ] /myfcms/admin/index.php?m=Arctype&a=main | SQL: SHOW COLUMNS FROM `myf_arctype` [ RunTime:0.011421s ]
[ 2012-05-10T21:16:03+08:00 ] /myfcms/admin/index.php?m=Arctype&a=main | SQL: SELECT `id`,`topid`,`sortrank`,`typename`,`typedir`,`arcnamerule`,`listnamerule`,`keywords`,`seotitle`,`description`,`typepro` FROM `myf_arctype` ORDER BY sortrank asc  [ RunTime:0.002839s ]
[ 2012-05-10T21:16:03+08:00 ] /myfcms/admin/index.php?m=Arctype&a=main | NOTIC: [2] Invalid argument supplied for foreach() MyfService.class.php 第 42 行.
[ 2012-05-10T21:16:03+08:00 ] /myfcms/admin/index.php?m=Arctype&a=main | INFO: Tag[ view_template ] --START--
[ 2012-05-10T21:16:03+08:00 ] /myfcms/admin/index.php?m=Arctype&a=main | INFO: Run LocationTemplate Behavior [ RunTime:0.005493s ]
[ 2012-05-10T21:16:03+08:00 ] /myfcms/admin/index.php?m=Arctype&a=main | INFO: Tag[ view_template ] --END-- [ RunTime:0.005768s ]
[ 2012-05-10T21:16:03+08:00 ] /myfcms/admin/index.php?m=Arctype&a=main | INFO: Tag[ view_parse ] --START--
[ 2012-05-10T21:16:03+08:00 ] /myfcms/admin/index.php?m=Arctype&a=main | INFO: Run ParseTemplate Behavior [ RunTime:0.111715s ]
[ 2012-05-10T21:16:03+08:00 ] /myfcms/admin/index.php?m=Arctype&a=main | INFO: Tag[ view_parse ] --END-- [ RunTime:0.112005s ]
[ 2012-05-10T21:16:03+08:00 ] /myfcms/admin/index.php?m=Arctype&a=main | INFO: Tag[ view_filter ] --START--
[ 2012-05-10T21:16:03+08:00 ] /myfcms/admin/index.php?m=Arctype&a=main | INFO: Run ContentReplace Behavior [ RunTime:0.001253s ]
[ 2012-05-10T21:16:03+08:00 ] /myfcms/admin/index.php?m=Arctype&a=main | INFO: Run TokenBuild Behavior [ RunTime:0.001451s ]
[ 2012-05-10T21:16:03+08:00 ] /myfcms/admin/index.php?m=Arctype&a=main | INFO: Run WriteHtmlCache Behavior [ RunTime:0.000946s ]
[ 2012-05-10T21:16:03+08:00 ] /myfcms/admin/index.php?m=Arctype&a=main | INFO: Run ShowRuntime Behavior [ RunTime:0.002759s ]
[ 2012-05-10T21:16:03+08:00 ] /myfcms/admin/index.php?m=Arctype&a=main | INFO: Tag[ view_filter ] --END-- [ RunTime:0.007056s ]
[ 2012-05-10T21:16:03+08:00 ] /myfcms/admin/index.php?m=Arctype&a=main | INFO: Tag[ view_end ] --START--
[ 2012-05-10T21:16:03+08:00 ] /myfcms/admin/index.php?m=Arctype&a=main | INFO: Run ShowPageTrace Behavior [ RunTime:0.001604s ]
[ 2012-05-10T21:16:03+08:00 ] /myfcms/admin/index.php?m=Arctype&a=main | INFO: Tag[ view_end ] --END-- [ RunTime:0.001825s ]
[ 2012-05-10T21:16:06+08:00 ] /myfcms/admin/index.php?m=Moban&a=main&theme=default | INFO: Tag[ app_begin ] --START--
[ 2012-05-10T21:16:06+08:00 ] /myfcms/admin/index.php?m=Moban&a=main&theme=default | INFO: Run ReadHtmlCache Behavior [ RunTime:0.001901s ]
[ 2012-05-10T21:16:06+08:00 ] /myfcms/admin/index.php?m=Moban&a=main&theme=default | INFO: Tag[ app_begin ] --END-- [ RunTime:0.002238s ]
[ 2012-05-10T21:16:06+08:00 ] /myfcms/admin/index.php?m=Moban&a=main&theme=default | SQL: SHOW COLUMNS FROM `myf_moban` [ RunTime:0.009802s ]
[ 2012-05-10T21:16:06+08:00 ] /myfcms/admin/index.php?m=Moban&a=main&theme=default | SQL: SELECT * FROM `myf_moban` WHERE theme='default'  [ RunTime:0.002571s ]
[ 2012-05-10T21:16:06+08:00 ] /myfcms/admin/index.php?m=Moban&a=main&theme=default | INFO: Tag[ view_template ] --START--
[ 2012-05-10T21:16:06+08:00 ] /myfcms/admin/index.php?m=Moban&a=main&theme=default | INFO: Run LocationTemplate Behavior [ RunTime:0.007115s ]
[ 2012-05-10T21:16:06+08:00 ] /myfcms/admin/index.php?m=Moban&a=main&theme=default | INFO: Tag[ view_template ] --END-- [ RunTime:0.007386s ]
[ 2012-05-10T21:16:06+08:00 ] /myfcms/admin/index.php?m=Moban&a=main&theme=default | INFO: Tag[ view_parse ] --START--
[ 2012-05-10T21:16:06+08:00 ] /myfcms/admin/index.php?m=Moban&a=main&theme=default | INFO: Run ParseTemplate Behavior [ RunTime:0.042525s ]
[ 2012-05-10T21:16:06+08:00 ] /myfcms/admin/index.php?m=Moban&a=main&theme=default | INFO: Tag[ view_parse ] --END-- [ RunTime:0.042803s ]
[ 2012-05-10T21:16:06+08:00 ] /myfcms/admin/index.php?m=Moban&a=main&theme=default | INFO: Tag[ view_filter ] --START--
[ 2012-05-10T21:16:06+08:00 ] /myfcms/admin/index.php?m=Moban&a=main&theme=default | INFO: Run ContentReplace Behavior [ RunTime:0.001204s ]
[ 2012-05-10T21:16:06+08:00 ] /myfcms/admin/index.php?m=Moban&a=main&theme=default | INFO: Run TokenBuild Behavior [ RunTime:0.001419s ]
[ 2012-05-10T21:16:06+08:00 ] /myfcms/admin/index.php?m=Moban&a=main&theme=default | INFO: Run WriteHtmlCache Behavior [ RunTime:0.001100s ]
[ 2012-05-10T21:16:06+08:00 ] /myfcms/admin/index.php?m=Moban&a=main&theme=default | INFO: Run ShowRuntime Behavior [ RunTime:0.001707s ]
[ 2012-05-10T21:16:06+08:00 ] /myfcms/admin/index.php?m=Moban&a=main&theme=default | INFO: Tag[ view_filter ] --END-- [ RunTime:0.006040s ]
[ 2012-05-10T21:16:06+08:00 ] /myfcms/admin/index.php?m=Moban&a=main&theme=default | INFO: Tag[ view_end ] --START--
[ 2012-05-10T21:16:06+08:00 ] /myfcms/admin/index.php?m=Moban&a=main&theme=default | INFO: Run ShowPageTrace Behavior [ RunTime:0.001537s ]
[ 2012-05-10T21:16:06+08:00 ] /myfcms/admin/index.php?m=Moban&a=main&theme=default | INFO: Tag[ view_end ] --END-- [ RunTime:0.001777s ]
[ 2012-05-10T21:22:21+08:00 ] /myfcms/admin/ | INFO: Tag[ app_begin ] --START--
[ 2012-05-10T21:22:21+08:00 ] /myfcms/admin/ | INFO: Run ReadHtmlCache Behavior [ RunTime:0.005420s ]
[ 2012-05-10T21:22:21+08:00 ] /myfcms/admin/ | INFO: Tag[ app_begin ] --END-- [ RunTime:0.005797s ]
[ 2012-05-10T21:22:21+08:00 ] /myfcms/admin/ | INFO: Tag[ view_template ] --START--
[ 2012-05-10T21:22:21+08:00 ] /myfcms/admin/ | INFO: Run LocationTemplate Behavior [ RunTime:0.007272s ]
[ 2012-05-10T21:22:21+08:00 ] /myfcms/admin/ | INFO: Tag[ view_template ] --END-- [ RunTime:0.007566s ]
[ 2012-05-10T21:22:21+08:00 ] /myfcms/admin/ | INFO: Tag[ view_parse ] --START--
[ 2012-05-10T21:22:21+08:00 ] /myfcms/admin/ | INFO: Run ParseTemplate Behavior [ RunTime:0.028493s ]
[ 2012-05-10T21:22:21+08:00 ] /myfcms/admin/ | INFO: Tag[ view_parse ] --END-- [ RunTime:0.028777s ]
[ 2012-05-10T21:22:21+08:00 ] /myfcms/admin/ | INFO: Tag[ view_filter ] --START--
[ 2012-05-10T21:22:21+08:00 ] /myfcms/admin/ | INFO: Run ContentReplace Behavior [ RunTime:0.001194s ]
[ 2012-05-10T21:22:21+08:00 ] /myfcms/admin/ | INFO: Run TokenBuild Behavior [ RunTime:0.001255s ]
[ 2012-05-10T21:22:21+08:00 ] /myfcms/admin/ | INFO: Run WriteHtmlCache Behavior [ RunTime:0.000802s ]
[ 2012-05-10T21:22:21+08:00 ] /myfcms/admin/ | INFO: Run ShowRuntime Behavior [ RunTime:0.001622s ]
[ 2012-05-10T21:22:21+08:00 ] /myfcms/admin/ | INFO: Tag[ view_filter ] --END-- [ RunTime:0.005459s ]
[ 2012-05-10T21:22:21+08:00 ] /myfcms/admin/ | INFO: Tag[ view_end ] --START--
[ 2012-05-10T21:22:21+08:00 ] /myfcms/admin/ | INFO: Run ShowPageTrace Behavior [ RunTime:0.001522s ]
[ 2012-05-10T21:22:21+08:00 ] /myfcms/admin/ | INFO: Tag[ view_end ] --END-- [ RunTime:0.001736s ]
[ 2012-05-10T21:22:22+08:00 ] /myfcms/admin/index.php?m=Index&a=main | INFO: Tag[ app_begin ] --START--
[ 2012-05-10T21:22:22+08:00 ] /myfcms/admin/index.php?m=Index&a=main | INFO: Run ReadHtmlCache Behavior [ RunTime:0.004125s ]
[ 2012-05-10T21:22:22+08:00 ] /myfcms/admin/index.php?m=Index&a=main | INFO: Tag[ app_begin ] --END-- [ RunTime:0.004460s ]
[ 2012-05-10T21:22:22+08:00 ] /myfcms/admin/index.php?m=Index&a=main | SQL: SHOW COLUMNS FROM `myf_archives` [ RunTime:0.010968s ]
[ 2012-05-10T21:22:22+08:00 ] /myfcms/admin/index.php?m=Index&a=main | SQL: SELECT `id`,`typeid`,`typename`,`flag`,`click`,`title`,`color`,`writer`,`source`,`litpic`,`keywords`,`description`,`sendtime`,`goodpost`,`badpost`,`adminid`,`adminname` FROM `myf_archives` ORDER BY id desc LIMIT 0,10   [ RunTime:0.011492s ]
[ 2012-05-10T21:22:22+08:00 ] /myfcms/admin/index.php?m=Index&a=main | SQL: SHOW COLUMNS FROM `myf_admin` [ RunTime:0.009435s ]
[ 2012-05-10T21:22:22+08:00 ] /myfcms/admin/index.php?m=Index&a=main | SQL: SELECT COUNT(*) AS tp_count FROM `myf_admin` LIMIT 1   [ RunTime:0.007112s ]
[ 2012-05-10T21:22:22+08:00 ] /myfcms/admin/index.php?m=Index&a=main | SQL: SELECT COUNT(*) AS tp_count FROM `myf_archives` LIMIT 1   [ RunTime:0.000492s ]
[ 2012-05-10T21:22:22+08:00 ] /myfcms/admin/index.php?m=Index&a=main | INFO: Tag[ view_template ] --START--
[ 2012-05-10T21:22:22+08:00 ] /myfcms/admin/index.php?m=Index&a=main | INFO: Run LocationTemplate Behavior [ RunTime:0.006396s ]
[ 2012-05-10T21:22:22+08:00 ] /myfcms/admin/index.php?m=Index&a=main | INFO: Tag[ view_template ] --END-- [ RunTime:0.006644s ]
[ 2012-05-10T21:22:22+08:00 ] /myfcms/admin/index.php?m=Index&a=main | INFO: Tag[ view_parse ] --START--
[ 2012-05-10T21:22:22+08:00 ] /myfcms/admin/index.php?m=Index&a=main | INFO: Run ParseTemplate Behavior [ RunTime:0.063279s ]
[ 2012-05-10T21:22:22+08:00 ] /myfcms/admin/index.php?m=Index&a=main | INFO: Tag[ view_parse ] --END-- [ RunTime:0.063566s ]
[ 2012-05-10T21:22:22+08:00 ] /myfcms/admin/index.php?m=Index&a=main | INFO: Tag[ view_filter ] --START--
[ 2012-05-10T21:22:22+08:00 ] /myfcms/admin/index.php?m=Index&a=main | INFO: Run ContentReplace Behavior [ RunTime:0.003837s ]
[ 2012-05-10T21:22:22+08:00 ] /myfcms/admin/index.php?m=Index&a=main | INFO: Run TokenBuild Behavior [ RunTime:0.003817s ]
[ 2012-05-10T21:22:22+08:00 ] /myfcms/admin/index.php?m=Index&a=main | INFO: Run WriteHtmlCache Behavior [ RunTime:0.003461s ]
[ 2012-05-10T21:22:22+08:00 ] /myfcms/admin/index.php?m=Index&a=main | INFO: Run ShowRuntime Behavior [ RunTime:0.004067s ]
[ 2012-05-10T21:22:22+08:00 ] /myfcms/admin/index.php?m=Index&a=main | INFO: Tag[ view_filter ] --END-- [ RunTime:0.015847s ]
[ 2012-05-10T21:22:22+08:00 ] /myfcms/admin/index.php?m=Index&a=main | INFO: Tag[ view_end ] --START--
[ 2012-05-10T21:22:22+08:00 ] /myfcms/admin/index.php?m=Index&a=main | INFO: Run ShowPageTrace Behavior [ RunTime:0.003816s ]
[ 2012-05-10T21:22:22+08:00 ] /myfcms/admin/index.php?m=Index&a=main | INFO: Tag[ view_end ] --END-- [ RunTime:0.004034s ]
[ 2012-05-10T21:22:22+08:00 ] /myfcms/admin/index.php?m=Index&a=left | INFO: Tag[ app_begin ] --START--
[ 2012-05-10T21:22:22+08:00 ] /myfcms/admin/index.php?m=Index&a=left | INFO: Run ReadHtmlCache Behavior [ RunTime:0.108132s ]
[ 2012-05-10T21:22:22+08:00 ] /myfcms/admin/index.php?m=Index&a=left | INFO: Tag[ app_begin ] --END-- [ RunTime:0.108499s ]
[ 2012-05-10T21:22:22+08:00 ] /myfcms/admin/index.php?m=Index&a=left | INFO: Tag[ view_template ] --START--
[ 2012-05-10T21:22:22+08:00 ] /myfcms/admin/index.php?m=Index&a=left | INFO: Run LocationTemplate Behavior [ RunTime:0.006001s ]
[ 2012-05-10T21:22:22+08:00 ] /myfcms/admin/index.php?m=Index&a=left | INFO: Tag[ view_template ] --END-- [ RunTime:0.006275s ]
[ 2012-05-10T21:22:22+08:00 ] /myfcms/admin/index.php?m=Index&a=left | INFO: Tag[ view_parse ] --START--
[ 2012-05-10T21:22:22+08:00 ] /myfcms/admin/index.php?m=Index&a=left | INFO: Run ParseTemplate Behavior [ RunTime:0.161653s ]
[ 2012-05-10T21:22:22+08:00 ] /myfcms/admin/index.php?m=Index&a=left | INFO: Tag[ view_parse ] --END-- [ RunTime:0.161950s ]
[ 2012-05-10T21:22:22+08:00 ] /myfcms/admin/index.php?m=Index&a=left | INFO: Tag[ view_filter ] --START--
[ 2012-05-10T21:22:22+08:00 ] /myfcms/admin/index.php?m=Index&a=left | INFO: Run ContentReplace Behavior [ RunTime:0.003706s ]
[ 2012-05-10T21:22:22+08:00 ] /myfcms/admin/index.php?m=Index&a=left | INFO: Run TokenBuild Behavior [ RunTime:0.006314s ]
[ 2012-05-10T21:22:22+08:00 ] /myfcms/admin/index.php?m=Index&a=left | INFO: Run WriteHtmlCache Behavior [ RunTime:0.003588s ]
[ 2012-05-10T21:22:22+08:00 ] /myfcms/admin/index.php?m=Index&a=left | INFO: Run ShowRuntime Behavior [ RunTime:0.004015s ]
[ 2012-05-10T21:22:22+08:00 ] /myfcms/admin/index.php?m=Index&a=left | INFO: Tag[ view_filter ] --END-- [ RunTime:0.018371s ]
[ 2012-05-10T21:22:22+08:00 ] /myfcms/admin/index.php?m=Index&a=left | INFO: Tag[ view_end ] --START--
[ 2012-05-10T21:22:22+08:00 ] /myfcms/admin/index.php?m=Index&a=left | INFO: Run ShowPageTrace Behavior [ RunTime:0.007142s ]
[ 2012-05-10T21:22:22+08:00 ] /myfcms/admin/index.php?m=Index&a=left | INFO: Tag[ view_end ] --END-- [ RunTime:0.007404s ]
[ 2012-05-10T21:22:22+08:00 ] /myfcms/admin/index.php?m=Index&a=top | INFO: Tag[ app_begin ] --START--
[ 2012-05-10T21:22:22+08:00 ] /myfcms/admin/index.php?m=Index&a=top | INFO: Run ReadHtmlCache Behavior [ RunTime:0.001921s ]
[ 2012-05-10T21:22:22+08:00 ] /myfcms/admin/index.php?m=Index&a=top | INFO: Tag[ app_begin ] --END-- [ RunTime:0.002263s ]
[ 2012-05-10T21:22:22+08:00 ] /myfcms/admin/index.php?m=Index&a=top | INFO: Tag[ view_template ] --START--
[ 2012-05-10T21:22:22+08:00 ] /myfcms/admin/index.php?m=Index&a=top | INFO: Run LocationTemplate Behavior [ RunTime:0.003939s ]
[ 2012-05-10T21:22:22+08:00 ] /myfcms/admin/index.php?m=Index&a=top | INFO: Tag[ view_template ] --END-- [ RunTime:0.004251s ]
[ 2012-05-10T21:22:22+08:00 ] /myfcms/admin/index.php?m=Index&a=top | INFO: Tag[ view_parse ] --START--
[ 2012-05-10T21:22:22+08:00 ] /myfcms/admin/index.php?m=Index&a=top | INFO: Run ParseTemplate Behavior [ RunTime:0.040379s ]
[ 2012-05-10T21:22:22+08:00 ] /myfcms/admin/index.php?m=Index&a=top | INFO: Tag[ view_parse ] --END-- [ RunTime:0.040662s ]
[ 2012-05-10T21:22:22+08:00 ] /myfcms/admin/index.php?m=Index&a=top | INFO: Tag[ view_filter ] --START--
[ 2012-05-10T21:22:22+08:00 ] /myfcms/admin/index.php?m=Index&a=top | INFO: Run ContentReplace Behavior [ RunTime:0.001249s ]
[ 2012-05-10T21:22:22+08:00 ] /myfcms/admin/index.php?m=Index&a=top | INFO: Run TokenBuild Behavior [ RunTime:0.001595s ]
[ 2012-05-10T21:22:22+08:00 ] /myfcms/admin/index.php?m=Index&a=top | INFO: Run WriteHtmlCache Behavior [ RunTime:0.002281s ]
[ 2012-05-10T21:22:22+08:00 ] /myfcms/admin/index.php?m=Index&a=top | INFO: Run ShowRuntime Behavior [ RunTime:0.001687s ]
[ 2012-05-10T21:22:22+08:00 ] /myfcms/admin/index.php?m=Index&a=top | INFO: Tag[ view_filter ] --END-- [ RunTime:0.007487s ]
[ 2012-05-10T21:22:22+08:00 ] /myfcms/admin/index.php?m=Index&a=top | INFO: Tag[ view_end ] --START--
[ 2012-05-10T21:22:22+08:00 ] /myfcms/admin/index.php?m=Index&a=top | INFO: Run ShowPageTrace Behavior [ RunTime:0.003755s ]
[ 2012-05-10T21:22:22+08:00 ] /myfcms/admin/index.php?m=Index&a=top | INFO: Tag[ view_end ] --END-- [ RunTime:0.003996s ]
[ 2012-05-10T21:23:58+08:00 ] /myfcms/admin/index.php?m=Archives&a=main | INFO: Tag[ app_begin ] --START--
[ 2012-05-10T21:23:58+08:00 ] /myfcms/admin/index.php?m=Archives&a=main | INFO: Run ReadHtmlCache Behavior [ RunTime:0.002259s ]
[ 2012-05-10T21:23:58+08:00 ] /myfcms/admin/index.php?m=Archives&a=main | INFO: Tag[ app_begin ] --END-- [ RunTime:0.002772s ]
[ 2012-05-10T21:23:58+08:00 ] /myfcms/admin/index.php?m=Archives&a=main | NOTIC: [8] Undefined index:  p ArchivesAction.class.php 第 13 行.
[ 2012-05-10T21:23:58+08:00 ] /myfcms/admin/index.php?m=Archives&a=main | NOTIC: [8] Undefined index:  keyword ArchivesAction.class.php 第 19 行.
[ 2012-05-10T21:23:58+08:00 ] /myfcms/admin/index.php?m=Archives&a=main | NOTIC: [8] Undefined index:  typeid ArchivesAction.class.php 第 24 行.
[ 2012-05-10T21:23:58+08:00 ] /myfcms/admin/index.php?m=Archives&a=main | SQL: SHOW COLUMNS FROM `myf_archives` [ RunTime:0.010378s ]
[ 2012-05-10T21:23:58+08:00 ] /myfcms/admin/index.php?m=Archives&a=main | SQL: SELECT COUNT(*) AS tp_count FROM `myf_archives` WHERE 1=1 LIMIT 1   [ RunTime:0.002275s ]
[ 2012-05-10T21:23:58+08:00 ] /myfcms/admin/index.php?m=Archives&a=main | SQL: SELECT `id`,`typeid`,`typename`,`flag`,`click`,`title`,`color`,`writer`,`source`,`litpic`,`keywords`,`description`,`sendtime`,`goodpost`,`badpost`,`adminid`,`adminname` FROM `myf_archives` WHERE 1=1 ORDER BY id desc LIMIT 0,20   [ RunTime:0.000673s ]
[ 2012-05-10T21:23:58+08:00 ] /myfcms/admin/index.php?m=Archives&a=main | SQL: SHOW COLUMNS FROM `myf_arctype` [ RunTime:0.010309s ]
[ 2012-05-10T21:23:58+08:00 ] /myfcms/admin/index.php?m=Archives&a=main | SQL: SELECT `id`,`topid`,`sortrank`,`typename`,`typedir`,`arcnamerule`,`listnamerule`,`keywords`,`seotitle`,`description`,`typepro` FROM `myf_arctype` ORDER BY sortrank asc  [ RunTime:0.004638s ]
[ 2012-05-10T21:23:58+08:00 ] /myfcms/admin/index.php?m=Archives&a=main | NOTIC: [2] Invalid argument supplied for foreach() MyfService.class.php 第 42 行.
[ 2012-05-10T21:23:58+08:00 ] /myfcms/admin/index.php?m=Archives&a=main | INFO: Tag[ view_template ] --START--
[ 2012-05-10T21:23:58+08:00 ] /myfcms/admin/index.php?m=Archives&a=main | INFO: Run LocationTemplate Behavior [ RunTime:0.004211s ]
[ 2012-05-10T21:23:58+08:00 ] /myfcms/admin/index.php?m=Archives&a=main | INFO: Tag[ view_template ] --END-- [ RunTime:0.004461s ]
[ 2012-05-10T21:23:58+08:00 ] /myfcms/admin/index.php?m=Archives&a=main | INFO: Tag[ view_parse ] --START--
[ 2012-05-10T21:23:58+08:00 ] /myfcms/admin/index.php?m=Archives&a=main | INFO: Run ParseTemplate Behavior [ RunTime:0.057297s ]
[ 2012-05-10T21:23:58+08:00 ] /myfcms/admin/index.php?m=Archives&a=main | INFO: Tag[ view_parse ] --END-- [ RunTime:0.057595s ]
[ 2012-05-10T21:23:58+08:00 ] /myfcms/admin/index.php?m=Archives&a=main | INFO: Tag[ view_filter ] --START--
[ 2012-05-10T21:23:58+08:00 ] /myfcms/admin/index.php?m=Archives&a=main | INFO: Run ContentReplace Behavior [ RunTime:0.001332s ]
[ 2012-05-10T21:23:58+08:00 ] /myfcms/admin/index.php?m=Archives&a=main | INFO: Run TokenBuild Behavior [ RunTime:0.001597s ]
[ 2012-05-10T21:23:58+08:00 ] /myfcms/admin/index.php?m=Archives&a=main | INFO: Run WriteHtmlCache Behavior [ RunTime:0.000831s ]
[ 2012-05-10T21:23:58+08:00 ] /myfcms/admin/index.php?m=Archives&a=main | INFO: Run ShowRuntime Behavior [ RunTime:0.001542s ]
[ 2012-05-10T21:23:58+08:00 ] /myfcms/admin/index.php?m=Archives&a=main | INFO: Tag[ view_filter ] --END-- [ RunTime:0.005900s ]
[ 2012-05-10T21:23:58+08:00 ] /myfcms/admin/index.php?m=Archives&a=main | NOTIC: [2] Cannot modify header information - headers already sent by (output started at D:\AppServ\www\myfcms\admin\Lib\Action\ArchivesAction.class.php:258) View.class.php 第 120 行.
[ 2012-05-10T21:23:58+08:00 ] /myfcms/admin/index.php?m=Archives&a=main | NOTIC: [2] Cannot modify header information - headers already sent by (output started at D:\AppServ\www\myfcms\admin\Lib\Action\ArchivesAction.class.php:258) View.class.php 第 121 行.
[ 2012-05-10T21:23:58+08:00 ] /myfcms/admin/index.php?m=Archives&a=main | NOTIC: [2] Cannot modify header information - headers already sent by (output started at D:\AppServ\www\myfcms\admin\Lib\Action\ArchivesAction.class.php:258) View.class.php 第 122 行.
[ 2012-05-10T21:23:58+08:00 ] /myfcms/admin/index.php?m=Archives&a=main | INFO: Tag[ view_end ] --START--
[ 2012-05-10T21:23:58+08:00 ] /myfcms/admin/index.php?m=Archives&a=main | INFO: Run ShowPageTrace Behavior [ RunTime:0.001583s ]
[ 2012-05-10T21:23:58+08:00 ] /myfcms/admin/index.php?m=Archives&a=main | INFO: Tag[ view_end ] --END-- [ RunTime:0.001863s ]
[ 2012-05-10T21:24:03+08:00 ] /myfcms/admin/index.php | INFO: Tag[ app_begin ] --START--
[ 2012-05-10T21:24:03+08:00 ] /myfcms/admin/index.php | INFO: Run ReadHtmlCache Behavior [ RunTime:0.002000s ]
[ 2012-05-10T21:24:03+08:00 ] /myfcms/admin/index.php | INFO: Tag[ app_begin ] --END-- [ RunTime:0.002407s ]
[ 2012-05-10T21:24:03+08:00 ] /myfcms/admin/index.php | INFO: Tag[ view_template ] --START--
[ 2012-05-10T21:24:03+08:00 ] /myfcms/admin/index.php | INFO: Run LocationTemplate Behavior [ RunTime:0.003850s ]
[ 2012-05-10T21:24:03+08:00 ] /myfcms/admin/index.php | INFO: Tag[ view_template ] --END-- [ RunTime:0.004162s ]
[ 2012-05-10T21:24:03+08:00 ] /myfcms/admin/index.php | INFO: Tag[ view_parse ] --START--
[ 2012-05-10T21:24:03+08:00 ] /myfcms/admin/index.php | INFO: Run ParseTemplate Behavior [ RunTime:0.029451s ]
[ 2012-05-10T21:24:03+08:00 ] /myfcms/admin/index.php | INFO: Tag[ view_parse ] --END-- [ RunTime:0.029966s ]
[ 2012-05-10T21:24:03+08:00 ] /myfcms/admin/index.php | INFO: Tag[ view_filter ] --START--
[ 2012-05-10T21:24:03+08:00 ] /myfcms/admin/index.php | INFO: Run ContentReplace Behavior [ RunTime:0.001238s ]
[ 2012-05-10T21:24:03+08:00 ] /myfcms/admin/index.php | INFO: Run TokenBuild Behavior [ RunTime:0.001295s ]
[ 2012-05-10T21:24:03+08:00 ] /myfcms/admin/index.php | INFO: Run WriteHtmlCache Behavior [ RunTime:0.001030s ]
[ 2012-05-10T21:24:03+08:00 ] /myfcms/admin/index.php | INFO: Run ShowRuntime Behavior [ RunTime:0.001864s ]
[ 2012-05-10T21:24:03+08:00 ] /myfcms/admin/index.php | INFO: Tag[ view_filter ] --END-- [ RunTime:0.006066s ]
[ 2012-05-10T21:24:03+08:00 ] /myfcms/admin/index.php | INFO: Tag[ view_end ] --START--
[ 2012-05-10T21:24:03+08:00 ] /myfcms/admin/index.php | INFO: Run ShowPageTrace Behavior [ RunTime:0.001607s ]
[ 2012-05-10T21:24:03+08:00 ] /myfcms/admin/index.php | INFO: Tag[ view_end ] --END-- [ RunTime:0.001836s ]
[ 2012-05-10T21:24:03+08:00 ] /myfcms/admin/index.php?m=Index&a=top | INFO: Tag[ app_begin ] --START--
[ 2012-05-10T21:24:03+08:00 ] /myfcms/admin/index.php?m=Index&a=top | INFO: Run ReadHtmlCache Behavior [ RunTime:0.001931s ]
[ 2012-05-10T21:24:03+08:00 ] /myfcms/admin/index.php?m=Index&a=top | INFO: Tag[ app_begin ] --END-- [ RunTime:0.002265s ]
[ 2012-05-10T21:24:03+08:00 ] /myfcms/admin/index.php?m=Index&a=top | INFO: Tag[ view_template ] --START--
[ 2012-05-10T21:24:04+08:00 ] /myfcms/admin/index.php?m=Index&a=top | INFO: Run LocationTemplate Behavior [ RunTime:0.009670s ]
[ 2012-05-10T21:24:04+08:00 ] /myfcms/admin/index.php?m=Index&a=top | INFO: Tag[ view_template ] --END-- [ RunTime:0.009949s ]
[ 2012-05-10T21:24:04+08:00 ] /myfcms/admin/index.php?m=Index&a=top | INFO: Tag[ view_parse ] --START--
[ 2012-05-10T21:24:04+08:00 ] /myfcms/admin/index.php?m=Index&a=top | INFO: Run ParseTemplate Behavior [ RunTime:0.199196s ]
[ 2012-05-10T21:24:04+08:00 ] /myfcms/admin/index.php?m=Index&a=top | INFO: Tag[ view_parse ] --END-- [ RunTime:0.199487s ]
[ 2012-05-10T21:24:04+08:00 ] /myfcms/admin/index.php?m=Index&a=top | INFO: Tag[ view_filter ] --START--
[ 2012-05-10T21:24:04+08:00 ] /myfcms/admin/index.php?m=Index&a=top | INFO: Run ContentReplace Behavior [ RunTime:0.002334s ]
[ 2012-05-10T21:24:04+08:00 ] /myfcms/admin/index.php?m=Index&a=top | INFO: Run TokenBuild Behavior [ RunTime:0.003143s ]
[ 2012-05-10T21:24:04+08:00 ] /myfcms/admin/index.php?m=Index&a=top | INFO: Run WriteHtmlCache Behavior [ RunTime:0.000934s ]
[ 2012-05-10T21:24:04+08:00 ] /myfcms/admin/index.php?m=Index&a=top | INFO: Run ShowRuntime Behavior [ RunTime:0.002185s ]
[ 2012-05-10T21:24:04+08:00 ] /myfcms/admin/index.php?m=Index&a=top | INFO: Tag[ view_filter ] --END-- [ RunTime:0.009379s ]
[ 2012-05-10T21:24:04+08:00 ] /myfcms/admin/index.php?m=Index&a=top | INFO: Tag[ view_end ] --START--
[ 2012-05-10T21:24:04+08:00 ] /myfcms/admin/index.php?m=Index&a=top | INFO: Run ShowPageTrace Behavior [ RunTime:0.001635s ]
[ 2012-05-10T21:24:04+08:00 ] /myfcms/admin/index.php?m=Index&a=top | INFO: Tag[ view_end ] --END-- [ RunTime:0.004303s ]
[ 2012-05-10T21:24:04+08:00 ] /myfcms/admin/index.php?m=Index&a=left | INFO: Tag[ app_begin ] --START--
[ 2012-05-10T21:24:04+08:00 ] /myfcms/admin/index.php?m=Index&a=left | INFO: Run ReadHtmlCache Behavior [ RunTime:0.004056s ]
[ 2012-05-10T21:24:04+08:00 ] /myfcms/admin/index.php?m=Index&a=left | INFO: Tag[ app_begin ] --END-- [ RunTime:0.004402s ]
[ 2012-05-10T21:24:04+08:00 ] /myfcms/admin/index.php?m=Index&a=left | INFO: Tag[ view_template ] --START--
[ 2012-05-10T21:24:04+08:00 ] /myfcms/admin/index.php?m=Index&a=left | INFO: Run LocationTemplate Behavior [ RunTime:0.004345s ]
[ 2012-05-10T21:24:04+08:00 ] /myfcms/admin/index.php?m=Index&a=left | INFO: Tag[ view_template ] --END-- [ RunTime:0.004627s ]
[ 2012-05-10T21:24:04+08:00 ] /myfcms/admin/index.php?m=Index&a=left | INFO: Tag[ view_parse ] --START--
[ 2012-05-10T21:24:04+08:00 ] /myfcms/admin/index.php?m=Index&a=left | INFO: Run ParseTemplate Behavior [ RunTime:0.061880s ]
[ 2012-05-10T21:24:04+08:00 ] /myfcms/admin/index.php?m=Index&a=left | INFO: Tag[ view_parse ] --END-- [ RunTime:0.062387s ]
[ 2012-05-10T21:24:04+08:00 ] /myfcms/admin/index.php?m=Index&a=left | INFO: Tag[ view_filter ] --START--
[ 2012-05-10T21:24:04+08:00 ] /myfcms/admin/index.php?m=Index&a=left | INFO: Run ContentReplace Behavior [ RunTime:0.002954s ]
[ 2012-05-10T21:24:04+08:00 ] /myfcms/admin/index.php?m=Index&a=left | INFO: Run TokenBuild Behavior [ RunTime:0.001716s ]
[ 2012-05-10T21:24:04+08:00 ] /myfcms/admin/index.php?m=Index&a=left | INFO: Run WriteHtmlCache Behavior [ RunTime:0.001014s ]
[ 2012-05-10T21:24:04+08:00 ] /myfcms/admin/index.php?m=Index&a=left | INFO: Run ShowRuntime Behavior [ RunTime:0.002054s ]
[ 2012-05-10T21:24:04+08:00 ] /myfcms/admin/index.php?m=Index&a=left | INFO: Tag[ view_filter ] --END-- [ RunTime:0.008408s ]
[ 2012-05-10T21:24:04+08:00 ] /myfcms/admin/index.php?m=Index&a=left | INFO: Tag[ view_end ] --START--
[ 2012-05-10T21:24:04+08:00 ] /myfcms/admin/index.php?m=Index&a=left | INFO: Run ShowPageTrace Behavior [ RunTime:0.001774s ]
[ 2012-05-10T21:24:04+08:00 ] /myfcms/admin/index.php?m=Index&a=left | INFO: Tag[ view_end ] --END-- [ RunTime:0.001997s ]
[ 2012-05-10T21:24:04+08:00 ] /myfcms/admin/index.php?m=Index&a=main | INFO: Tag[ app_begin ] --START--
[ 2012-05-10T21:24:04+08:00 ] /myfcms/admin/index.php?m=Index&a=main | INFO: Run ReadHtmlCache Behavior [ RunTime:0.007969s ]
[ 2012-05-10T21:24:04+08:00 ] /myfcms/admin/index.php?m=Index&a=main | INFO: Tag[ app_begin ] --END-- [ RunTime:0.008358s ]
[ 2012-05-10T21:24:04+08:00 ] /myfcms/admin/index.php?m=Index&a=main | SQL: SHOW COLUMNS FROM `myf_archives` [ RunTime:0.010115s ]
[ 2012-05-10T21:24:04+08:00 ] /myfcms/admin/index.php?m=Index&a=main | SQL: SELECT `id`,`typeid`,`typename`,`flag`,`click`,`title`,`color`,`writer`,`source`,`litpic`,`keywords`,`description`,`sendtime`,`goodpost`,`badpost`,`adminid`,`adminname` FROM `myf_archives` ORDER BY id desc LIMIT 0,10   [ RunTime:0.006728s ]
[ 2012-05-10T21:24:04+08:00 ] /myfcms/admin/index.php?m=Index&a=main | SQL: SHOW COLUMNS FROM `myf_admin` [ RunTime:0.019492s ]
[ 2012-05-10T21:24:04+08:00 ] /myfcms/admin/index.php?m=Index&a=main | SQL: SELECT COUNT(*) AS tp_count FROM `myf_admin` LIMIT 1   [ RunTime:0.010196s ]
[ 2012-05-10T21:24:04+08:00 ] /myfcms/admin/index.php?m=Index&a=main | SQL: SELECT COUNT(*) AS tp_count FROM `myf_archives` LIMIT 1   [ RunTime:0.001819s ]
[ 2012-05-10T21:24:04+08:00 ] /myfcms/admin/index.php?m=Index&a=main | INFO: Tag[ view_template ] --START--
[ 2012-05-10T21:24:04+08:00 ] /myfcms/admin/index.php?m=Index&a=main | INFO: Run LocationTemplate Behavior [ RunTime:0.007567s ]
[ 2012-05-10T21:24:04+08:00 ] /myfcms/admin/index.php?m=Index&a=main | INFO: Tag[ view_template ] --END-- [ RunTime:0.007824s ]
[ 2012-05-10T21:24:04+08:00 ] /myfcms/admin/index.php?m=Index&a=main | INFO: Tag[ view_parse ] --START--
[ 2012-05-10T21:24:04+08:00 ] /myfcms/admin/index.php?m=Index&a=main | INFO: Run ParseTemplate Behavior [ RunTime:0.066911s ]
[ 2012-05-10T21:24:04+08:00 ] /myfcms/admin/index.php?m=Index&a=main | INFO: Tag[ view_parse ] --END-- [ RunTime:0.067205s ]
[ 2012-05-10T21:24:04+08:00 ] /myfcms/admin/index.php?m=Index&a=main | INFO: Tag[ view_filter ] --START--
[ 2012-05-10T21:24:04+08:00 ] /myfcms/admin/index.php?m=Index&a=main | INFO: Run ContentReplace Behavior [ RunTime:0.004110s ]
[ 2012-05-10T21:24:04+08:00 ] /myfcms/admin/index.php?m=Index&a=main | INFO: Run TokenBuild Behavior [ RunTime:0.004151s ]
[ 2012-05-10T21:24:04+08:00 ] /myfcms/admin/index.php?m=Index&a=main | INFO: Run WriteHtmlCache Behavior [ RunTime:0.003299s ]
[ 2012-05-10T21:24:04+08:00 ] /myfcms/admin/index.php?m=Index&a=main | INFO: Run ShowRuntime Behavior [ RunTime:0.005488s ]
[ 2012-05-10T21:24:04+08:00 ] /myfcms/admin/index.php?m=Index&a=main | INFO: Tag[ view_filter ] --END-- [ RunTime:0.017745s ]
[ 2012-05-10T21:24:04+08:00 ] /myfcms/admin/index.php?m=Index&a=main | INFO: Tag[ view_end ] --START--
[ 2012-05-10T21:24:04+08:00 ] /myfcms/admin/index.php?m=Index&a=main | INFO: Run ShowPageTrace Behavior [ RunTime:0.005385s ]
[ 2012-05-10T21:24:04+08:00 ] /myfcms/admin/index.php?m=Index&a=main | INFO: Tag[ view_end ] --END-- [ RunTime:0.005637s ]
[ 2012-05-10T21:24:06+08:00 ] /myfcms/admin/index.php?m=Login&a=out | INFO: Tag[ app_begin ] --START--
[ 2012-05-10T21:24:06+08:00 ] /myfcms/admin/index.php?m=Login&a=out | INFO: Run ReadHtmlCache Behavior [ RunTime:0.002109s ]
[ 2012-05-10T21:24:06+08:00 ] /myfcms/admin/index.php?m=Login&a=out | INFO: Tag[ app_begin ] --END-- [ RunTime:0.002461s ]
[ 2012-05-10T21:24:06+08:00 ] /myfcms/admin/index.php?m=Login&a=out | NOTIC: [8] Undefined variable: script_name LoginAction.class.php 第 43 行.
[ 2012-05-10T21:24:06+08:00 ] /myfcms/admin/index.php?m=Login&a=out | INFO: Tag[ view_template ] --START--
[ 2012-05-10T21:24:06+08:00 ] /myfcms/admin/index.php?m=Login&a=out | INFO: Run LocationTemplate Behavior [ RunTime:0.003363s ]
[ 2012-05-10T21:24:06+08:00 ] /myfcms/admin/index.php?m=Login&a=out | INFO: Tag[ view_template ] --END-- [ RunTime:0.003597s ]
[ 2012-05-10T21:24:06+08:00 ] /myfcms/admin/index.php?m=Login&a=out | INFO: Tag[ view_parse ] --START--
[ 2012-05-10T21:24:06+08:00 ] /myfcms/admin/index.php?m=Login&a=out | INFO: Run ParseTemplate Behavior [ RunTime:0.045496s ]
[ 2012-05-10T21:24:06+08:00 ] /myfcms/admin/index.php?m=Login&a=out | INFO: Tag[ view_parse ] --END-- [ RunTime:0.045782s ]
[ 2012-05-10T21:24:06+08:00 ] /myfcms/admin/index.php?m=Login&a=out | INFO: Tag[ view_filter ] --START--
[ 2012-05-10T21:24:06+08:00 ] /myfcms/admin/index.php?m=Login&a=out | INFO: Run ContentReplace Behavior [ RunTime:0.001208s ]
[ 2012-05-10T21:24:06+08:00 ] /myfcms/admin/index.php?m=Login&a=out | INFO: Run TokenBuild Behavior [ RunTime:0.004466s ]
[ 2012-05-10T21:24:06+08:00 ] /myfcms/admin/index.php?m=Login&a=out | INFO: Run WriteHtmlCache Behavior [ RunTime:0.000920s ]
[ 2012-05-10T21:24:06+08:00 ] /myfcms/admin/index.php?m=Login&a=out | INFO: Run ShowRuntime Behavior [ RunTime:0.001706s ]
[ 2012-05-10T21:24:06+08:00 ] /myfcms/admin/index.php?m=Login&a=out | INFO: Tag[ view_filter ] --END-- [ RunTime:0.008963s ]
[ 2012-05-10T21:24:06+08:00 ] /myfcms/admin/index.php?m=Login&a=out | INFO: Tag[ view_end ] --START--
[ 2012-05-10T21:24:06+08:00 ] /myfcms/admin/index.php?m=Login&a=out | INFO: Run ShowPageTrace Behavior [ RunTime:0.002049s ]
[ 2012-05-10T21:24:06+08:00 ] /myfcms/admin/index.php?m=Login&a=out | INFO: Tag[ view_end ] --END-- [ RunTime:0.002280s ]
[ 2012-05-10T21:24:07+08:00 ] /myfcms/admin/index.php?m=Login&a=index | INFO: Tag[ app_begin ] --START--
[ 2012-05-10T21:24:07+08:00 ] /myfcms/admin/index.php?m=Login&a=index | INFO: Run ReadHtmlCache Behavior [ RunTime:0.001868s ]
[ 2012-05-10T21:24:07+08:00 ] /myfcms/admin/index.php?m=Login&a=index | INFO: Tag[ app_begin ] --END-- [ RunTime:0.002200s ]
[ 2012-05-10T21:24:07+08:00 ] /myfcms/admin/index.php?m=Login&a=index | INFO: Tag[ view_template ] --START--
[ 2012-05-10T21:24:07+08:00 ] /myfcms/admin/index.php?m=Login&a=index | INFO: Run LocationTemplate Behavior [ RunTime:0.004324s ]
[ 2012-05-10T21:24:07+08:00 ] /myfcms/admin/index.php?m=Login&a=index | INFO: Tag[ view_template ] --END-- [ RunTime:0.004614s ]
[ 2012-05-10T21:24:07+08:00 ] /myfcms/admin/index.php?m=Login&a=index | INFO: Tag[ view_parse ] --START--
[ 2012-05-10T21:24:07+08:00 ] /myfcms/admin/index.php?m=Login&a=index | INFO: Run ParseTemplate Behavior [ RunTime:0.033467s ]
[ 2012-05-10T21:24:07+08:00 ] /myfcms/admin/index.php?m=Login&a=index | INFO: Tag[ view_parse ] --END-- [ RunTime:0.033748s ]
[ 2012-05-10T21:24:07+08:00 ] /myfcms/admin/index.php?m=Login&a=index | INFO: Tag[ view_filter ] --START--
[ 2012-05-10T21:24:07+08:00 ] /myfcms/admin/index.php?m=Login&a=index | INFO: Run ContentReplace Behavior [ RunTime:0.001241s ]
[ 2012-05-10T21:24:07+08:00 ] /myfcms/admin/index.php?m=Login&a=index | INFO: Run TokenBuild Behavior [ RunTime:0.001602s ]
[ 2012-05-10T21:24:07+08:00 ] /myfcms/admin/index.php?m=Login&a=index | INFO: Run WriteHtmlCache Behavior [ RunTime:0.000834s ]
[ 2012-05-10T21:24:07+08:00 ] /myfcms/admin/index.php?m=Login&a=index | INFO: Run ShowRuntime Behavior [ RunTime:0.001559s ]
[ 2012-05-10T21:24:07+08:00 ] /myfcms/admin/index.php?m=Login&a=index | INFO: Tag[ view_filter ] --END-- [ RunTime:0.005834s ]
[ 2012-05-10T21:24:07+08:00 ] /myfcms/admin/index.php?m=Login&a=index | INFO: Tag[ view_end ] --START--
[ 2012-05-10T21:24:07+08:00 ] /myfcms/admin/index.php?m=Login&a=index | INFO: Run ShowPageTrace Behavior [ RunTime:0.001546s ]
[ 2012-05-10T21:24:07+08:00 ] /myfcms/admin/index.php?m=Login&a=index | INFO: Tag[ view_end ] --END-- [ RunTime:0.001760s ]
[ 2012-05-10T21:24:07+08:00 ] /myfcms/admin/index.php?m=Login&a=verify | INFO: Tag[ app_begin ] --START--
[ 2012-05-10T21:24:07+08:00 ] /myfcms/admin/index.php?m=Login&a=verify | INFO: Run ReadHtmlCache Behavior [ RunTime:0.001970s ]
[ 2012-05-10T21:24:07+08:00 ] /myfcms/admin/index.php?m=Login&a=verify | INFO: Tag[ app_begin ] --END-- [ RunTime:0.002316s ]
