[ 2012-05-19T03:43:14+08:00 ] /myfcms/admin/index.php?m=Login&a=index | INFO: Tag[ app_begin ] --START--
[ 2012-05-19T03:43:14+08:00 ] /myfcms/admin/index.php?m=Login&a=index | INFO: Run ReadHtmlCache Behavior [ RunTime:0.001859s ]
[ 2012-05-19T03:43:14+08:00 ] /myfcms/admin/index.php?m=Login&a=index | INFO: Tag[ app_begin ] --END-- [ RunTime:0.002207s ]
[ 2012-05-19T03:43:14+08:00 ] /myfcms/admin/index.php?m=Login&a=index | INFO: Tag[ view_template ] --START--
[ 2012-05-19T03:43:14+08:00 ] /myfcms/admin/index.php?m=Login&a=index | INFO: Run LocationTemplate Behavior [ RunTime:0.003978s ]
[ 2012-05-19T03:43:14+08:00 ] /myfcms/admin/index.php?m=Login&a=index | INFO: Tag[ view_template ] --END-- [ RunTime:0.004235s ]
[ 2012-05-19T03:43:14+08:00 ] /myfcms/admin/index.php?m=Login&a=index | INFO: Tag[ view_parse ] --START--
[ 2012-05-19T03:43:14+08:00 ] /myfcms/admin/index.php?m=Login&a=index | INFO: Run ParseTemplate Behavior [ RunTime:0.052153s ]
[ 2012-05-19T03:43:14+08:00 ] /myfcms/admin/index.php?m=Login&a=index | INFO: Tag[ view_parse ] --END-- [ RunTime:0.052952s ]
[ 2012-05-19T03:43:14+08:00 ] /myfcms/admin/index.php?m=Login&a=index | INFO: Tag[ view_filter ] --START--
[ 2012-05-19T03:43:14+08:00 ] /myfcms/admin/index.php?m=Login&a=index | INFO: Run ContentReplace Behavior [ RunTime:0.001341s ]
[ 2012-05-19T03:43:14+08:00 ] /myfcms/admin/index.php?m=Login&a=index | INFO: Run TokenBuild Behavior [ RunTime:0.001625s ]
[ 2012-05-19T03:43:14+08:00 ] /myfcms/admin/index.php?m=Login&a=index | INFO: Run WriteHtmlCache Behavior [ RunTime:0.000894s ]
[ 2012-05-19T03:43:14+08:00 ] /myfcms/admin/index.php?m=Login&a=index | INFO: Run ShowRuntime Behavior [ RunTime:0.001830s ]
[ 2012-05-19T03:43:14+08:00 ] /myfcms/admin/index.php?m=Login&a=index | INFO: Tag[ view_filter ] --END-- [ RunTime:0.006361s ]
[ 2012-05-19T03:43:14+08:00 ] /myfcms/admin/index.php?m=Login&a=index | INFO: Tag[ view_end ] --START--
[ 2012-05-19T03:43:14+08:00 ] /myfcms/admin/index.php?m=Login&a=index | INFO: Run ShowPageTrace Behavior [ RunTime:0.001592s ]
[ 2012-05-19T03:43:14+08:00 ] /myfcms/admin/index.php?m=Login&a=index | INFO: Tag[ view_end ] --END-- [ RunTime:0.001818s ]
[ 2012-05-19T03:43:15+08:00 ] /myfcms/admin/index.php?m=Login&a=verify | INFO: Tag[ app_begin ] --START--
[ 2012-05-19T03:43:15+08:00 ] /myfcms/admin/index.php?m=Login&a=verify | INFO: Run ReadHtmlCache Behavior [ RunTime:0.002020s ]
[ 2012-05-19T03:43:15+08:00 ] /myfcms/admin/index.php?m=Login&a=verify | INFO: Tag[ app_begin ] --END-- [ RunTime:0.002373s ]
[ 2012-05-19T03:43:20+08:00 ] /myfcms/admin/index.php?m=Login&a=login_in | INFO: Tag[ app_begin ] --START--
[ 2012-05-19T03:43:20+08:00 ] /myfcms/admin/index.php?m=Login&a=login_in | INFO: Run ReadHtmlCache Behavior [ RunTime:0.001960s ]
[ 2012-05-19T03:43:20+08:00 ] /myfcms/admin/index.php?m=Login&a=login_in | INFO: Tag[ app_begin ] --END-- [ RunTime:0.002311s ]
[ 2012-05-19T03:43:20+08:00 ] /myfcms/admin/index.php?m=Login&a=login_in | SQL: SHOW COLUMNS FROM `myf_admin` [ RunTime:0.010607s ]
[ 2012-05-19T03:43:20+08:00 ] /myfcms/admin/index.php?m=Login&a=login_in | SQL: SELECT * FROM `myf_admin` WHERE ( `userid` = 'admin' )  [ RunTime:0.003354s ]
[ 2012-05-19T03:43:20+08:00 ] /myfcms/admin/index.php?m=Login&a=login_in | INFO: Tag[ view_template ] --START--
[ 2012-05-19T03:43:20+08:00 ] /myfcms/admin/index.php?m=Login&a=login_in | INFO: Run LocationTemplate Behavior [ RunTime:0.003671s ]
[ 2012-05-19T03:43:20+08:00 ] /myfcms/admin/index.php?m=Login&a=login_in | INFO: Tag[ view_template ] --END-- [ RunTime:0.003924s ]
[ 2012-05-19T03:43:20+08:00 ] /myfcms/admin/index.php?m=Login&a=login_in | INFO: Tag[ view_parse ] --START--
[ 2012-05-19T03:43:20+08:00 ] /myfcms/admin/index.php?m=Login&a=login_in | INFO: Run ParseTemplate Behavior [ RunTime:0.033028s ]
[ 2012-05-19T03:43:20+08:00 ] /myfcms/admin/index.php?m=Login&a=login_in | INFO: Tag[ view_parse ] --END-- [ RunTime:0.033313s ]
[ 2012-05-19T03:43:20+08:00 ] /myfcms/admin/index.php?m=Login&a=login_in | INFO: Tag[ view_filter ] --START--
[ 2012-05-19T03:43:20+08:00 ] /myfcms/admin/index.php?m=Login&a=login_in | INFO: Run ContentReplace Behavior [ RunTime:0.001261s ]
[ 2012-05-19T03:43:20+08:00 ] /myfcms/admin/index.php?m=Login&a=login_in | INFO: Run TokenBuild Behavior [ RunTime:0.001279s ]
[ 2012-05-19T03:43:20+08:00 ] /myfcms/admin/index.php?m=Login&a=login_in | INFO: Run WriteHtmlCache Behavior [ RunTime:0.000810s ]
[ 2012-05-19T03:43:20+08:00 ] /myfcms/admin/index.php?m=Login&a=login_in | INFO: Run ShowRuntime Behavior [ RunTime:0.001557s ]
[ 2012-05-19T03:43:20+08:00 ] /myfcms/admin/index.php?m=Login&a=login_in | INFO: Tag[ view_filter ] --END-- [ RunTime:0.005514s ]
[ 2012-05-19T03:43:20+08:00 ] /myfcms/admin/index.php?m=Login&a=login_in | INFO: Tag[ view_end ] --START--
[ 2012-05-19T03:43:20+08:00 ] /myfcms/admin/index.php?m=Login&a=login_in | INFO: Run ShowPageTrace Behavior [ RunTime:0.001823s ]
[ 2012-05-19T03:43:20+08:00 ] /myfcms/admin/index.php?m=Login&a=login_in | INFO: Tag[ view_end ] --END-- [ RunTime:0.002060s ]
[ 2012-05-19T03:43:22+08:00 ] /myfcms/admin/index.php | INFO: Tag[ app_begin ] --START--
[ 2012-05-19T03:43:22+08:00 ] /myfcms/admin/index.php | INFO: Run ReadHtmlCache Behavior [ RunTime:0.001931s ]
[ 2012-05-19T03:43:22+08:00 ] /myfcms/admin/index.php | INFO: Tag[ app_begin ] --END-- [ RunTime:0.002289s ]
[ 2012-05-19T03:43:22+08:00 ] /myfcms/admin/index.php | SQL: SHOW COLUMNS FROM `myf_sys` [ RunTime:0.009681s ]
[ 2012-05-19T03:43:22+08:00 ] /myfcms/admin/index.php | SQL: SELECT * FROM `myf_sys` WHERE ( `id` = 3 ) LIMIT 1   [ RunTime:0.001401s ]
[ 2012-05-19T03:43:22+08:00 ] /myfcms/admin/index.php | INFO: Tag[ view_template ] --START--
[ 2012-05-19T03:43:22+08:00 ] /myfcms/admin/index.php | INFO: Run LocationTemplate Behavior [ RunTime:0.003861s ]
[ 2012-05-19T03:43:22+08:00 ] /myfcms/admin/index.php | INFO: Tag[ view_template ] --END-- [ RunTime:0.004098s ]
[ 2012-05-19T03:43:22+08:00 ] /myfcms/admin/index.php | INFO: Tag[ view_parse ] --START--
[ 2012-05-19T03:43:22+08:00 ] /myfcms/admin/index.php | INFO: Run ParseTemplate Behavior [ RunTime:0.027644s ]
[ 2012-05-19T03:43:22+08:00 ] /myfcms/admin/index.php | INFO: Tag[ view_parse ] --END-- [ RunTime:0.027938s ]
[ 2012-05-19T03:43:22+08:00 ] /myfcms/admin/index.php | INFO: Tag[ view_filter ] --START--
[ 2012-05-19T03:43:22+08:00 ] /myfcms/admin/index.php | INFO: Run ContentReplace Behavior [ RunTime:0.001237s ]
[ 2012-05-19T03:43:22+08:00 ] /myfcms/admin/index.php | INFO: Run TokenBuild Behavior [ RunTime:0.001272s ]
[ 2012-05-19T03:43:22+08:00 ] /myfcms/admin/index.php | INFO: Run WriteHtmlCache Behavior [ RunTime:0.000823s ]
[ 2012-05-19T03:43:22+08:00 ] /myfcms/admin/index.php | INFO: Run ShowRuntime Behavior [ RunTime:0.001552s ]
[ 2012-05-19T03:43:22+08:00 ] /myfcms/admin/index.php | INFO: Tag[ view_filter ] --END-- [ RunTime:0.005486s ]
[ 2012-05-19T03:43:22+08:00 ] /myfcms/admin/index.php | INFO: Tag[ view_end ] --START--
[ 2012-05-19T03:43:22+08:00 ] /myfcms/admin/index.php | INFO: Run ShowPageTrace Behavior [ RunTime:0.001551s ]
[ 2012-05-19T03:43:22+08:00 ] /myfcms/admin/index.php | INFO: Tag[ view_end ] --END-- [ RunTime:0.001773s ]
[ 2012-05-19T03:43:22+08:00 ] /myfcms/admin/index.php?m=Index&a=top | INFO: Tag[ app_begin ] --START--
[ 2012-05-19T03:43:22+08:00 ] /myfcms/admin/index.php?m=Index&a=top | INFO: Run ReadHtmlCache Behavior [ RunTime:0.002022s ]
[ 2012-05-19T03:43:22+08:00 ] /myfcms/admin/index.php?m=Index&a=top | INFO: Tag[ app_begin ] --END-- [ RunTime:0.002361s ]
[ 2012-05-19T03:43:22+08:00 ] /myfcms/admin/index.php?m=Index&a=top | SQL: SHOW COLUMNS FROM `myf_sys` [ RunTime:0.011391s ]
[ 2012-05-19T03:43:22+08:00 ] /myfcms/admin/index.php?m=Index&a=top | SQL: SELECT * FROM `myf_sys` WHERE id<3  [ RunTime:0.001048s ]
[ 2012-05-19T03:43:22+08:00 ] /myfcms/admin/index.php?m=Index&a=top | INFO: Tag[ view_template ] --START--
[ 2012-05-19T03:43:22+08:00 ] /myfcms/admin/index.php?m=Index&a=top | INFO: Run LocationTemplate Behavior [ RunTime:0.004045s ]
[ 2012-05-19T03:43:22+08:00 ] /myfcms/admin/index.php?m=Index&a=top | INFO: Tag[ view_template ] --END-- [ RunTime:0.004288s ]
[ 2012-05-19T03:43:22+08:00 ] /myfcms/admin/index.php?m=Index&a=top | INFO: Tag[ view_parse ] --START--
[ 2012-05-19T03:43:22+08:00 ] /myfcms/admin/index.php?m=Index&a=top | INFO: Run ParseTemplate Behavior [ RunTime:0.038135s ]
[ 2012-05-19T03:43:22+08:00 ] /myfcms/admin/index.php?m=Index&a=top | INFO: Tag[ view_parse ] --END-- [ RunTime:0.038456s ]
[ 2012-05-19T03:43:22+08:00 ] /myfcms/admin/index.php?m=Index&a=top | INFO: Tag[ view_filter ] --START--
[ 2012-05-19T03:43:22+08:00 ] /myfcms/admin/index.php?m=Index&a=top | INFO: Run ContentReplace Behavior [ RunTime:0.001392s ]
[ 2012-05-19T03:43:22+08:00 ] /myfcms/admin/index.php?m=Index&a=top | INFO: Run TokenBuild Behavior [ RunTime:0.001534s ]
[ 2012-05-19T03:43:22+08:00 ] /myfcms/admin/index.php?m=Index&a=top | INFO: Run WriteHtmlCache Behavior [ RunTime:0.001107s ]
[ 2012-05-19T03:43:22+08:00 ] /myfcms/admin/index.php?m=Index&a=top | INFO: Run ShowRuntime Behavior [ RunTime:0.001808s ]
[ 2012-05-19T03:43:22+08:00 ] /myfcms/admin/index.php?m=Index&a=top | INFO: Tag[ view_filter ] --END-- [ RunTime:0.006494s ]
[ 2012-05-19T03:43:22+08:00 ] /myfcms/admin/index.php?m=Index&a=top | INFO: Tag[ view_end ] --START--
[ 2012-05-19T03:43:22+08:00 ] /myfcms/admin/index.php?m=Index&a=top | INFO: Run ShowPageTrace Behavior [ RunTime:0.001674s ]
[ 2012-05-19T03:43:22+08:00 ] /myfcms/admin/index.php?m=Index&a=top | INFO: Tag[ view_end ] --END-- [ RunTime:0.001903s ]
[ 2012-05-19T03:43:22+08:00 ] /myfcms/admin/index.php?m=Index&a=left | INFO: Tag[ app_begin ] --START--
[ 2012-05-19T03:43:22+08:00 ] /myfcms/admin/index.php?m=Index&a=left | INFO: Run ReadHtmlCache Behavior [ RunTime:0.008730s ]
[ 2012-05-19T03:43:22+08:00 ] /myfcms/admin/index.php?m=Index&a=left | INFO: Tag[ app_begin ] --END-- [ RunTime:0.009968s ]
[ 2012-05-19T03:43:22+08:00 ] /myfcms/admin/index.php?m=Index&a=left | INFO: Tag[ view_template ] --START--
[ 2012-05-19T03:43:22+08:00 ] /myfcms/admin/index.php?m=Index&a=left | INFO: Run LocationTemplate Behavior [ RunTime:0.003905s ]
[ 2012-05-19T03:43:22+08:00 ] /myfcms/admin/index.php?m=Index&a=left | INFO: Tag[ view_template ] --END-- [ RunTime:0.004177s ]
[ 2012-05-19T03:43:22+08:00 ] /myfcms/admin/index.php?m=Index&a=left | INFO: Tag[ view_parse ] --START--
[ 2012-05-19T03:43:22+08:00 ] /myfcms/admin/index.php?m=Index&a=left | INFO: Run ParseTemplate Behavior [ RunTime:0.057082s ]
[ 2012-05-19T03:43:22+08:00 ] /myfcms/admin/index.php?m=Index&a=left | INFO: Tag[ view_parse ] --END-- [ RunTime:0.057375s ]
[ 2012-05-19T03:43:22+08:00 ] /myfcms/admin/index.php?m=Index&a=left | INFO: Tag[ view_filter ] --START--
[ 2012-05-19T03:43:22+08:00 ] /myfcms/admin/index.php?m=Index&a=left | INFO: Run ContentReplace Behavior [ RunTime:0.003214s ]
[ 2012-05-19T03:43:22+08:00 ] /myfcms/admin/index.php?m=Index&a=left | INFO: Run TokenBuild Behavior [ RunTime:0.001551s ]
[ 2012-05-19T03:43:22+08:00 ] /myfcms/admin/index.php?m=Index&a=left | INFO: Run WriteHtmlCache Behavior [ RunTime:0.000863s ]
[ 2012-05-19T03:43:22+08:00 ] /myfcms/admin/index.php?m=Index&a=left | INFO: Run ShowRuntime Behavior [ RunTime:0.001608s ]
[ 2012-05-19T03:43:22+08:00 ] /myfcms/admin/index.php?m=Index&a=left | INFO: Tag[ view_filter ] --END-- [ RunTime:0.007918s ]
[ 2012-05-19T03:43:22+08:00 ] /myfcms/admin/index.php?m=Index&a=left | INFO: Tag[ view_end ] --START--
[ 2012-05-19T03:43:22+08:00 ] /myfcms/admin/index.php?m=Index&a=left | INFO: Run ShowPageTrace Behavior [ RunTime:0.001628s ]
[ 2012-05-19T03:43:22+08:00 ] /myfcms/admin/index.php?m=Index&a=left | INFO: Tag[ view_end ] --END-- [ RunTime:0.001858s ]
[ 2012-05-19T03:43:22+08:00 ] /myfcms/admin/index.php?m=Index&a=main | INFO: Tag[ app_begin ] --START--
[ 2012-05-19T03:43:22+08:00 ] /myfcms/admin/index.php?m=Index&a=main | INFO: Run ReadHtmlCache Behavior [ RunTime:0.004288s ]
[ 2012-05-19T03:43:22+08:00 ] /myfcms/admin/index.php?m=Index&a=main | INFO: Tag[ app_begin ] --END-- [ RunTime:0.004642s ]
[ 2012-05-19T03:43:22+08:00 ] /myfcms/admin/index.php?m=Index&a=main | SQL: SHOW COLUMNS FROM `myf_archives` [ RunTime:0.014027s ]
[ 2012-05-19T03:43:22+08:00 ] /myfcms/admin/index.php?m=Index&a=main | SQL: SELECT `id`,`typeid`,`typename`,`flag`,`click`,`title`,`color`,`writer`,`source`,`litpic`,`keywords`,`description`,`sendtime`,`goodpost`,`badpost`,`adminid`,`adminname` FROM `myf_archives` ORDER BY id desc LIMIT 0,10   [ RunTime:0.001469s ]
[ 2012-05-19T03:43:22+08:00 ] /myfcms/admin/index.php?m=Index&a=main | SQL: SHOW COLUMNS FROM `myf_arctype` [ RunTime:0.012852s ]
[ 2012-05-19T03:43:22+08:00 ] /myfcms/admin/index.php?m=Index&a=main | SQL: SELECT * FROM `myf_arctype` WHERE 1=1 AND id='6' LIMIT 1   [ RunTime:0.001147s ]
[ 2012-05-19T03:43:22+08:00 ] /myfcms/admin/index.php?m=Index&a=main | SQL: SHOW COLUMNS FROM `myf_arctype` [ RunTime:0.014976s ]
[ 2012-05-19T03:43:22+08:00 ] /myfcms/admin/index.php?m=Index&a=main | SQL: SELECT * FROM `myf_arctype` WHERE 1=1 AND id='6' LIMIT 1   [ RunTime:0.001385s ]
[ 2012-05-19T03:43:22+08:00 ] /myfcms/admin/index.php?m=Index&a=main | SQL: SHOW COLUMNS FROM `myf_arctype` [ RunTime:0.011436s ]
[ 2012-05-19T03:43:22+08:00 ] /myfcms/admin/index.php?m=Index&a=main | SQL: SELECT * FROM `myf_arctype` WHERE 1=1 AND id='6' LIMIT 1   [ RunTime:0.001203s ]
[ 2012-05-19T03:43:22+08:00 ] /myfcms/admin/index.php?m=Index&a=main | SQL: SHOW COLUMNS FROM `myf_arctype` [ RunTime:0.012815s ]
[ 2012-05-19T03:43:22+08:00 ] /myfcms/admin/index.php?m=Index&a=main | SQL: SELECT * FROM `myf_arctype` WHERE 1=1 AND id='6' LIMIT 1   [ RunTime:0.001013s ]
[ 2012-05-19T03:43:22+08:00 ] /myfcms/admin/index.php?m=Index&a=main | SQL: SHOW COLUMNS FROM `myf_arctype` [ RunTime:0.009772s ]
[ 2012-05-19T03:43:23+08:00 ] /myfcms/admin/index.php?m=Index&a=main | SQL: SELECT * FROM `myf_arctype` WHERE 1=1 AND id='6' LIMIT 1   [ RunTime:0.207791s ]
[ 2012-05-19T03:43:23+08:00 ] /myfcms/admin/index.php?m=Index&a=main | SQL: SHOW COLUMNS FROM `myf_arctype` [ RunTime:0.014488s ]
[ 2012-05-19T03:43:23+08:00 ] /myfcms/admin/index.php?m=Index&a=main | SQL: SELECT * FROM `myf_arctype` WHERE 1=1 AND id='6' LIMIT 1   [ RunTime:0.001018s ]
[ 2012-05-19T03:43:23+08:00 ] /myfcms/admin/index.php?m=Index&a=main | SQL: SHOW COLUMNS FROM `myf_arctype` [ RunTime:0.014419s ]
[ 2012-05-19T03:43:23+08:00 ] /myfcms/admin/index.php?m=Index&a=main | SQL: SELECT * FROM `myf_arctype` WHERE 1=1 AND id='6' LIMIT 1   [ RunTime:0.001552s ]
[ 2012-05-19T03:43:23+08:00 ] /myfcms/admin/index.php?m=Index&a=main | SQL: SHOW COLUMNS FROM `myf_arctype` [ RunTime:0.009661s ]
[ 2012-05-19T03:43:23+08:00 ] /myfcms/admin/index.php?m=Index&a=main | SQL: SELECT * FROM `myf_arctype` WHERE 1=1 AND id='6' LIMIT 1   [ RunTime:0.004501s ]
[ 2012-05-19T03:43:23+08:00 ] /myfcms/admin/index.php?m=Index&a=main | SQL: SHOW COLUMNS FROM `myf_arctype` [ RunTime:0.010417s ]
[ 2012-05-19T03:43:23+08:00 ] /myfcms/admin/index.php?m=Index&a=main | SQL: SELECT * FROM `myf_arctype` WHERE 1=1 AND id='6' LIMIT 1   [ RunTime:0.004504s ]
[ 2012-05-19T03:43:23+08:00 ] /myfcms/admin/index.php?m=Index&a=main | SQL: SHOW COLUMNS FROM `myf_arctype` [ RunTime:0.012933s ]
[ 2012-05-19T03:43:23+08:00 ] /myfcms/admin/index.php?m=Index&a=main | SQL: SELECT * FROM `myf_arctype` WHERE 1=1 AND id='6' LIMIT 1   [ RunTime:0.000863s ]
[ 2012-05-19T03:43:23+08:00 ] /myfcms/admin/index.php?m=Index&a=main | SQL: SHOW COLUMNS FROM `myf_admin` [ RunTime:0.012969s ]
[ 2012-05-19T03:43:23+08:00 ] /myfcms/admin/index.php?m=Index&a=main | SQL: SELECT COUNT(*) AS tp_count FROM `myf_admin` LIMIT 1   [ RunTime:0.000653s ]
[ 2012-05-19T03:43:23+08:00 ] /myfcms/admin/index.php?m=Index&a=main | SQL: SHOW COLUMNS FROM `myf_archives` [ RunTime:0.010848s ]
[ 2012-05-19T03:43:23+08:00 ] /myfcms/admin/index.php?m=Index&a=main | SQL: SELECT COUNT(*) AS tp_count FROM `myf_archives` LIMIT 1   [ RunTime:0.004295s ]
[ 2012-05-19T03:43:23+08:00 ] /myfcms/admin/index.php?m=Index&a=main | INFO: Tag[ view_template ] --START--
[ 2012-05-19T03:43:23+08:00 ] /myfcms/admin/index.php?m=Index&a=main | INFO: Run LocationTemplate Behavior [ RunTime:0.006281s ]
[ 2012-05-19T03:43:23+08:00 ] /myfcms/admin/index.php?m=Index&a=main | INFO: Tag[ view_template ] --END-- [ RunTime:0.006543s ]
[ 2012-05-19T03:43:23+08:00 ] /myfcms/admin/index.php?m=Index&a=main | INFO: Tag[ view_parse ] --START--
[ 2012-05-19T03:43:23+08:00 ] /myfcms/admin/index.php?m=Index&a=main | INFO: Run ParseTemplate Behavior [ RunTime:0.060938s ]
[ 2012-05-19T03:43:23+08:00 ] /myfcms/admin/index.php?m=Index&a=main | INFO: Tag[ view_parse ] --END-- [ RunTime:0.061239s ]
[ 2012-05-19T03:43:23+08:00 ] /myfcms/admin/index.php?m=Index&a=main | INFO: Tag[ view_filter ] --START--
[ 2012-05-19T03:43:23+08:00 ] /myfcms/admin/index.php?m=Index&a=main | INFO: Run ContentReplace Behavior [ RunTime:0.019784s ]
[ 2012-05-19T03:43:23+08:00 ] /myfcms/admin/index.php?m=Index&a=main | INFO: Run TokenBuild Behavior [ RunTime:0.008405s ]
[ 2012-05-19T03:43:23+08:00 ] /myfcms/admin/index.php?m=Index&a=main | INFO: Run WriteHtmlCache Behavior [ RunTime:0.005919s ]
[ 2012-05-19T03:43:23+08:00 ] /myfcms/admin/index.php?m=Index&a=main | INFO: Run ShowRuntime Behavior [ RunTime:0.006958s ]
[ 2012-05-19T03:43:23+08:00 ] /myfcms/admin/index.php?m=Index&a=main | INFO: Tag[ view_filter ] --END-- [ RunTime:0.041869s ]
[ 2012-05-19T03:43:23+08:00 ] /myfcms/admin/index.php?m=Index&a=main | INFO: Tag[ view_end ] --START--
[ 2012-05-19T03:43:23+08:00 ] /myfcms/admin/index.php?m=Index&a=main | INFO: Run ShowPageTrace Behavior [ RunTime:0.006511s ]
[ 2012-05-19T03:43:23+08:00 ] /myfcms/admin/index.php?m=Index&a=main | INFO: Tag[ view_end ] --END-- [ RunTime:0.006766s ]
[ 2012-05-19T03:43:31+08:00 ] /myfcms/admin/index.php?m=Moban&a=main&theme=default | INFO: Tag[ app_begin ] --START--
[ 2012-05-19T03:43:31+08:00 ] /myfcms/admin/index.php?m=Moban&a=main&theme=default | INFO: Run ReadHtmlCache Behavior [ RunTime:0.002543s ]
[ 2012-05-19T03:43:31+08:00 ] /myfcms/admin/index.php?m=Moban&a=main&theme=default | INFO: Tag[ app_begin ] --END-- [ RunTime:0.002909s ]
[ 2012-05-19T03:43:31+08:00 ] /myfcms/admin/index.php?m=Moban&a=main&theme=default | SQL: SHOW COLUMNS FROM `myf_moban` [ RunTime:0.065971s ]
[ 2012-05-19T03:43:31+08:00 ] /myfcms/admin/index.php?m=Moban&a=main&theme=default | SQL: SELECT * FROM `myf_moban` WHERE theme='default'  [ RunTime:0.004151s ]
[ 2012-05-19T03:43:31+08:00 ] /myfcms/admin/index.php?m=Moban&a=main&theme=default | INFO: Tag[ view_template ] --START--
[ 2012-05-19T03:43:31+08:00 ] /myfcms/admin/index.php?m=Moban&a=main&theme=default | INFO: Run LocationTemplate Behavior [ RunTime:0.003843s ]
[ 2012-05-19T03:43:31+08:00 ] /myfcms/admin/index.php?m=Moban&a=main&theme=default | INFO: Tag[ view_template ] --END-- [ RunTime:0.004109s ]
[ 2012-05-19T03:43:31+08:00 ] /myfcms/admin/index.php?m=Moban&a=main&theme=default | INFO: Tag[ view_parse ] --START--
[ 2012-05-19T03:43:31+08:00 ] /myfcms/admin/index.php?m=Moban&a=main&theme=default | INFO: Run ParseTemplate Behavior [ RunTime:0.044293s ]
[ 2012-05-19T03:43:31+08:00 ] /myfcms/admin/index.php?m=Moban&a=main&theme=default | INFO: Tag[ view_parse ] --END-- [ RunTime:0.044580s ]
[ 2012-05-19T03:43:31+08:00 ] /myfcms/admin/index.php?m=Moban&a=main&theme=default | INFO: Tag[ view_filter ] --START--
[ 2012-05-19T03:43:31+08:00 ] /myfcms/admin/index.php?m=Moban&a=main&theme=default | INFO: Run ContentReplace Behavior [ RunTime:0.001641s ]
[ 2012-05-19T03:43:31+08:00 ] /myfcms/admin/index.php?m=Moban&a=main&theme=default | INFO: Run TokenBuild Behavior [ RunTime:0.001566s ]
[ 2012-05-19T03:43:31+08:00 ] /myfcms/admin/index.php?m=Moban&a=main&theme=default | INFO: Run WriteHtmlCache Behavior [ RunTime:0.000807s ]
[ 2012-05-19T03:43:31+08:00 ] /myfcms/admin/index.php?m=Moban&a=main&theme=default | INFO: Run ShowRuntime Behavior [ RunTime:0.001919s ]
[ 2012-05-19T03:43:31+08:00 ] /myfcms/admin/index.php?m=Moban&a=main&theme=default | INFO: Tag[ view_filter ] --END-- [ RunTime:0.006558s ]
[ 2012-05-19T03:43:31+08:00 ] /myfcms/admin/index.php?m=Moban&a=main&theme=default | INFO: Tag[ view_end ] --START--
[ 2012-05-19T03:43:31+08:00 ] /myfcms/admin/index.php?m=Moban&a=main&theme=default | INFO: Run ShowPageTrace Behavior [ RunTime:0.001663s ]
[ 2012-05-19T03:43:31+08:00 ] /myfcms/admin/index.php?m=Moban&a=main&theme=default | INFO: Tag[ view_end ] --END-- [ RunTime:0.001903s ]
[ 2012-05-19T03:43:34+08:00 ] /myfcms/admin/index.php?m=Moban&a=update&id=1 | INFO: Tag[ app_begin ] --START--
[ 2012-05-19T03:43:34+08:00 ] /myfcms/admin/index.php?m=Moban&a=update&id=1 | INFO: Run ReadHtmlCache Behavior [ RunTime:0.001929s ]
[ 2012-05-19T03:43:34+08:00 ] /myfcms/admin/index.php?m=Moban&a=update&id=1 | INFO: Tag[ app_begin ] --END-- [ RunTime:0.002279s ]
[ 2012-05-19T03:43:34+08:00 ] /myfcms/admin/index.php?m=Moban&a=update&id=1 | NOTIC: [8] Undefined index:  theme MobanAction.class.php 第 71 行.
[ 2012-05-19T03:43:34+08:00 ] /myfcms/admin/index.php?m=Moban&a=update&id=1 | SQL: SHOW COLUMNS FROM `myf_moban` [ RunTime:0.008247s ]
[ 2012-05-19T03:43:34+08:00 ] /myfcms/admin/index.php?m=Moban&a=update&id=1 | SQL: SELECT * FROM `myf_moban` WHERE ( `id` = '1' ) LIMIT 1   [ RunTime:0.002630s ]
[ 2012-05-19T03:43:34+08:00 ] /myfcms/admin/index.php?m=Moban&a=update&id=1 | INFO: Tag[ view_template ] --START--
[ 2012-05-19T03:43:34+08:00 ] /myfcms/admin/index.php?m=Moban&a=update&id=1 | INFO: Run LocationTemplate Behavior [ RunTime:0.004225s ]
[ 2012-05-19T03:43:34+08:00 ] /myfcms/admin/index.php?m=Moban&a=update&id=1 | INFO: Tag[ view_template ] --END-- [ RunTime:0.004485s ]
[ 2012-05-19T03:43:34+08:00 ] /myfcms/admin/index.php?m=Moban&a=update&id=1 | INFO: Tag[ view_parse ] --START--
[ 2012-05-19T03:43:34+08:00 ] /myfcms/admin/index.php?m=Moban&a=update&id=1 | INFO: Run ParseTemplate Behavior [ RunTime:0.038120s ]
[ 2012-05-19T03:43:34+08:00 ] /myfcms/admin/index.php?m=Moban&a=update&id=1 | INFO: Tag[ view_parse ] --END-- [ RunTime:0.038407s ]
[ 2012-05-19T03:43:34+08:00 ] /myfcms/admin/index.php?m=Moban&a=update&id=1 | INFO: Tag[ view_filter ] --START--
[ 2012-05-19T03:43:34+08:00 ] /myfcms/admin/index.php?m=Moban&a=update&id=1 | INFO: Run ContentReplace Behavior [ RunTime:0.001394s ]
[ 2012-05-19T03:43:34+08:00 ] /myfcms/admin/index.php?m=Moban&a=update&id=1 | INFO: Run TokenBuild Behavior [ RunTime:0.001564s ]
[ 2012-05-19T03:43:34+08:00 ] /myfcms/admin/index.php?m=Moban&a=update&id=1 | INFO: Run WriteHtmlCache Behavior [ RunTime:0.000839s ]
[ 2012-05-19T03:43:34+08:00 ] /myfcms/admin/index.php?m=Moban&a=update&id=1 | INFO: Run ShowRuntime Behavior [ RunTime:0.001646s ]
[ 2012-05-19T03:43:34+08:00 ] /myfcms/admin/index.php?m=Moban&a=update&id=1 | INFO: Tag[ view_filter ] --END-- [ RunTime:0.006067s ]
[ 2012-05-19T03:43:34+08:00 ] /myfcms/admin/index.php?m=Moban&a=update&id=1 | INFO: Tag[ view_end ] --START--
[ 2012-05-19T03:43:34+08:00 ] /myfcms/admin/index.php?m=Moban&a=update&id=1 | INFO: Run ShowPageTrace Behavior [ RunTime:0.001678s ]
[ 2012-05-19T03:43:34+08:00 ] /myfcms/admin/index.php?m=Moban&a=update&id=1 | INFO: Tag[ view_end ] --END-- [ RunTime:0.001917s ]
[ 2012-05-19T03:43:42+08:00 ] /myfcms/admin/index.php?m=Moban&a=update_handler | INFO: Tag[ app_begin ] --START--
[ 2012-05-19T03:43:42+08:00 ] /myfcms/admin/index.php?m=Moban&a=update_handler | INFO: Run ReadHtmlCache Behavior [ RunTime:0.002082s ]
[ 2012-05-19T03:43:42+08:00 ] /myfcms/admin/index.php?m=Moban&a=update_handler | INFO: Tag[ app_begin ] --END-- [ RunTime:0.002433s ]
[ 2012-05-19T03:43:42+08:00 ] /myfcms/admin/index.php?m=Moban&a=update_handler | SQL: SHOW COLUMNS FROM `myf_moban` [ RunTime:0.008539s ]
[ 2012-05-19T03:43:42+08:00 ] /myfcms/admin/index.php?m=Moban&a=update_handler | SQL: SELECT * FROM `myf_moban` WHERE ( `id` = '1' ) LIMIT 1   [ RunTime:0.004031s ]
[ 2012-05-19T03:43:42+08:00 ] /myfcms/admin/index.php?m=Moban&a=update_handler | SQL: UPDATE `myf_moban` SET `filename`='index',`theme`='default',`content`='<tagLib name=\"myfcms\" />\r\n<!DOCTYPE html>\r\n<html lang=\"en\">\r\n	<head>\r\n		<meta charset=\"utf-8\" />\r\n		<meta http-equiv=\"X-UA-Compatible\" content=\"IE=edge,chrome=1\" />\r\n		<title>index</title>\r\n		<meta name=\"description\" content=\"\" />\r\n		<meta name=\"author\" content=\"minyifei\" />\r\n<link type=\"text/css\" rel=\"stylesheet\" href=\"__PUBLIC__/Css/main.css\" />\r\n\r\n	</head>\r\n	<body>\r\n		<div><include file=\"./Tpl/default/Public/top.html\" />\r\n		\r\n\r\n			<nav>\r\n				<p>\r\n					<a href=\"/\">Home</a>\r\n				</p>\r\n				<myfcms:channel id=\"vo\" topid=\"0\" key=\"k\" urltype=\"normal\">\r\n                  <li>\r\n                  	{$k}-<a href=\"{$vo.typeurl}\">{$vo.typename}</a> \r\n                  </li>\r\n                </myfcms:channel>\r\n			</nav>\r\n			<div>\r\n				<h3>\r\n					随机文章\r\n				</h3>\r\n				<myfcms:arclist id=\"vo\" limit=\"10\" order=\"rand()\" key=\"k\" urltype=\"normal\">\r\n					<li>\r\n	                 {$vo.click}-<a href=\"{$vo.typeurl}\">{$vo.typename}</a>-{$vo.Arctype.typedir}-<a href=\"{$vo.arcurl}\">{$vo.title}</a>-{$vo.sendtime|strtotime|date=\"Y年m月\",###} \r\n                   </li>\r\n				</myfcms:arclist>\r\n			</div>\r\n			<div>\r\n				keyword:<myfcms:global name=\"cfg_webname\" />\r\n			</div>\r\n			\r\n			<footer>\r\n				<p>\r\n					<myfcms:flink id=\"vo\">\r\n						<li>\r\n							<a href=\"{$vo.linkurl}\">{$vo.webname}</a>\r\n						</li>\r\n					</myfcms:flink>\r\n				</p>\r\n				<p>\r\n					© Copyright  by minyifei\r\n				</p>\r\n			</footer>\r\n		</div>\r\n	</body>\r\n</html>',`pathname`='Index',`info`='默认首页模版',`updatetime`='2012-05-19 03:43:42' WHERE id=1 [ RunTime:0.001418s ]
[ 2012-05-19T03:43:42+08:00 ] /myfcms/admin/index.php?m=Moban&a=update_handler | INFO: Tag[ view_template ] --START--
[ 2012-05-19T03:43:42+08:00 ] /myfcms/admin/index.php?m=Moban&a=update_handler | INFO: Run LocationTemplate Behavior [ RunTime:0.001820s ]
[ 2012-05-19T03:43:42+08:00 ] /myfcms/admin/index.php?m=Moban&a=update_handler | INFO: Tag[ view_template ] --END-- [ RunTime:0.002090s ]
[ 2012-05-19T03:43:42+08:00 ] /myfcms/admin/index.php?m=Moban&a=update_handler | INFO: Tag[ view_parse ] --START--
[ 2012-05-19T03:43:42+08:00 ] /myfcms/admin/index.php?m=Moban&a=update_handler | INFO: Run ParseTemplate Behavior [ RunTime:0.036957s ]
[ 2012-05-19T03:43:42+08:00 ] /myfcms/admin/index.php?m=Moban&a=update_handler | INFO: Tag[ view_parse ] --END-- [ RunTime:0.037242s ]
[ 2012-05-19T03:43:42+08:00 ] /myfcms/admin/index.php?m=Moban&a=update_handler | INFO: Tag[ view_filter ] --START--
[ 2012-05-19T03:43:42+08:00 ] /myfcms/admin/index.php?m=Moban&a=update_handler | INFO: Run ContentReplace Behavior [ RunTime:0.001276s ]
[ 2012-05-19T03:43:42+08:00 ] /myfcms/admin/index.php?m=Moban&a=update_handler | INFO: Run TokenBuild Behavior [ RunTime:0.001308s ]
[ 2012-05-19T03:43:42+08:00 ] /myfcms/admin/index.php?m=Moban&a=update_handler | INFO: Run WriteHtmlCache Behavior [ RunTime:0.000827s ]
[ 2012-05-19T03:43:42+08:00 ] /myfcms/admin/index.php?m=Moban&a=update_handler | INFO: Run ShowRuntime Behavior [ RunTime:0.001588s ]
[ 2012-05-19T03:43:42+08:00 ] /myfcms/admin/index.php?m=Moban&a=update_handler | INFO: Tag[ view_filter ] --END-- [ RunTime:0.005621s ]
[ 2012-05-19T03:43:42+08:00 ] /myfcms/admin/index.php?m=Moban&a=update_handler | INFO: Tag[ view_end ] --START--
[ 2012-05-19T03:43:42+08:00 ] /myfcms/admin/index.php?m=Moban&a=update_handler | INFO: Run ShowPageTrace Behavior [ RunTime:0.001585s ]
[ 2012-05-19T03:43:42+08:00 ] /myfcms/admin/index.php?m=Moban&a=update_handler | INFO: Tag[ view_end ] --END-- [ RunTime:0.001815s ]
[ 2012-05-19T03:43:43+08:00 ] /myfcms/admin/index.php?m=Moban&a=main&theme=default | INFO: Tag[ app_begin ] --START--
[ 2012-05-19T03:43:43+08:00 ] /myfcms/admin/index.php?m=Moban&a=main&theme=default | INFO: Run ReadHtmlCache Behavior [ RunTime:0.007045s ]
[ 2012-05-19T03:43:43+08:00 ] /myfcms/admin/index.php?m=Moban&a=main&theme=default | INFO: Tag[ app_begin ] --END-- [ RunTime:0.007599s ]
[ 2012-05-19T03:43:43+08:00 ] /myfcms/admin/index.php?m=Moban&a=main&theme=default | SQL: SHOW COLUMNS FROM `myf_moban` [ RunTime:0.008583s ]
[ 2012-05-19T03:43:43+08:00 ] /myfcms/admin/index.php?m=Moban&a=main&theme=default | SQL: SELECT * FROM `myf_moban` WHERE theme='default'  [ RunTime:0.003560s ]
[ 2012-05-19T03:43:43+08:00 ] /myfcms/admin/index.php?m=Moban&a=main&theme=default | INFO: Tag[ view_template ] --START--
[ 2012-05-19T03:43:43+08:00 ] /myfcms/admin/index.php?m=Moban&a=main&theme=default | INFO: Run LocationTemplate Behavior [ RunTime:0.004076s ]
[ 2012-05-19T03:43:43+08:00 ] /myfcms/admin/index.php?m=Moban&a=main&theme=default | INFO: Tag[ view_template ] --END-- [ RunTime:0.004318s ]
[ 2012-05-19T03:43:43+08:00 ] /myfcms/admin/index.php?m=Moban&a=main&theme=default | INFO: Tag[ view_parse ] --START--
[ 2012-05-19T03:43:43+08:00 ] /myfcms/admin/index.php?m=Moban&a=main&theme=default | INFO: Run ParseTemplate Behavior [ RunTime:0.059071s ]
[ 2012-05-19T03:43:43+08:00 ] /myfcms/admin/index.php?m=Moban&a=main&theme=default | INFO: Tag[ view_parse ] --END-- [ RunTime:0.060541s ]
[ 2012-05-19T03:43:43+08:00 ] /myfcms/admin/index.php?m=Moban&a=main&theme=default | INFO: Tag[ view_filter ] --START--
[ 2012-05-19T03:43:43+08:00 ] /myfcms/admin/index.php?m=Moban&a=main&theme=default | INFO: Run ContentReplace Behavior [ RunTime:0.005890s ]
[ 2012-05-19T03:43:43+08:00 ] /myfcms/admin/index.php?m=Moban&a=main&theme=default | INFO: Run TokenBuild Behavior [ RunTime:0.004070s ]
[ 2012-05-19T03:43:43+08:00 ] /myfcms/admin/index.php?m=Moban&a=main&theme=default | INFO: Run WriteHtmlCache Behavior [ RunTime:0.003444s ]
[ 2012-05-19T03:43:43+08:00 ] /myfcms/admin/index.php?m=Moban&a=main&theme=default | INFO: Run ShowRuntime Behavior [ RunTime:0.007594s ]
[ 2012-05-19T03:43:43+08:00 ] /myfcms/admin/index.php?m=Moban&a=main&theme=default | INFO: Tag[ view_filter ] --END-- [ RunTime:0.021735s ]
[ 2012-05-19T03:43:43+08:00 ] /myfcms/admin/index.php?m=Moban&a=main&theme=default | INFO: Tag[ view_end ] --START--
[ 2012-05-19T03:43:43+08:00 ] /myfcms/admin/index.php?m=Moban&a=main&theme=default | INFO: Run ShowPageTrace Behavior [ RunTime:0.004909s ]
[ 2012-05-19T03:43:43+08:00 ] /myfcms/admin/index.php?m=Moban&a=main&theme=default | INFO: Tag[ view_end ] --END-- [ RunTime:0.005162s ]
[ 2012-05-19T03:43:45+08:00 ] /myfcms/admin/index.php?m=Moban&a=update&id=1 | INFO: Tag[ app_begin ] --START--
[ 2012-05-19T03:43:45+08:00 ] /myfcms/admin/index.php?m=Moban&a=update&id=1 | INFO: Run ReadHtmlCache Behavior [ RunTime:0.001924s ]
[ 2012-05-19T03:43:45+08:00 ] /myfcms/admin/index.php?m=Moban&a=update&id=1 | INFO: Tag[ app_begin ] --END-- [ RunTime:0.002276s ]
[ 2012-05-19T03:43:45+08:00 ] /myfcms/admin/index.php?m=Moban&a=update&id=1 | NOTIC: [8] Undefined index:  theme MobanAction.class.php 第 71 行.
[ 2012-05-19T03:43:45+08:00 ] /myfcms/admin/index.php?m=Moban&a=update&id=1 | SQL: SHOW COLUMNS FROM `myf_moban` [ RunTime:0.007899s ]
[ 2012-05-19T03:43:45+08:00 ] /myfcms/admin/index.php?m=Moban&a=update&id=1 | SQL: SELECT * FROM `myf_moban` WHERE ( `id` = '1' ) LIMIT 1   [ RunTime:0.003003s ]
[ 2012-05-19T03:43:45+08:00 ] /myfcms/admin/index.php?m=Moban&a=update&id=1 | INFO: Tag[ view_template ] --START--
[ 2012-05-19T03:43:45+08:00 ] /myfcms/admin/index.php?m=Moban&a=update&id=1 | INFO: Run LocationTemplate Behavior [ RunTime:0.001553s ]
[ 2012-05-19T03:43:45+08:00 ] /myfcms/admin/index.php?m=Moban&a=update&id=1 | INFO: Tag[ view_template ] --END-- [ RunTime:0.001798s ]
[ 2012-05-19T03:43:45+08:00 ] /myfcms/admin/index.php?m=Moban&a=update&id=1 | INFO: Tag[ view_parse ] --START--
[ 2012-05-19T03:43:45+08:00 ] /myfcms/admin/index.php?m=Moban&a=update&id=1 | INFO: Run ParseTemplate Behavior [ RunTime:0.036542s ]
[ 2012-05-19T03:43:45+08:00 ] /myfcms/admin/index.php?m=Moban&a=update&id=1 | INFO: Tag[ view_parse ] --END-- [ RunTime:0.036830s ]
[ 2012-05-19T03:43:45+08:00 ] /myfcms/admin/index.php?m=Moban&a=update&id=1 | INFO: Tag[ view_filter ] --START--
[ 2012-05-19T03:43:45+08:00 ] /myfcms/admin/index.php?m=Moban&a=update&id=1 | INFO: Run ContentReplace Behavior [ RunTime:0.001485s ]
[ 2012-05-19T03:43:45+08:00 ] /myfcms/admin/index.php?m=Moban&a=update&id=1 | INFO: Run TokenBuild Behavior [ RunTime:0.001513s ]
[ 2012-05-19T03:43:45+08:00 ] /myfcms/admin/index.php?m=Moban&a=update&id=1 | INFO: Run WriteHtmlCache Behavior [ RunTime:0.000805s ]
[ 2012-05-19T03:43:45+08:00 ] /myfcms/admin/index.php?m=Moban&a=update&id=1 | INFO: Run ShowRuntime Behavior [ RunTime:0.001585s ]
[ 2012-05-19T03:43:45+08:00 ] /myfcms/admin/index.php?m=Moban&a=update&id=1 | INFO: Tag[ view_filter ] --END-- [ RunTime:0.005994s ]
[ 2012-05-19T03:43:45+08:00 ] /myfcms/admin/index.php?m=Moban&a=update&id=1 | INFO: Tag[ view_end ] --START--
[ 2012-05-19T03:43:45+08:00 ] /myfcms/admin/index.php?m=Moban&a=update&id=1 | INFO: Run ShowPageTrace Behavior [ RunTime:0.001510s ]
[ 2012-05-19T03:43:45+08:00 ] /myfcms/admin/index.php?m=Moban&a=update&id=1 | INFO: Tag[ view_end ] --END-- [ RunTime:0.001732s ]
[ 2012-05-19T03:44:58+08:00 ] /myfcms/admin/index.php?m=Moban&a=update_handler | INFO: Tag[ app_begin ] --START--
[ 2012-05-19T03:44:58+08:00 ] /myfcms/admin/index.php?m=Moban&a=update_handler | INFO: Run ReadHtmlCache Behavior [ RunTime:0.001929s ]
[ 2012-05-19T03:44:58+08:00 ] /myfcms/admin/index.php?m=Moban&a=update_handler | INFO: Tag[ app_begin ] --END-- [ RunTime:0.002287s ]
[ 2012-05-19T03:44:58+08:00 ] /myfcms/admin/index.php?m=Moban&a=update_handler | SQL: SHOW COLUMNS FROM `myf_moban` [ RunTime:0.009622s ]
[ 2012-05-19T03:44:58+08:00 ] /myfcms/admin/index.php?m=Moban&a=update_handler | SQL: SELECT * FROM `myf_moban` WHERE ( `id` = '1' ) LIMIT 1   [ RunTime:0.004294s ]
[ 2012-05-19T03:44:58+08:00 ] /myfcms/admin/index.php?m=Moban&a=update_handler | SQL: UPDATE `myf_moban` SET `filename`='index',`theme`='default',`content`='<tagLib name=\"myfcms\" />\r\n<!DOCTYPE html>\r\n<html lang=\"en\">\r\n	<head>\r\n		<meta charset=\"utf-8\" />\r\n		<meta http-equiv=\"X-UA-Compatible\" content=\"IE=edge,chrome=1\" />\r\n		<title>index</title>\r\n		<meta name=\"description\" content=\"\" />\r\n		<meta name=\"author\" content=\"minyifei\" />\r\n<link type=\"text/css\" rel=\"stylesheet\" href=\"__MYFCMS__/Css/main.css\" />\r\n\r\n	</head>\r\n	<body>\r\n		<div><include file=\"./Tpl/default/Public/top.html\" />\r\n		\r\n\r\n			<nav>\r\n				<p>\r\n					<a href=\"/\">Home</a>\r\n				</p>\r\n				<myfcms:channel id=\"vo\" topid=\"0\" key=\"k\" urltype=\"normal\">\r\n                  <li>\r\n                  	{$k}-<a href=\"{$vo.typeurl}\">{$vo.typename}</a> \r\n                  </li>\r\n                </myfcms:channel>\r\n			</nav>\r\n			<div>\r\n				<h3>\r\n					随机文章\r\n				</h3>\r\n				<myfcms:arclist id=\"vo\" limit=\"10\" order=\"rand()\" key=\"k\" urltype=\"normal\">\r\n					<li>\r\n	                 {$vo.click}-<a href=\"{$vo.typeurl}\">{$vo.typename}</a>-{$vo.Arctype.typedir}-<a href=\"{$vo.arcurl}\">{$vo.title}</a>-{$vo.sendtime|strtotime|date=\"Y年m月\",###} \r\n                   </li>\r\n				</myfcms:arclist>\r\n			</div>\r\n			<div>\r\n				keyword:<myfcms:global name=\"cfg_webname\" />\r\n			</div>\r\n			\r\n			<footer>\r\n				<p>\r\n					<myfcms:flink id=\"vo\">\r\n						<li>\r\n							<a href=\"{$vo.linkurl}\">{$vo.webname}</a>\r\n						</li>\r\n					</myfcms:flink>\r\n				</p>\r\n				<p>\r\n					© Copyright  by minyifei\r\n				</p>\r\n			</footer>\r\n		</div>\r\n	</body>\r\n</html>',`pathname`='Index',`info`='默认首页模版',`updatetime`='2012-05-19 03:44:58' WHERE id=1 [ RunTime:0.002870s ]
[ 2012-05-19T03:44:58+08:00 ] /myfcms/admin/index.php?m=Moban&a=update_handler | INFO: Tag[ view_template ] --START--
[ 2012-05-19T03:44:58+08:00 ] /myfcms/admin/index.php?m=Moban&a=update_handler | INFO: Run LocationTemplate Behavior [ RunTime:0.004468s ]
[ 2012-05-19T03:44:58+08:00 ] /myfcms/admin/index.php?m=Moban&a=update_handler | INFO: Tag[ view_template ] --END-- [ RunTime:0.004735s ]
[ 2012-05-19T03:44:58+08:00 ] /myfcms/admin/index.php?m=Moban&a=update_handler | INFO: Tag[ view_parse ] --START--
[ 2012-05-19T03:44:58+08:00 ] /myfcms/admin/index.php?m=Moban&a=update_handler | INFO: Run ParseTemplate Behavior [ RunTime:0.050687s ]
[ 2012-05-19T03:44:58+08:00 ] /myfcms/admin/index.php?m=Moban&a=update_handler | INFO: Tag[ view_parse ] --END-- [ RunTime:0.050978s ]
[ 2012-05-19T03:44:58+08:00 ] /myfcms/admin/index.php?m=Moban&a=update_handler | INFO: Tag[ view_filter ] --START--
[ 2012-05-19T03:44:58+08:00 ] /myfcms/admin/index.php?m=Moban&a=update_handler | INFO: Run ContentReplace Behavior [ RunTime:0.010645s ]
[ 2012-05-19T03:44:58+08:00 ] /myfcms/admin/index.php?m=Moban&a=update_handler | INFO: Run TokenBuild Behavior [ RunTime:0.006385s ]
[ 2012-05-19T03:44:58+08:00 ] /myfcms/admin/index.php?m=Moban&a=update_handler | INFO: Run WriteHtmlCache Behavior [ RunTime:0.012872s ]
[ 2012-05-19T03:44:58+08:00 ] /myfcms/admin/index.php?m=Moban&a=update_handler | INFO: Run ShowRuntime Behavior [ RunTime:0.010066s ]
[ 2012-05-19T03:44:58+08:00 ] /myfcms/admin/index.php?m=Moban&a=update_handler | INFO: Tag[ view_filter ] --END-- [ RunTime:0.040741s ]
[ 2012-05-19T03:44:58+08:00 ] /myfcms/admin/index.php?m=Moban&a=update_handler | INFO: Tag[ view_end ] --START--
[ 2012-05-19T03:44:58+08:00 ] /myfcms/admin/index.php?m=Moban&a=update_handler | INFO: Run ShowPageTrace Behavior [ RunTime:0.006539s ]
[ 2012-05-19T03:44:58+08:00 ] /myfcms/admin/index.php?m=Moban&a=update_handler | INFO: Tag[ view_end ] --END-- [ RunTime:0.006787s ]
[ 2012-05-19T03:45:00+08:00 ] /myfcms/admin/index.php?m=Moban&a=main&theme=default | INFO: Tag[ app_begin ] --START--
[ 2012-05-19T03:45:00+08:00 ] /myfcms/admin/index.php?m=Moban&a=main&theme=default | INFO: Run ReadHtmlCache Behavior [ RunTime:0.002327s ]
[ 2012-05-19T03:45:00+08:00 ] /myfcms/admin/index.php?m=Moban&a=main&theme=default | INFO: Tag[ app_begin ] --END-- [ RunTime:0.006873s ]
[ 2012-05-19T03:45:00+08:00 ] /myfcms/admin/index.php?m=Moban&a=main&theme=default | SQL: SHOW COLUMNS FROM `myf_moban` [ RunTime:0.008824s ]
[ 2012-05-19T03:45:00+08:00 ] /myfcms/admin/index.php?m=Moban&a=main&theme=default | SQL: SELECT * FROM `myf_moban` WHERE theme='default'  [ RunTime:0.004912s ]
[ 2012-05-19T03:45:00+08:00 ] /myfcms/admin/index.php?m=Moban&a=main&theme=default | INFO: Tag[ view_template ] --START--
[ 2012-05-19T03:45:00+08:00 ] /myfcms/admin/index.php?m=Moban&a=main&theme=default | INFO: Run LocationTemplate Behavior [ RunTime:0.005523s ]
[ 2012-05-19T03:45:00+08:00 ] /myfcms/admin/index.php?m=Moban&a=main&theme=default | INFO: Tag[ view_template ] --END-- [ RunTime:0.005806s ]
[ 2012-05-19T03:45:00+08:00 ] /myfcms/admin/index.php?m=Moban&a=main&theme=default | INFO: Tag[ view_parse ] --START--
[ 2012-05-19T03:45:00+08:00 ] /myfcms/admin/index.php?m=Moban&a=main&theme=default | INFO: Run ParseTemplate Behavior [ RunTime:0.062865s ]
[ 2012-05-19T03:45:00+08:00 ] /myfcms/admin/index.php?m=Moban&a=main&theme=default | INFO: Tag[ view_parse ] --END-- [ RunTime:0.063151s ]
[ 2012-05-19T03:45:00+08:00 ] /myfcms/admin/index.php?m=Moban&a=main&theme=default | INFO: Tag[ view_filter ] --START--
[ 2012-05-19T03:45:00+08:00 ] /myfcms/admin/index.php?m=Moban&a=main&theme=default | INFO: Run ContentReplace Behavior [ RunTime:0.006270s ]
[ 2012-05-19T03:45:00+08:00 ] /myfcms/admin/index.php?m=Moban&a=main&theme=default | INFO: Run TokenBuild Behavior [ RunTime:0.006830s ]
[ 2012-05-19T03:45:00+08:00 ] /myfcms/admin/index.php?m=Moban&a=main&theme=default | INFO: Run WriteHtmlCache Behavior [ RunTime:0.005277s ]
[ 2012-05-19T03:45:00+08:00 ] /myfcms/admin/index.php?m=Moban&a=main&theme=default | INFO: Run ShowRuntime Behavior [ RunTime:0.006195s ]
[ 2012-05-19T03:45:00+08:00 ] /myfcms/admin/index.php?m=Moban&a=main&theme=default | INFO: Tag[ view_filter ] --END-- [ RunTime:0.025250s ]
[ 2012-05-19T03:45:00+08:00 ] /myfcms/admin/index.php?m=Moban&a=main&theme=default | INFO: Tag[ view_end ] --START--
[ 2012-05-19T03:45:00+08:00 ] /myfcms/admin/index.php?m=Moban&a=main&theme=default | INFO: Run ShowPageTrace Behavior [ RunTime:0.006515s ]
[ 2012-05-19T03:45:00+08:00 ] /myfcms/admin/index.php?m=Moban&a=main&theme=default | INFO: Tag[ view_end ] --END-- [ RunTime:0.007308s ]
[ 2012-05-19T03:45:01+08:00 ] /myfcms/admin/index.php?m=Moban&a=update&id=1 | INFO: Tag[ app_begin ] --START--
[ 2012-05-19T03:45:01+08:00 ] /myfcms/admin/index.php?m=Moban&a=update&id=1 | INFO: Run ReadHtmlCache Behavior [ RunTime:0.001932s ]
[ 2012-05-19T03:45:01+08:00 ] /myfcms/admin/index.php?m=Moban&a=update&id=1 | INFO: Tag[ app_begin ] --END-- [ RunTime:0.002293s ]
[ 2012-05-19T03:45:01+08:00 ] /myfcms/admin/index.php?m=Moban&a=update&id=1 | NOTIC: [8] Undefined index:  theme MobanAction.class.php 第 71 行.
[ 2012-05-19T03:45:02+08:00 ] /myfcms/admin/index.php?m=Moban&a=update&id=1 | SQL: SHOW COLUMNS FROM `myf_moban` [ RunTime:0.009276s ]
[ 2012-05-19T03:45:02+08:00 ] /myfcms/admin/index.php?m=Moban&a=update&id=1 | SQL: SELECT * FROM `myf_moban` WHERE ( `id` = '1' ) LIMIT 1   [ RunTime:0.003330s ]
[ 2012-05-19T03:45:02+08:00 ] /myfcms/admin/index.php?m=Moban&a=update&id=1 | INFO: Tag[ view_template ] --START--
[ 2012-05-19T03:45:02+08:00 ] /myfcms/admin/index.php?m=Moban&a=update&id=1 | INFO: Run LocationTemplate Behavior [ RunTime:0.005864s ]
[ 2012-05-19T03:45:02+08:00 ] /myfcms/admin/index.php?m=Moban&a=update&id=1 | INFO: Tag[ view_template ] --END-- [ RunTime:0.006140s ]
[ 2012-05-19T03:45:02+08:00 ] /myfcms/admin/index.php?m=Moban&a=update&id=1 | INFO: Tag[ view_parse ] --START--
[ 2012-05-19T03:45:02+08:00 ] /myfcms/admin/index.php?m=Moban&a=update&id=1 | INFO: Run ParseTemplate Behavior [ RunTime:0.054306s ]
[ 2012-05-19T03:45:02+08:00 ] /myfcms/admin/index.php?m=Moban&a=update&id=1 | INFO: Tag[ view_parse ] --END-- [ RunTime:0.054601s ]
[ 2012-05-19T03:45:02+08:00 ] /myfcms/admin/index.php?m=Moban&a=update&id=1 | INFO: Tag[ view_filter ] --START--
[ 2012-05-19T03:45:02+08:00 ] /myfcms/admin/index.php?m=Moban&a=update&id=1 | INFO: Run ContentReplace Behavior [ RunTime:0.005984s ]
[ 2012-05-19T03:45:02+08:00 ] /myfcms/admin/index.php?m=Moban&a=update&id=1 | INFO: Run TokenBuild Behavior [ RunTime:0.008633s ]
[ 2012-05-19T03:45:02+08:00 ] /myfcms/admin/index.php?m=Moban&a=update&id=1 | INFO: Run WriteHtmlCache Behavior [ RunTime:0.005951s ]
[ 2012-05-19T03:45:02+08:00 ] /myfcms/admin/index.php?m=Moban&a=update&id=1 | INFO: Run ShowRuntime Behavior [ RunTime:0.006342s ]
[ 2012-05-19T03:45:02+08:00 ] /myfcms/admin/index.php?m=Moban&a=update&id=1 | INFO: Tag[ view_filter ] --END-- [ RunTime:0.027628s ]
[ 2012-05-19T03:45:02+08:00 ] /myfcms/admin/index.php?m=Moban&a=update&id=1 | INFO: Tag[ view_end ] --START--
[ 2012-05-19T03:45:02+08:00 ] /myfcms/admin/index.php?m=Moban&a=update&id=1 | INFO: Run ShowPageTrace Behavior [ RunTime:0.006525s ]
[ 2012-05-19T03:45:02+08:00 ] /myfcms/admin/index.php?m=Moban&a=update&id=1 | INFO: Tag[ view_end ] --END-- [ RunTime:0.006771s ]
[ 2012-05-19T04:12:06+08:00 ] /myfcms/admin/index.php?m=Moban&a=main&theme=default | INFO: Tag[ app_begin ] --START--
[ 2012-05-19T04:12:06+08:00 ] /myfcms/admin/index.php?m=Moban&a=main&theme=default | INFO: Run ReadHtmlCache Behavior [ RunTime:0.004793s ]
[ 2012-05-19T04:12:06+08:00 ] /myfcms/admin/index.php?m=Moban&a=main&theme=default | INFO: Tag[ app_begin ] --END-- [ RunTime:0.005157s ]
[ 2012-05-19T04:12:06+08:00 ] /myfcms/admin/index.php?m=Moban&a=main&theme=default | SQL: SHOW COLUMNS FROM `myf_moban` [ RunTime:0.010162s ]
[ 2012-05-19T04:12:06+08:00 ] /myfcms/admin/index.php?m=Moban&a=main&theme=default | SQL: SELECT * FROM `myf_moban` WHERE theme='default'  [ RunTime:0.004162s ]
[ 2012-05-19T04:12:06+08:00 ] /myfcms/admin/index.php?m=Moban&a=main&theme=default | INFO: Tag[ view_template ] --START--
[ 2012-05-19T04:12:06+08:00 ] /myfcms/admin/index.php?m=Moban&a=main&theme=default | INFO: Run LocationTemplate Behavior [ RunTime:0.007519s ]
[ 2012-05-19T04:12:06+08:00 ] /myfcms/admin/index.php?m=Moban&a=main&theme=default | INFO: Tag[ view_template ] --END-- [ RunTime:0.007806s ]
[ 2012-05-19T04:12:06+08:00 ] /myfcms/admin/index.php?m=Moban&a=main&theme=default | INFO: Tag[ view_parse ] --START--
[ 2012-05-19T04:12:06+08:00 ] /myfcms/admin/index.php?m=Moban&a=main&theme=default | INFO: Run ParseTemplate Behavior [ RunTime:0.054865s ]
[ 2012-05-19T04:12:06+08:00 ] /myfcms/admin/index.php?m=Moban&a=main&theme=default | INFO: Tag[ view_parse ] --END-- [ RunTime:0.055169s ]
[ 2012-05-19T04:12:06+08:00 ] /myfcms/admin/index.php?m=Moban&a=main&theme=default | INFO: Tag[ view_filter ] --START--
[ 2012-05-19T04:12:06+08:00 ] /myfcms/admin/index.php?m=Moban&a=main&theme=default | INFO: Run ContentReplace Behavior [ RunTime:0.004638s ]
[ 2012-05-19T04:12:06+08:00 ] /myfcms/admin/index.php?m=Moban&a=main&theme=default | INFO: Run TokenBuild Behavior [ RunTime:0.006600s ]
[ 2012-05-19T04:12:06+08:00 ] /myfcms/admin/index.php?m=Moban&a=main&theme=default | INFO: Run WriteHtmlCache Behavior [ RunTime:0.005804s ]
[ 2012-05-19T04:12:06+08:00 ] /myfcms/admin/index.php?m=Moban&a=main&theme=default | INFO: Run ShowRuntime Behavior [ RunTime:0.004428s ]
[ 2012-05-19T04:12:06+08:00 ] /myfcms/admin/index.php?m=Moban&a=main&theme=default | INFO: Tag[ view_filter ] --END-- [ RunTime:0.022219s ]
[ 2012-05-19T04:12:06+08:00 ] /myfcms/admin/index.php?m=Moban&a=main&theme=default | INFO: Tag[ view_end ] --START--
[ 2012-05-19T04:12:06+08:00 ] /myfcms/admin/index.php?m=Moban&a=main&theme=default | INFO: Run ShowPageTrace Behavior [ RunTime:0.004126s ]
[ 2012-05-19T04:12:06+08:00 ] /myfcms/admin/index.php?m=Moban&a=main&theme=default | INFO: Tag[ view_end ] --END-- [ RunTime:0.004367s ]
[ 2012-05-19T04:12:08+08:00 ] /myfcms/admin/index.php?m=Moban&a=update&id=3 | INFO: Tag[ app_begin ] --START--
[ 2012-05-19T04:12:08+08:00 ] /myfcms/admin/index.php?m=Moban&a=update&id=3 | INFO: Run ReadHtmlCache Behavior [ RunTime:0.001938s ]
[ 2012-05-19T04:12:08+08:00 ] /myfcms/admin/index.php?m=Moban&a=update&id=3 | INFO: Tag[ app_begin ] --END-- [ RunTime:0.002293s ]
[ 2012-05-19T04:12:08+08:00 ] /myfcms/admin/index.php?m=Moban&a=update&id=3 | NOTIC: [8] Undefined index:  theme MobanAction.class.php 第 71 行.
[ 2012-05-19T04:12:08+08:00 ] /myfcms/admin/index.php?m=Moban&a=update&id=3 | SQL: SHOW COLUMNS FROM `myf_moban` [ RunTime:0.007840s ]
[ 2012-05-19T04:12:08+08:00 ] /myfcms/admin/index.php?m=Moban&a=update&id=3 | SQL: SELECT * FROM `myf_moban` WHERE ( `id` = '3' ) LIMIT 1   [ RunTime:0.002781s ]
[ 2012-05-19T04:12:08+08:00 ] /myfcms/admin/index.php?m=Moban&a=update&id=3 | INFO: Tag[ view_template ] --START--
[ 2012-05-19T04:12:08+08:00 ] /myfcms/admin/index.php?m=Moban&a=update&id=3 | INFO: Run LocationTemplate Behavior [ RunTime:0.005576s ]
[ 2012-05-19T04:12:08+08:00 ] /myfcms/admin/index.php?m=Moban&a=update&id=3 | INFO: Tag[ view_template ] --END-- [ RunTime:0.005850s ]
[ 2012-05-19T04:12:08+08:00 ] /myfcms/admin/index.php?m=Moban&a=update&id=3 | INFO: Tag[ view_parse ] --START--
[ 2012-05-19T04:12:09+08:00 ] /myfcms/admin/index.php?m=Moban&a=update&id=3 | INFO: Run ParseTemplate Behavior [ RunTime:0.039127s ]
[ 2012-05-19T04:12:09+08:00 ] /myfcms/admin/index.php?m=Moban&a=update&id=3 | INFO: Tag[ view_parse ] --END-- [ RunTime:0.039412s ]
[ 2012-05-19T04:12:09+08:00 ] /myfcms/admin/index.php?m=Moban&a=update&id=3 | INFO: Tag[ view_filter ] --START--
[ 2012-05-19T04:12:09+08:00 ] /myfcms/admin/index.php?m=Moban&a=update&id=3 | INFO: Run ContentReplace Behavior [ RunTime:0.001528s ]
[ 2012-05-19T04:12:09+08:00 ] /myfcms/admin/index.php?m=Moban&a=update&id=3 | INFO: Run TokenBuild Behavior [ RunTime:0.001591s ]
[ 2012-05-19T04:12:09+08:00 ] /myfcms/admin/index.php?m=Moban&a=update&id=3 | INFO: Run WriteHtmlCache Behavior [ RunTime:0.000819s ]
[ 2012-05-19T04:12:09+08:00 ] /myfcms/admin/index.php?m=Moban&a=update&id=3 | INFO: Run ShowRuntime Behavior [ RunTime:0.001599s ]
[ 2012-05-19T04:12:09+08:00 ] /myfcms/admin/index.php?m=Moban&a=update&id=3 | INFO: Tag[ view_filter ] --END-- [ RunTime:0.006813s ]
[ 2012-05-19T04:12:09+08:00 ] /myfcms/admin/index.php?m=Moban&a=update&id=3 | INFO: Tag[ view_end ] --START--
[ 2012-05-19T04:12:09+08:00 ] /myfcms/admin/index.php?m=Moban&a=update&id=3 | INFO: Run ShowPageTrace Behavior [ RunTime:0.002190s ]
[ 2012-05-19T04:12:09+08:00 ] /myfcms/admin/index.php?m=Moban&a=update&id=3 | INFO: Tag[ view_end ] --END-- [ RunTime:0.002450s ]
[ 2012-05-19T04:12:11+08:00 ] /myfcms/admin/index.php?m=Moban&a=update_handler | INFO: Tag[ app_begin ] --START--
[ 2012-05-19T04:12:11+08:00 ] /myfcms/admin/index.php?m=Moban&a=update_handler | INFO: Run ReadHtmlCache Behavior [ RunTime:0.001845s ]
[ 2012-05-19T04:12:11+08:00 ] /myfcms/admin/index.php?m=Moban&a=update_handler | INFO: Tag[ app_begin ] --END-- [ RunTime:0.002182s ]
[ 2012-05-19T04:12:11+08:00 ] /myfcms/admin/index.php?m=Moban&a=update_handler | SQL: SHOW COLUMNS FROM `myf_moban` [ RunTime:0.008511s ]
[ 2012-05-19T04:12:11+08:00 ] /myfcms/admin/index.php?m=Moban&a=update_handler | SQL: SELECT * FROM `myf_moban` WHERE ( `id` = '3' ) LIMIT 1   [ RunTime:0.003950s ]
[ 2012-05-19T04:12:11+08:00 ] /myfcms/admin/index.php?m=Moban&a=update_handler | SQL: UPDATE `myf_moban` SET `filename`='index',`theme`='default',`content`='<tagLib name=\"myfcms\" />\r\n<!DOCTYPE html>\r\n<html lang=\"en\">\r\n	<head>\r\n		<meta charset=\"utf-8\" />\r\n		<meta http-equiv=\"X-UA-Compatible\" content=\"IE=edge,chrome=1\" />\r\n		<title>{$myfcms.typename}</title>\r\n		<meta name=\"description\" content=\"\" />\r\n		<meta name=\"author\" content=\"minyifei\" />\r\n<link type=\"text/css\" rel=\"stylesheet\" href=\"__MYFCMS__/Css/main.css\" />\r\n	</head>\r\n	<body>\r\n		<div>\r\n			<header>\r\n				<h1>{$myfcms.typename}</h1>\r\n			</header>\r\n			<nav>\r\n{$myfcms.position}\r\n				<p>\r\n					<a href=\"/\">Home-{$selfid}</a>\r\n				</p>\r\n				<myfcms:channel id=\"vo\" topid=\"0\" key=\"k\">\r\n                  <li>\r\n                  	<eq name=\"vo.id\" value=\"$selfid\">\r\n                  		{$k}-seft-<a style=\"font-weight: bold;color:red\" href=\"{$vo.typeurl}\">{$vo.typename}</a> \r\n                  		<else/>\r\n              			{$k}-<a href=\"{$vo.typeurl}\">{$vo.typename}</a> \r\n                  	</eq>                  	\r\n                  </li>\r\n                </myfcms:channel>\r\n			</nav>\r\n			<nav>\r\n				<p>二级栏目</p>\r\n				<myfcms:channel id=\"vo\" topid=\"$selfid\" key=\"k\">\r\n                  <li>\r\n                  	<eq name=\"vo.id\" value=\"$selfid\">\r\n                  		{$k}-seft-<a style=\"font-weight: bold;color:red\" href=\"{$vo.typeurl}\">{$vo.typename}</a> \r\n                  		<else/>\r\n              			{$k}-<a href=\"{$vo.typeurl}\">{$vo.typename}</a> \r\n                  	</eq>                  	\r\n                  </li>\r\n                </myfcms:channel>\r\n			</nav>\r\n			<div class=\"page\" style=\"\">\r\n				<myfcms:pagelist name=\"mypage\" pagesize=\"5\" />\r\n			</div>\r\n			<div style=\"background: #ccc;padding:20px;line-height: 22px;margin-top:22px;\">\r\n				<myfcms:list id=\"arc\" pagesize=\"5\" urltype=\"normal\">\r\n					<li>{$arc.id}-<a href=\"{$arc.typeurl}\">{$arc.typename}</a>-<a href=\"{$arc.arcurl}\">{$arc.title}</a>-{$arc.sendtime}</li>\r\n				</myfcms:list>\r\n			</div>\r\n			<div class=\"page\" style=\"\">\r\n				<myfcms:pagelist name=\"mypage\" />\r\n			</div>\r\n			<footer>\r\n				<p>\r\n					© Copyright  by minyifei\r\n				</p>\r\n			</footer>\r\n		</div>\r\n	</body>\r\n</html>',`pathname`='List',`info`='默认列表页',`updatetime`='2012-05-19 04:12:11' WHERE id=3 [ RunTime:0.001657s ]
[ 2012-05-19T04:12:11+08:00 ] /myfcms/admin/index.php?m=Moban&a=update_handler | INFO: Tag[ view_template ] --START--
[ 2012-05-19T04:12:11+08:00 ] /myfcms/admin/index.php?m=Moban&a=update_handler | INFO: Run LocationTemplate Behavior [ RunTime:0.005297s ]
[ 2012-05-19T04:12:11+08:00 ] /myfcms/admin/index.php?m=Moban&a=update_handler | INFO: Tag[ view_template ] --END-- [ RunTime:0.005696s ]
[ 2012-05-19T04:12:11+08:00 ] /myfcms/admin/index.php?m=Moban&a=update_handler | INFO: Tag[ view_parse ] --START--
[ 2012-05-19T04:12:11+08:00 ] /myfcms/admin/index.php?m=Moban&a=update_handler | INFO: Run ParseTemplate Behavior [ RunTime:0.036643s ]
[ 2012-05-19T04:12:11+08:00 ] /myfcms/admin/index.php?m=Moban&a=update_handler | INFO: Tag[ view_parse ] --END-- [ RunTime:0.036974s ]
[ 2012-05-19T04:12:11+08:00 ] /myfcms/admin/index.php?m=Moban&a=update_handler | INFO: Tag[ view_filter ] --START--
[ 2012-05-19T04:12:11+08:00 ] /myfcms/admin/index.php?m=Moban&a=update_handler | INFO: Run ContentReplace Behavior [ RunTime:0.001480s ]
[ 2012-05-19T04:12:11+08:00 ] /myfcms/admin/index.php?m=Moban&a=update_handler | INFO: Run TokenBuild Behavior [ RunTime:0.001429s ]
[ 2012-05-19T04:12:11+08:00 ] /myfcms/admin/index.php?m=Moban&a=update_handler | INFO: Run WriteHtmlCache Behavior [ RunTime:0.000831s ]
[ 2012-05-19T04:12:11+08:00 ] /myfcms/admin/index.php?m=Moban&a=update_handler | INFO: Run ShowRuntime Behavior [ RunTime:0.001682s ]
[ 2012-05-19T04:12:11+08:00 ] /myfcms/admin/index.php?m=Moban&a=update_handler | INFO: Tag[ view_filter ] --END-- [ RunTime:0.006068s ]
[ 2012-05-19T04:12:11+08:00 ] /myfcms/admin/index.php?m=Moban&a=update_handler | INFO: Tag[ view_end ] --START--
[ 2012-05-19T04:12:11+08:00 ] /myfcms/admin/index.php?m=Moban&a=update_handler | INFO: Run ShowPageTrace Behavior [ RunTime:0.001556s ]
[ 2012-05-19T04:12:11+08:00 ] /myfcms/admin/index.php?m=Moban&a=update_handler | INFO: Tag[ view_end ] --END-- [ RunTime:0.001786s ]
[ 2012-05-19T04:12:12+08:00 ] /myfcms/admin/index.php?m=Moban&a=main&theme=default | INFO: Tag[ app_begin ] --START--
[ 2012-05-19T04:12:12+08:00 ] /myfcms/admin/index.php?m=Moban&a=main&theme=default | INFO: Run ReadHtmlCache Behavior [ RunTime:0.002037s ]
[ 2012-05-19T04:12:12+08:00 ] /myfcms/admin/index.php?m=Moban&a=main&theme=default | INFO: Tag[ app_begin ] --END-- [ RunTime:0.002393s ]
[ 2012-05-19T04:12:12+08:00 ] /myfcms/admin/index.php?m=Moban&a=main&theme=default | SQL: SHOW COLUMNS FROM `myf_moban` [ RunTime:0.008273s ]
[ 2012-05-19T04:12:12+08:00 ] /myfcms/admin/index.php?m=Moban&a=main&theme=default | SQL: SELECT * FROM `myf_moban` WHERE theme='default'  [ RunTime:0.005643s ]
[ 2012-05-19T04:12:12+08:00 ] /myfcms/admin/index.php?m=Moban&a=main&theme=default | INFO: Tag[ view_template ] --START--
[ 2012-05-19T04:12:12+08:00 ] /myfcms/admin/index.php?m=Moban&a=main&theme=default | INFO: Run LocationTemplate Behavior [ RunTime:0.001590s ]
[ 2012-05-19T04:12:12+08:00 ] /myfcms/admin/index.php?m=Moban&a=main&theme=default | INFO: Tag[ view_template ] --END-- [ RunTime:0.001839s ]
[ 2012-05-19T04:12:12+08:00 ] /myfcms/admin/index.php?m=Moban&a=main&theme=default | INFO: Tag[ view_parse ] --START--
[ 2012-05-19T04:12:12+08:00 ] /myfcms/admin/index.php?m=Moban&a=main&theme=default | INFO: Run ParseTemplate Behavior [ RunTime:0.039695s ]
[ 2012-05-19T04:12:12+08:00 ] /myfcms/admin/index.php?m=Moban&a=main&theme=default | INFO: Tag[ view_parse ] --END-- [ RunTime:0.039984s ]
[ 2012-05-19T04:12:12+08:00 ] /myfcms/admin/index.php?m=Moban&a=main&theme=default | INFO: Tag[ view_filter ] --START--
[ 2012-05-19T04:12:12+08:00 ] /myfcms/admin/index.php?m=Moban&a=main&theme=default | INFO: Run ContentReplace Behavior [ RunTime:0.001472s ]
[ 2012-05-19T04:12:12+08:00 ] /myfcms/admin/index.php?m=Moban&a=main&theme=default | INFO: Run TokenBuild Behavior [ RunTime:0.001551s ]
[ 2012-05-19T04:12:12+08:00 ] /myfcms/admin/index.php?m=Moban&a=main&theme=default | INFO: Run WriteHtmlCache Behavior [ RunTime:0.000821s ]
[ 2012-05-19T04:12:12+08:00 ] /myfcms/admin/index.php?m=Moban&a=main&theme=default | INFO: Run ShowRuntime Behavior [ RunTime:0.001541s ]
[ 2012-05-19T04:12:12+08:00 ] /myfcms/admin/index.php?m=Moban&a=main&theme=default | INFO: Tag[ view_filter ] --END-- [ RunTime:0.006043s ]
[ 2012-05-19T04:12:12+08:00 ] /myfcms/admin/index.php?m=Moban&a=main&theme=default | INFO: Tag[ view_end ] --START--
[ 2012-05-19T04:12:12+08:00 ] /myfcms/admin/index.php?m=Moban&a=main&theme=default | INFO: Run ShowPageTrace Behavior [ RunTime:0.008363s ]
[ 2012-05-19T04:12:12+08:00 ] /myfcms/admin/index.php?m=Moban&a=main&theme=default | INFO: Tag[ view_end ] --END-- [ RunTime:0.008676s ]
[ 2012-05-19T04:12:22+08:00 ] /myfcms/admin/index.php?m=Moban&a=update&id=6 | INFO: Tag[ app_begin ] --START--
[ 2012-05-19T04:12:22+08:00 ] /myfcms/admin/index.php?m=Moban&a=update&id=6 | INFO: Run ReadHtmlCache Behavior [ RunTime:0.001860s ]
[ 2012-05-19T04:12:22+08:00 ] /myfcms/admin/index.php?m=Moban&a=update&id=6 | INFO: Tag[ app_begin ] --END-- [ RunTime:0.002201s ]
[ 2012-05-19T04:12:22+08:00 ] /myfcms/admin/index.php?m=Moban&a=update&id=6 | NOTIC: [8] Undefined index:  theme MobanAction.class.php 第 71 行.
[ 2012-05-19T04:12:22+08:00 ] /myfcms/admin/index.php?m=Moban&a=update&id=6 | SQL: SHOW COLUMNS FROM `myf_moban` [ RunTime:0.009871s ]
[ 2012-05-19T04:12:22+08:00 ] /myfcms/admin/index.php?m=Moban&a=update&id=6 | SQL: SELECT * FROM `myf_moban` WHERE ( `id` = '6' ) LIMIT 1   [ RunTime:0.001122s ]
[ 2012-05-19T04:12:22+08:00 ] /myfcms/admin/index.php?m=Moban&a=update&id=6 | INFO: Tag[ view_template ] --START--
[ 2012-05-19T04:12:22+08:00 ] /myfcms/admin/index.php?m=Moban&a=update&id=6 | INFO: Run LocationTemplate Behavior [ RunTime:0.004835s ]
[ 2012-05-19T04:12:22+08:00 ] /myfcms/admin/index.php?m=Moban&a=update&id=6 | INFO: Tag[ view_template ] --END-- [ RunTime:0.005081s ]
[ 2012-05-19T04:12:22+08:00 ] /myfcms/admin/index.php?m=Moban&a=update&id=6 | INFO: Tag[ view_parse ] --START--
[ 2012-05-19T04:12:22+08:00 ] /myfcms/admin/index.php?m=Moban&a=update&id=6 | INFO: Run ParseTemplate Behavior [ RunTime:0.054008s ]
[ 2012-05-19T04:12:22+08:00 ] /myfcms/admin/index.php?m=Moban&a=update&id=6 | INFO: Tag[ view_parse ] --END-- [ RunTime:0.054301s ]
[ 2012-05-19T04:12:22+08:00 ] /myfcms/admin/index.php?m=Moban&a=update&id=6 | INFO: Tag[ view_filter ] --START--
[ 2012-05-19T04:12:22+08:00 ] /myfcms/admin/index.php?m=Moban&a=update&id=6 | INFO: Run ContentReplace Behavior [ RunTime:0.007664s ]
[ 2012-05-19T04:12:22+08:00 ] /myfcms/admin/index.php?m=Moban&a=update&id=6 | INFO: Run TokenBuild Behavior [ RunTime:0.006133s ]
[ 2012-05-19T04:12:22+08:00 ] /myfcms/admin/index.php?m=Moban&a=update&id=6 | INFO: Run WriteHtmlCache Behavior [ RunTime:0.005594s ]
[ 2012-05-19T04:12:22+08:00 ] /myfcms/admin/index.php?m=Moban&a=update&id=6 | INFO: Run ShowRuntime Behavior [ RunTime:0.006855s ]
[ 2012-05-19T04:12:22+08:00 ] /myfcms/admin/index.php?m=Moban&a=update&id=6 | INFO: Tag[ view_filter ] --END-- [ RunTime:0.026998s ]
[ 2012-05-19T04:12:22+08:00 ] /myfcms/admin/index.php?m=Moban&a=update&id=6 | INFO: Tag[ view_end ] --START--
[ 2012-05-19T04:12:22+08:00 ] /myfcms/admin/index.php?m=Moban&a=update&id=6 | INFO: Run ShowPageTrace Behavior [ RunTime:0.006673s ]
[ 2012-05-19T04:12:22+08:00 ] /myfcms/admin/index.php?m=Moban&a=update&id=6 | INFO: Tag[ view_end ] --END-- [ RunTime:0.006938s ]
[ 2012-05-19T04:12:31+08:00 ] /myfcms/admin/index.php?m=Moban&a=main&theme=default | INFO: Tag[ app_begin ] --START--
[ 2012-05-19T04:12:31+08:00 ] /myfcms/admin/index.php?m=Moban&a=main&theme=default | INFO: Run ReadHtmlCache Behavior [ RunTime:0.004171s ]
[ 2012-05-19T04:12:31+08:00 ] /myfcms/admin/index.php?m=Moban&a=main&theme=default | INFO: Tag[ app_begin ] --END-- [ RunTime:0.004516s ]
[ 2012-05-19T04:12:31+08:00 ] /myfcms/admin/index.php?m=Moban&a=main&theme=default | SQL: SHOW COLUMNS FROM `myf_moban` [ RunTime:0.007802s ]
[ 2012-05-19T04:12:31+08:00 ] /myfcms/admin/index.php?m=Moban&a=main&theme=default | SQL: SELECT * FROM `myf_moban` WHERE theme='default'  [ RunTime:0.003116s ]
[ 2012-05-19T04:12:31+08:00 ] /myfcms/admin/index.php?m=Moban&a=main&theme=default | INFO: Tag[ view_template ] --START--
[ 2012-05-19T04:12:31+08:00 ] /myfcms/admin/index.php?m=Moban&a=main&theme=default | INFO: Run LocationTemplate Behavior [ RunTime:0.006220s ]
[ 2012-05-19T04:12:31+08:00 ] /myfcms/admin/index.php?m=Moban&a=main&theme=default | INFO: Tag[ view_template ] --END-- [ RunTime:0.006468s ]
[ 2012-05-19T04:12:31+08:00 ] /myfcms/admin/index.php?m=Moban&a=main&theme=default | INFO: Tag[ view_parse ] --START--
[ 2012-05-19T04:12:31+08:00 ] /myfcms/admin/index.php?m=Moban&a=main&theme=default | INFO: Run ParseTemplate Behavior [ RunTime:0.051694s ]
[ 2012-05-19T04:12:31+08:00 ] /myfcms/admin/index.php?m=Moban&a=main&theme=default | INFO: Tag[ view_parse ] --END-- [ RunTime:0.051981s ]
[ 2012-05-19T04:12:31+08:00 ] /myfcms/admin/index.php?m=Moban&a=main&theme=default | INFO: Tag[ view_filter ] --START--
[ 2012-05-19T04:12:31+08:00 ] /myfcms/admin/index.php?m=Moban&a=main&theme=default | INFO: Run ContentReplace Behavior [ RunTime:0.003943s ]
[ 2012-05-19T04:12:31+08:00 ] /myfcms/admin/index.php?m=Moban&a=main&theme=default | INFO: Run TokenBuild Behavior [ RunTime:0.005869s ]
[ 2012-05-19T04:12:31+08:00 ] /myfcms/admin/index.php?m=Moban&a=main&theme=default | INFO: Run WriteHtmlCache Behavior [ RunTime:0.003716s ]
[ 2012-05-19T04:12:31+08:00 ] /myfcms/admin/index.php?m=Moban&a=main&theme=default | INFO: Run ShowRuntime Behavior [ RunTime:0.004021s ]
[ 2012-05-19T04:12:31+08:00 ] /myfcms/admin/index.php?m=Moban&a=main&theme=default | INFO: Tag[ view_filter ] --END-- [ RunTime:0.018270s ]
[ 2012-05-19T04:12:31+08:00 ] /myfcms/admin/index.php?m=Moban&a=main&theme=default | INFO: Tag[ view_end ] --START--
[ 2012-05-19T04:12:31+08:00 ] /myfcms/admin/index.php?m=Moban&a=main&theme=default | INFO: Run ShowPageTrace Behavior [ RunTime:0.004316s ]
[ 2012-05-19T04:12:31+08:00 ] /myfcms/admin/index.php?m=Moban&a=main&theme=default | INFO: Tag[ view_end ] --END-- [ RunTime:0.004573s ]
[ 2012-05-19T04:12:37+08:00 ] /myfcms/admin/index.php?m=Moban&a=update&id=6 | INFO: Tag[ app_begin ] --START--
[ 2012-05-19T04:12:37+08:00 ] /myfcms/admin/index.php?m=Moban&a=update&id=6 | INFO: Run ReadHtmlCache Behavior [ RunTime:0.002302s ]
[ 2012-05-19T04:12:37+08:00 ] /myfcms/admin/index.php?m=Moban&a=update&id=6 | INFO: Tag[ app_begin ] --END-- [ RunTime:0.002644s ]
[ 2012-05-19T04:12:37+08:00 ] /myfcms/admin/index.php?m=Moban&a=update&id=6 | NOTIC: [8] Undefined index:  theme MobanAction.class.php 第 71 行.
[ 2012-05-19T04:12:37+08:00 ] /myfcms/admin/index.php?m=Moban&a=update&id=6 | SQL: SHOW COLUMNS FROM `myf_moban` [ RunTime:0.008238s ]
[ 2012-05-19T04:12:37+08:00 ] /myfcms/admin/index.php?m=Moban&a=update&id=6 | SQL: SELECT * FROM `myf_moban` WHERE ( `id` = '6' ) LIMIT 1   [ RunTime:0.003935s ]
[ 2012-05-19T04:12:37+08:00 ] /myfcms/admin/index.php?m=Moban&a=update&id=6 | INFO: Tag[ view_template ] --START--
[ 2012-05-19T04:12:37+08:00 ] /myfcms/admin/index.php?m=Moban&a=update&id=6 | INFO: Run LocationTemplate Behavior [ RunTime:0.003811s ]
[ 2012-05-19T04:12:37+08:00 ] /myfcms/admin/index.php?m=Moban&a=update&id=6 | INFO: Tag[ view_template ] --END-- [ RunTime:0.004045s ]
[ 2012-05-19T04:12:37+08:00 ] /myfcms/admin/index.php?m=Moban&a=update&id=6 | INFO: Tag[ view_parse ] --START--
[ 2012-05-19T04:12:37+08:00 ] /myfcms/admin/index.php?m=Moban&a=update&id=6 | INFO: Run ParseTemplate Behavior [ RunTime:0.036316s ]
[ 2012-05-19T04:12:37+08:00 ] /myfcms/admin/index.php?m=Moban&a=update&id=6 | INFO: Tag[ view_parse ] --END-- [ RunTime:0.036600s ]
[ 2012-05-19T04:12:37+08:00 ] /myfcms/admin/index.php?m=Moban&a=update&id=6 | INFO: Tag[ view_filter ] --START--
[ 2012-05-19T04:12:37+08:00 ] /myfcms/admin/index.php?m=Moban&a=update&id=6 | INFO: Run ContentReplace Behavior [ RunTime:0.001418s ]
[ 2012-05-19T04:12:37+08:00 ] /myfcms/admin/index.php?m=Moban&a=update&id=6 | INFO: Run TokenBuild Behavior [ RunTime:0.001521s ]
[ 2012-05-19T04:12:37+08:00 ] /myfcms/admin/index.php?m=Moban&a=update&id=6 | INFO: Run WriteHtmlCache Behavior [ RunTime:0.000884s ]
[ 2012-05-19T04:12:37+08:00 ] /myfcms/admin/index.php?m=Moban&a=update&id=6 | INFO: Run ShowRuntime Behavior [ RunTime:0.001828s ]
[ 2012-05-19T04:12:37+08:00 ] /myfcms/admin/index.php?m=Moban&a=update&id=6 | INFO: Tag[ view_filter ] --END-- [ RunTime:0.006334s ]
[ 2012-05-19T04:12:37+08:00 ] /myfcms/admin/index.php?m=Moban&a=update&id=6 | INFO: Tag[ view_end ] --START--
[ 2012-05-19T04:12:37+08:00 ] /myfcms/admin/index.php?m=Moban&a=update&id=6 | INFO: Run ShowPageTrace Behavior [ RunTime:0.001538s ]
[ 2012-05-19T04:12:37+08:00 ] /myfcms/admin/index.php?m=Moban&a=update&id=6 | INFO: Tag[ view_end ] --END-- [ RunTime:0.001755s ]
[ 2012-05-19T04:19:13+08:00 ] /myfcms/admin/index.php?m=Moban&a=update&id=3 | INFO: Tag[ app_begin ] --START--
[ 2012-05-19T04:19:13+08:00 ] /myfcms/admin/index.php?m=Moban&a=update&id=3 | INFO: Run ReadHtmlCache Behavior [ RunTime:0.004258s ]
[ 2012-05-19T04:19:13+08:00 ] /myfcms/admin/index.php?m=Moban&a=update&id=3 | INFO: Tag[ app_begin ] --END-- [ RunTime:0.004610s ]
[ 2012-05-19T04:19:13+08:00 ] /myfcms/admin/index.php?m=Moban&a=update&id=3 | NOTIC: [8] Undefined index:  theme MobanAction.class.php 第 71 行.
[ 2012-05-19T04:19:13+08:00 ] /myfcms/admin/index.php?m=Moban&a=update&id=3 | SQL: SHOW COLUMNS FROM `myf_moban` [ RunTime:0.008657s ]
[ 2012-05-19T04:19:13+08:00 ] /myfcms/admin/index.php?m=Moban&a=update&id=3 | SQL: SELECT * FROM `myf_moban` WHERE ( `id` = '3' ) LIMIT 1   [ RunTime:0.003767s ]
[ 2012-05-19T04:19:13+08:00 ] /myfcms/admin/index.php?m=Moban&a=update&id=3 | INFO: Tag[ view_template ] --START--
[ 2012-05-19T04:19:13+08:00 ] /myfcms/admin/index.php?m=Moban&a=update&id=3 | INFO: Run LocationTemplate Behavior [ RunTime:0.006738s ]
[ 2012-05-19T04:19:13+08:00 ] /myfcms/admin/index.php?m=Moban&a=update&id=3 | INFO: Tag[ view_template ] --END-- [ RunTime:0.007925s ]
[ 2012-05-19T04:19:13+08:00 ] /myfcms/admin/index.php?m=Moban&a=update&id=3 | INFO: Tag[ view_parse ] --START--
[ 2012-05-19T04:19:13+08:00 ] /myfcms/admin/index.php?m=Moban&a=update&id=3 | INFO: Run ParseTemplate Behavior [ RunTime:0.051227s ]
[ 2012-05-19T04:19:13+08:00 ] /myfcms/admin/index.php?m=Moban&a=update&id=3 | INFO: Tag[ view_parse ] --END-- [ RunTime:0.051519s ]
[ 2012-05-19T04:19:13+08:00 ] /myfcms/admin/index.php?m=Moban&a=update&id=3 | INFO: Tag[ view_filter ] --START--
[ 2012-05-19T04:19:13+08:00 ] /myfcms/admin/index.php?m=Moban&a=update&id=3 | INFO: Run ContentReplace Behavior [ RunTime:0.004829s ]
[ 2012-05-19T04:19:13+08:00 ] /myfcms/admin/index.php?m=Moban&a=update&id=3 | INFO: Run TokenBuild Behavior [ RunTime:0.008352s ]
[ 2012-05-19T04:19:13+08:00 ] /myfcms/admin/index.php?m=Moban&a=update&id=3 | INFO: Run WriteHtmlCache Behavior [ RunTime:0.004340s ]
[ 2012-05-19T04:19:13+08:00 ] /myfcms/admin/index.php?m=Moban&a=update&id=3 | INFO: Run ShowRuntime Behavior [ RunTime:0.004236s ]
[ 2012-05-19T04:19:13+08:00 ] /myfcms/admin/index.php?m=Moban&a=update&id=3 | INFO: Tag[ view_filter ] --END-- [ RunTime:0.022574s ]
[ 2012-05-19T04:19:13+08:00 ] /myfcms/admin/index.php?m=Moban&a=update&id=3 | INFO: Tag[ view_end ] --START--
[ 2012-05-19T04:19:13+08:00 ] /myfcms/admin/index.php?m=Moban&a=update&id=3 | INFO: Run ShowPageTrace Behavior [ RunTime:0.005988s ]
[ 2012-05-19T04:19:13+08:00 ] /myfcms/admin/index.php?m=Moban&a=update&id=3 | INFO: Tag[ view_end ] --END-- [ RunTime:0.006302s ]
[ 2012-05-19T04:19:18+08:00 ] /myfcms/admin/index.php?m=Moban&a=update_handler | INFO: Tag[ app_begin ] --START--
[ 2012-05-19T04:19:18+08:00 ] /myfcms/admin/index.php?m=Moban&a=update_handler | INFO: Run ReadHtmlCache Behavior [ RunTime:0.001928s ]
[ 2012-05-19T04:19:18+08:00 ] /myfcms/admin/index.php?m=Moban&a=update_handler | INFO: Tag[ app_begin ] --END-- [ RunTime:0.002278s ]
[ 2012-05-19T04:19:18+08:00 ] /myfcms/admin/index.php?m=Moban&a=update_handler | SQL: SHOW COLUMNS FROM `myf_moban` [ RunTime:0.011697s ]
[ 2012-05-19T04:19:18+08:00 ] /myfcms/admin/index.php?m=Moban&a=update_handler | SQL: SELECT * FROM `myf_moban` WHERE ( `id` = '3' ) LIMIT 1   [ RunTime:0.000908s ]
[ 2012-05-19T04:19:18+08:00 ] /myfcms/admin/index.php?m=Moban&a=update_handler | SQL: UPDATE `myf_moban` SET `filename`='index',`theme`='default',`content`='<tagLib name=\"myfcms\" />\r\n<!DOCTYPE html>\r\n<html lang=\"en\">\r\n	<head>\r\n		<meta charset=\"utf-8\" />\r\n		<meta http-equiv=\"X-UA-Compatible\" content=\"IE=edge,chrome=1\" />\r\n		<title>{$myfcms.typename}</title>\r\n		<meta name=\"description\" content=\"\" />\r\n		<meta name=\"author\" content=\"minyifei\" />\r\n<link type=\"text/css\" rel=\"stylesheet\" href=\"__MYFCMSPUBLIC__/Css/main.css\" />\r\n	</head>\r\n	<body>\r\n		<div>\r\n			<header>\r\n				<h1>{$myfcms.typename}</h1>\r\n			</header>\r\n			<nav>\r\n{$myfcms.position}\r\n				<p>\r\n					<a href=\"/\">Home-{$selfid}</a>\r\n				</p>\r\n				<myfcms:channel id=\"vo\" topid=\"0\" key=\"k\">\r\n                  <li>\r\n                  	<eq name=\"vo.id\" value=\"$selfid\">\r\n                  		{$k}-seft-<a style=\"font-weight: bold;color:red\" href=\"{$vo.typeurl}\">{$vo.typename}</a> \r\n                  		<else/>\r\n              			{$k}-<a href=\"{$vo.typeurl}\">{$vo.typename}</a> \r\n                  	</eq>                  	\r\n                  </li>\r\n                </myfcms:channel>\r\n			</nav>\r\n			<nav>\r\n				<p>二级栏目</p>\r\n				<myfcms:channel id=\"vo\" topid=\"$selfid\" key=\"k\">\r\n                  <li>\r\n                  	<eq name=\"vo.id\" value=\"$selfid\">\r\n                  		{$k}-seft-<a style=\"font-weight: bold;color:red\" href=\"{$vo.typeurl}\">{$vo.typename}</a> \r\n                  		<else/>\r\n              			{$k}-<a href=\"{$vo.typeurl}\">{$vo.typename}</a> \r\n                  	</eq>                  	\r\n                  </li>\r\n                </myfcms:channel>\r\n			</nav>\r\n			<div class=\"page\" style=\"\">\r\n				<myfcms:pagelist name=\"mypage\" pagesize=\"5\" />\r\n			</div>\r\n			<div style=\"background: #ccc;padding:20px;line-height: 22px;margin-top:22px;\">\r\n				<myfcms:list id=\"arc\" pagesize=\"5\" urltype=\"normal\">\r\n					<li>{$arc.id}-<a href=\"{$arc.typeurl}\">{$arc.typename}</a>-<a href=\"{$arc.arcurl}\">{$arc.title}</a>-{$arc.sendtime}</li>\r\n				</myfcms:list>\r\n			</div>\r\n			<div class=\"page\" style=\"\">\r\n				<myfcms:pagelist name=\"mypage\" />\r\n			</div>\r\n			<footer>\r\n				<p>\r\n					© Copyright  by minyifei\r\n				</p>\r\n			</footer>\r\n		</div>\r\n	</body>\r\n</html>',`pathname`='List',`info`='默认列表页',`updatetime`='2012-05-19 04:19:18' WHERE id=3 [ RunTime:0.001378s ]
[ 2012-05-19T04:19:18+08:00 ] /myfcms/admin/index.php?m=Moban&a=update_handler | INFO: Tag[ view_template ] --START--
[ 2012-05-19T04:19:18+08:00 ] /myfcms/admin/index.php?m=Moban&a=update_handler | INFO: Run LocationTemplate Behavior [ RunTime:0.003386s ]
[ 2012-05-19T04:19:18+08:00 ] /myfcms/admin/index.php?m=Moban&a=update_handler | INFO: Tag[ view_template ] --END-- [ RunTime:0.003614s ]
[ 2012-05-19T04:19:18+08:00 ] /myfcms/admin/index.php?m=Moban&a=update_handler | INFO: Tag[ view_parse ] --START--
[ 2012-05-19T04:19:18+08:00 ] /myfcms/admin/index.php?m=Moban&a=update_handler | INFO: Run ParseTemplate Behavior [ RunTime:0.032330s ]
[ 2012-05-19T04:19:18+08:00 ] /myfcms/admin/index.php?m=Moban&a=update_handler | INFO: Tag[ view_parse ] --END-- [ RunTime:0.032609s ]
[ 2012-05-19T04:19:18+08:00 ] /myfcms/admin/index.php?m=Moban&a=update_handler | INFO: Tag[ view_filter ] --START--
[ 2012-05-19T04:19:18+08:00 ] /myfcms/admin/index.php?m=Moban&a=update_handler | INFO: Run ContentReplace Behavior [ RunTime:0.001263s ]
[ 2012-05-19T04:19:18+08:00 ] /myfcms/admin/index.php?m=Moban&a=update_handler | INFO: Run TokenBuild Behavior [ RunTime:0.001431s ]
[ 2012-05-19T04:19:18+08:00 ] /myfcms/admin/index.php?m=Moban&a=update_handler | INFO: Run WriteHtmlCache Behavior [ RunTime:0.000898s ]
[ 2012-05-19T04:19:18+08:00 ] /myfcms/admin/index.php?m=Moban&a=update_handler | INFO: Run ShowRuntime Behavior [ RunTime:0.001664s ]
[ 2012-05-19T04:19:18+08:00 ] /myfcms/admin/index.php?m=Moban&a=update_handler | INFO: Tag[ view_filter ] --END-- [ RunTime:0.005862s ]
[ 2012-05-19T04:19:18+08:00 ] /myfcms/admin/index.php?m=Moban&a=update_handler | INFO: Tag[ view_end ] --START--
[ 2012-05-19T04:19:18+08:00 ] /myfcms/admin/index.php?m=Moban&a=update_handler | INFO: Run ShowPageTrace Behavior [ RunTime:0.001518s ]
[ 2012-05-19T04:19:18+08:00 ] /myfcms/admin/index.php?m=Moban&a=update_handler | INFO: Tag[ view_end ] --END-- [ RunTime:0.001733s ]
[ 2012-05-19T04:19:20+08:00 ] /myfcms/admin/index.php?m=Moban&a=main&theme=default | INFO: Tag[ app_begin ] --START--
[ 2012-05-19T04:19:20+08:00 ] /myfcms/admin/index.php?m=Moban&a=main&theme=default | INFO: Run ReadHtmlCache Behavior [ RunTime:0.001951s ]
[ 2012-05-19T04:19:20+08:00 ] /myfcms/admin/index.php?m=Moban&a=main&theme=default | INFO: Tag[ app_begin ] --END-- [ RunTime:0.002292s ]
[ 2012-05-19T04:19:20+08:00 ] /myfcms/admin/index.php?m=Moban&a=main&theme=default | SQL: SHOW COLUMNS FROM `myf_moban` [ RunTime:0.606501s ]
[ 2012-05-19T04:19:20+08:00 ] /myfcms/admin/index.php?m=Moban&a=main&theme=default | SQL: SELECT * FROM `myf_moban` WHERE theme='default'  [ RunTime:0.004449s ]
[ 2012-05-19T04:19:20+08:00 ] /myfcms/admin/index.php?m=Moban&a=main&theme=default | INFO: Tag[ view_template ] --START--
[ 2012-05-19T04:19:20+08:00 ] /myfcms/admin/index.php?m=Moban&a=main&theme=default | INFO: Run LocationTemplate Behavior [ RunTime:0.003885s ]
[ 2012-05-19T04:19:20+08:00 ] /myfcms/admin/index.php?m=Moban&a=main&theme=default | INFO: Tag[ view_template ] --END-- [ RunTime:0.004143s ]
[ 2012-05-19T04:19:20+08:00 ] /myfcms/admin/index.php?m=Moban&a=main&theme=default | INFO: Tag[ view_parse ] --START--
[ 2012-05-19T04:19:20+08:00 ] /myfcms/admin/index.php?m=Moban&a=main&theme=default | INFO: Run ParseTemplate Behavior [ RunTime:0.039631s ]
[ 2012-05-19T04:19:20+08:00 ] /myfcms/admin/index.php?m=Moban&a=main&theme=default | INFO: Tag[ view_parse ] --END-- [ RunTime:0.039912s ]
[ 2012-05-19T04:19:20+08:00 ] /myfcms/admin/index.php?m=Moban&a=main&theme=default | INFO: Tag[ view_filter ] --START--
[ 2012-05-19T04:19:20+08:00 ] /myfcms/admin/index.php?m=Moban&a=main&theme=default | INFO: Run ContentReplace Behavior [ RunTime:0.001400s ]
[ 2012-05-19T04:19:20+08:00 ] /myfcms/admin/index.php?m=Moban&a=main&theme=default | INFO: Run TokenBuild Behavior [ RunTime:0.001599s ]
[ 2012-05-19T04:19:20+08:00 ] /myfcms/admin/index.php?m=Moban&a=main&theme=default | INFO: Run WriteHtmlCache Behavior [ RunTime:0.000865s ]
[ 2012-05-19T04:19:20+08:00 ] /myfcms/admin/index.php?m=Moban&a=main&theme=default | INFO: Run ShowRuntime Behavior [ RunTime:0.001612s ]
[ 2012-05-19T04:19:20+08:00 ] /myfcms/admin/index.php?m=Moban&a=main&theme=default | INFO: Tag[ view_filter ] --END-- [ RunTime:0.006256s ]
[ 2012-05-19T04:19:20+08:00 ] /myfcms/admin/index.php?m=Moban&a=main&theme=default | INFO: Tag[ view_end ] --START--
[ 2012-05-19T04:19:20+08:00 ] /myfcms/admin/index.php?m=Moban&a=main&theme=default | INFO: Run ShowPageTrace Behavior [ RunTime:0.001602s ]
[ 2012-05-19T04:19:20+08:00 ] /myfcms/admin/index.php?m=Moban&a=main&theme=default | INFO: Tag[ view_end ] --END-- [ RunTime:0.001828s ]
