[ 2012-05-20T09:14:52+08:00 ] /myfcms/admin/index.php?m=Login&a=index | INFO: Tag[ app_begin ] --START--
[ 2012-05-20T09:14:52+08:00 ] /myfcms/admin/index.php?m=Login&a=index | INFO: Run ReadHtmlCache Behavior [ RunTime:0.002000s ]
[ 2012-05-20T09:14:52+08:00 ] /myfcms/admin/index.php?m=Login&a=index | INFO: Tag[ app_begin ] --END-- [ RunTime:0.002347s ]
[ 2012-05-20T09:14:52+08:00 ] /myfcms/admin/index.php?m=Login&a=index | INFO: Tag[ view_template ] --START--
[ 2012-05-20T09:14:52+08:00 ] /myfcms/admin/index.php?m=Login&a=index | INFO: Run LocationTemplate Behavior [ RunTime:0.015470s ]
[ 2012-05-20T09:14:52+08:00 ] /myfcms/admin/index.php?m=Login&a=index | INFO: Tag[ view_template ] --END-- [ RunTime:0.015769s ]
[ 2012-05-20T09:14:52+08:00 ] /myfcms/admin/index.php?m=Login&a=index | INFO: Tag[ view_parse ] --START--
[ 2012-05-20T09:14:52+08:00 ] /myfcms/admin/index.php?m=Login&a=index | INFO: Run ParseTemplate Behavior [ RunTime:0.050394s ]
[ 2012-05-20T09:14:52+08:00 ] /myfcms/admin/index.php?m=Login&a=index | INFO: Tag[ view_parse ] --END-- [ RunTime:0.050670s ]
[ 2012-05-20T09:14:52+08:00 ] /myfcms/admin/index.php?m=Login&a=index | INFO: Tag[ view_filter ] --START--
[ 2012-05-20T09:14:52+08:00 ] /myfcms/admin/index.php?m=Login&a=index | INFO: Run ContentReplace Behavior [ RunTime:0.006694s ]
[ 2012-05-20T09:14:52+08:00 ] /myfcms/admin/index.php?m=Login&a=index | INFO: Run TokenBuild Behavior [ RunTime:0.008877s ]
[ 2012-05-20T09:14:52+08:00 ] /myfcms/admin/index.php?m=Login&a=index | INFO: Run WriteHtmlCache Behavior [ RunTime:0.005868s ]
[ 2012-05-20T09:14:52+08:00 ] /myfcms/admin/index.php?m=Login&a=index | INFO: Run ShowRuntime Behavior [ RunTime:0.006978s ]
[ 2012-05-20T09:14:52+08:00 ] /myfcms/admin/index.php?m=Login&a=index | INFO: Tag[ view_filter ] --END-- [ RunTime:0.029153s ]
[ 2012-05-20T09:14:52+08:00 ] /myfcms/admin/index.php?m=Login&a=index | INFO: Tag[ view_end ] --START--
[ 2012-05-20T09:14:52+08:00 ] /myfcms/admin/index.php?m=Login&a=index | INFO: Run ShowPageTrace Behavior [ RunTime:0.006562s ]
[ 2012-05-20T09:14:52+08:00 ] /myfcms/admin/index.php?m=Login&a=index | INFO: Tag[ view_end ] --END-- [ RunTime:0.006985s ]
[ 2012-05-20T09:14:53+08:00 ] /myfcms/admin/index.php?m=Login&a=verify | INFO: Tag[ app_begin ] --START--
[ 2012-05-20T09:14:53+08:00 ] /myfcms/admin/index.php?m=Login&a=verify | INFO: Run ReadHtmlCache Behavior [ RunTime:0.001923s ]
[ 2012-05-20T09:14:53+08:00 ] /myfcms/admin/index.php?m=Login&a=verify | INFO: Tag[ app_begin ] --END-- [ RunTime:0.002284s ]
[ 2012-05-20T09:14:58+08:00 ] /myfcms/admin/index.php?m=Login&a=login_in | INFO: Tag[ app_begin ] --START--
[ 2012-05-20T09:14:58+08:00 ] /myfcms/admin/index.php?m=Login&a=login_in | INFO: Run ReadHtmlCache Behavior [ RunTime:0.002021s ]
[ 2012-05-20T09:14:58+08:00 ] /myfcms/admin/index.php?m=Login&a=login_in | INFO: Tag[ app_begin ] --END-- [ RunTime:0.002393s ]
[ 2012-05-20T09:14:58+08:00 ] /myfcms/admin/index.php?m=Login&a=login_in | SQL: SHOW COLUMNS FROM `myf_admin` [ RunTime:0.084922s ]
[ 2012-05-20T09:14:58+08:00 ] /myfcms/admin/index.php?m=Login&a=login_in | SQL: SELECT * FROM `myf_admin` WHERE ( `userid` = 'admin' )  [ RunTime:0.003945s ]
[ 2012-05-20T09:14:58+08:00 ] /myfcms/admin/index.php?m=Login&a=login_in | INFO: Tag[ view_template ] --START--
[ 2012-05-20T09:14:58+08:00 ] /myfcms/admin/index.php?m=Login&a=login_in | INFO: Run LocationTemplate Behavior [ RunTime:0.001368s ]
[ 2012-05-20T09:14:58+08:00 ] /myfcms/admin/index.php?m=Login&a=login_in | INFO: Tag[ view_template ] --END-- [ RunTime:0.001594s ]
[ 2012-05-20T09:14:58+08:00 ] /myfcms/admin/index.php?m=Login&a=login_in | INFO: Tag[ view_parse ] --START--
[ 2012-05-20T09:14:58+08:00 ] /myfcms/admin/index.php?m=Login&a=login_in | INFO: Run ParseTemplate Behavior [ RunTime:0.046005s ]
[ 2012-05-20T09:14:58+08:00 ] /myfcms/admin/index.php?m=Login&a=login_in | INFO: Tag[ view_parse ] --END-- [ RunTime:0.046282s ]
[ 2012-05-20T09:14:58+08:00 ] /myfcms/admin/index.php?m=Login&a=login_in | INFO: Tag[ view_filter ] --START--
[ 2012-05-20T09:14:58+08:00 ] /myfcms/admin/index.php?m=Login&a=login_in | INFO: Run ContentReplace Behavior [ RunTime:0.005961s ]
[ 2012-05-20T09:14:58+08:00 ] /myfcms/admin/index.php?m=Login&a=login_in | INFO: Run TokenBuild Behavior [ RunTime:0.005974s ]
[ 2012-05-20T09:14:58+08:00 ] /myfcms/admin/index.php?m=Login&a=login_in | INFO: Run WriteHtmlCache Behavior [ RunTime:0.006237s ]
[ 2012-05-20T09:14:58+08:00 ] /myfcms/admin/index.php?m=Login&a=login_in | INFO: Run ShowRuntime Behavior [ RunTime:0.006427s ]
[ 2012-05-20T09:14:58+08:00 ] /myfcms/admin/index.php?m=Login&a=login_in | INFO: Tag[ view_filter ] --END-- [ RunTime:0.025287s ]
[ 2012-05-20T09:14:58+08:00 ] /myfcms/admin/index.php?m=Login&a=login_in | INFO: Tag[ view_end ] --START--
[ 2012-05-20T09:14:58+08:00 ] /myfcms/admin/index.php?m=Login&a=login_in | INFO: Run ShowPageTrace Behavior [ RunTime:0.006316s ]
[ 2012-05-20T09:14:58+08:00 ] /myfcms/admin/index.php?m=Login&a=login_in | INFO: Tag[ view_end ] --END-- [ RunTime:0.006554s ]
[ 2012-05-20T09:14:59+08:00 ] /myfcms/admin/index.php | INFO: Tag[ app_begin ] --START--
[ 2012-05-20T09:14:59+08:00 ] /myfcms/admin/index.php | INFO: Run ReadHtmlCache Behavior [ RunTime:0.002313s ]
[ 2012-05-20T09:14:59+08:00 ] /myfcms/admin/index.php | INFO: Tag[ app_begin ] --END-- [ RunTime:0.002682s ]
[ 2012-05-20T09:14:59+08:00 ] /myfcms/admin/index.php | SQL: SHOW COLUMNS FROM `myf_sys` [ RunTime:0.009862s ]
[ 2012-05-20T09:14:59+08:00 ] /myfcms/admin/index.php | SQL: SELECT * FROM `myf_sys` WHERE ( `id` = 3 ) LIMIT 1   [ RunTime:0.003678s ]
[ 2012-05-20T09:14:59+08:00 ] /myfcms/admin/index.php | INFO: Tag[ view_template ] --START--
[ 2012-05-20T09:14:59+08:00 ] /myfcms/admin/index.php | INFO: Run LocationTemplate Behavior [ RunTime:0.017974s ]
[ 2012-05-20T09:14:59+08:00 ] /myfcms/admin/index.php | INFO: Tag[ view_template ] --END-- [ RunTime:0.018259s ]
[ 2012-05-20T09:14:59+08:00 ] /myfcms/admin/index.php | INFO: Tag[ view_parse ] --START--
[ 2012-05-20T09:14:59+08:00 ] /myfcms/admin/index.php | INFO: Run ParseTemplate Behavior [ RunTime:0.057657s ]
[ 2012-05-20T09:14:59+08:00 ] /myfcms/admin/index.php | INFO: Tag[ view_parse ] --END-- [ RunTime:0.060078s ]
[ 2012-05-20T09:14:59+08:00 ] /myfcms/admin/index.php | INFO: Tag[ view_filter ] --START--
[ 2012-05-20T09:14:59+08:00 ] /myfcms/admin/index.php | INFO: Run ContentReplace Behavior [ RunTime:0.006150s ]
[ 2012-05-20T09:14:59+08:00 ] /myfcms/admin/index.php | INFO: Run TokenBuild Behavior [ RunTime:0.006891s ]
[ 2012-05-20T09:14:59+08:00 ] /myfcms/admin/index.php | INFO: Run WriteHtmlCache Behavior [ RunTime:0.006022s ]
[ 2012-05-20T09:14:59+08:00 ] /myfcms/admin/index.php | INFO: Run ShowRuntime Behavior [ RunTime:0.006213s ]
[ 2012-05-20T09:14:59+08:00 ] /myfcms/admin/index.php | INFO: Tag[ view_filter ] --END-- [ RunTime:0.026050s ]
[ 2012-05-20T09:14:59+08:00 ] /myfcms/admin/index.php | INFO: Tag[ view_end ] --START--
[ 2012-05-20T09:14:59+08:00 ] /myfcms/admin/index.php | INFO: Run ShowPageTrace Behavior [ RunTime:0.006490s ]
[ 2012-05-20T09:14:59+08:00 ] /myfcms/admin/index.php | INFO: Tag[ view_end ] --END-- [ RunTime:0.006725s ]
[ 2012-05-20T09:15:00+08:00 ] /myfcms/admin/index.php?m=Index&a=top | INFO: Tag[ app_begin ] --START--
[ 2012-05-20T09:15:00+08:00 ] /myfcms/admin/index.php?m=Index&a=top | INFO: Run ReadHtmlCache Behavior [ RunTime:0.001988s ]
[ 2012-05-20T09:15:00+08:00 ] /myfcms/admin/index.php?m=Index&a=top | INFO: Tag[ app_begin ] --END-- [ RunTime:0.002362s ]
[ 2012-05-20T09:15:00+08:00 ] /myfcms/admin/index.php?m=Index&a=top | SQL: SHOW COLUMNS FROM `myf_sys` [ RunTime:0.008431s ]
[ 2012-05-20T09:15:00+08:00 ] /myfcms/admin/index.php?m=Index&a=top | SQL: SELECT * FROM `myf_sys` WHERE id<3  [ RunTime:0.007261s ]
[ 2012-05-20T09:15:00+08:00 ] /myfcms/admin/index.php?m=Index&a=top | INFO: Tag[ view_template ] --START--
[ 2012-05-20T09:15:00+08:00 ] /myfcms/admin/index.php?m=Index&a=top | INFO: Run LocationTemplate Behavior [ RunTime:0.005656s ]
[ 2012-05-20T09:15:00+08:00 ] /myfcms/admin/index.php?m=Index&a=top | INFO: Tag[ view_template ] --END-- [ RunTime:0.005917s ]
[ 2012-05-20T09:15:00+08:00 ] /myfcms/admin/index.php?m=Index&a=top | INFO: Tag[ view_parse ] --START--
[ 2012-05-20T09:15:00+08:00 ] /myfcms/admin/index.php?m=Index&a=top | INFO: Run ParseTemplate Behavior [ RunTime:0.067214s ]
[ 2012-05-20T09:15:00+08:00 ] /myfcms/admin/index.php?m=Index&a=top | INFO: Tag[ view_parse ] --END-- [ RunTime:0.067505s ]
[ 2012-05-20T09:15:00+08:00 ] /myfcms/admin/index.php?m=Index&a=top | INFO: Tag[ view_filter ] --START--
[ 2012-05-20T09:15:00+08:00 ] /myfcms/admin/index.php?m=Index&a=top | INFO: Run ContentReplace Behavior [ RunTime:0.006007s ]
[ 2012-05-20T09:15:00+08:00 ] /myfcms/admin/index.php?m=Index&a=top | INFO: Run TokenBuild Behavior [ RunTime:0.006145s ]
[ 2012-05-20T09:15:00+08:00 ] /myfcms/admin/index.php?m=Index&a=top | INFO: Run WriteHtmlCache Behavior [ RunTime:0.006095s ]
[ 2012-05-20T09:15:00+08:00 ] /myfcms/admin/index.php?m=Index&a=top | INFO: Run ShowRuntime Behavior [ RunTime:0.006240s ]
[ 2012-05-20T09:15:00+08:00 ] /myfcms/admin/index.php?m=Index&a=top | INFO: Tag[ view_filter ] --END-- [ RunTime:0.025217s ]
[ 2012-05-20T09:15:00+08:00 ] /myfcms/admin/index.php?m=Index&a=top | INFO: Tag[ view_end ] --START--
[ 2012-05-20T09:15:00+08:00 ] /myfcms/admin/index.php?m=Index&a=top | INFO: Run ShowPageTrace Behavior [ RunTime:0.006613s ]
[ 2012-05-20T09:15:00+08:00 ] /myfcms/admin/index.php?m=Index&a=top | INFO: Tag[ view_end ] --END-- [ RunTime:0.006869s ]
[ 2012-05-20T09:15:00+08:00 ] /myfcms/admin/index.php?m=Index&a=left | INFO: Tag[ app_begin ] --START--
[ 2012-05-20T09:15:00+08:00 ] /myfcms/admin/index.php?m=Index&a=left | INFO: Run ReadHtmlCache Behavior [ RunTime:0.004571s ]
[ 2012-05-20T09:15:00+08:00 ] /myfcms/admin/index.php?m=Index&a=left | INFO: Tag[ app_begin ] --END-- [ RunTime:0.004933s ]
[ 2012-05-20T09:15:00+08:00 ] /myfcms/admin/index.php?m=Index&a=left | INFO: Tag[ view_template ] --START--
[ 2012-05-20T09:15:00+08:00 ] /myfcms/admin/index.php?m=Index&a=left | INFO: Run LocationTemplate Behavior [ RunTime:0.006665s ]
[ 2012-05-20T09:15:00+08:00 ] /myfcms/admin/index.php?m=Index&a=left | INFO: Tag[ view_template ] --END-- [ RunTime:0.006968s ]
[ 2012-05-20T09:15:00+08:00 ] /myfcms/admin/index.php?m=Index&a=left | INFO: Tag[ view_parse ] --START--
[ 2012-05-20T09:15:00+08:00 ] /myfcms/admin/index.php?m=Index&a=left | INFO: Run ParseTemplate Behavior [ RunTime:0.110584s ]
[ 2012-05-20T09:15:00+08:00 ] /myfcms/admin/index.php?m=Index&a=left | INFO: Tag[ view_parse ] --END-- [ RunTime:0.110940s ]
[ 2012-05-20T09:15:00+08:00 ] /myfcms/admin/index.php?m=Index&a=left | INFO: Tag[ view_filter ] --START--
[ 2012-05-20T09:15:00+08:00 ] /myfcms/admin/index.php?m=Index&a=left | INFO: Run ContentReplace Behavior [ RunTime:0.004078s ]
[ 2012-05-20T09:15:00+08:00 ] /myfcms/admin/index.php?m=Index&a=left | INFO: Run TokenBuild Behavior [ RunTime:0.004590s ]
[ 2012-05-20T09:15:00+08:00 ] /myfcms/admin/index.php?m=Index&a=left | INFO: Run WriteHtmlCache Behavior [ RunTime:0.005850s ]
[ 2012-05-20T09:15:00+08:00 ] /myfcms/admin/index.php?m=Index&a=left | INFO: Run ShowRuntime Behavior [ RunTime:0.014184s ]
[ 2012-05-20T09:15:00+08:00 ] /myfcms/admin/index.php?m=Index&a=left | INFO: Tag[ view_filter ] --END-- [ RunTime:0.038448s ]
[ 2012-05-20T09:15:00+08:00 ] /myfcms/admin/index.php?m=Index&a=left | INFO: Tag[ view_end ] --START--
[ 2012-05-20T09:15:00+08:00 ] /myfcms/admin/index.php?m=Index&a=left | INFO: Run ShowPageTrace Behavior [ RunTime:0.010908s ]
[ 2012-05-20T09:15:00+08:00 ] /myfcms/admin/index.php?m=Index&a=left | INFO: Tag[ view_end ] --END-- [ RunTime:0.011307s ]
[ 2012-05-20T09:15:00+08:00 ] /myfcms/admin/index.php?m=Index&a=main | INFO: Tag[ app_begin ] --START--
[ 2012-05-20T09:15:00+08:00 ] /myfcms/admin/index.php?m=Index&a=main | INFO: Run ReadHtmlCache Behavior [ RunTime:0.004667s ]
[ 2012-05-20T09:15:00+08:00 ] /myfcms/admin/index.php?m=Index&a=main | INFO: Tag[ app_begin ] --END-- [ RunTime:0.005028s ]
[ 2012-05-20T09:15:00+08:00 ] /myfcms/admin/index.php?m=Index&a=main | SQL: SHOW COLUMNS FROM `myf_archives` [ RunTime:0.010940s ]
[ 2012-05-20T09:15:00+08:00 ] /myfcms/admin/index.php?m=Index&a=main | SQL: SELECT `id`,`typeid`,`typename`,`flag`,`click`,`title`,`color`,`writer`,`source`,`litpic`,`keywords`,`description`,`sendtime`,`goodpost`,`badpost`,`adminid`,`adminname` FROM `myf_archives` ORDER BY id desc LIMIT 0,10   [ RunTime:0.004863s ]
[ 2012-05-20T09:15:00+08:00 ] /myfcms/admin/index.php?m=Index&a=main | SQL: SHOW COLUMNS FROM `myf_arctype` [ RunTime:0.010908s ]
[ 2012-05-20T09:15:00+08:00 ] /myfcms/admin/index.php?m=Index&a=main | SQL: SELECT * FROM `myf_arctype` WHERE 1=1 AND id='6' LIMIT 1   [ RunTime:0.003536s ]
[ 2012-05-20T09:15:00+08:00 ] /myfcms/admin/index.php?m=Index&a=main | SQL: SHOW COLUMNS FROM `myf_arctype` [ RunTime:0.010721s ]
[ 2012-05-20T09:15:00+08:00 ] /myfcms/admin/index.php?m=Index&a=main | SQL: SELECT * FROM `myf_arctype` WHERE 1=1 AND id='6' LIMIT 1   [ RunTime:0.005309s ]
[ 2012-05-20T09:15:00+08:00 ] /myfcms/admin/index.php?m=Index&a=main | SQL: SHOW COLUMNS FROM `myf_arctype` [ RunTime:0.009278s ]
[ 2012-05-20T09:15:00+08:00 ] /myfcms/admin/index.php?m=Index&a=main | SQL: SELECT * FROM `myf_arctype` WHERE 1=1 AND id='6' LIMIT 1   [ RunTime:0.004264s ]
[ 2012-05-20T09:15:00+08:00 ] /myfcms/admin/index.php?m=Index&a=main | SQL: SHOW COLUMNS FROM `myf_arctype` [ RunTime:0.013826s ]
[ 2012-05-20T09:15:00+08:00 ] /myfcms/admin/index.php?m=Index&a=main | SQL: SELECT * FROM `myf_arctype` WHERE 1=1 AND id='6' LIMIT 1   [ RunTime:0.007121s ]
[ 2012-05-20T09:15:00+08:00 ] /myfcms/admin/index.php?m=Index&a=main | SQL: SHOW COLUMNS FROM `myf_arctype` [ RunTime:0.009846s ]
[ 2012-05-20T09:15:00+08:00 ] /myfcms/admin/index.php?m=Index&a=main | SQL: SELECT * FROM `myf_arctype` WHERE 1=1 AND id='6' LIMIT 1   [ RunTime:0.003087s ]
[ 2012-05-20T09:15:00+08:00 ] /myfcms/admin/index.php?m=Index&a=main | SQL: SHOW COLUMNS FROM `myf_arctype` [ RunTime:0.013945s ]
[ 2012-05-20T09:15:00+08:00 ] /myfcms/admin/index.php?m=Index&a=main | SQL: SELECT * FROM `myf_arctype` WHERE 1=1 AND id='6' LIMIT 1   [ RunTime:0.003468s ]
[ 2012-05-20T09:15:00+08:00 ] /myfcms/admin/index.php?m=Index&a=main | SQL: SHOW COLUMNS FROM `myf_arctype` [ RunTime:0.009716s ]
[ 2012-05-20T09:15:00+08:00 ] /myfcms/admin/index.php?m=Index&a=main | SQL: SELECT * FROM `myf_arctype` WHERE 1=1 AND id='6' LIMIT 1   [ RunTime:0.009172s ]
[ 2012-05-20T09:15:00+08:00 ] /myfcms/admin/index.php?m=Index&a=main | SQL: SHOW COLUMNS FROM `myf_arctype` [ RunTime:0.010894s ]
[ 2012-05-20T09:15:00+08:00 ] /myfcms/admin/index.php?m=Index&a=main | SQL: SELECT * FROM `myf_arctype` WHERE 1=1 AND id='6' LIMIT 1   [ RunTime:0.003048s ]
[ 2012-05-20T09:15:00+08:00 ] /myfcms/admin/index.php?m=Index&a=main | SQL: SHOW COLUMNS FROM `myf_arctype` [ RunTime:0.011980s ]
[ 2012-05-20T09:15:00+08:00 ] /myfcms/admin/index.php?m=Index&a=main | SQL: SELECT * FROM `myf_arctype` WHERE 1=1 AND id='6' LIMIT 1   [ RunTime:0.003659s ]
[ 2012-05-20T09:15:00+08:00 ] /myfcms/admin/index.php?m=Index&a=main | SQL: SHOW COLUMNS FROM `myf_arctype` [ RunTime:0.008737s ]
[ 2012-05-20T09:15:00+08:00 ] /myfcms/admin/index.php?m=Index&a=main | SQL: SELECT * FROM `myf_arctype` WHERE 1=1 AND id='6' LIMIT 1   [ RunTime:0.004229s ]
[ 2012-05-20T09:15:00+08:00 ] /myfcms/admin/index.php?m=Index&a=main | SQL: SHOW COLUMNS FROM `myf_admin` [ RunTime:0.008998s ]
[ 2012-05-20T09:15:00+08:00 ] /myfcms/admin/index.php?m=Index&a=main | SQL: SELECT COUNT(*) AS tp_count FROM `myf_admin` LIMIT 1   [ RunTime:0.004436s ]
[ 2012-05-20T09:15:00+08:00 ] /myfcms/admin/index.php?m=Index&a=main | SQL: SHOW COLUMNS FROM `myf_archives` [ RunTime:0.015512s ]
[ 2012-05-20T09:15:00+08:00 ] /myfcms/admin/index.php?m=Index&a=main | SQL: SELECT COUNT(*) AS tp_count FROM `myf_archives` LIMIT 1   [ RunTime:0.000645s ]
[ 2012-05-20T09:15:00+08:00 ] /myfcms/admin/index.php?m=Index&a=main | INFO: Tag[ view_template ] --START--
[ 2012-05-20T09:15:00+08:00 ] /myfcms/admin/index.php?m=Index&a=main | INFO: Run LocationTemplate Behavior [ RunTime:0.006534s ]
[ 2012-05-20T09:15:00+08:00 ] /myfcms/admin/index.php?m=Index&a=main | INFO: Tag[ view_template ] --END-- [ RunTime:0.006809s ]
[ 2012-05-20T09:15:00+08:00 ] /myfcms/admin/index.php?m=Index&a=main | INFO: Tag[ view_parse ] --START--
[ 2012-05-20T09:15:01+08:00 ] /myfcms/admin/index.php?m=Index&a=main | INFO: Run ParseTemplate Behavior [ RunTime:0.095329s ]
[ 2012-05-20T09:15:01+08:00 ] /myfcms/admin/index.php?m=Index&a=main | INFO: Tag[ view_parse ] --END-- [ RunTime:0.095619s ]
[ 2012-05-20T09:15:01+08:00 ] /myfcms/admin/index.php?m=Index&a=main | INFO: Tag[ view_filter ] --START--
[ 2012-05-20T09:15:01+08:00 ] /myfcms/admin/index.php?m=Index&a=main | INFO: Run ContentReplace Behavior [ RunTime:0.004101s ]
[ 2012-05-20T09:15:01+08:00 ] /myfcms/admin/index.php?m=Index&a=main | INFO: Run TokenBuild Behavior [ RunTime:0.004423s ]
[ 2012-05-20T09:15:01+08:00 ] /myfcms/admin/index.php?m=Index&a=main | INFO: Run WriteHtmlCache Behavior [ RunTime:0.003370s ]
[ 2012-05-20T09:15:01+08:00 ] /myfcms/admin/index.php?m=Index&a=main | INFO: Run ShowRuntime Behavior [ RunTime:0.004279s ]
[ 2012-05-20T09:15:01+08:00 ] /myfcms/admin/index.php?m=Index&a=main | INFO: Tag[ view_filter ] --END-- [ RunTime:0.016833s ]
[ 2012-05-20T09:15:01+08:00 ] /myfcms/admin/index.php?m=Index&a=main | INFO: Tag[ view_end ] --START--
[ 2012-05-20T09:15:01+08:00 ] /myfcms/admin/index.php?m=Index&a=main | INFO: Run ShowPageTrace Behavior [ RunTime:0.004000s ]
[ 2012-05-20T09:15:01+08:00 ] /myfcms/admin/index.php?m=Index&a=main | INFO: Tag[ view_end ] --END-- [ RunTime:0.004224s ]
[ 2012-05-20T09:15:06+08:00 ] /myfcms/admin/index.php?m=Archives&a=main | INFO: Tag[ app_begin ] --START--
[ 2012-05-20T09:15:06+08:00 ] /myfcms/admin/index.php?m=Archives&a=main | INFO: Run ReadHtmlCache Behavior [ RunTime:0.002104s ]
[ 2012-05-20T09:15:06+08:00 ] /myfcms/admin/index.php?m=Archives&a=main | INFO: Tag[ app_begin ] --END-- [ RunTime:0.002466s ]
[ 2012-05-20T09:15:06+08:00 ] /myfcms/admin/index.php?m=Archives&a=main | NOTIC: [8] Undefined index:  p ArchivesAction.class.php 第 13 行.
[ 2012-05-20T09:15:06+08:00 ] /myfcms/admin/index.php?m=Archives&a=main | NOTIC: [8] Undefined index:  keyword ArchivesAction.class.php 第 19 行.
[ 2012-05-20T09:15:06+08:00 ] /myfcms/admin/index.php?m=Archives&a=main | NOTIC: [8] Undefined index:  typeid ArchivesAction.class.php 第 24 行.
[ 2012-05-20T09:15:06+08:00 ] /myfcms/admin/index.php?m=Archives&a=main | SQL: SHOW COLUMNS FROM `myf_archives` [ RunTime:0.009598s ]
[ 2012-05-20T09:15:06+08:00 ] /myfcms/admin/index.php?m=Archives&a=main | SQL: SELECT COUNT(*) AS tp_count FROM `myf_archives` WHERE 1=1 LIMIT 1   [ RunTime:0.003330s ]
[ 2012-05-20T09:15:06+08:00 ] /myfcms/admin/index.php?m=Archives&a=main | SQL: SHOW COLUMNS FROM `myf_archives` [ RunTime:0.012373s ]
[ 2012-05-20T09:15:06+08:00 ] /myfcms/admin/index.php?m=Archives&a=main | SQL: SELECT `id`,`typeid`,`typename`,`flag`,`click`,`title`,`color`,`writer`,`source`,`litpic`,`keywords`,`description`,`sendtime`,`goodpost`,`badpost`,`adminid`,`adminname` FROM `myf_archives` WHERE 1=1 ORDER BY id desc LIMIT 0,20   [ RunTime:0.004291s ]
[ 2012-05-20T09:15:06+08:00 ] /myfcms/admin/index.php?m=Archives&a=main | SQL: SHOW COLUMNS FROM `myf_arctype` [ RunTime:0.009125s ]
[ 2012-05-20T09:15:06+08:00 ] /myfcms/admin/index.php?m=Archives&a=main | SQL: SELECT * FROM `myf_arctype` WHERE 1=1 AND id='6' LIMIT 1   [ RunTime:0.002863s ]
[ 2012-05-20T09:15:06+08:00 ] /myfcms/admin/index.php?m=Archives&a=main | SQL: SHOW COLUMNS FROM `myf_arctype` [ RunTime:0.008939s ]
[ 2012-05-20T09:15:06+08:00 ] /myfcms/admin/index.php?m=Archives&a=main | SQL: SELECT * FROM `myf_arctype` WHERE 1=1 AND id='6' LIMIT 1   [ RunTime:0.003280s ]
[ 2012-05-20T09:15:06+08:00 ] /myfcms/admin/index.php?m=Archives&a=main | SQL: SHOW COLUMNS FROM `myf_arctype` [ RunTime:0.008746s ]
[ 2012-05-20T09:15:06+08:00 ] /myfcms/admin/index.php?m=Archives&a=main | SQL: SELECT * FROM `myf_arctype` WHERE 1=1 AND id='6' LIMIT 1   [ RunTime:0.003010s ]
[ 2012-05-20T09:15:06+08:00 ] /myfcms/admin/index.php?m=Archives&a=main | SQL: SHOW COLUMNS FROM `myf_arctype` [ RunTime:0.009318s ]
[ 2012-05-20T09:15:06+08:00 ] /myfcms/admin/index.php?m=Archives&a=main | SQL: SELECT * FROM `myf_arctype` WHERE 1=1 AND id='6' LIMIT 1   [ RunTime:0.004197s ]
[ 2012-05-20T09:15:06+08:00 ] /myfcms/admin/index.php?m=Archives&a=main | SQL: SHOW COLUMNS FROM `myf_arctype` [ RunTime:0.008860s ]
[ 2012-05-20T09:15:06+08:00 ] /myfcms/admin/index.php?m=Archives&a=main | SQL: SELECT * FROM `myf_arctype` WHERE 1=1 AND id='6' LIMIT 1   [ RunTime:0.005341s ]
[ 2012-05-20T09:15:06+08:00 ] /myfcms/admin/index.php?m=Archives&a=main | SQL: SHOW COLUMNS FROM `myf_arctype` [ RunTime:0.010235s ]
[ 2012-05-20T09:15:06+08:00 ] /myfcms/admin/index.php?m=Archives&a=main | SQL: SELECT * FROM `myf_arctype` WHERE 1=1 AND id='6' LIMIT 1   [ RunTime:0.004770s ]
[ 2012-05-20T09:15:06+08:00 ] /myfcms/admin/index.php?m=Archives&a=main | SQL: SHOW COLUMNS FROM `myf_arctype` [ RunTime:0.008780s ]
[ 2012-05-20T09:15:06+08:00 ] /myfcms/admin/index.php?m=Archives&a=main | SQL: SELECT * FROM `myf_arctype` WHERE 1=1 AND id='6' LIMIT 1   [ RunTime:0.004040s ]
[ 2012-05-20T09:15:06+08:00 ] /myfcms/admin/index.php?m=Archives&a=main | SQL: SHOW COLUMNS FROM `myf_arctype` [ RunTime:0.009098s ]
[ 2012-05-20T09:15:06+08:00 ] /myfcms/admin/index.php?m=Archives&a=main | SQL: SELECT * FROM `myf_arctype` WHERE 1=1 AND id='6' LIMIT 1   [ RunTime:0.003478s ]
[ 2012-05-20T09:15:06+08:00 ] /myfcms/admin/index.php?m=Archives&a=main | SQL: SHOW COLUMNS FROM `myf_arctype` [ RunTime:0.008758s ]
[ 2012-05-20T09:15:06+08:00 ] /myfcms/admin/index.php?m=Archives&a=main | SQL: SELECT * FROM `myf_arctype` WHERE 1=1 AND id='6' LIMIT 1   [ RunTime:0.003512s ]
[ 2012-05-20T09:15:06+08:00 ] /myfcms/admin/index.php?m=Archives&a=main | SQL: SHOW COLUMNS FROM `myf_arctype` [ RunTime:0.008843s ]
[ 2012-05-20T09:15:06+08:00 ] /myfcms/admin/index.php?m=Archives&a=main | SQL: SELECT * FROM `myf_arctype` WHERE 1=1 AND id='6' LIMIT 1   [ RunTime:0.003270s ]
[ 2012-05-20T09:15:06+08:00 ] /myfcms/admin/index.php?m=Archives&a=main | SQL: SHOW COLUMNS FROM `myf_arctype` [ RunTime:0.008989s ]
[ 2012-05-20T09:15:06+08:00 ] /myfcms/admin/index.php?m=Archives&a=main | SQL: SELECT * FROM `myf_arctype` WHERE 1=1 AND id='6' LIMIT 1   [ RunTime:0.003203s ]
[ 2012-05-20T09:15:06+08:00 ] /myfcms/admin/index.php?m=Archives&a=main | SQL: SHOW COLUMNS FROM `myf_arctype` [ RunTime:0.009743s ]
[ 2012-05-20T09:15:06+08:00 ] /myfcms/admin/index.php?m=Archives&a=main | SQL: SELECT * FROM `myf_arctype` WHERE 1=1 AND id='6' LIMIT 1   [ RunTime:0.003400s ]
[ 2012-05-20T09:15:06+08:00 ] /myfcms/admin/index.php?m=Archives&a=main | SQL: SHOW COLUMNS FROM `myf_arctype` [ RunTime:0.010447s ]
[ 2012-05-20T09:15:06+08:00 ] /myfcms/admin/index.php?m=Archives&a=main | SQL: SELECT * FROM `myf_arctype` WHERE 1=1 AND id='6' LIMIT 1   [ RunTime:0.005877s ]
[ 2012-05-20T09:15:06+08:00 ] /myfcms/admin/index.php?m=Archives&a=main | SQL: SHOW COLUMNS FROM `myf_arctype` [ RunTime:0.009160s ]
[ 2012-05-20T09:15:06+08:00 ] /myfcms/admin/index.php?m=Archives&a=main | SQL: SELECT * FROM `myf_arctype` WHERE 1=1 AND id='6' LIMIT 1   [ RunTime:0.004927s ]
[ 2012-05-20T09:15:06+08:00 ] /myfcms/admin/index.php?m=Archives&a=main | SQL: SHOW COLUMNS FROM `myf_arctype` [ RunTime:0.010259s ]
[ 2012-05-20T09:15:06+08:00 ] /myfcms/admin/index.php?m=Archives&a=main | SQL: SELECT * FROM `myf_arctype` WHERE 1=1 AND id='6' LIMIT 1   [ RunTime:0.006066s ]
[ 2012-05-20T09:15:06+08:00 ] /myfcms/admin/index.php?m=Archives&a=main | SQL: SHOW COLUMNS FROM `myf_arctype` [ RunTime:0.009611s ]
[ 2012-05-20T09:15:06+08:00 ] /myfcms/admin/index.php?m=Archives&a=main | SQL: SELECT * FROM `myf_arctype` WHERE 1=1 AND id='6' LIMIT 1   [ RunTime:0.003866s ]
[ 2012-05-20T09:15:06+08:00 ] /myfcms/admin/index.php?m=Archives&a=main | SQL: SHOW COLUMNS FROM `myf_arctype` [ RunTime:0.009079s ]
[ 2012-05-20T09:15:06+08:00 ] /myfcms/admin/index.php?m=Archives&a=main | SQL: SELECT * FROM `myf_arctype` WHERE 1=1 AND id='6' LIMIT 1   [ RunTime:0.006580s ]
[ 2012-05-20T09:15:06+08:00 ] /myfcms/admin/index.php?m=Archives&a=main | SQL: SHOW COLUMNS FROM `myf_arctype` [ RunTime:0.011909s ]
[ 2012-05-20T09:15:06+08:00 ] /myfcms/admin/index.php?m=Archives&a=main | SQL: SELECT * FROM `myf_arctype` WHERE 1=1 AND id='6' LIMIT 1   [ RunTime:0.005304s ]
[ 2012-05-20T09:15:06+08:00 ] /myfcms/admin/index.php?m=Archives&a=main | SQL: SHOW COLUMNS FROM `myf_arctype` [ RunTime:0.009239s ]
[ 2012-05-20T09:15:06+08:00 ] /myfcms/admin/index.php?m=Archives&a=main | SQL: SELECT * FROM `myf_arctype` WHERE 1=1 AND id='6' LIMIT 1   [ RunTime:0.003187s ]
[ 2012-05-20T09:15:06+08:00 ] /myfcms/admin/index.php?m=Archives&a=main | SQL: SHOW COLUMNS FROM `myf_arctype` [ RunTime:0.009482s ]
[ 2012-05-20T09:15:06+08:00 ] /myfcms/admin/index.php?m=Archives&a=main | SQL: SELECT * FROM `myf_arctype` WHERE 1=1 AND id='6' LIMIT 1   [ RunTime:0.002737s ]
[ 2012-05-20T09:15:06+08:00 ] /myfcms/admin/index.php?m=Archives&a=main | SQL: SHOW COLUMNS FROM `myf_sys` [ RunTime:0.008052s ]
[ 2012-05-20T09:15:06+08:00 ] /myfcms/admin/index.php?m=Archives&a=main | SQL: SELECT * FROM `myf_sys` WHERE id<3  [ RunTime:0.003084s ]
[ 2012-05-20T09:15:06+08:00 ] /myfcms/admin/index.php?m=Archives&a=main | SQL: SHOW COLUMNS FROM `myf_arctype` [ RunTime:0.009130s ]
[ 2012-05-20T09:15:06+08:00 ] /myfcms/admin/index.php?m=Archives&a=main | SQL: SELECT `id`,`topid`,`sortrank`,`typename`,`typedir`,`arcnamerule`,`listnamerule`,`classname`,`methodname`,`keywords`,`seotitle`,`description`,`typepro` FROM `myf_arctype` ORDER BY sortrank asc  [ RunTime:0.003778s ]
[ 2012-05-20T09:15:06+08:00 ] /myfcms/admin/index.php?m=Archives&a=main | INFO: Tag[ view_template ] --START--
[ 2012-05-20T09:15:06+08:00 ] /myfcms/admin/index.php?m=Archives&a=main | INFO: Run LocationTemplate Behavior [ RunTime:0.020682s ]
[ 2012-05-20T09:15:06+08:00 ] /myfcms/admin/index.php?m=Archives&a=main | INFO: Tag[ view_template ] --END-- [ RunTime:0.020993s ]
[ 2012-05-20T09:15:06+08:00 ] /myfcms/admin/index.php?m=Archives&a=main | INFO: Tag[ view_parse ] --START--
[ 2012-05-20T09:15:07+08:00 ] /myfcms/admin/index.php?m=Archives&a=main | INFO: Run ParseTemplate Behavior [ RunTime:0.087118s ]
[ 2012-05-20T09:15:07+08:00 ] /myfcms/admin/index.php?m=Archives&a=main | INFO: Tag[ view_parse ] --END-- [ RunTime:0.087407s ]
[ 2012-05-20T09:15:07+08:00 ] /myfcms/admin/index.php?m=Archives&a=main | INFO: Tag[ view_filter ] --START--
[ 2012-05-20T09:15:07+08:00 ] /myfcms/admin/index.php?m=Archives&a=main | INFO: Run ContentReplace Behavior [ RunTime:0.006844s ]
[ 2012-05-20T09:15:07+08:00 ] /myfcms/admin/index.php?m=Archives&a=main | INFO: Run TokenBuild Behavior [ RunTime:0.007821s ]
[ 2012-05-20T09:15:07+08:00 ] /myfcms/admin/index.php?m=Archives&a=main | INFO: Run WriteHtmlCache Behavior [ RunTime:0.007865s ]
[ 2012-05-20T09:15:07+08:00 ] /myfcms/admin/index.php?m=Archives&a=main | INFO: Run ShowRuntime Behavior [ RunTime:0.006999s ]
[ 2012-05-20T09:15:07+08:00 ] /myfcms/admin/index.php?m=Archives&a=main | INFO: Tag[ view_filter ] --END-- [ RunTime:0.030386s ]
[ 2012-05-20T09:15:07+08:00 ] /myfcms/admin/index.php?m=Archives&a=main | NOTIC: [2] Cannot modify header information - headers already sent by (output started at D:\AppServ\www\myfcms\admin\Lib\Action\ArchivesAction.class.php:344) View.class.php 第 120 行.
[ 2012-05-20T09:15:07+08:00 ] /myfcms/admin/index.php?m=Archives&a=main | NOTIC: [2] Cannot modify header information - headers already sent by (output started at D:\AppServ\www\myfcms\admin\Lib\Action\ArchivesAction.class.php:344) View.class.php 第 121 行.
[ 2012-05-20T09:15:07+08:00 ] /myfcms/admin/index.php?m=Archives&a=main | NOTIC: [2] Cannot modify header information - headers already sent by (output started at D:\AppServ\www\myfcms\admin\Lib\Action\ArchivesAction.class.php:344) View.class.php 第 122 行.
[ 2012-05-20T09:15:07+08:00 ] /myfcms/admin/index.php?m=Archives&a=main | INFO: Tag[ view_end ] --START--
[ 2012-05-20T09:15:07+08:00 ] /myfcms/admin/index.php?m=Archives&a=main | INFO: Run ShowPageTrace Behavior [ RunTime:0.007045s ]
[ 2012-05-20T09:15:07+08:00 ] /myfcms/admin/index.php?m=Archives&a=main | INFO: Tag[ view_end ] --END-- [ RunTime:0.007325s ]
[ 2012-05-20T09:22:09+08:00 ] /myfcms/admin/index.php?m=Arctype&a=main | INFO: Tag[ app_begin ] --START--
[ 2012-05-20T09:22:09+08:00 ] /myfcms/admin/index.php?m=Arctype&a=main | INFO: Run ReadHtmlCache Behavior [ RunTime:0.004238s ]
[ 2012-05-20T09:22:09+08:00 ] /myfcms/admin/index.php?m=Arctype&a=main | INFO: Tag[ app_begin ] --END-- [ RunTime:0.004601s ]
[ 2012-05-20T09:22:09+08:00 ] /myfcms/admin/index.php?m=Arctype&a=main | SQL: SHOW COLUMNS FROM `myf_arctype` [ RunTime:0.009094s ]
[ 2012-05-20T09:22:09+08:00 ] /myfcms/admin/index.php?m=Arctype&a=main | SQL: SELECT `id`,`topid`,`sortrank`,`typename`,`typedir`,`arcnamerule`,`listnamerule`,`classname`,`methodname`,`keywords`,`seotitle`,`description`,`typepro` FROM `myf_arctype` ORDER BY sortrank asc  [ RunTime:0.003006s ]
[ 2012-05-20T09:22:09+08:00 ] /myfcms/admin/index.php?m=Arctype&a=main | SQL: SHOW COLUMNS FROM `myf_sys` [ RunTime:0.008226s ]
[ 2012-05-20T09:22:09+08:00 ] /myfcms/admin/index.php?m=Arctype&a=main | SQL: SELECT * FROM `myf_sys` WHERE id<3  [ RunTime:0.003294s ]
[ 2012-05-20T09:22:09+08:00 ] /myfcms/admin/index.php?m=Arctype&a=main | INFO: Tag[ view_template ] --START--
[ 2012-05-20T09:22:09+08:00 ] /myfcms/admin/index.php?m=Arctype&a=main | INFO: Run LocationTemplate Behavior [ RunTime:0.035161s ]
[ 2012-05-20T09:22:09+08:00 ] /myfcms/admin/index.php?m=Arctype&a=main | INFO: Tag[ view_template ] --END-- [ RunTime:0.035451s ]
[ 2012-05-20T09:22:09+08:00 ] /myfcms/admin/index.php?m=Arctype&a=main | INFO: Tag[ view_parse ] --START--
[ 2012-05-20T09:22:10+08:00 ] /myfcms/admin/index.php?m=Arctype&a=main | INFO: Run ParseTemplate Behavior [ RunTime:0.199789s ]
[ 2012-05-20T09:22:10+08:00 ] /myfcms/admin/index.php?m=Arctype&a=main | INFO: Tag[ view_parse ] --END-- [ RunTime:0.200082s ]
[ 2012-05-20T09:22:10+08:00 ] /myfcms/admin/index.php?m=Arctype&a=main | INFO: Tag[ view_filter ] --START--
[ 2012-05-20T09:22:10+08:00 ] /myfcms/admin/index.php?m=Arctype&a=main | INFO: Run ContentReplace Behavior [ RunTime:0.009201s ]
[ 2012-05-20T09:22:10+08:00 ] /myfcms/admin/index.php?m=Arctype&a=main | INFO: Run TokenBuild Behavior [ RunTime:0.007178s ]
[ 2012-05-20T09:22:10+08:00 ] /myfcms/admin/index.php?m=Arctype&a=main | INFO: Run WriteHtmlCache Behavior [ RunTime:0.006007s ]
[ 2012-05-20T09:22:10+08:00 ] /myfcms/admin/index.php?m=Arctype&a=main | INFO: Run ShowRuntime Behavior [ RunTime:0.006177s ]
[ 2012-05-20T09:22:10+08:00 ] /myfcms/admin/index.php?m=Arctype&a=main | INFO: Tag[ view_filter ] --END-- [ RunTime:0.029311s ]
[ 2012-05-20T09:22:10+08:00 ] /myfcms/admin/index.php?m=Arctype&a=main | INFO: Tag[ view_end ] --START--
[ 2012-05-20T09:22:10+08:00 ] /myfcms/admin/index.php?m=Arctype&a=main | INFO: Run ShowPageTrace Behavior [ RunTime:0.013368s ]
[ 2012-05-20T09:22:10+08:00 ] /myfcms/admin/index.php?m=Arctype&a=main | INFO: Tag[ view_end ] --END-- [ RunTime:0.013672s ]
[ 2012-05-20T09:24:30+08:00 ] /myfcms/admin/index.php?m=Moban&a=main&theme=default | INFO: Tag[ app_begin ] --START--
[ 2012-05-20T09:24:30+08:00 ] /myfcms/admin/index.php?m=Moban&a=main&theme=default | INFO: Run ReadHtmlCache Behavior [ RunTime:0.004521s ]
[ 2012-05-20T09:24:30+08:00 ] /myfcms/admin/index.php?m=Moban&a=main&theme=default | INFO: Tag[ app_begin ] --END-- [ RunTime:0.005148s ]
[ 2012-05-20T09:24:30+08:00 ] /myfcms/admin/index.php?m=Moban&a=main&theme=default | SQL: SHOW COLUMNS FROM `myf_moban` [ RunTime:0.020899s ]
[ 2012-05-20T09:24:30+08:00 ] /myfcms/admin/index.php?m=Moban&a=main&theme=default | SQL: SELECT * FROM `myf_moban` WHERE theme='default'  [ RunTime:0.004911s ]
[ 2012-05-20T09:24:30+08:00 ] /myfcms/admin/index.php?m=Moban&a=main&theme=default | INFO: Tag[ view_template ] --START--
[ 2012-05-20T09:24:30+08:00 ] /myfcms/admin/index.php?m=Moban&a=main&theme=default | INFO: Run LocationTemplate Behavior [ RunTime:0.006500s ]
[ 2012-05-20T09:24:30+08:00 ] /myfcms/admin/index.php?m=Moban&a=main&theme=default | INFO: Tag[ view_template ] --END-- [ RunTime:0.006746s ]
[ 2012-05-20T09:24:30+08:00 ] /myfcms/admin/index.php?m=Moban&a=main&theme=default | INFO: Tag[ view_parse ] --START--
[ 2012-05-20T09:24:30+08:00 ] /myfcms/admin/index.php?m=Moban&a=main&theme=default | INFO: Run ParseTemplate Behavior [ RunTime:0.078572s ]
[ 2012-05-20T09:24:30+08:00 ] /myfcms/admin/index.php?m=Moban&a=main&theme=default | INFO: Tag[ view_parse ] --END-- [ RunTime:0.078856s ]
[ 2012-05-20T09:24:30+08:00 ] /myfcms/admin/index.php?m=Moban&a=main&theme=default | INFO: Tag[ view_filter ] --START--
[ 2012-05-20T09:24:30+08:00 ] /myfcms/admin/index.php?m=Moban&a=main&theme=default | INFO: Run ContentReplace Behavior [ RunTime:0.006804s ]
[ 2012-05-20T09:24:31+08:00 ] /myfcms/admin/index.php?m=Moban&a=main&theme=default | INFO: Run TokenBuild Behavior [ RunTime:0.006852s ]
[ 2012-05-20T09:24:31+08:00 ] /myfcms/admin/index.php?m=Moban&a=main&theme=default | INFO: Run WriteHtmlCache Behavior [ RunTime:0.006097s ]
[ 2012-05-20T09:24:31+08:00 ] /myfcms/admin/index.php?m=Moban&a=main&theme=default | INFO: Run ShowRuntime Behavior [ RunTime:0.008437s ]
[ 2012-05-20T09:24:31+08:00 ] /myfcms/admin/index.php?m=Moban&a=main&theme=default | INFO: Tag[ view_filter ] --END-- [ RunTime:0.029827s ]
[ 2012-05-20T09:24:31+08:00 ] /myfcms/admin/index.php?m=Moban&a=main&theme=default | INFO: Tag[ view_end ] --START--
[ 2012-05-20T09:24:31+08:00 ] /myfcms/admin/index.php?m=Moban&a=main&theme=default | INFO: Run ShowPageTrace Behavior [ RunTime:0.007410s ]
[ 2012-05-20T09:24:31+08:00 ] /myfcms/admin/index.php?m=Moban&a=main&theme=default | INFO: Tag[ view_end ] --END-- [ RunTime:0.007668s ]
[ 2012-05-20T09:24:35+08:00 ] /myfcms/admin/index.php?m=Sys&a=main | INFO: Tag[ app_begin ] --START--
[ 2012-05-20T09:24:35+08:00 ] /myfcms/admin/index.php?m=Sys&a=main | INFO: Run ReadHtmlCache Behavior [ RunTime:0.001877s ]
[ 2012-05-20T09:24:35+08:00 ] /myfcms/admin/index.php?m=Sys&a=main | INFO: Tag[ app_begin ] --END-- [ RunTime:0.002271s ]
[ 2012-05-20T09:24:35+08:00 ] /myfcms/admin/index.php?m=Sys&a=main | SQL: SHOW COLUMNS FROM `myf_sys` [ RunTime:0.008046s ]
[ 2012-05-20T09:24:35+08:00 ] /myfcms/admin/index.php?m=Sys&a=main | SQL: SELECT * FROM `myf_sys`  [ RunTime:0.002875s ]
[ 2012-05-20T09:24:35+08:00 ] /myfcms/admin/index.php?m=Sys&a=main | INFO: Tag[ view_template ] --START--
[ 2012-05-20T09:24:35+08:00 ] /myfcms/admin/index.php?m=Sys&a=main | INFO: Run LocationTemplate Behavior [ RunTime:0.005180s ]
[ 2012-05-20T09:24:35+08:00 ] /myfcms/admin/index.php?m=Sys&a=main | INFO: Tag[ view_template ] --END-- [ RunTime:0.005587s ]
[ 2012-05-20T09:24:35+08:00 ] /myfcms/admin/index.php?m=Sys&a=main | INFO: Tag[ view_parse ] --START--
[ 2012-05-20T09:24:35+08:00 ] /myfcms/admin/index.php?m=Sys&a=main | INFO: Run ParseTemplate Behavior [ RunTime:0.071453s ]
[ 2012-05-20T09:24:35+08:00 ] /myfcms/admin/index.php?m=Sys&a=main | INFO: Tag[ view_parse ] --END-- [ RunTime:0.071781s ]
[ 2012-05-20T09:24:35+08:00 ] /myfcms/admin/index.php?m=Sys&a=main | INFO: Tag[ view_filter ] --START--
[ 2012-05-20T09:24:35+08:00 ] /myfcms/admin/index.php?m=Sys&a=main | INFO: Run ContentReplace Behavior [ RunTime:0.006249s ]
[ 2012-05-20T09:24:35+08:00 ] /myfcms/admin/index.php?m=Sys&a=main | INFO: Run TokenBuild Behavior [ RunTime:0.006185s ]
[ 2012-05-20T09:24:35+08:00 ] /myfcms/admin/index.php?m=Sys&a=main | INFO: Run WriteHtmlCache Behavior [ RunTime:0.005393s ]
[ 2012-05-20T09:24:35+08:00 ] /myfcms/admin/index.php?m=Sys&a=main | INFO: Run ShowRuntime Behavior [ RunTime:0.006416s ]
[ 2012-05-20T09:24:35+08:00 ] /myfcms/admin/index.php?m=Sys&a=main | INFO: Tag[ view_filter ] --END-- [ RunTime:0.024888s ]
[ 2012-05-20T09:24:35+08:00 ] /myfcms/admin/index.php?m=Sys&a=main | INFO: Tag[ view_end ] --START--
[ 2012-05-20T09:24:35+08:00 ] /myfcms/admin/index.php?m=Sys&a=main | INFO: Run ShowPageTrace Behavior [ RunTime:0.006338s ]
[ 2012-05-20T09:24:35+08:00 ] /myfcms/admin/index.php?m=Sys&a=main | INFO: Tag[ view_end ] --END-- [ RunTime:0.006586s ]
[ 2012-05-20T09:24:42+08:00 ] /myfcms/admin/index.php?m=Login&a=out | INFO: Tag[ app_begin ] --START--
[ 2012-05-20T09:24:42+08:00 ] /myfcms/admin/index.php?m=Login&a=out | INFO: Run ReadHtmlCache Behavior [ RunTime:0.001954s ]
[ 2012-05-20T09:24:42+08:00 ] /myfcms/admin/index.php?m=Login&a=out | INFO: Tag[ app_begin ] --END-- [ RunTime:0.002302s ]
[ 2012-05-20T09:24:42+08:00 ] /myfcms/admin/index.php?m=Login&a=out | NOTIC: [8] Undefined variable: script_name LoginAction.class.php 第 43 行.
[ 2012-05-20T09:24:42+08:00 ] /myfcms/admin/index.php?m=Login&a=out | INFO: Tag[ view_template ] --START--
[ 2012-05-20T09:24:42+08:00 ] /myfcms/admin/index.php?m=Login&a=out | INFO: Run LocationTemplate Behavior [ RunTime:0.007284s ]
[ 2012-05-20T09:24:42+08:00 ] /myfcms/admin/index.php?m=Login&a=out | INFO: Tag[ view_template ] --END-- [ RunTime:0.007569s ]
[ 2012-05-20T09:24:42+08:00 ] /myfcms/admin/index.php?m=Login&a=out | INFO: Tag[ view_parse ] --START--
[ 2012-05-20T09:24:42+08:00 ] /myfcms/admin/index.php?m=Login&a=out | INFO: Run ParseTemplate Behavior [ RunTime:0.063539s ]
[ 2012-05-20T09:24:42+08:00 ] /myfcms/admin/index.php?m=Login&a=out | INFO: Tag[ view_parse ] --END-- [ RunTime:0.063835s ]
[ 2012-05-20T09:24:42+08:00 ] /myfcms/admin/index.php?m=Login&a=out | INFO: Tag[ view_filter ] --START--
[ 2012-05-20T09:24:42+08:00 ] /myfcms/admin/index.php?m=Login&a=out | INFO: Run ContentReplace Behavior [ RunTime:0.007282s ]
[ 2012-05-20T09:24:42+08:00 ] /myfcms/admin/index.php?m=Login&a=out | INFO: Run TokenBuild Behavior [ RunTime:0.007364s ]
[ 2012-05-20T09:24:42+08:00 ] /myfcms/admin/index.php?m=Login&a=out | INFO: Run WriteHtmlCache Behavior [ RunTime:0.005733s ]
[ 2012-05-20T09:24:42+08:00 ] /myfcms/admin/index.php?m=Login&a=out | INFO: Run ShowRuntime Behavior [ RunTime:0.006404s ]
[ 2012-05-20T09:24:42+08:00 ] /myfcms/admin/index.php?m=Login&a=out | INFO: Tag[ view_filter ] --END-- [ RunTime:0.027600s ]
[ 2012-05-20T09:24:42+08:00 ] /myfcms/admin/index.php?m=Login&a=out | INFO: Tag[ view_end ] --START--
[ 2012-05-20T09:24:42+08:00 ] /myfcms/admin/index.php?m=Login&a=out | INFO: Run ShowPageTrace Behavior [ RunTime:0.006590s ]
[ 2012-05-20T09:24:42+08:00 ] /myfcms/admin/index.php?m=Login&a=out | INFO: Tag[ view_end ] --END-- [ RunTime:0.006890s ]
[ 2012-05-20T09:24:43+08:00 ] /myfcms/admin/index.php?m=Login&a=index | INFO: Tag[ app_begin ] --START--
[ 2012-05-20T09:24:43+08:00 ] /myfcms/admin/index.php?m=Login&a=index | INFO: Run ReadHtmlCache Behavior [ RunTime:0.001950s ]
[ 2012-05-20T09:24:43+08:00 ] /myfcms/admin/index.php?m=Login&a=index | INFO: Tag[ app_begin ] --END-- [ RunTime:0.002293s ]
[ 2012-05-20T09:24:43+08:00 ] /myfcms/admin/index.php?m=Login&a=index | INFO: Tag[ view_template ] --START--
[ 2012-05-20T09:24:43+08:00 ] /myfcms/admin/index.php?m=Login&a=index | INFO: Run LocationTemplate Behavior [ RunTime:0.004997s ]
[ 2012-05-20T09:24:43+08:00 ] /myfcms/admin/index.php?m=Login&a=index | INFO: Tag[ view_template ] --END-- [ RunTime:0.005283s ]
[ 2012-05-20T09:24:43+08:00 ] /myfcms/admin/index.php?m=Login&a=index | INFO: Tag[ view_parse ] --START--
[ 2012-05-20T09:24:43+08:00 ] /myfcms/admin/index.php?m=Login&a=index | INFO: Run ParseTemplate Behavior [ RunTime:0.058583s ]
[ 2012-05-20T09:24:43+08:00 ] /myfcms/admin/index.php?m=Login&a=index | INFO: Tag[ view_parse ] --END-- [ RunTime:0.058890s ]
[ 2012-05-20T09:24:43+08:00 ] /myfcms/admin/index.php?m=Login&a=index | INFO: Tag[ view_filter ] --START--
[ 2012-05-20T09:24:43+08:00 ] /myfcms/admin/index.php?m=Login&a=index | INFO: Run ContentReplace Behavior [ RunTime:0.005908s ]
[ 2012-05-20T09:24:43+08:00 ] /myfcms/admin/index.php?m=Login&a=index | INFO: Run TokenBuild Behavior [ RunTime:0.005903s ]
[ 2012-05-20T09:24:43+08:00 ] /myfcms/admin/index.php?m=Login&a=index | INFO: Run WriteHtmlCache Behavior [ RunTime:0.005658s ]
[ 2012-05-20T09:24:43+08:00 ] /myfcms/admin/index.php?m=Login&a=index | INFO: Run ShowRuntime Behavior [ RunTime:0.006333s ]
[ 2012-05-20T09:24:43+08:00 ] /myfcms/admin/index.php?m=Login&a=index | INFO: Tag[ view_filter ] --END-- [ RunTime:0.024463s ]
[ 2012-05-20T09:24:43+08:00 ] /myfcms/admin/index.php?m=Login&a=index | INFO: Tag[ view_end ] --START--
[ 2012-05-20T09:24:43+08:00 ] /myfcms/admin/index.php?m=Login&a=index | INFO: Run ShowPageTrace Behavior [ RunTime:0.006901s ]
[ 2012-05-20T09:24:43+08:00 ] /myfcms/admin/index.php?m=Login&a=index | INFO: Tag[ view_end ] --END-- [ RunTime:0.007155s ]
[ 2012-05-20T09:24:44+08:00 ] /myfcms/admin/index.php?m=Login&a=verify | INFO: Tag[ app_begin ] --START--
[ 2012-05-20T09:24:44+08:00 ] /myfcms/admin/index.php?m=Login&a=verify | INFO: Run ReadHtmlCache Behavior [ RunTime:0.002840s ]
[ 2012-05-20T09:24:44+08:00 ] /myfcms/admin/index.php?m=Login&a=verify | INFO: Tag[ app_begin ] --END-- [ RunTime:0.003210s ]
[ 2012-05-20T09:31:24+08:00 ] /myfcms/admin/index.php?m=Login&a=login_in | INFO: Tag[ app_begin ] --START--
[ 2012-05-20T09:31:24+08:00 ] /myfcms/admin/index.php?m=Login&a=login_in | INFO: Run ReadHtmlCache Behavior [ RunTime:0.004702s ]
[ 2012-05-20T09:31:24+08:00 ] /myfcms/admin/index.php?m=Login&a=login_in | INFO: Tag[ app_begin ] --END-- [ RunTime:0.005075s ]
[ 2012-05-20T09:31:24+08:00 ] /myfcms/admin/index.php?m=Login&a=login_in | SQL: SHOW COLUMNS FROM `myf_admin` [ RunTime:0.008271s ]
[ 2012-05-20T09:31:24+08:00 ] /myfcms/admin/index.php?m=Login&a=login_in | SQL: SELECT * FROM `myf_admin` WHERE ( `userid` = 'admin' )  [ RunTime:0.002240s ]
[ 2012-05-20T09:31:24+08:00 ] /myfcms/admin/index.php?m=Login&a=login_in | INFO: Tag[ view_template ] --START--
[ 2012-05-20T09:31:24+08:00 ] /myfcms/admin/index.php?m=Login&a=login_in | INFO: Run LocationTemplate Behavior [ RunTime:0.006118s ]
[ 2012-05-20T09:31:24+08:00 ] /myfcms/admin/index.php?m=Login&a=login_in | INFO: Tag[ view_template ] --END-- [ RunTime:0.006375s ]
[ 2012-05-20T09:31:24+08:00 ] /myfcms/admin/index.php?m=Login&a=login_in | INFO: Tag[ view_parse ] --START--
[ 2012-05-20T09:31:24+08:00 ] /myfcms/admin/index.php?m=Login&a=login_in | INFO: Run ParseTemplate Behavior [ RunTime:0.065162s ]
[ 2012-05-20T09:31:24+08:00 ] /myfcms/admin/index.php?m=Login&a=login_in | INFO: Tag[ view_parse ] --END-- [ RunTime:0.065554s ]
[ 2012-05-20T09:31:24+08:00 ] /myfcms/admin/index.php?m=Login&a=login_in | INFO: Tag[ view_filter ] --START--
[ 2012-05-20T09:31:24+08:00 ] /myfcms/admin/index.php?m=Login&a=login_in | INFO: Run ContentReplace Behavior [ RunTime:0.006258s ]
[ 2012-05-20T09:31:24+08:00 ] /myfcms/admin/index.php?m=Login&a=login_in | INFO: Run TokenBuild Behavior [ RunTime:0.006094s ]
[ 2012-05-20T09:31:24+08:00 ] /myfcms/admin/index.php?m=Login&a=login_in | INFO: Run WriteHtmlCache Behavior [ RunTime:0.006154s ]
[ 2012-05-20T09:31:24+08:00 ] /myfcms/admin/index.php?m=Login&a=login_in | INFO: Run ShowRuntime Behavior [ RunTime:0.006374s ]
[ 2012-05-20T09:31:24+08:00 ] /myfcms/admin/index.php?m=Login&a=login_in | INFO: Tag[ view_filter ] --END-- [ RunTime:0.025566s ]
[ 2012-05-20T09:31:24+08:00 ] /myfcms/admin/index.php?m=Login&a=login_in | INFO: Tag[ view_end ] --START--
[ 2012-05-20T09:31:24+08:00 ] /myfcms/admin/index.php?m=Login&a=login_in | INFO: Run ShowPageTrace Behavior [ RunTime:0.007396s ]
[ 2012-05-20T09:31:24+08:00 ] /myfcms/admin/index.php?m=Login&a=login_in | INFO: Tag[ view_end ] --END-- [ RunTime:0.007658s ]
[ 2012-05-20T09:31:25+08:00 ] /myfcms/admin/index.php | INFO: Tag[ app_begin ] --START--
[ 2012-05-20T09:31:25+08:00 ] /myfcms/admin/index.php | INFO: Run ReadHtmlCache Behavior [ RunTime:0.002430s ]
[ 2012-05-20T09:31:25+08:00 ] /myfcms/admin/index.php | INFO: Tag[ app_begin ] --END-- [ RunTime:0.002791s ]
[ 2012-05-20T09:31:25+08:00 ] /myfcms/admin/index.php | SQL: SHOW COLUMNS FROM `myf_sys` [ RunTime:0.009790s ]
[ 2012-05-20T09:31:25+08:00 ] /myfcms/admin/index.php | SQL: SELECT * FROM `myf_sys` WHERE ( `id` = 3 ) LIMIT 1   [ RunTime:0.002307s ]
[ 2012-05-20T09:31:25+08:00 ] /myfcms/admin/index.php | INFO: Tag[ view_template ] --START--
[ 2012-05-20T09:31:25+08:00 ] /myfcms/admin/index.php | INFO: Run LocationTemplate Behavior [ RunTime:0.007479s ]
[ 2012-05-20T09:31:25+08:00 ] /myfcms/admin/index.php | INFO: Tag[ view_template ] --END-- [ RunTime:0.007839s ]
[ 2012-05-20T09:31:25+08:00 ] /myfcms/admin/index.php | INFO: Tag[ view_parse ] --START--
[ 2012-05-20T09:31:25+08:00 ] /myfcms/admin/index.php | INFO: Run ParseTemplate Behavior [ RunTime:0.036553s ]
[ 2012-05-20T09:31:25+08:00 ] /myfcms/admin/index.php | INFO: Tag[ view_parse ] --END-- [ RunTime:0.036865s ]
[ 2012-05-20T09:31:25+08:00 ] /myfcms/admin/index.php | INFO: Tag[ view_filter ] --START--
[ 2012-05-20T09:31:25+08:00 ] /myfcms/admin/index.php | INFO: Run ContentReplace Behavior [ RunTime:0.006544s ]
[ 2012-05-20T09:31:25+08:00 ] /myfcms/admin/index.php | INFO: Run TokenBuild Behavior [ RunTime:0.007346s ]
[ 2012-05-20T09:31:25+08:00 ] /myfcms/admin/index.php | INFO: Run WriteHtmlCache Behavior [ RunTime:0.006231s ]
[ 2012-05-20T09:31:25+08:00 ] /myfcms/admin/index.php | INFO: Run ShowRuntime Behavior [ RunTime:0.008770s ]
[ 2012-05-20T09:31:25+08:00 ] /myfcms/admin/index.php | INFO: Tag[ view_filter ] --END-- [ RunTime:0.029667s ]
[ 2012-05-20T09:31:25+08:00 ] /myfcms/admin/index.php | INFO: Tag[ view_end ] --START--
[ 2012-05-20T09:31:25+08:00 ] /myfcms/admin/index.php | INFO: Run ShowPageTrace Behavior [ RunTime:0.007102s ]
[ 2012-05-20T09:31:25+08:00 ] /myfcms/admin/index.php | INFO: Tag[ view_end ] --END-- [ RunTime:0.007362s ]
[ 2012-05-20T09:31:25+08:00 ] /myfcms/admin/index.php?m=Index&a=top | INFO: Tag[ app_begin ] --START--
[ 2012-05-20T09:31:25+08:00 ] /myfcms/admin/index.php?m=Index&a=top | INFO: Run ReadHtmlCache Behavior [ RunTime:0.004119s ]
[ 2012-05-20T09:31:25+08:00 ] /myfcms/admin/index.php?m=Index&a=top | INFO: Tag[ app_begin ] --END-- [ RunTime:0.004504s ]
[ 2012-05-20T09:31:25+08:00 ] /myfcms/admin/index.php?m=Index&a=top | SQL: SHOW COLUMNS FROM `myf_sys` [ RunTime:0.013634s ]
[ 2012-05-20T09:31:25+08:00 ] /myfcms/admin/index.php?m=Index&a=top | SQL: SELECT * FROM `myf_sys` WHERE id<3  [ RunTime:0.007258s ]
[ 2012-05-20T09:31:25+08:00 ] /myfcms/admin/index.php?m=Index&a=top | INFO: Tag[ view_template ] --START--
[ 2012-05-20T09:31:25+08:00 ] /myfcms/admin/index.php?m=Index&a=top | INFO: Run LocationTemplate Behavior [ RunTime:0.005249s ]
[ 2012-05-20T09:31:25+08:00 ] /myfcms/admin/index.php?m=Index&a=top | INFO: Tag[ view_template ] --END-- [ RunTime:0.005501s ]
[ 2012-05-20T09:31:25+08:00 ] /myfcms/admin/index.php?m=Index&a=top | INFO: Tag[ view_parse ] --START--
[ 2012-05-20T09:31:25+08:00 ] /myfcms/admin/index.php?m=Index&a=top | INFO: Run ParseTemplate Behavior [ RunTime:0.047177s ]
[ 2012-05-20T09:31:25+08:00 ] /myfcms/admin/index.php?m=Index&a=top | INFO: Tag[ view_parse ] --END-- [ RunTime:0.047456s ]
[ 2012-05-20T09:31:25+08:00 ] /myfcms/admin/index.php?m=Index&a=top | INFO: Tag[ view_filter ] --START--
[ 2012-05-20T09:31:25+08:00 ] /myfcms/admin/index.php?m=Index&a=top | INFO: Run ContentReplace Behavior [ RunTime:0.007156s ]
[ 2012-05-20T09:31:25+08:00 ] /myfcms/admin/index.php?m=Index&a=top | INFO: Run TokenBuild Behavior [ RunTime:0.007201s ]
[ 2012-05-20T09:31:25+08:00 ] /myfcms/admin/index.php?m=Index&a=top | INFO: Run WriteHtmlCache Behavior [ RunTime:0.006605s ]
[ 2012-05-20T09:31:25+08:00 ] /myfcms/admin/index.php?m=Index&a=top | INFO: Run ShowRuntime Behavior [ RunTime:0.006751s ]
[ 2012-05-20T09:31:25+08:00 ] /myfcms/admin/index.php?m=Index&a=top | INFO: Tag[ view_filter ] --END-- [ RunTime:0.028436s ]
[ 2012-05-20T09:31:25+08:00 ] /myfcms/admin/index.php?m=Index&a=top | INFO: Tag[ view_end ] --START--
[ 2012-05-20T09:31:26+08:00 ] /myfcms/admin/index.php?m=Index&a=top | INFO: Run ShowPageTrace Behavior [ RunTime:0.008609s ]
[ 2012-05-20T09:31:26+08:00 ] /myfcms/admin/index.php?m=Index&a=top | INFO: Tag[ view_end ] --END-- [ RunTime:0.008879s ]
[ 2012-05-20T09:31:25+08:00 ] /myfcms/admin/index.php?m=Index&a=left | INFO: Tag[ app_begin ] --START--
[ 2012-05-20T09:31:25+08:00 ] /myfcms/admin/index.php?m=Index&a=left | INFO: Run ReadHtmlCache Behavior [ RunTime:0.015816s ]
[ 2012-05-20T09:31:25+08:00 ] /myfcms/admin/index.php?m=Index&a=left | INFO: Tag[ app_begin ] --END-- [ RunTime:0.016189s ]
[ 2012-05-20T09:31:26+08:00 ] /myfcms/admin/index.php?m=Index&a=left | INFO: Tag[ view_template ] --START--
[ 2012-05-20T09:31:26+08:00 ] /myfcms/admin/index.php?m=Index&a=left | INFO: Run LocationTemplate Behavior [ RunTime:0.008841s ]
[ 2012-05-20T09:31:26+08:00 ] /myfcms/admin/index.php?m=Index&a=left | INFO: Tag[ view_template ] --END-- [ RunTime:0.009126s ]
[ 2012-05-20T09:31:26+08:00 ] /myfcms/admin/index.php?m=Index&a=left | INFO: Tag[ view_parse ] --START--
[ 2012-05-20T09:31:26+08:00 ] /myfcms/admin/index.php?m=Index&a=left | INFO: Run ParseTemplate Behavior [ RunTime:0.154702s ]
[ 2012-05-20T09:31:26+08:00 ] /myfcms/admin/index.php?m=Index&a=left | INFO: Tag[ view_parse ] --END-- [ RunTime:0.154989s ]
[ 2012-05-20T09:31:26+08:00 ] /myfcms/admin/index.php?m=Index&a=left | INFO: Tag[ view_filter ] --START--
[ 2012-05-20T09:31:26+08:00 ] /myfcms/admin/index.php?m=Index&a=left | INFO: Run ContentReplace Behavior [ RunTime:0.004544s ]
[ 2012-05-20T09:31:26+08:00 ] /myfcms/admin/index.php?m=Index&a=left | INFO: Run TokenBuild Behavior [ RunTime:0.004248s ]
[ 2012-05-20T09:31:26+08:00 ] /myfcms/admin/index.php?m=Index&a=left | INFO: Run WriteHtmlCache Behavior [ RunTime:0.003268s ]
[ 2012-05-20T09:31:26+08:00 ] /myfcms/admin/index.php?m=Index&a=left | INFO: Run ShowRuntime Behavior [ RunTime:0.008545s ]
[ 2012-05-20T09:31:26+08:00 ] /myfcms/admin/index.php?m=Index&a=left | INFO: Tag[ view_filter ] --END-- [ RunTime:0.021336s ]
[ 2012-05-20T09:31:26+08:00 ] /myfcms/admin/index.php?m=Index&a=left | INFO: Tag[ view_end ] --START--
[ 2012-05-20T09:31:26+08:00 ] /myfcms/admin/index.php?m=Index&a=left | INFO: Run ShowPageTrace Behavior [ RunTime:0.004576s ]
[ 2012-05-20T09:31:26+08:00 ] /myfcms/admin/index.php?m=Index&a=left | INFO: Tag[ view_end ] --END-- [ RunTime:0.004832s ]
[ 2012-05-20T09:31:26+08:00 ] /myfcms/admin/index.php?m=Index&a=main | INFO: Tag[ app_begin ] --START--
[ 2012-05-20T09:31:26+08:00 ] /myfcms/admin/index.php?m=Index&a=main | INFO: Run ReadHtmlCache Behavior [ RunTime:0.002351s ]
[ 2012-05-20T09:31:26+08:00 ] /myfcms/admin/index.php?m=Index&a=main | INFO: Tag[ app_begin ] --END-- [ RunTime:0.002724s ]
[ 2012-05-20T09:31:26+08:00 ] /myfcms/admin/index.php?m=Index&a=main | SQL: SHOW COLUMNS FROM `myf_archives` [ RunTime:0.011122s ]
[ 2012-05-20T09:31:26+08:00 ] /myfcms/admin/index.php?m=Index&a=main | SQL: SELECT `id`,`typeid`,`typename`,`flag`,`click`,`title`,`color`,`writer`,`source`,`litpic`,`keywords`,`description`,`sendtime`,`goodpost`,`badpost`,`adminid`,`adminname` FROM `myf_archives` ORDER BY id desc LIMIT 0,10   [ RunTime:0.002705s ]
[ 2012-05-20T09:31:26+08:00 ] /myfcms/admin/index.php?m=Index&a=main | SQL: SHOW COLUMNS FROM `myf_arctype` [ RunTime:0.011806s ]
[ 2012-05-20T09:31:26+08:00 ] /myfcms/admin/index.php?m=Index&a=main | SQL: SELECT * FROM `myf_arctype` WHERE 1=1 AND id='6' LIMIT 1   [ RunTime:0.001764s ]
[ 2012-05-20T09:31:26+08:00 ] /myfcms/admin/index.php?m=Index&a=main | SQL: SHOW COLUMNS FROM `myf_arctype` [ RunTime:0.025083s ]
[ 2012-05-20T09:31:26+08:00 ] /myfcms/admin/index.php?m=Index&a=main | SQL: SELECT * FROM `myf_arctype` WHERE 1=1 AND id='6' LIMIT 1   [ RunTime:0.003029s ]
[ 2012-05-20T09:31:26+08:00 ] /myfcms/admin/index.php?m=Index&a=main | SQL: SHOW COLUMNS FROM `myf_arctype` [ RunTime:0.013099s ]
[ 2012-05-20T09:31:26+08:00 ] /myfcms/admin/index.php?m=Index&a=main | SQL: SELECT * FROM `myf_arctype` WHERE 1=1 AND id='6' LIMIT 1   [ RunTime:0.001309s ]
[ 2012-05-20T09:31:26+08:00 ] /myfcms/admin/index.php?m=Index&a=main | SQL: SHOW COLUMNS FROM `myf_arctype` [ RunTime:0.012666s ]
[ 2012-05-20T09:31:26+08:00 ] /myfcms/admin/index.php?m=Index&a=main | SQL: SELECT * FROM `myf_arctype` WHERE 1=1 AND id='6' LIMIT 1   [ RunTime:0.001240s ]
[ 2012-05-20T09:31:26+08:00 ] /myfcms/admin/index.php?m=Index&a=main | SQL: SHOW COLUMNS FROM `myf_arctype` [ RunTime:0.011665s ]
[ 2012-05-20T09:31:26+08:00 ] /myfcms/admin/index.php?m=Index&a=main | SQL: SELECT * FROM `myf_arctype` WHERE 1=1 AND id='6' LIMIT 1   [ RunTime:0.002918s ]
[ 2012-05-20T09:31:26+08:00 ] /myfcms/admin/index.php?m=Index&a=main | SQL: SHOW COLUMNS FROM `myf_arctype` [ RunTime:0.010058s ]
[ 2012-05-20T09:31:26+08:00 ] /myfcms/admin/index.php?m=Index&a=main | SQL: SELECT * FROM `myf_arctype` WHERE 1=1 AND id='6' LIMIT 1   [ RunTime:0.004422s ]
[ 2012-05-20T09:31:26+08:00 ] /myfcms/admin/index.php?m=Index&a=main | SQL: SHOW COLUMNS FROM `myf_arctype` [ RunTime:0.014972s ]
[ 2012-05-20T09:31:26+08:00 ] /myfcms/admin/index.php?m=Index&a=main | SQL: SELECT * FROM `myf_arctype` WHERE 1=1 AND id='6' LIMIT 1   [ RunTime:0.001588s ]
[ 2012-05-20T09:31:26+08:00 ] /myfcms/admin/index.php?m=Index&a=main | SQL: SHOW COLUMNS FROM `myf_arctype` [ RunTime:0.011286s ]
[ 2012-05-20T09:31:26+08:00 ] /myfcms/admin/index.php?m=Index&a=main | SQL: SELECT * FROM `myf_arctype` WHERE 1=1 AND id='6' LIMIT 1   [ RunTime:0.002580s ]
[ 2012-05-20T09:31:26+08:00 ] /myfcms/admin/index.php?m=Index&a=main | SQL: SHOW COLUMNS FROM `myf_arctype` [ RunTime:0.013471s ]
[ 2012-05-20T09:31:26+08:00 ] /myfcms/admin/index.php?m=Index&a=main | SQL: SELECT * FROM `myf_arctype` WHERE 1=1 AND id='6' LIMIT 1   [ RunTime:0.002532s ]
[ 2012-05-20T09:31:26+08:00 ] /myfcms/admin/index.php?m=Index&a=main | SQL: SHOW COLUMNS FROM `myf_arctype` [ RunTime:0.010047s ]
[ 2012-05-20T09:31:26+08:00 ] /myfcms/admin/index.php?m=Index&a=main | SQL: SELECT * FROM `myf_arctype` WHERE 1=1 AND id='6' LIMIT 1   [ RunTime:0.001379s ]
[ 2012-05-20T09:31:26+08:00 ] /myfcms/admin/index.php?m=Index&a=main | SQL: SHOW COLUMNS FROM `myf_admin` [ RunTime:0.010069s ]
[ 2012-05-20T09:31:26+08:00 ] /myfcms/admin/index.php?m=Index&a=main | SQL: SELECT COUNT(*) AS tp_count FROM `myf_admin` LIMIT 1   [ RunTime:0.002235s ]
[ 2012-05-20T09:31:26+08:00 ] /myfcms/admin/index.php?m=Index&a=main | SQL: SHOW COLUMNS FROM `myf_archives` [ RunTime:0.011793s ]
[ 2012-05-20T09:31:26+08:00 ] /myfcms/admin/index.php?m=Index&a=main | SQL: SELECT COUNT(*) AS tp_count FROM `myf_archives` LIMIT 1   [ RunTime:0.002417s ]
[ 2012-05-20T09:31:26+08:00 ] /myfcms/admin/index.php?m=Index&a=main | INFO: Tag[ view_template ] --START--
[ 2012-05-20T09:31:26+08:00 ] /myfcms/admin/index.php?m=Index&a=main | INFO: Run LocationTemplate Behavior [ RunTime:0.005085s ]
[ 2012-05-20T09:31:26+08:00 ] /myfcms/admin/index.php?m=Index&a=main | INFO: Tag[ view_template ] --END-- [ RunTime:0.005359s ]
[ 2012-05-20T09:31:26+08:00 ] /myfcms/admin/index.php?m=Index&a=main | INFO: Tag[ view_parse ] --START--
[ 2012-05-20T09:31:26+08:00 ] /myfcms/admin/index.php?m=Index&a=main | INFO: Run ParseTemplate Behavior [ RunTime:0.059391s ]
[ 2012-05-20T09:31:26+08:00 ] /myfcms/admin/index.php?m=Index&a=main | INFO: Tag[ view_parse ] --END-- [ RunTime:0.059694s ]
[ 2012-05-20T09:31:26+08:00 ] /myfcms/admin/index.php?m=Index&a=main | INFO: Tag[ view_filter ] --START--
[ 2012-05-20T09:31:26+08:00 ] /myfcms/admin/index.php?m=Index&a=main | INFO: Run ContentReplace Behavior [ RunTime:0.007312s ]
[ 2012-05-20T09:31:26+08:00 ] /myfcms/admin/index.php?m=Index&a=main | INFO: Run TokenBuild Behavior [ RunTime:0.006215s ]
[ 2012-05-20T09:31:26+08:00 ] /myfcms/admin/index.php?m=Index&a=main | INFO: Run WriteHtmlCache Behavior [ RunTime:0.006197s ]
[ 2012-05-20T09:31:26+08:00 ] /myfcms/admin/index.php?m=Index&a=main | INFO: Run ShowRuntime Behavior [ RunTime:0.009006s ]
[ 2012-05-20T09:31:26+08:00 ] /myfcms/admin/index.php?m=Index&a=main | INFO: Tag[ view_filter ] --END-- [ RunTime:0.029484s ]
[ 2012-05-20T09:31:26+08:00 ] /myfcms/admin/index.php?m=Index&a=main | INFO: Tag[ view_end ] --START--
[ 2012-05-20T09:31:26+08:00 ] /myfcms/admin/index.php?m=Index&a=main | INFO: Run ShowPageTrace Behavior [ RunTime:0.008103s ]
[ 2012-05-20T09:31:26+08:00 ] /myfcms/admin/index.php?m=Index&a=main | INFO: Tag[ view_end ] --END-- [ RunTime:0.008363s ]
[ 2012-05-20T09:31:40+08:00 ] /myfcms/admin/index.php?m=Flink&a=main | INFO: Tag[ app_begin ] --START--
[ 2012-05-20T09:31:40+08:00 ] /myfcms/admin/index.php?m=Flink&a=main | INFO: Run ReadHtmlCache Behavior [ RunTime:0.004920s ]
[ 2012-05-20T09:31:40+08:00 ] /myfcms/admin/index.php?m=Flink&a=main | INFO: Tag[ app_begin ] --END-- [ RunTime:0.005290s ]
[ 2012-05-20T09:31:40+08:00 ] /myfcms/admin/index.php?m=Flink&a=main | SQL: SHOW COLUMNS FROM `myf_flink` [ RunTime:0.032804s ]
[ 2012-05-20T09:31:40+08:00 ] /myfcms/admin/index.php?m=Flink&a=main | SQL: SELECT * FROM `myf_flink` ORDER BY sortrank asc  [ RunTime:0.004957s ]
[ 2012-05-20T09:31:40+08:00 ] /myfcms/admin/index.php?m=Flink&a=main | INFO: Tag[ view_template ] --START--
[ 2012-05-20T09:31:40+08:00 ] /myfcms/admin/index.php?m=Flink&a=main | INFO: Run LocationTemplate Behavior [ RunTime:0.018534s ]
[ 2012-05-20T09:31:40+08:00 ] /myfcms/admin/index.php?m=Flink&a=main | INFO: Tag[ view_template ] --END-- [ RunTime:0.018822s ]
[ 2012-05-20T09:31:40+08:00 ] /myfcms/admin/index.php?m=Flink&a=main | INFO: Tag[ view_parse ] --START--
[ 2012-05-20T09:31:40+08:00 ] /myfcms/admin/index.php?m=Flink&a=main | INFO: Run ParseTemplate Behavior [ RunTime:0.080363s ]
[ 2012-05-20T09:31:40+08:00 ] /myfcms/admin/index.php?m=Flink&a=main | INFO: Tag[ view_parse ] --END-- [ RunTime:0.080705s ]
[ 2012-05-20T09:31:40+08:00 ] /myfcms/admin/index.php?m=Flink&a=main | INFO: Tag[ view_filter ] --START--
[ 2012-05-20T09:31:40+08:00 ] /myfcms/admin/index.php?m=Flink&a=main | INFO: Run ContentReplace Behavior [ RunTime:0.006502s ]
[ 2012-05-20T09:31:40+08:00 ] /myfcms/admin/index.php?m=Flink&a=main | INFO: Run TokenBuild Behavior [ RunTime:0.007788s ]
[ 2012-05-20T09:31:40+08:00 ] /myfcms/admin/index.php?m=Flink&a=main | INFO: Run WriteHtmlCache Behavior [ RunTime:0.005887s ]
[ 2012-05-20T09:31:40+08:00 ] /myfcms/admin/index.php?m=Flink&a=main | INFO: Run ShowRuntime Behavior [ RunTime:0.006144s ]
[ 2012-05-20T09:31:40+08:00 ] /myfcms/admin/index.php?m=Flink&a=main | INFO: Tag[ view_filter ] --END-- [ RunTime:0.027019s ]
[ 2012-05-20T09:31:40+08:00 ] /myfcms/admin/index.php?m=Flink&a=main | INFO: Tag[ view_end ] --START--
[ 2012-05-20T09:31:40+08:00 ] /myfcms/admin/index.php?m=Flink&a=main | INFO: Run ShowPageTrace Behavior [ RunTime:0.007316s ]
[ 2012-05-20T09:31:40+08:00 ] /myfcms/admin/index.php?m=Flink&a=main | INFO: Tag[ view_end ] --END-- [ RunTime:0.007587s ]
[ 2012-05-20T09:31:41+08:00 ] /myfcms/admin/index.php?m=Moban&a=main&theme=default | INFO: Tag[ app_begin ] --START--
[ 2012-05-20T09:31:41+08:00 ] /myfcms/admin/index.php?m=Moban&a=main&theme=default | INFO: Run ReadHtmlCache Behavior [ RunTime:0.001890s ]
[ 2012-05-20T09:31:41+08:00 ] /myfcms/admin/index.php?m=Moban&a=main&theme=default | INFO: Tag[ app_begin ] --END-- [ RunTime:0.002234s ]
[ 2012-05-20T09:31:41+08:00 ] /myfcms/admin/index.php?m=Moban&a=main&theme=default | SQL: SHOW COLUMNS FROM `myf_moban` [ RunTime:0.009302s ]
[ 2012-05-20T09:31:41+08:00 ] /myfcms/admin/index.php?m=Moban&a=main&theme=default | SQL: SELECT * FROM `myf_moban` WHERE theme='default'  [ RunTime:0.004188s ]
[ 2012-05-20T09:31:41+08:00 ] /myfcms/admin/index.php?m=Moban&a=main&theme=default | INFO: Tag[ view_template ] --START--
[ 2012-05-20T09:31:41+08:00 ] /myfcms/admin/index.php?m=Moban&a=main&theme=default | INFO: Run LocationTemplate Behavior [ RunTime:0.010744s ]
[ 2012-05-20T09:31:41+08:00 ] /myfcms/admin/index.php?m=Moban&a=main&theme=default | INFO: Tag[ view_template ] --END-- [ RunTime:0.011043s ]
[ 2012-05-20T09:31:41+08:00 ] /myfcms/admin/index.php?m=Moban&a=main&theme=default | INFO: Tag[ view_parse ] --START--
[ 2012-05-20T09:31:41+08:00 ] /myfcms/admin/index.php?m=Moban&a=main&theme=default | INFO: Run ParseTemplate Behavior [ RunTime:0.066803s ]
[ 2012-05-20T09:31:41+08:00 ] /myfcms/admin/index.php?m=Moban&a=main&theme=default | INFO: Tag[ view_parse ] --END-- [ RunTime:0.067096s ]
[ 2012-05-20T09:31:41+08:00 ] /myfcms/admin/index.php?m=Moban&a=main&theme=default | INFO: Tag[ view_filter ] --START--
[ 2012-05-20T09:31:41+08:00 ] /myfcms/admin/index.php?m=Moban&a=main&theme=default | INFO: Run ContentReplace Behavior [ RunTime:0.007129s ]
[ 2012-05-20T09:31:41+08:00 ] /myfcms/admin/index.php?m=Moban&a=main&theme=default | INFO: Run TokenBuild Behavior [ RunTime:0.006849s ]
[ 2012-05-20T09:31:41+08:00 ] /myfcms/admin/index.php?m=Moban&a=main&theme=default | INFO: Run WriteHtmlCache Behavior [ RunTime:0.006811s ]
[ 2012-05-20T09:31:41+08:00 ] /myfcms/admin/index.php?m=Moban&a=main&theme=default | INFO: Run ShowRuntime Behavior [ RunTime:0.002785s ]
[ 2012-05-20T09:31:41+08:00 ] /myfcms/admin/index.php?m=Moban&a=main&theme=default | INFO: Tag[ view_filter ] --END-- [ RunTime:0.024277s ]
[ 2012-05-20T09:31:41+08:00 ] /myfcms/admin/index.php?m=Moban&a=main&theme=default | INFO: Tag[ view_end ] --START--
[ 2012-05-20T09:31:41+08:00 ] /myfcms/admin/index.php?m=Moban&a=main&theme=default | INFO: Run ShowPageTrace Behavior [ RunTime:0.006699s ]
[ 2012-05-20T09:31:41+08:00 ] /myfcms/admin/index.php?m=Moban&a=main&theme=default | INFO: Tag[ view_end ] --END-- [ RunTime:0.006946s ]
[ 2012-05-20T09:31:45+08:00 ] /myfcms/admin/index.php?m=Sys&a=main | INFO: Tag[ app_begin ] --START--
[ 2012-05-20T09:31:45+08:00 ] /myfcms/admin/index.php?m=Sys&a=main | INFO: Run ReadHtmlCache Behavior [ RunTime:0.003832s ]
[ 2012-05-20T09:31:45+08:00 ] /myfcms/admin/index.php?m=Sys&a=main | INFO: Tag[ app_begin ] --END-- [ RunTime:0.004208s ]
[ 2012-05-20T09:31:45+08:00 ] /myfcms/admin/index.php?m=Sys&a=main | SQL: SHOW COLUMNS FROM `myf_sys` [ RunTime:0.008712s ]
[ 2012-05-20T09:31:45+08:00 ] /myfcms/admin/index.php?m=Sys&a=main | SQL: SELECT * FROM `myf_sys`  [ RunTime:0.004140s ]
[ 2012-05-20T09:31:45+08:00 ] /myfcms/admin/index.php?m=Sys&a=main | INFO: Tag[ view_template ] --START--
[ 2012-05-20T09:31:45+08:00 ] /myfcms/admin/index.php?m=Sys&a=main | INFO: Run LocationTemplate Behavior [ RunTime:0.009810s ]
[ 2012-05-20T09:31:45+08:00 ] /myfcms/admin/index.php?m=Sys&a=main | INFO: Tag[ view_template ] --END-- [ RunTime:0.010050s ]
[ 2012-05-20T09:31:45+08:00 ] /myfcms/admin/index.php?m=Sys&a=main | INFO: Tag[ view_parse ] --START--
[ 2012-05-20T09:31:45+08:00 ] /myfcms/admin/index.php?m=Sys&a=main | INFO: Run ParseTemplate Behavior [ RunTime:0.066705s ]
[ 2012-05-20T09:31:45+08:00 ] /myfcms/admin/index.php?m=Sys&a=main | INFO: Tag[ view_parse ] --END-- [ RunTime:0.066991s ]
[ 2012-05-20T09:31:45+08:00 ] /myfcms/admin/index.php?m=Sys&a=main | INFO: Tag[ view_filter ] --START--
[ 2012-05-20T09:31:45+08:00 ] /myfcms/admin/index.php?m=Sys&a=main | INFO: Run ContentReplace Behavior [ RunTime:0.006019s ]
[ 2012-05-20T09:31:45+08:00 ] /myfcms/admin/index.php?m=Sys&a=main | INFO: Run TokenBuild Behavior [ RunTime:0.006409s ]
[ 2012-05-20T09:31:45+08:00 ] /myfcms/admin/index.php?m=Sys&a=main | INFO: Run WriteHtmlCache Behavior [ RunTime:0.006183s ]
[ 2012-05-20T09:31:45+08:00 ] /myfcms/admin/index.php?m=Sys&a=main | INFO: Run ShowRuntime Behavior [ RunTime:0.002866s ]
[ 2012-05-20T09:31:45+08:00 ] /myfcms/admin/index.php?m=Sys&a=main | INFO: Tag[ view_filter ] --END-- [ RunTime:0.022224s ]
[ 2012-05-20T09:31:45+08:00 ] /myfcms/admin/index.php?m=Sys&a=main | INFO: Tag[ view_end ] --START--
[ 2012-05-20T09:31:45+08:00 ] /myfcms/admin/index.php?m=Sys&a=main | INFO: Run ShowPageTrace Behavior [ RunTime:0.006550s ]
[ 2012-05-20T09:31:45+08:00 ] /myfcms/admin/index.php?m=Sys&a=main | INFO: Tag[ view_end ] --END-- [ RunTime:0.006871s ]
